@(#)CERN job starter $Date: 2010/06/23 14:22:16 $
Working directory is </pool/lsf/vimartin/327862969> on <lxbst2807.cern.ch>

This script was generated by crab (version 2.8.3).
Running ./CMSSW.sh with 2 positional parameters: 6 1
Today is Wed Nov 14 04:59:39 CET 2012
Job submitted on host lxbst2807.cern.ch
Linux lxbst2807.cern.ch 2.6.18-308.1.1.el5 #1 SMP Wed Mar 7 19:25:07 CET 2012 x86_64 x86_64 x86_64 GNU/Linux
>>> current directory (RUNTIME_AREA): /pool/lsf/vimartin/327862969
>>> current user: uid=3894(vimartin) gid=1399(zh) groups=1399(zh),1098631209 context=system_u:system_r:initrc_t
>>> voms proxy information:

Couldn't find a valid proxy.

>>> tar xzf /pool/lsf/vimartin/327862969/default.tgz :
Successful untar
chmod: cannot access `/tmp/x509up_u3894': No such file or directory
>>> Include /pool/lsf/vimartin/327862969 in PYTHONPATH:
PYTHONPATH=/pool/lsf/vimartin/327862969/:/afs/cern.ch/cms/ccs/wm/scripts/Crab/CRAB_2_8_3/external/py2-pysqlite/2.6/site-packages:/afs/cern.ch/cms/ccs/wm/scripts/Crab/CRAB_2_8_3/external/DBSAPI:/afs/cern.ch/cms/ccs/wm/scripts/Crab/CRAB_2_8_3/external/DLSAPI/lib::/afs/cern.ch/project/gd/LCG-share/3.2.11-1/glite/lib64//site-packages:/afs/cern.ch/project/gd/LCG-share/3.2.11-1/glite/lib64/python:/afs/cern.ch/project/gd/LCG-share/3.2.11-1/lcg/lib64//site-packages:/afs/cern.ch/project/gd/LCG-share/3.2.11-1/lcg/lib64/python:/afs/cern.ch/cms/ccs/wm/scripts/Crab/CRAB_2_8_3/external/py2-sqlalchemy/0.5.2-cmp7/lib/python2.6/site-packages/:/afs/cern.ch/cms/ccs/wm/scripts/Crab/CRAB_2_8_3/external/pbs_python/4.3.0/lib/python2.6/site-packages/pbs:/afs/cern.ch/cms/ccs/wm/scripts/Crab/CRAB_2_8_3/external/simplejson/2.0.9/lib/python2.4/site-packages:/afs/cern.ch/user/v/vimartin/CMSSW/CMSSW_5_3_3_patch1/python:/afs/cern.ch/user/v/vimartin/CMSSW/CMSSW_5_3_3_patch1/lib/slc5_amd64_gcc462:/afs/cern.ch/cms/slc5_amd64_gcc462/cms/cmssw-patch/CMSSW_5_3_3_patch1/python:/afs/cern.ch/cms/slc5_amd64_gcc462/cms/cmssw-patch/CMSSW_5_3_3_patch1/lib/slc5_amd64_gcc462:/afs/cern.ch/cms/slc5_amd64_gcc462/cms/cmssw/CMSSW_5_3_3/bin/slc5_amd64_gcc462:/afs/cern.ch/cms/slc5_amd64_gcc462/cms/cmssw/CMSSW_5_3_3/lib/slc5_amd64_gcc462:/afs/cern.ch/cms/slc5_amd64_gcc462/cms/coral/CORAL_2_3_21-cms4/slc5_amd64_gcc462/python:/afs/cern.ch/cms/slc5_amd64_gcc462/cms/coral/CORAL_2_3_21-cms4/slc5_amd64_gcc462/lib:/afs/cern.ch/cms/slc5_amd64_gcc462/external/pyqt/4.8.1/lib/python2.6/site-packages:/afs/cern.ch/cms/slc5_amd64_gcc462/external/py2-scipy/0.8.0/lib/python2.6/site-packages:/afs/cern.ch/cms/slc5_amd64_gcc462/external/py2-matplotlib/1.0.1/lib/python2.6/site-packages:/afs/cern.ch/cms/slc5_amd64_gcc462/external/python-ldap/2.3.5/lib/python2.6/site-packages:/afs/cern.ch/cms/slc5_amd64_gcc462/external/sip/4.11.2/lib/python2.6/site-packages:/afs/cern.ch/cms/slc5_amd64_gcc462/external/py2-pycurl/7.19.0/lib/python2.6/site-packages:/afs/cern.ch/cms/slc5_amd64_gcc462/external/py2-numpy/1.6.1/lib/python2.6/site-packages:/afs/cern.ch/cms/slc5_amd64_gcc462/external/py2-ipython/0.10/lib/python2.6/site-packages:/afs/cern.ch/cms/slc5_amd64_gcc462/external/py2-cx-oracle/5.1-cms3/lib/python2.6/site-packages:/afs/cern.ch/cms/slc5_amd64_gcc462/external/py2-cjson/1.0.5/lib/python2.6/site-packages:/afs/cern.ch/cms/slc5_amd64_gcc462/cms/das-client/1.4.1/bin:/afs/cern.ch/cms/slc5_amd64_gcc462/external/elementtree/1.2.6/share/lib/python2.6/site-packages:/afs/cern.ch/cms/slc5_amd64_gcc462/external/rivet/1.5.1-cms3/lib/python2.6/site-packages:/afs/cern.ch/cms/slc5_amd64_gcc462/external/pyminuit2/0.0.1-cms20/lib/python2.6/site-packages:/afs/cern.ch/cms/slc5_amd64_gcc462/external/professor/1.0.0-cms21/lib/python2.6/site-packages:/afs/cern.ch/cms/slc5_amd64_gcc462/lcg/root/5.32.00-cms14/lib:/afs/cern.ch/cms/slc5_amd64_gcc462/cms/dbs-client/DBS_2_1_1_patch1_1/lib:/afs/cern.ch/cms/slc5_amd64_gcc462/cms/dbs-client/DBS_2_1_1_patch1_1/lib/DBSAPI:/afs/cern.ch/cms/ccs/wm/scripts/Crab/CRAB_2_8_3/python:/afs/cern.ch/cms/ccs/wm/scripts/Crab/CRAB_2_8_3/external/DBSAPI:/afs/cern.ch/cms/ccs/wm/scripts/Crab/CRAB_2_8_3/external/DLSAPI/lib:/afs/cern.ch/cms/ccs/wm/scripts/Crab/CRAB_2_8_3/external:/afs/cern.ch/cms/ccs/wm/scripts/Crab/CRAB_2_8_3/external/crablib:/afs/cern.ch/cms/ccs/wm/scripts/Crab/CRAB_2_8_3/external:/afs/cern.ch/project/gd/LCG-share/3.2.11-1/external/opt/fpconst/lib/python2.4/site-packages:/afs/cern.ch/project/gd/LCG-share/3.2.11-1/external/opt/ZSI/lib/python2.4/site-packages:/afs/cern.ch/project/gd/LCG-share/3.2.11-1/glite/lib:/afs/cern.ch/cms/ccs/wm/scripts/Crab/CRAB_2_8_3/python
strip arguments
out_files_6
>>> list of expected files on output sandbox
output files: BeamFit_Workflow_Data2012_53XRepFinal_6_1_xX4.txt crab_fjr_6.xml CMSSW_6.stdout CMSSW_6.stderr Watchdog_6.log.gz
MonitorJobID=6_https://CAF:/327862969-vimartin-beamspot-Comm12b-53XRepFinal-special-p89mc4
SyncGridJobId=https://CAF:/327862969-vimartin-beamspot-Comm12b-53XRepFinal-special-p89mc4
MonitorID=vimartin_beamspot_Comm12b_53XRepFinal_special_p89mc4
SyncCE=caf.cern.ch
>>> info for dashboard:
***** Cat /pool/lsf/vimartin/327862969/jobreport.txt *****
MonitorJobID=6_https://CAF:/327862969-vimartin-beamspot-Comm12b-53XRepFinal-special-p89mc4
SyncGridJobId=https://CAF:/327862969-vimartin-beamspot-Comm12b-53XRepFinal-special-p89mc4
MonitorID=vimartin_beamspot_Comm12b_53XRepFinal_special_p89mc4
SyncCE=caf.cern.ch
***** End Cat jobreport *****
Parameters sent to Dashboard.
----- ENV CAF BEFORE sourcing /afs/cern.ch/cms/caf/setup.sh  -----
CMS_PATH = /afs/cern.ch/cms
STAGE_SVCCLASS = 
STAGER_TRACE = 
----- ENV CAF AFTER sourcing /afs/cern.ch/cms/caf/setup.sh  -----
CMS_PATH = /afs/cern.ch/cms
STAGE_SVCCLASS = 
STAGER_TRACE = 
>>> setup environment
set SCRAM ARCH to slc5_amd64_gcc462
SCRAM_ARCH = slc5_amd64_gcc462
>>> setup CMS LCG environment:
set SCRAM ARCH and BUILD_ARCH to slc5_amd64_gcc462 ###
Sourcing environment... 
sourcing /afs/cern.ch/project/gd/apps/cms/cmsset_default.sh
==> setup cms environment ok
>>> specific cmssw setup environment:
CMSSW_VERSION =  CMSSW_5_3_3_patch1
>>> current directory (SOFTWARE_DIR): /pool/lsf/vimartin/327862969/CMSSW_5_3_3_patch1
PreserveSeeds: <>
IncrementSeeds:<>
{}
WNHostName=lxbst2807.cern.ch
>>> info for dashboard:
***** Cat /pool/lsf/vimartin/327862969/jobreport.txt *****
MonitorJobID=6_https://CAF:/327862969-vimartin-beamspot-Comm12b-53XRepFinal-special-p89mc4
MonitorID=vimartin_beamspot_Comm12b_53XRepFinal_special_p89mc4
WNHostName=lxbst2807.cern.ch
***** End Cat jobreport *****
Parameters sent to Dashboard.
crabWatchdog started as process 25182
>>> moving CMSSW software directories in /pool/lsf/vimartin/327862969/CMSSW_5_3_3_patch1
mv: cannot stat `/pool/lsf/vimartin/327862969/module/': No such file or directory
>>> Include /pool/lsf/vimartin/327862969 in PYTHONPATH:
PYTHONPATH=/pool/lsf/vimartin/327862969/:/pool/lsf/vimartin/327862969/CMSSW_5_3_3_patch1/python:/pool/lsf/vimartin/327862969/CMSSW_5_3_3_patch1/lib/slc5_amd64_gcc462:/afs/cern.ch/cms/slc5_amd64_gcc462/cms/cmssw-patch/CMSSW_5_3_3_patch1/python:/afs/cern.ch/cms/slc5_amd64_gcc462/cms/cmssw-patch/CMSSW_5_3_3_patch1/lib/slc5_amd64_gcc462:/afs/cern.ch/cms/slc5_amd64_gcc462/cms/cmssw/CMSSW_5_3_3/bin/slc5_amd64_gcc462:/afs/cern.ch/cms/slc5_amd64_gcc462/cms/cmssw/CMSSW_5_3_3/lib/slc5_amd64_gcc462:/afs/cern.ch/cms/slc5_amd64_gcc462/cms/coral/CORAL_2_3_21-cms4/slc5_amd64_gcc462/python:/afs/cern.ch/cms/slc5_amd64_gcc462/cms/coral/CORAL_2_3_21-cms4/slc5_amd64_gcc462/lib:/afs/cern.ch/cms/slc5_amd64_gcc462/external/pyqt/4.8.1/lib/python2.6/site-packages:/afs/cern.ch/cms/slc5_amd64_gcc462/external/py2-scipy/0.8.0/lib/python2.6/site-packages:/afs/cern.ch/cms/slc5_amd64_gcc462/external/py2-matplotlib/1.0.1/lib/python2.6/site-packages:/afs/cern.ch/cms/slc5_amd64_gcc462/external/python-ldap/2.3.5/lib/python2.6/site-packages:/afs/cern.ch/cms/slc5_amd64_gcc462/external/sip/4.11.2/lib/python2.6/site-packages:/afs/cern.ch/cms/slc5_amd64_gcc462/external/py2-pycurl/7.19.0/lib/python2.6/site-packages:/afs/cern.ch/cms/slc5_amd64_gcc462/external/py2-numpy/1.6.1/lib/python2.6/site-packages:/afs/cern.ch/cms/slc5_amd64_gcc462/external/py2-ipython/0.10/lib/python2.6/site-packages:/afs/cern.ch/cms/slc5_amd64_gcc462/external/py2-cx-oracle/5.1-cms3/lib/python2.6/site-packages:/afs/cern.ch/cms/slc5_amd64_gcc462/external/py2-cjson/1.0.5/lib/python2.6/site-packages:/afs/cern.ch/cms/slc5_amd64_gcc462/cms/das-client/1.4.1/bin:/afs/cern.ch/cms/slc5_amd64_gcc462/external/elementtree/1.2.6/share/lib/python2.6/site-packages:/afs/cern.ch/cms/slc5_amd64_gcc462/external/rivet/1.5.1-cms3/lib/python2.6/site-packages:/afs/cern.ch/cms/slc5_amd64_gcc462/external/pyminuit2/0.0.1-cms20/lib/python2.6/site-packages:/afs/cern.ch/cms/slc5_amd64_gcc462/external/professor/1.0.0-cms21/lib/python2.6/site-packages:/afs/cern.ch/cms/slc5_amd64_gcc462/lcg/root/5.32.00-cms14/lib:/afs/cern.ch/cms/slc5_amd64_gcc462/cms/dbs-client/DBS_2_1_1_patch1_1/lib:/afs/cern.ch/cms/slc5_amd64_gcc462/cms/dbs-client/DBS_2_1_1_patch1_1/lib/DBSAPI:/pool/lsf/vimartin/327862969/:/afs/cern.ch/cms/ccs/wm/scripts/Crab/CRAB_2_8_3/external/py2-pysqlite/2.6/site-packages:/afs/cern.ch/cms/ccs/wm/scripts/Crab/CRAB_2_8_3/external/DBSAPI:/afs/cern.ch/cms/ccs/wm/scripts/Crab/CRAB_2_8_3/external/DLSAPI/lib:/afs/cern.ch/project/gd/LCG-share/3.2.11-1/glite/lib64//site-packages:/afs/cern.ch/project/gd/LCG-share/3.2.11-1/glite/lib64/python:/afs/cern.ch/project/gd/LCG-share/3.2.11-1/lcg/lib64//site-packages:/afs/cern.ch/project/gd/LCG-share/3.2.11-1/lcg/lib64/python:/afs/cern.ch/cms/ccs/wm/scripts/Crab/CRAB_2_8_3/external/py2-sqlalchemy/0.5.2-cmp7/lib/python2.6/site-packages/:/afs/cern.ch/cms/ccs/wm/scripts/Crab/CRAB_2_8_3/external/pbs_python/4.3.0/lib/python2.6/site-packages/pbs:/afs/cern.ch/cms/ccs/wm/scripts/Crab/CRAB_2_8_3/external/simplejson/2.0.9/lib/python2.4/site-packages:/afs/cern.ch/cms/ccs/wm/scripts/Crab/CRAB_2_8_3/python:/afs/cern.ch/cms/ccs/wm/scripts/Crab/CRAB_2_8_3/external/DBSAPI:/afs/cern.ch/cms/ccs/wm/scripts/Crab/CRAB_2_8_3/external/DLSAPI/lib:/afs/cern.ch/cms/ccs/wm/scripts/Crab/CRAB_2_8_3/external:/afs/cern.ch/cms/ccs/wm/scripts/Crab/CRAB_2_8_3/external/crablib:/afs/cern.ch/cms/ccs/wm/scripts/Crab/CRAB_2_8_3/external:/afs/cern.ch/project/gd/LCG-share/3.2.11-1/external/opt/fpconst/lib/python2.4/site-packages:/afs/cern.ch/project/gd/LCG-share/3.2.11-1/external/opt/ZSI/lib/python2.4/site-packages:/afs/cern.ch/project/gd/LCG-share/3.2.11-1/glite/lib:/afs/cern.ch/cms/ccs/wm/scripts/Crab/CRAB_2_8_3/python
fefc71e17f1fc905c56db43aeb33b072
PSETHASH = fefc71e17f1fc905c56db43aeb33b072
/pool/lsf/vimartin/327862969/writeCfg.py pset.py pset.py
Importing .py file
Setting parameters
inputBlocks=/StreamExpress/Run2012B-TkAlMinBias-v1/ALCARECO#c8ce09c0-b079-11e1-9877-003048caaace
inputFiles=/store/express/Run2012B/StreamExpress/ALCARECO/TkAlMinBias-v1/000/195/660/5AF743B3-7DB0-E111-BDED-003048F24A04.root
parentFiles=
lumisRange=195660:220
>>> Executable cmsRun
/afs/cern.ch/cms/slc5_amd64_gcc462/cms/cmssw/CMSSW_5_3_3/bin/slc5_amd64_gcc462/cmsRun
ok executable found
>>> info for dashboard:
***** Cat /pool/lsf/vimartin/327862969/jobreport.txt *****
MonitorJobID=6_https://CAF:/327862969-vimartin-beamspot-Comm12b-53XRepFinal-special-p89mc4
MonitorID=vimartin_beamspot_Comm12b_53XRepFinal_special_p89mc4
ExeStart=cmsRun
***** End Cat jobreport *****
Parameters sent to Dashboard.
>>> cmsRun started at Wed Nov 14 03:59:52 UTC 2012
>>> cmsRun ended at Wed Nov 14 04:00:42 UTC 2012
>>> info for dashboard:
***** Cat /pool/lsf/vimartin/327862969/jobreport.txt *****
MonitorJobID=6_https://CAF:/327862969-vimartin-beamspot-Comm12b-53XRepFinal-special-p89mc4
MonitorID=vimartin_beamspot_Comm12b_53XRepFinal_special_p89mc4
ExeEnd=cmsRun
***** End Cat jobreport *****
Parameters sent to Dashboard.
TIME_EXE = 50 sec
>>> cmsRun wrote 131 lines of stdout+stderr
>>> START OF printout of 131 lines from stdout+stderr
14-Nov-2012 05:00:05 CET  Initiating request to open file root://eoscms//eos/cms/store/express/Run2012B/StreamExpress/ALCARECO/TkAlMinBias-v1/000/195/660/5AF743B3-7DB0-E111-BDED-003048F24A04.root
121114 05:00:05 25895 Xrd: GoToAnotherServer: Going to: lxfsrk56c02.cern.ch:1095
14-Nov-2012 05:00:05 CET  Successfully opened file root://eoscms//eos/cms/store/express/Run2012B/StreamExpress/ALCARECO/TkAlMinBias-v1/000/195/660/5AF743B3-7DB0-E111-BDED-003048F24A04.root
Begin processing the 1st record. Run 195660, Event 19872793, LumiSection 220 at 14-Nov-2012 05:00:06.215 CET
for lumis 220 - -1
number of selected tracks = 1080
number of selected PVs = 87

 RESULTS OF DEFAULT FIT 
 for runs: 195660 - 195660
 for lumi blocks : 220 - 220
 lumi counter # 1
-----------------------------------------------------
              Beam Spot Data

 Beam type    = 2
       X0     = 0.0744316 +/- 0.000358562 [cm]
       Y0     = 0.0629681 +/- 0.00036153 [cm]
       Z0     = -0.641651 +/- 0.498557 [cm]
 Sigma Z0     = 4.65043 +/- 0.352458 [cm]
 dxdz         = -8.28864e-05 +/- 7.50599e-05 [radians]
 dydz         = -0.000222668 +/- 7.63193e-05 [radians]
 Beam width X = 0.00152997 +/- 0.000434141 [cm]
 Beam width Y = 0.00217187 +/- 0.000434141 [cm]
 EmittanceX   = 0 [cm]
 EmittanceY   = 0 [cm]
 beta-star    = 0 [cm]
-----------------------------------------------------


[BeamFitter] fit done. 

Total number of tracks accumulated = 1080
Reset track collection for beam fit
14-Nov-2012 05:00:41 CET  Closed file root://eoscms//eos/cms/store/express/Run2012B/StreamExpress/ALCARECO/TkAlMinBias-v1/000/195/660/5AF743B3-7DB0-E111-BDED-003048F24A04.root

-------------------------------------


 Total number of events processed: 44

-------------------------------------


[BeamSpotAnalyzer] endJob done 


TrigReport ---------- Event  Summary ------------
TrigReport Events total = 44 passed = 44 failed = 0

TrigReport ---------- Path   Summary ------------
TrigReport  Trig Bit#        Run     Passed     Failed      Error Name
TrigReport     1    0         44         44          0          0 p

TrigReport -------End-Path   Summary ------------
TrigReport  Trig Bit#        Run     Passed     Failed      Error Name

TrigReport ---------- Modules in Path: p ------------
TrigReport  Trig Bit#    Visited     Passed     Failed      Error Name
TrigReport     1    0         44         44          0          0 offlineBeamSpot
TrigReport     1    0         44         44          0          0 TrackRefitter
TrigReport     1    0         44         44          0          0 offlinePrimaryVertices
TrigReport     1    0         44         44          0          0 d0_phi_analyzer

TrigReport ---------- Module Summary ------------
TrigReport    Visited        Run     Passed     Failed      Error Name
TrigReport         44         44         44          0          0 offlineBeamSpot
TrigReport         44         44         44          0          0 TrackRefitter
TrigReport         44         44         44          0          0 offlinePrimaryVertices
TrigReport         44         44         44          0          0 d0_phi_analyzer
TrigReport         44         44         44          0          0 TriggerResults

TimeReport ---------- Event  Summary ---[sec]----
TimeReport CPU/event = 0.806196 Real/event = 0.808605

TimeReport ---------- Path   Summary ---[sec]----
TimeReport             per event          per path-run 
TimeReport        CPU       Real        CPU       Real Name
TimeReport   0.806150   0.808570   0.806150   0.808570 p
TimeReport        CPU       Real        CPU       Real Name
TimeReport             per event          per path-run 

TimeReport -------End-Path   Summary ---[sec]----
TimeReport             per event       per endpath-run 
TimeReport        CPU       Real        CPU       Real Name
TimeReport        CPU       Real        CPU       Real Name
TimeReport             per event       per endpath-run 

TimeReport ---------- Modules in Path: p ---[sec]----
TimeReport             per event      per module-visit 
TimeReport        CPU       Real        CPU       Real Name
TimeReport   0.000091   0.000447   0.000091   0.000447 offlineBeamSpot
TimeReport   0.794947   0.797058   0.794947   0.797058 TrackRefitter
TimeReport   0.010476   0.010528   0.010476   0.010528 offlinePrimaryVertices
TimeReport   0.000614   0.000530   0.000614   0.000530 d0_phi_analyzer
TimeReport        CPU       Real        CPU       Real Name
TimeReport             per event      per module-visit 
TimeReport        CPU       Real        CPU       Real Name
TimeReport             per event      per module-visit 

TimeReport ---------- Module Summary ---[sec]----
TimeReport             per event        per module-run      per module-visit 
TimeReport        CPU       Real        CPU       Real        CPU       Real Name
TimeReport   0.000091   0.000447   0.000091   0.000447   0.000091   0.000447 offlineBeamSpot
TimeReport   0.794947   0.797058   0.794947   0.797058   0.794947   0.797058 TrackRefitter
TimeReport   0.010476   0.010528   0.010476   0.010528   0.010476   0.010528 offlinePrimaryVertices
TimeReport   0.000614   0.000530   0.000614   0.000530   0.000614   0.000530 d0_phi_analyzer
TimeReport   0.000045   0.000030   0.000045   0.000030   0.000045   0.000030 TriggerResults
TimeReport        CPU       Real        CPU       Real        CPU       Real Name
TimeReport             per event        per module-run      per module-visit 

T---Report end!


=============================================

MessageLogger Summary

 type     category        sev    module        subroutine        count    total
 ---- -------------------- -- ---------------- ----------------  -----    -----
    1 fileAction           -s file_close                             1        1
    2 fileAction           -s file_open                              2        2

 type    category    Examples: run/evt        run/evt          run/evt
 ---- -------------------- ---------------- ---------------- ----------------
    1 fileAction           PostEndRun                        
    2 fileAction           pre-events       pre-events       

Severity    # Occurrences   Total Occurrences
--------    -------------   -----------------
System                  3                   3
>>> END OF printout of 131 lines from stdout+stderr
>>> Parse FrameworkJobReport crab_fjr.xml
Result of parsing the FrameworkJobReport crab_fjr.xml: Popularity start
lumisRange : 195660::::1;
lumisParentRange : 
Basename : /store/express/Run2012B/StreamExpress/ALCARECO/TkAlMinBias-v1/000/195/660/
BasenameParent : 
parentFiles : 
inputBlocks : /StreamExpress/Run2012B-TkAlMinBias-v1/ALCARECO#c8ce09c0-b079-11e1-9877-003048caaace
inputFiles : 5AF743B3-7DB0-E111-BDED-003048F24A04.root::1::EDM::Local::1;
Popularity stop
Extracted ExitStatus from FrameworkJobReport parsing output: 0
>>> Executable succeded  0
ExeExitCode=0
EXECUTABLE_EXIT_STATUS = 0
>>> current directory /pool/lsf/vimartin/327862969/CMSSW_5_3_3_patch1
>>>  (SOFTWARE_DIR): /pool/lsf/vimartin/327862969/CMSSW_5_3_3_patch1
>>> (WORKING_DIR): 
>>> current directory content:
total 6468
drwxr-xr-x 3 vimartin zh    4096 Nov 14 04:59 .SCRAM
-rw-r--r-- 1 vimartin zh     587 Nov 14 05:00 BeamFit_Workflow_Data2012_53XRepFinal.txt
-rw-r--r-- 1 vimartin zh 3226438 Nov 14 04:59 CMSSW.py.pkl
drwxr-xr-x 3 vimartin zh    4096 Nov 14 04:59 bin
drwxr-xr-x 3 vimartin zh    4096 Nov 14 04:59 cfipython
drwxr-xr-x 5 vimartin zh    4096 Nov 14 04:59 config
-rw-r--r-- 1 vimartin zh      16 Nov 14 05:00 cpu_timing.txt
drwxr-xr-x 2 vimartin zh    4096 Nov 14 04:59 doc
-rw-r--r-- 1 vimartin zh    6291 Nov 14 05:00 executable.out
drwxr-xr-x 2 vimartin zh    4096 Nov 14 04:59 include
drwxrwxrwx 3 vimartin zh    4096 Nov 12 14:58 lib
drwxr-xr-x 3 vimartin zh    4096 Nov 14 04:59 logs
drwxr-xr-x 3 vimartin zh    4096 Nov 14 04:59 objs
-rw-r--r-- 1 vimartin zh     104 Nov 14 04:59 pset.py
-rw-r--r-- 1 vimartin zh 3219109 Nov 14 04:59 pset.py.pkl
-rw-r--r-- 1 vimartin zh     289 Nov 14 04:59 pset.pyc
drwxr-xr-x 2 vimartin zh    4096 Nov 14 04:59 python
-rw-r--r-- 1 vimartin zh     566 Nov 14 05:00 report.log
drwxrwxrwx 4 vimartin zh    4096 Nov 14 04:59 src
drwxr-xr-x 3 vimartin zh    4096 Nov 14 04:59 test
drwxr-xr-x 3 vimartin zh    4096 Nov 14 04:59 tmp
>>> current directory /pool/lsf/vimartin/327862969/CMSSW_5_3_3_patch1
>>> (SOFTWARE_DIR): /pool/lsf/vimartin/327862969/CMSSW_5_3_3_patch1
>>> (WORKING_DIR): 
>>> current directory content:
total 6460
drwxr-xr-x 3 vimartin zh    4096 Nov 14 04:59 .SCRAM
-rw-r--r-- 1 vimartin zh 3226438 Nov 14 04:59 CMSSW.py.pkl
drwxr-xr-x 3 vimartin zh    4096 Nov 14 04:59 bin
drwxr-xr-x 3 vimartin zh    4096 Nov 14 04:59 cfipython
drwxr-xr-x 5 vimartin zh    4096 Nov 14 04:59 config
-rw-r--r-- 1 vimartin zh      16 Nov 14 05:00 cpu_timing.txt
drwxr-xr-x 2 vimartin zh    4096 Nov 14 04:59 doc
-rw-r--r-- 1 vimartin zh    6291 Nov 14 05:00 executable.out
drwxr-xr-x 2 vimartin zh    4096 Nov 14 04:59 include
drwxrwxrwx 3 vimartin zh    4096 Nov 12 14:58 lib
drwxr-xr-x 3 vimartin zh    4096 Nov 14 04:59 logs
drwxr-xr-x 3 vimartin zh    4096 Nov 14 04:59 objs
-rw-r--r-- 1 vimartin zh     104 Nov 14 04:59 pset.py
-rw-r--r-- 1 vimartin zh 3219109 Nov 14 04:59 pset.py.pkl
-rw-r--r-- 1 vimartin zh     289 Nov 14 04:59 pset.pyc
drwxr-xr-x 2 vimartin zh    4096 Nov 14 04:59 python
-rw-r--r-- 1 vimartin zh     566 Nov 14 05:00 report.log
drwxrwxrwx 4 vimartin zh    4096 Nov 14 04:59 src
drwxr-xr-x 3 vimartin zh    4096 Nov 14 04:59 test
drwxr-xr-x 3 vimartin zh    4096 Nov 14 04:59 tmp
>>> current directory (RUNTIME_AREA):  /pool/lsf/vimartin/327862969
>>> current dir: /pool/lsf/vimartin/327862969
>>> current dir content:
total 5180
-rw-rw-rw-  1 vimartin zh       0 Nov 14 04:59 .lsf.start
-rw-rw--w-  1 vimartin zh       0 Nov 14 04:59 1352854900.327862969.err
-rw-rw--w-  1 vimartin zh   21561 Nov 14 05:00 1352854900.327862969.out
lrwxrwxrwx  1 vimartin zh      78 Nov 14 05:00 BeamFit_Workflow_Data2012_53XRepFinal.txt -> /pool/lsf/vimartin/327862969/BeamFit_Workflow_Data2012_53XRepFinal_6_1_xX4.txt
-rw-r--r--  1 vimartin zh     587 Nov 14 05:00 BeamFit_Workflow_Data2012_53XRepFinal_6_1_xX4.txt
-rw-rw-rw-  1 vimartin zh     105 Nov 14 02:01 CMSSW.py
-rw-rw-rw-  1 vimartin zh 3226438 Nov 14 02:01 CMSSW.py.pkl
-rwxrw-rw-  1 vimartin zh   22384 Nov 14 04:59 CMSSW.sh
drwxr-xr-x 15 vimartin zh    4096 Nov 14 05:00 CMSSW_5_3_3_patch1
-rw-r--r--  1 vimartin zh    6464 Nov 14 04:59 CacheEnv.sh
-rw-rw-rw-  1 vimartin zh    7291 Jun  9  2010 DashboardAPI.py
-rw-r--r--  1 vimartin zh    6118 Nov 14 04:59 DashboardAPI.pyc
drwxrwxrwx  3 vimartin zh    4096 Oct 25 17:14 IMProv
-rw-rw-rw-  1 vimartin zh    2748 Mar  8  2006 Logger.py
-rw-r--r--  1 vimartin zh    3098 Nov 14 04:59 Logger.pyc
-rw-rw-rw-  1 vimartin zh   24524 Mar 28  2008 ProcInfo.py
-rw-r--r--  1 vimartin zh   22246 Nov 14 04:59 ProcInfo.pyc
drwxrwxrwx  7 vimartin zh    4096 Nov 14 04:59 ProdCommon
drwxrwxrwx  3 vimartin zh    4096 Nov 14 04:59 WMCore
-rw-r--r--  1 vimartin zh    1039 Nov 14 05:00 Watchdog_6.log
-rw-rw-rw-  1 vimartin zh   32895 Mar 28  2008 apmon.py
-rw-r--r--  1 vimartin zh   27395 Nov 14 04:59 apmon.pyc
-rw-rw-rw-  1 vimartin zh    2516 Nov 14 04:59 arguments.xml
-rwxrwxrwx  1 vimartin zh  146024 Jul 27 13:50 cmsRun
-rwxrwxrwx  1 vimartin zh   37427 Sep 13 13:14 cmscp.py
-rw-rw-rw-  1 vimartin zh     547 Nov 14 01:59 crab.cfg
-rwxrwxrwx  1 vimartin zh    9531 Sep 20 20:46 crabWatchdog.sh
-rw-r--r--  1 vimartin zh   10604 Nov 14 05:00 crab_fjr_6.xml
-rw-rw-rw-  1 vimartin zh 1408053 Nov 14 04:59 default.tgz
-rwxrwxrwx  1 vimartin zh    4488 May 12  2012 fillCrabFjr.py
-rw-r--r--  1 vimartin zh     259 Nov 14 04:59 inputsReport.txt
-rw-r--r--  1 vimartin zh     179 Nov 14 05:00 jobreport.txt
-rw-rw-rw-  1 vimartin zh   17352 Jan 20  2012 parseCrabFjr.py
-rw-r--r--  1 vimartin zh     284 Nov 14 04:59 report.log
-rwxrwxrwx  1 vimartin zh    1497 May 27  2009 report.py
-rwxrwxrwx  1 vimartin zh    8387 Mar 23  2011 writeCfg.py
Checking output files:  
will tar file BeamFit_Workflow_Data2012_53XRepFinal_6_1_xX4.txt in  out_files_6
will tar file crab_fjr_6.xml in  out_files_6
WARNING: output file CMSSW_6.stdout not found!
WARNING: output file CMSSW_6.stderr not found!
WARNING: output file Watchdog_6.log.gz not found!
>>> padding time: Wrapper lasting more than 0 seconds. No sleep required.
STOPPING WATCHDOG. CrabWatchdog PID is 25182
********** LAST 50 LINES OF WATCHDOG LOG
# RESOURCE USAGE SUMMARY FOR PROCESS ID 24710
USER       PID %CPU %MEM    VSZ   RSS TTY      STAT START   TIME COMMAND
vimartin 24710  0.6  0.0   9008  1428 ?        SN   04:59   0:00 /bin/sh ./CMSSW.sh 6 1
 
# LIMITS USED BY THIS WATCHDOG:
# RSS  (KBytes)  : 2300000
# VSZ  (KBytes)  : 100000000
# DISK (MBytes)  : 19000
# CPU  (seconds) : 171600
# WALL (seconds) : 171600
 
# FOLLOWING PRINTOUT TRACKS MAXIMUM VALUES OF RESOURCES USE
# ONE LINE IS PRINTED EACH TIME A MAXIMUM CHANGES
# IF CHANGE WAS IN RSS OR VSZ ALSO PROCID AND COMMAND ARE PRINTED
# THERE IS NO PRINTOUT FOR CPU/WALL TIME INCREASE
 
# TIME			PID	RSS(KB)	VSZ(KB)	Dsk(MB)	tCPU(s)	tWALL(s)	COMMAND
 Nov 14 04:59:42 CET	23780	2160	18292	0	0	20	/usr/lsf/etc/res -d /etc -m lxplus433 /pool/spool/1352854900.327862969    
 Nov 14 04:59:42 CET	24152	8756	63676	0	0	19	/usr/bin/perl         
 Nov 14 04:59:42 CET	25192	33176	98516	0	0	1	edmConfigHash pset.py        
 Nov 14 04:59:42 CET	---	33176	98516	18	----	----	----
 Nov 14 05:00:43 CET	---	33176	98516	21	----	----	----
********** WATCHDOG LOG ENDED
ZIPPING WATCHDOG LOG
Disk space used:
du -sh /pool/lsf/vimartin/327862969
21M	/pool/lsf/vimartin/327862969
>>> info for dashboard:
***** Cat /pool/lsf/vimartin/327862969/jobreport.txt *****
MonitorJobID=6_https://CAF:/327862969-vimartin-beamspot-Comm12b-53XRepFinal-special-p89mc4
MonitorID=vimartin_beamspot_Comm12b_53XRepFinal_special_p89mc4
ExeTime=50
ExeExitCode=0
CrabUserCpuTime=34.57
CrabSysCpuTime=13.38
CrabCpuPercentage=96%
CrabWrapperTime=67
CrabStageoutTime=NULL
***** End Cat jobreport *****
Parameters sent to Dashboard.
