@(#)CERN job starter $Date: 2010/06/23 14:22:16 $
Working directory is </pool/lsf/vimartin/327862957> on <lxbst2803.cern.ch>

This script was generated by crab (version 2.8.3).
Running ./CMSSW.sh with 2 positional parameters: 3 1
Today is Wed Nov 14 04:59:04 CET 2012
Job submitted on host lxbst2803.cern.ch
Linux lxbst2803.cern.ch 2.6.18-308.1.1.el5 #1 SMP Wed Mar 7 19:25:07 CET 2012 x86_64 x86_64 x86_64 GNU/Linux
>>> current directory (RUNTIME_AREA): /pool/lsf/vimartin/327862957
>>> current user: uid=3894(vimartin) gid=1399(zh) groups=1399(zh),1098629917 context=system_u:system_r:initrc_t
>>> voms proxy information:

Couldn't find a valid proxy.

>>> tar xzf /pool/lsf/vimartin/327862957/default.tgz :
Successful untar
chmod: cannot access `/tmp/x509up_u3894': No such file or directory
>>> Include /pool/lsf/vimartin/327862957 in PYTHONPATH:
PYTHONPATH=/pool/lsf/vimartin/327862957/:/afs/cern.ch/cms/ccs/wm/scripts/Crab/CRAB_2_8_3/external/py2-pysqlite/2.6/site-packages:/afs/cern.ch/cms/ccs/wm/scripts/Crab/CRAB_2_8_3/external/DBSAPI:/afs/cern.ch/cms/ccs/wm/scripts/Crab/CRAB_2_8_3/external/DLSAPI/lib::/afs/cern.ch/project/gd/LCG-share/3.2.11-1/glite/lib64//site-packages:/afs/cern.ch/project/gd/LCG-share/3.2.11-1/glite/lib64/python:/afs/cern.ch/project/gd/LCG-share/3.2.11-1/lcg/lib64//site-packages:/afs/cern.ch/project/gd/LCG-share/3.2.11-1/lcg/lib64/python:/afs/cern.ch/cms/ccs/wm/scripts/Crab/CRAB_2_8_3/external/py2-sqlalchemy/0.5.2-cmp7/lib/python2.6/site-packages/:/afs/cern.ch/cms/ccs/wm/scripts/Crab/CRAB_2_8_3/external/pbs_python/4.3.0/lib/python2.6/site-packages/pbs:/afs/cern.ch/cms/ccs/wm/scripts/Crab/CRAB_2_8_3/external/simplejson/2.0.9/lib/python2.4/site-packages:/afs/cern.ch/user/v/vimartin/CMSSW/CMSSW_5_3_3_patch1/python:/afs/cern.ch/user/v/vimartin/CMSSW/CMSSW_5_3_3_patch1/lib/slc5_amd64_gcc462:/afs/cern.ch/cms/slc5_amd64_gcc462/cms/cmssw-patch/CMSSW_5_3_3_patch1/python:/afs/cern.ch/cms/slc5_amd64_gcc462/cms/cmssw-patch/CMSSW_5_3_3_patch1/lib/slc5_amd64_gcc462:/afs/cern.ch/cms/slc5_amd64_gcc462/cms/cmssw/CMSSW_5_3_3/bin/slc5_amd64_gcc462:/afs/cern.ch/cms/slc5_amd64_gcc462/cms/cmssw/CMSSW_5_3_3/lib/slc5_amd64_gcc462:/afs/cern.ch/cms/slc5_amd64_gcc462/cms/coral/CORAL_2_3_21-cms4/slc5_amd64_gcc462/python:/afs/cern.ch/cms/slc5_amd64_gcc462/cms/coral/CORAL_2_3_21-cms4/slc5_amd64_gcc462/lib:/afs/cern.ch/cms/slc5_amd64_gcc462/external/pyqt/4.8.1/lib/python2.6/site-packages:/afs/cern.ch/cms/slc5_amd64_gcc462/external/py2-scipy/0.8.0/lib/python2.6/site-packages:/afs/cern.ch/cms/slc5_amd64_gcc462/external/py2-matplotlib/1.0.1/lib/python2.6/site-packages:/afs/cern.ch/cms/slc5_amd64_gcc462/external/python-ldap/2.3.5/lib/python2.6/site-packages:/afs/cern.ch/cms/slc5_amd64_gcc462/external/sip/4.11.2/lib/python2.6/site-packages:/afs/cern.ch/cms/slc5_amd64_gcc462/external/py2-pycurl/7.19.0/lib/python2.6/site-packages:/afs/cern.ch/cms/slc5_amd64_gcc462/external/py2-numpy/1.6.1/lib/python2.6/site-packages:/afs/cern.ch/cms/slc5_amd64_gcc462/external/py2-ipython/0.10/lib/python2.6/site-packages:/afs/cern.ch/cms/slc5_amd64_gcc462/external/py2-cx-oracle/5.1-cms3/lib/python2.6/site-packages:/afs/cern.ch/cms/slc5_amd64_gcc462/external/py2-cjson/1.0.5/lib/python2.6/site-packages:/afs/cern.ch/cms/slc5_amd64_gcc462/cms/das-client/1.4.1/bin:/afs/cern.ch/cms/slc5_amd64_gcc462/external/elementtree/1.2.6/share/lib/python2.6/site-packages:/afs/cern.ch/cms/slc5_amd64_gcc462/external/rivet/1.5.1-cms3/lib/python2.6/site-packages:/afs/cern.ch/cms/slc5_amd64_gcc462/external/pyminuit2/0.0.1-cms20/lib/python2.6/site-packages:/afs/cern.ch/cms/slc5_amd64_gcc462/external/professor/1.0.0-cms21/lib/python2.6/site-packages:/afs/cern.ch/cms/slc5_amd64_gcc462/lcg/root/5.32.00-cms14/lib:/afs/cern.ch/cms/slc5_amd64_gcc462/cms/dbs-client/DBS_2_1_1_patch1_1/lib:/afs/cern.ch/cms/slc5_amd64_gcc462/cms/dbs-client/DBS_2_1_1_patch1_1/lib/DBSAPI:/afs/cern.ch/cms/ccs/wm/scripts/Crab/CRAB_2_8_3/python:/afs/cern.ch/cms/ccs/wm/scripts/Crab/CRAB_2_8_3/external/DBSAPI:/afs/cern.ch/cms/ccs/wm/scripts/Crab/CRAB_2_8_3/external/DLSAPI/lib:/afs/cern.ch/cms/ccs/wm/scripts/Crab/CRAB_2_8_3/external:/afs/cern.ch/cms/ccs/wm/scripts/Crab/CRAB_2_8_3/external/crablib:/afs/cern.ch/cms/ccs/wm/scripts/Crab/CRAB_2_8_3/external:/afs/cern.ch/project/gd/LCG-share/3.2.11-1/external/opt/fpconst/lib/python2.4/site-packages:/afs/cern.ch/project/gd/LCG-share/3.2.11-1/external/opt/ZSI/lib/python2.4/site-packages:/afs/cern.ch/project/gd/LCG-share/3.2.11-1/glite/lib:/afs/cern.ch/cms/ccs/wm/scripts/Crab/CRAB_2_8_3/python
strip arguments
out_files_3
>>> list of expected files on output sandbox
output files: BeamFit_Workflow_Data2012_53XRepFinal_3_1_D1f.txt crab_fjr_3.xml CMSSW_3.stdout CMSSW_3.stderr Watchdog_3.log.gz
MonitorJobID=3_https://CAF:/327862957-vimartin-beamspot-Comm12b-53XRepFinal-special-p89mc4
SyncGridJobId=https://CAF:/327862957-vimartin-beamspot-Comm12b-53XRepFinal-special-p89mc4
MonitorID=vimartin_beamspot_Comm12b_53XRepFinal_special_p89mc4
SyncCE=caf.cern.ch
>>> info for dashboard:
***** Cat /pool/lsf/vimartin/327862957/jobreport.txt *****
MonitorJobID=3_https://CAF:/327862957-vimartin-beamspot-Comm12b-53XRepFinal-special-p89mc4
SyncGridJobId=https://CAF:/327862957-vimartin-beamspot-Comm12b-53XRepFinal-special-p89mc4
MonitorID=vimartin_beamspot_Comm12b_53XRepFinal_special_p89mc4
SyncCE=caf.cern.ch
***** End Cat jobreport *****
Parameters sent to Dashboard.
----- ENV CAF BEFORE sourcing /afs/cern.ch/cms/caf/setup.sh  -----
CMS_PATH = /afs/cern.ch/cms
STAGE_SVCCLASS = 
STAGER_TRACE = 
----- ENV CAF AFTER sourcing /afs/cern.ch/cms/caf/setup.sh  -----
CMS_PATH = /afs/cern.ch/cms
STAGE_SVCCLASS = 
STAGER_TRACE = 
>>> setup environment
set SCRAM ARCH to slc5_amd64_gcc462
SCRAM_ARCH = slc5_amd64_gcc462
>>> setup CMS LCG environment:
set SCRAM ARCH and BUILD_ARCH to slc5_amd64_gcc462 ###
Sourcing environment... 
sourcing /afs/cern.ch/project/gd/apps/cms/cmsset_default.sh
==> setup cms environment ok
>>> specific cmssw setup environment:
CMSSW_VERSION =  CMSSW_5_3_3_patch1
>>> current directory (SOFTWARE_DIR): /pool/lsf/vimartin/327862957/CMSSW_5_3_3_patch1
PreserveSeeds: <>
IncrementSeeds:<>
{}
WNHostName=lxbst2803.cern.ch
>>> info for dashboard:
***** Cat /pool/lsf/vimartin/327862957/jobreport.txt *****
MonitorJobID=3_https://CAF:/327862957-vimartin-beamspot-Comm12b-53XRepFinal-special-p89mc4
MonitorID=vimartin_beamspot_Comm12b_53XRepFinal_special_p89mc4
WNHostName=lxbst2803.cern.ch
***** End Cat jobreport *****
Parameters sent to Dashboard.
crabWatchdog started as process 4610
>>> moving CMSSW software directories in /pool/lsf/vimartin/327862957/CMSSW_5_3_3_patch1
mv: cannot stat `/pool/lsf/vimartin/327862957/module/': No such file or directory
>>> Include /pool/lsf/vimartin/327862957 in PYTHONPATH:
PYTHONPATH=/pool/lsf/vimartin/327862957/:/pool/lsf/vimartin/327862957/CMSSW_5_3_3_patch1/python:/pool/lsf/vimartin/327862957/CMSSW_5_3_3_patch1/lib/slc5_amd64_gcc462:/afs/cern.ch/cms/slc5_amd64_gcc462/cms/cmssw-patch/CMSSW_5_3_3_patch1/python:/afs/cern.ch/cms/slc5_amd64_gcc462/cms/cmssw-patch/CMSSW_5_3_3_patch1/lib/slc5_amd64_gcc462:/afs/cern.ch/cms/slc5_amd64_gcc462/cms/cmssw/CMSSW_5_3_3/bin/slc5_amd64_gcc462:/afs/cern.ch/cms/slc5_amd64_gcc462/cms/cmssw/CMSSW_5_3_3/lib/slc5_amd64_gcc462:/afs/cern.ch/cms/slc5_amd64_gcc462/cms/coral/CORAL_2_3_21-cms4/slc5_amd64_gcc462/python:/afs/cern.ch/cms/slc5_amd64_gcc462/cms/coral/CORAL_2_3_21-cms4/slc5_amd64_gcc462/lib:/afs/cern.ch/cms/slc5_amd64_gcc462/external/pyqt/4.8.1/lib/python2.6/site-packages:/afs/cern.ch/cms/slc5_amd64_gcc462/external/py2-scipy/0.8.0/lib/python2.6/site-packages:/afs/cern.ch/cms/slc5_amd64_gcc462/external/py2-matplotlib/1.0.1/lib/python2.6/site-packages:/afs/cern.ch/cms/slc5_amd64_gcc462/external/python-ldap/2.3.5/lib/python2.6/site-packages:/afs/cern.ch/cms/slc5_amd64_gcc462/external/sip/4.11.2/lib/python2.6/site-packages:/afs/cern.ch/cms/slc5_amd64_gcc462/external/py2-pycurl/7.19.0/lib/python2.6/site-packages:/afs/cern.ch/cms/slc5_amd64_gcc462/external/py2-numpy/1.6.1/lib/python2.6/site-packages:/afs/cern.ch/cms/slc5_amd64_gcc462/external/py2-ipython/0.10/lib/python2.6/site-packages:/afs/cern.ch/cms/slc5_amd64_gcc462/external/py2-cx-oracle/5.1-cms3/lib/python2.6/site-packages:/afs/cern.ch/cms/slc5_amd64_gcc462/external/py2-cjson/1.0.5/lib/python2.6/site-packages:/afs/cern.ch/cms/slc5_amd64_gcc462/cms/das-client/1.4.1/bin:/afs/cern.ch/cms/slc5_amd64_gcc462/external/elementtree/1.2.6/share/lib/python2.6/site-packages:/afs/cern.ch/cms/slc5_amd64_gcc462/external/rivet/1.5.1-cms3/lib/python2.6/site-packages:/afs/cern.ch/cms/slc5_amd64_gcc462/external/pyminuit2/0.0.1-cms20/lib/python2.6/site-packages:/afs/cern.ch/cms/slc5_amd64_gcc462/external/professor/1.0.0-cms21/lib/python2.6/site-packages:/afs/cern.ch/cms/slc5_amd64_gcc462/lcg/root/5.32.00-cms14/lib:/afs/cern.ch/cms/slc5_amd64_gcc462/cms/dbs-client/DBS_2_1_1_patch1_1/lib:/afs/cern.ch/cms/slc5_amd64_gcc462/cms/dbs-client/DBS_2_1_1_patch1_1/lib/DBSAPI:/pool/lsf/vimartin/327862957/:/afs/cern.ch/cms/ccs/wm/scripts/Crab/CRAB_2_8_3/external/py2-pysqlite/2.6/site-packages:/afs/cern.ch/cms/ccs/wm/scripts/Crab/CRAB_2_8_3/external/DBSAPI:/afs/cern.ch/cms/ccs/wm/scripts/Crab/CRAB_2_8_3/external/DLSAPI/lib:/afs/cern.ch/project/gd/LCG-share/3.2.11-1/glite/lib64//site-packages:/afs/cern.ch/project/gd/LCG-share/3.2.11-1/glite/lib64/python:/afs/cern.ch/project/gd/LCG-share/3.2.11-1/lcg/lib64//site-packages:/afs/cern.ch/project/gd/LCG-share/3.2.11-1/lcg/lib64/python:/afs/cern.ch/cms/ccs/wm/scripts/Crab/CRAB_2_8_3/external/py2-sqlalchemy/0.5.2-cmp7/lib/python2.6/site-packages/:/afs/cern.ch/cms/ccs/wm/scripts/Crab/CRAB_2_8_3/external/pbs_python/4.3.0/lib/python2.6/site-packages/pbs:/afs/cern.ch/cms/ccs/wm/scripts/Crab/CRAB_2_8_3/external/simplejson/2.0.9/lib/python2.4/site-packages:/afs/cern.ch/cms/ccs/wm/scripts/Crab/CRAB_2_8_3/python:/afs/cern.ch/cms/ccs/wm/scripts/Crab/CRAB_2_8_3/external/DBSAPI:/afs/cern.ch/cms/ccs/wm/scripts/Crab/CRAB_2_8_3/external/DLSAPI/lib:/afs/cern.ch/cms/ccs/wm/scripts/Crab/CRAB_2_8_3/external:/afs/cern.ch/cms/ccs/wm/scripts/Crab/CRAB_2_8_3/external/crablib:/afs/cern.ch/cms/ccs/wm/scripts/Crab/CRAB_2_8_3/external:/afs/cern.ch/project/gd/LCG-share/3.2.11-1/external/opt/fpconst/lib/python2.4/site-packages:/afs/cern.ch/project/gd/LCG-share/3.2.11-1/external/opt/ZSI/lib/python2.4/site-packages:/afs/cern.ch/project/gd/LCG-share/3.2.11-1/glite/lib:/afs/cern.ch/cms/ccs/wm/scripts/Crab/CRAB_2_8_3/python
fefc71e17f1fc905c56db43aeb33b072
PSETHASH = fefc71e17f1fc905c56db43aeb33b072
/pool/lsf/vimartin/327862957/writeCfg.py pset.py pset.py
Importing .py file
Setting parameters
inputBlocks=/StreamExpress/Run2012B-TkAlMinBias-v1/ALCARECO#c8ce09c0-b079-11e1-9877-003048caaace
inputFiles=/store/express/Run2012B/StreamExpress/ALCARECO/TkAlMinBias-v1/000/195/660/BC8CABE3-7AB0-E111-AEC1-002481E0D7D8.root;/store/express/Run2012B/StreamExpress/ALCARECO/TkAlMinBias-v1/000/195/660/72DAD024-7AB0-E111-A9C0-001D09F25479.root
parentFiles=
lumisRange=195660:123-195660:152
>>> Executable cmsRun
/afs/cern.ch/cms/slc5_amd64_gcc462/cms/cmssw/CMSSW_5_3_3/bin/slc5_amd64_gcc462/cmsRun
ok executable found
>>> info for dashboard:
***** Cat /pool/lsf/vimartin/327862957/jobreport.txt *****
MonitorJobID=3_https://CAF:/327862957-vimartin-beamspot-Comm12b-53XRepFinal-special-p89mc4
MonitorID=vimartin_beamspot_Comm12b_53XRepFinal_special_p89mc4
ExeStart=cmsRun
***** End Cat jobreport *****
Parameters sent to Dashboard.
>>> cmsRun started at Wed Nov 14 03:59:18 UTC 2012
>>> cmsRun ended at Wed Nov 14 04:01:25 UTC 2012
>>> info for dashboard:
***** Cat /pool/lsf/vimartin/327862957/jobreport.txt *****
MonitorJobID=3_https://CAF:/327862957-vimartin-beamspot-Comm12b-53XRepFinal-special-p89mc4
MonitorID=vimartin_beamspot_Comm12b_53XRepFinal_special_p89mc4
ExeEnd=cmsRun
***** End Cat jobreport *****
Parameters sent to Dashboard.
TIME_EXE = 127 sec
>>> cmsRun wrote 1031 lines of stdout+stderr
>>> START OF printout of 1031 lines from stdout+stderr
14-Nov-2012 04:59:31 CET  Initiating request to open file root://eoscms//eos/cms/store/express/Run2012B/StreamExpress/ALCARECO/TkAlMinBias-v1/000/195/660/BC8CABE3-7AB0-E111-AEC1-002481E0D7D8.root
121114 04:59:31 5364 Xrd: GoToAnotherServer: Going to: lxfsre13a07.cern.ch:1095
14-Nov-2012 04:59:31 CET  Successfully opened file root://eoscms//eos/cms/store/express/Run2012B/StreamExpress/ALCARECO/TkAlMinBias-v1/000/195/660/BC8CABE3-7AB0-E111-AEC1-002481E0D7D8.root
Begin processing the 1st record. Run 195660, Event 11795134, LumiSection 123 at 14-Nov-2012 04:59:31.884 CET
14-Nov-2012 05:00:08 CET  Closed file root://eoscms//eos/cms/store/express/Run2012B/StreamExpress/ALCARECO/TkAlMinBias-v1/000/195/660/BC8CABE3-7AB0-E111-AEC1-002481E0D7D8.root
14-Nov-2012 05:00:08 CET  Initiating request to open file root://eoscms//eos/cms/store/express/Run2012B/StreamExpress/ALCARECO/TkAlMinBias-v1/000/195/660/72DAD024-7AB0-E111-A9C0-001D09F25479.root
121114 05:00:08 5364 Xrd: GoToAnotherServer: Going to: lxfssl4307.cern.ch:1095
14-Nov-2012 05:00:08 CET  Successfully opened file root://eoscms//eos/cms/store/express/Run2012B/StreamExpress/ALCARECO/TkAlMinBias-v1/000/195/660/72DAD024-7AB0-E111-A9C0-001D09F25479.root
for lumis 123 - -1
number of selected tracks = 743
number of selected PVs = 56

 RESULTS OF DEFAULT FIT 
 for runs: 195660 - 195660
 for lumi blocks : 123 - 123
 lumi counter # 1
-----------------------------------------------------
              Beam Spot Data

 Beam type    = 2
       X0     = 0.0714844 +/- 0.000434333 [cm]
       Y0     = 0.0612566 +/- 0.000420701 [cm]
       Z0     = 0.315986 +/- 0.683437 [cm]
 Sigma Z0     = 5.11481 +/- 0.483144 [cm]
 dxdz         = -2.10558e-05 +/- 8.58077e-05 [radians]
 dydz         = -8.96937e-05 +/- 8.44842e-05 [radians]
 Beam width X = 0.00173194 +/- 0.000581178 [cm]
 Beam width Y = 0.00197328 +/- 0.000581178 [cm]
 EmittanceX   = 0 [cm]
 EmittanceY   = 0 [cm]
 beta-star    = 0 [cm]
-----------------------------------------------------


[BeamFitter] fit done. 

Total number of tracks accumulated = 743
Reset track collection for beam fit
for lumis 124 - 123
number of selected tracks = 901
number of selected PVs = 65

 RESULTS OF DEFAULT FIT 
 for runs: 195660 - 195660
 for lumi blocks : 124 - 124
 lumi counter # 1
-----------------------------------------------------
              Beam Spot Data

 Beam type    = 2
       X0     = 0.0721128 +/- 0.000390962 [cm]
       Y0     = 0.0616073 +/- 0.000382373 [cm]
       Z0     = -1.13862 +/- 0.558193 [cm]
 Sigma Z0     = 4.50055 +/- 0.394683 [cm]
 dxdz         = -1.61948e-05 +/- 7.91107e-05 [radians]
 dydz         = -0.000184976 +/- 7.77854e-05 [radians]
 Beam width X = 0.00162104 +/- 0.000511604 [cm]
 Beam width Y = 0.0011514 +/- 0.000511604 [cm]
 EmittanceX   = 0 [cm]
 EmittanceY   = 0 [cm]
 beta-star    = 0 [cm]
-----------------------------------------------------


[BeamFitter] fit done. 

Total number of tracks accumulated = 901
Reset track collection for beam fit
for lumis 125 - 124
number of selected tracks = 1072
number of selected PVs = 81

 RESULTS OF DEFAULT FIT 
 for runs: 195660 - 195660
 for lumi blocks : 125 - 125
 lumi counter # 1
-----------------------------------------------------
              Beam Spot Data

 Beam type    = 2
       X0     = 0.0716699 +/- 0.000363036 [cm]
       Y0     = 0.0632754 +/- 0.000369651 [cm]
       Z0     = -0.587038 +/- 0.536866 [cm]
 Sigma Z0     = 4.83204 +/- 0.37958 [cm]
 dxdz         = 0.000108067 +/- 6.88421e-05 [radians]
 dydz         = 0.000125233 +/- 6.84279e-05 [radians]
 Beam width X = 0.00182947 +/- 0.000450347 [cm]
 Beam width Y = 0.00268962 +/- 0.000450347 [cm]
 EmittanceX   = 0 [cm]
 EmittanceY   = 0 [cm]
 beta-star    = 0 [cm]
-----------------------------------------------------


[BeamFitter] fit done. 

Total number of tracks accumulated = 1072
Reset track collection for beam fit
for lumis 126 - 125
number of selected tracks = 1470
number of selected PVs = 113

 RESULTS OF DEFAULT FIT 
 for runs: 195660 - 195660
 for lumi blocks : 126 - 126
 lumi counter # 1
-----------------------------------------------------
              Beam Spot Data

 Beam type    = 2
       X0     = 0.0740353 +/- 0.000303712 [cm]
       Y0     = 0.0636678 +/- 0.000309842 [cm]
       Z0     = -0.672127 +/- 0.481279 [cm]
 Sigma Z0     = 5.11628 +/- 0.340281 [cm]
 dxdz         = 5.43645e-05 +/- 5.84906e-05 [radians]
 dydz         = -9.29707e-05 +/- 5.5424e-05 [radians]
 Beam width X = 0.00158323 +/- 0.000470135 [cm]
 Beam width Y = 0.00167426 +/- 0.000470135 [cm]
 EmittanceX   = 0 [cm]
 EmittanceY   = 0 [cm]
 beta-star    = 0 [cm]
-----------------------------------------------------


[BeamFitter] fit done. 

Total number of tracks accumulated = 1470
Reset track collection for beam fit
for lumis 127 - 126
number of selected tracks = 1547
number of selected PVs = 106

 RESULTS OF DEFAULT FIT 
 for runs: 195660 - 195660
 for lumi blocks : 127 - 127
 lumi counter # 1
-----------------------------------------------------
              Beam Spot Data

 Beam type    = 2
       X0     = 0.0713976 +/- 0.000287723 [cm]
       Y0     = 0.0627042 +/- 0.000308238 [cm]
       Z0     = -0.844735 +/- 0.482358 [cm]
 Sigma Z0     = 4.96638 +/- 0.341027 [cm]
 dxdz         = -2.63169e-05 +/- 5.2079e-05 [radians]
 dydz         = 2.50435e-05 +/- 5.88987e-05 [radians]
 Beam width X = 0.00188933 +/- 0.000335368 [cm]
 Beam width Y = 0.0013823 +/- 0.000335368 [cm]
 EmittanceX   = 0 [cm]
 EmittanceY   = 0 [cm]
 beta-star    = 0 [cm]
-----------------------------------------------------


[BeamFitter] fit done. 

Total number of tracks accumulated = 1547
Reset track collection for beam fit
for lumis 128 - 127
number of selected tracks = 2456
number of selected PVs = 191

 RESULTS OF DEFAULT FIT 
 for runs: 195660 - 195660
 for lumi blocks : 128 - 128
 lumi counter # 1
-----------------------------------------------------
              Beam Spot Data

 Beam type    = 2
       X0     = 0.0726217 +/- 0.000242995 [cm]
       Y0     = 0.0627528 +/- 0.000240107 [cm]
       Z0     = -0.492646 +/- 0.37887 [cm]
 Sigma Z0     = 5.23621 +/- 0.267896 [cm]
 dxdz         = 0.000131173 +/- 4.57594e-05 [radians]
 dydz         = -9.54088e-05 +/- 4.58056e-05 [radians]
 Beam width X = 0.00236718 +/- 0.000302656 [cm]
 Beam width Y = 0.00159358 +/- 0.000302656 [cm]
 EmittanceX   = 0 [cm]
 EmittanceY   = 0 [cm]
 beta-star    = 0 [cm]
-----------------------------------------------------


[BeamFitter] fit done. 

Total number of tracks accumulated = 2456
Reset track collection for beam fit
for lumis 129 - 128
number of selected tracks = 2666
number of selected PVs = 188

 RESULTS OF DEFAULT FIT 
 for runs: 195660 - 195660
 for lumi blocks : 129 - 129
 lumi counter # 1
-----------------------------------------------------
              Beam Spot Data

 Beam type    = 2
       X0     = 0.0712391 +/- 0.000227824 [cm]
       Y0     = 0.0626646 +/- 0.000225465 [cm]
       Z0     = -0.279849 +/- 0.383955 [cm]
 Sigma Z0     = 5.26466 +/- 0.271479 [cm]
 dxdz         = 0.000141021 +/- 4.25197e-05 [radians]
 dydz         = -5.27453e-05 +/- 3.95216e-05 [radians]
 Beam width X = 0.00177674 +/- 0.000286956 [cm]
 Beam width Y = 0.0017665 +/- 0.000286956 [cm]
 EmittanceX   = 0 [cm]
 EmittanceY   = 0 [cm]
 beta-star    = 0 [cm]
-----------------------------------------------------


[BeamFitter] fit done. 

Total number of tracks accumulated = 2666
Reset track collection for beam fit
for lumis 130 - 129
number of selected tracks = 2628
number of selected PVs = 198

 RESULTS OF DEFAULT FIT 
 for runs: 195660 - 195660
 for lumi blocks : 130 - 130
 lumi counter # 1
-----------------------------------------------------
              Beam Spot Data

 Beam type    = 2
       X0     = 0.072618 +/- 0.000231557 [cm]
       Y0     = 0.0624891 +/- 0.000233645 [cm]
       Z0     = -0.757639 +/- 0.328662 [cm]
 Sigma Z0     = 4.62476 +/- 0.232387 [cm]
 dxdz         = 0.000107826 +/- 4.79086e-05 [radians]
 dydz         = -5.90137e-05 +/- 4.85423e-05 [radians]
 Beam width X = 0.00177747 +/- 0.000299425 [cm]
 Beam width Y = 0.00205333 +/- 0.000299425 [cm]
 EmittanceX   = 0 [cm]
 EmittanceY   = 0 [cm]
 beta-star    = 0 [cm]
-----------------------------------------------------


[BeamFitter] fit done. 

Total number of tracks accumulated = 2628
Reset track collection for beam fit
for lumis 131 - 130
number of selected tracks = 2215
number of selected PVs = 163

 RESULTS OF DEFAULT FIT 
 for runs: 195660 - 195660
 for lumi blocks : 131 - 131
 lumi counter # 1
-----------------------------------------------------
              Beam Spot Data

 Beam type    = 2
       X0     = 0.0724632 +/- 0.000244234 [cm]
       Y0     = 0.0627439 +/- 0.000244348 [cm]
       Z0     = -0.707396 +/- 0.369421 [cm]
 Sigma Z0     = 4.71656 +/- 0.261211 [cm]
 dxdz         = 0.00017224 +/- 5.08212e-05 [radians]
 dydz         = -2.67592e-05 +/- 5.15766e-05 [radians]
 Beam width X = 0.00175892 +/- 0.000313083 [cm]
 Beam width Y = 0.00147765 +/- 0.000313083 [cm]
 EmittanceX   = 0 [cm]
 EmittanceY   = 0 [cm]
 beta-star    = 0 [cm]
-----------------------------------------------------


[BeamFitter] fit done. 

Total number of tracks accumulated = 2215
Reset track collection for beam fit
for lumis 132 - 131
number of selected tracks = 2577
number of selected PVs = 196

 RESULTS OF DEFAULT FIT 
 for runs: 195660 - 195660
 for lumi blocks : 132 - 132
 lumi counter # 1
-----------------------------------------------------
              Beam Spot Data

 Beam type    = 2
       X0     = 0.0719252 +/- 0.000232927 [cm]
       Y0     = 0.0629487 +/- 0.000236199 [cm]
       Z0     = -1.11268 +/- 0.367984 [cm]
 Sigma Z0     = 5.15189 +/- 0.260193 [cm]
 dxdz         = 5.81301e-05 +/- 4.32793e-05 [radians]
 dydz         = -0.000189771 +/- 4.51366e-05 [radians]
 Beam width X = 0.00201695 +/- 0.000324018 [cm]
 Beam width Y = 0.00155872 +/- 0.000324018 [cm]
 EmittanceX   = 0 [cm]
 EmittanceY   = 0 [cm]
 beta-star    = 0 [cm]
-----------------------------------------------------


[BeamFitter] fit done. 

Total number of tracks accumulated = 2577
Reset track collection for beam fit
for lumis 133 - 132
number of selected tracks = 2314
number of selected PVs = 171

 RESULTS OF DEFAULT FIT 
 for runs: 195660 - 195660
 for lumi blocks : 133 - 133
 lumi counter # 1
-----------------------------------------------------
              Beam Spot Data

 Beam type    = 2
       X0     = 0.0730077 +/- 0.000242501 [cm]
       Y0     = 0.0625257 +/- 0.00024824 [cm]
       Z0     = -1.08276 +/- 0.355099 [cm]
 Sigma Z0     = 4.64362 +/- 0.251067 [cm]
 dxdz         = 0.000294963 +/- 4.65921e-05 [radians]
 dydz         = -7.08585e-05 +/- 4.89357e-05 [radians]
 Beam width X = 0.00212966 +/- 0.000303735 [cm]
 Beam width Y = 0.00140069 +/- 0.000303735 [cm]
 EmittanceX   = 0 [cm]
 EmittanceY   = 0 [cm]
 beta-star    = 0 [cm]
-----------------------------------------------------


[BeamFitter] fit done. 

Total number of tracks accumulated = 2314
Reset track collection for beam fit
for lumis 134 - 133
number of selected tracks = 1473
number of selected PVs = 125

 RESULTS OF DEFAULT FIT 
 for runs: 195660 - 195660
 for lumi blocks : 134 - 134
 lumi counter # 1
-----------------------------------------------------
              Beam Spot Data

 Beam type    = 2
       X0     = 0.072919 +/- 0.000318947 [cm]
       Y0     = 0.0624506 +/- 0.000316581 [cm]
       Z0     = -1.00722 +/- 0.459274 [cm]
 Sigma Z0     = 5.13503 +/- 0.324704 [cm]
 dxdz         = 2.28522e-05 +/- 6.42563e-05 [radians]
 dydz         = 0.000207875 +/- 6.19902e-05 [radians]
 Beam width X = 0.0020208 +/- 0.000390126 [cm]
 Beam width Y = 0.00124465 +/- 0.000390126 [cm]
 EmittanceX   = 0 [cm]
 EmittanceY   = 0 [cm]
 beta-star    = 0 [cm]
-----------------------------------------------------


[BeamFitter] fit done. 

Total number of tracks accumulated = 1473
Reset track collection for beam fit
for lumis 135 - 134
number of selected tracks = 1268
number of selected PVs = 98

 RESULTS OF DEFAULT FIT 
 for runs: 195660 - 195660
 for lumi blocks : 135 - 135
 lumi counter # 1
-----------------------------------------------------
              Beam Spot Data

 Beam type    = 2
       X0     = 0.0712048 +/- 0.000334552 [cm]
       Y0     = 0.0631495 +/- 0.000336442 [cm]
       Z0     = -2.06215 +/- 0.534295 [cm]
 Sigma Z0     = 5.28951 +/- 0.377812 [cm]
 dxdz         = 0.000142433 +/- 5.9122e-05 [radians]
 dydz         = -0.000156683 +/- 5.88888e-05 [radians]
 Beam width X = 0.000885426 +/- 0.000647624 [cm]
 Beam width Y = 0.00181246 +/- 0.000647624 [cm]
 EmittanceX   = 0 [cm]
 EmittanceY   = 0 [cm]
 beta-star    = 0 [cm]
-----------------------------------------------------


[BeamFitter] fit done. 

Total number of tracks accumulated = 1268
Reset track collection for beam fit
for lumis 136 - 135
number of selected tracks = 756
number of selected PVs = 59

 RESULTS OF DEFAULT FIT 
 for runs: 195660 - 195660
 for lumi blocks : 136 - 136
 lumi counter # 1
-----------------------------------------------------
              Beam Spot Data

 Beam type    = 2
       X0     = 0.0701034 +/- 0.000471906 [cm]
       Y0     = 0.0611016 +/- 0.00044266 [cm]
       Z0     = -0.907963 +/- 0.622021 [cm]
 Sigma Z0     = 4.77817 +/- 0.439718 [cm]
 dxdz         = 0.000336232 +/- 7.8284e-05 [radians]
 dydz         = 0.000502067 +/- 8.98021e-05 [radians]
 Beam width X = 0.00175504 +/- 0.000574452 [cm]
 Beam width Y = 0.00269838 +/- 0.000574452 [cm]
 EmittanceX   = 0 [cm]
 EmittanceY   = 0 [cm]
 beta-star    = 0 [cm]
-----------------------------------------------------


[BeamFitter] fit done. 

Total number of tracks accumulated = 756
Reset track collection for beam fit
for lumis 137 - 136
number of selected tracks = 837
number of selected PVs = 56

 RESULTS OF DEFAULT FIT 
 for runs: 195660 - 195660
 for lumi blocks : 137 - 137
 lumi counter # 1
-----------------------------------------------------
              Beam Spot Data

 Beam type    = 2
       X0     = 0.0717325 +/- 0.00040921 [cm]
       Y0     = 0.0624827 +/- 0.000425351 [cm]
       Z0     = -1.64232 +/- 0.691328 [cm]
 Sigma Z0     = 5.17387 +/- 0.488698 [cm]
 dxdz         = -0.000257889 +/- 8.08749e-05 [radians]
 dydz         = 0.000200389 +/- 8.15959e-05 [radians]
 Beam width X = 0.00197688 +/- 0.000479099 [cm]
 Beam width Y = 0.000591726 +/- 0.000479099 [cm]
 EmittanceX   = 0 [cm]
 EmittanceY   = 0 [cm]
 beta-star    = 0 [cm]
-----------------------------------------------------


[BeamFitter] fit done. 

Total number of tracks accumulated = 837
Reset track collection for beam fit
for lumis 138 - 137
number of selected tracks = 599
number of selected PVs = 46

 RESULTS OF DEFAULT FIT 
 for runs: 195660 - 195660
 for lumi blocks : 138 - 138
 lumi counter # 1
-----------------------------------------------------
              Beam Spot Data

 Beam type    = 2
       X0     = 0.0725845 +/- 0.00052078 [cm]
       Y0     = 0.0617462 +/- 0.000499802 [cm]
       Z0     = -1.91131 +/- 0.916005 [cm]
 Sigma Z0     = 5.5727 +/- 0.654439 [cm]
 dxdz         = -4.4272e-05 +/- 8.92017e-05 [radians]
 dydz         = -0.000114654 +/- 9.90971e-05 [radians]
 Beam width X = 0.000240224 +/- 0.000610853 [cm]
 Beam width Y = 0.00157358 +/- 0.000610853 [cm]
 EmittanceX   = 0 [cm]
 EmittanceY   = 0 [cm]
 beta-star    = 0 [cm]
-----------------------------------------------------


[BeamFitter] fit done. 

Total number of tracks accumulated = 599
Reset track collection for beam fit
for lumis 139 - 138
number of selected tracks = 361
number of selected PVs = 24
%MSG-w PVFitter:  BeamSpotAnalyzer:d0_phi_analyzer@endLumi  14-Nov-2012 05:01:06 CET Run: 195660 Lumi: 139
3D beam spot fit failed in 3rd iteration
%MSG

 Empty Beam spot fit
 for runs: 195660 - 195660
 for lumi blocks : 139 - 139
 lumi counter # 1
-----------------------------------------------------
              Beam Spot Data

 Beam type    = 0
       X0     = 0 +/- 0 [cm]
       Y0     = 0 +/- 0 [cm]
       Z0     = 0 +/- 0 [cm]
 Sigma Z0     = 0 +/- 0 [cm]
 dxdz         = 0 +/- 0 [radians]
 dydz         = 0 +/- 0 [radians]
 Beam width X = 0 +/- 0 [cm]
 Beam width Y = 0 +/- 0 [cm]
 EmittanceX   = 0 [cm]
 EmittanceY   = 0 [cm]
 beta-star    = 0 [cm]
-----------------------------------------------------


[BeamFitter] fit failed 

Total number of tracks accumulated = 361
Reset track collection for beam fit
for lumis 140 - 139
number of selected tracks = 273
number of selected PVs = 19
%MSG-w PVFitter:  BeamSpotAnalyzer:d0_phi_analyzer@endLumi  14-Nov-2012 05:01:07 CET Run: 195660 Lumi: 140
3D beam spot fit failed in 3rd iteration
%MSG

 Empty Beam spot fit
 for runs: 195660 - 195660
 for lumi blocks : 140 - 140
 lumi counter # 1
-----------------------------------------------------
              Beam Spot Data

 Beam type    = 0
       X0     = 0 +/- 0 [cm]
       Y0     = 0 +/- 0 [cm]
       Z0     = 0 +/- 0 [cm]
 Sigma Z0     = 0 +/- 0 [cm]
 dxdz         = 0 +/- 0 [radians]
 dydz         = 0 +/- 0 [radians]
 Beam width X = 0 +/- 0 [cm]
 Beam width Y = 0 +/- 0 [cm]
 EmittanceX   = 0 [cm]
 EmittanceY   = 0 [cm]
 beta-star    = 0 [cm]
-----------------------------------------------------


[BeamFitter] fit failed 

Total number of tracks accumulated = 273
Reset track collection for beam fit
for lumis 141 - 140
number of selected tracks = 162
number of selected PVs = 11
%MSG-w PVFitter:  BeamSpotAnalyzer:d0_phi_analyzer@endLumi  14-Nov-2012 05:01:07 CET Run: 195660 Lumi: 141
3D beam spot fit failed in 3rd iteration
%MSG

 Empty Beam spot fit
 for runs: 195660 - 195660
 for lumi blocks : 141 - 141
 lumi counter # 1
-----------------------------------------------------
              Beam Spot Data

 Beam type    = 0
       X0     = 0 +/- 0 [cm]
       Y0     = 0 +/- 0 [cm]
       Z0     = 0 +/- 0 [cm]
 Sigma Z0     = 0 +/- 0 [cm]
 dxdz         = 0 +/- 0 [radians]
 dydz         = 0 +/- 0 [radians]
 Beam width X = 0 +/- 0 [cm]
 Beam width Y = 0 +/- 0 [cm]
 EmittanceX   = 0 [cm]
 EmittanceY   = 0 [cm]
 beta-star    = 0 [cm]
-----------------------------------------------------


[BeamFitter] fit failed 

Total number of tracks accumulated = 162
Reset track collection for beam fit
for lumis 142 - 141
number of selected tracks = 71
number of selected PVs = 7

 Empty Beam spot fit
 for runs: 195660 - 195660
 for lumi blocks : 142 - 142
 lumi counter # 1
-----------------------------------------------------
              Beam Spot Data

 Beam type    = 0
       X0     = 0 +/- 0 [cm]
       Y0     = 0 +/- 0 [cm]
       Z0     = 0 +/- 0 [cm]
 Sigma Z0     = 0 +/- 0 [cm]
 dxdz         = 0 +/- 0 [radians]
 dydz         = 0 +/- 0 [radians]
 Beam width X = 0 +/- 0 [cm]
 Beam width Y = 0 +/- 0 [cm]
 EmittanceX   = 0 [cm]
 EmittanceY   = 0 [cm]
 beta-star    = 0 [cm]
-----------------------------------------------------


[BeamFitter] fit failed 

Total number of tracks accumulated = 71
Reset track collection for beam fit
for lumis 143 - 142
number of selected tracks = 61
number of selected PVs = 5

 Empty Beam spot fit
 for runs: 195660 - 195660
 for lumi blocks : 143 - 143
 lumi counter # 1
-----------------------------------------------------
              Beam Spot Data

 Beam type    = 0
       X0     = 0 +/- 0 [cm]
       Y0     = 0 +/- 0 [cm]
       Z0     = 0 +/- 0 [cm]
 Sigma Z0     = 0 +/- 0 [cm]
 dxdz         = 0 +/- 0 [radians]
 dydz         = 0 +/- 0 [radians]
 Beam width X = 0 +/- 0 [cm]
 Beam width Y = 0 +/- 0 [cm]
 EmittanceX   = 0 [cm]
 EmittanceY   = 0 [cm]
 beta-star    = 0 [cm]
-----------------------------------------------------


[BeamFitter] fit failed 

Total number of tracks accumulated = 61
Reset track collection for beam fit
for lumis 144 - 143
number of selected tracks = 45
number of selected PVs = 2
%MSG-w BSFitter:  BeamSpotAnalyzer:d0_phi_analyzer@endLumi  14-Nov-2012 05:01:08 CET Run: 195660 Lumi: 144
need at least 50 tracks to run beamline fitter.
%MSG

 Empty Beam spot fit
 for runs: 195660 - 195660
 for lumi blocks : 144 - 144
 lumi counter # 1
-----------------------------------------------------
              Beam Spot Data

 Beam type    = 0
       X0     = 0 +/- 0 [cm]
       Y0     = 0 +/- 0 [cm]
       Z0     = 0 +/- 0 [cm]
 Sigma Z0     = 0 +/- 0 [cm]
 dxdz         = 0 +/- 0 [radians]
 dydz         = 0 +/- 0 [radians]
 Beam width X = 0 +/- 0 [cm]
 Beam width Y = 0 +/- 0 [cm]
 EmittanceX   = 0 [cm]
 EmittanceY   = 0 [cm]
 beta-star    = 0 [cm]
-----------------------------------------------------


[BeamFitter] fit failed 

Total number of tracks accumulated = 45
Reset track collection for beam fit
for lumis 145 - 144
number of selected tracks = 3
number of selected PVs = 0
%MSG-w BSFitter:  BeamSpotAnalyzer:d0_phi_analyzer@endLumi  14-Nov-2012 05:01:08 CET Run: 195660 Lumi: 145
need at least 50 tracks to run beamline fitter.
%MSG

 Empty Beam spot fit
 for runs: 195660 - 195660
 for lumi blocks : 145 - 145
 lumi counter # 1
-----------------------------------------------------
              Beam Spot Data

 Beam type    = 0
       X0     = 0 +/- 0 [cm]
       Y0     = 0 +/- 0 [cm]
       Z0     = 0 +/- 0 [cm]
 Sigma Z0     = 0 +/- 0 [cm]
 dxdz         = 0 +/- 0 [radians]
 dydz         = 0 +/- 0 [radians]
 Beam width X = 0 +/- 0 [cm]
 Beam width Y = 0 +/- 0 [cm]
 EmittanceX   = 0 [cm]
 EmittanceY   = 0 [cm]
 beta-star    = 0 [cm]
-----------------------------------------------------


[BeamFitter] fit failed 

Total number of tracks accumulated = 3
Reset track collection for beam fit
for lumis 146 - 145
number of selected tracks = 5
number of selected PVs = 0
%MSG-w BSFitter:  BeamSpotAnalyzer:d0_phi_analyzer@endLumi  14-Nov-2012 05:01:08 CET Run: 195660 Lumi: 146
need at least 50 tracks to run beamline fitter.
%MSG

 Empty Beam spot fit
 for runs: 195660 - 195660
 for lumi blocks : 146 - 146
 lumi counter # 1
-----------------------------------------------------
              Beam Spot Data

 Beam type    = 0
       X0     = 0 +/- 0 [cm]
       Y0     = 0 +/- 0 [cm]
       Z0     = 0 +/- 0 [cm]
 Sigma Z0     = 0 +/- 0 [cm]
 dxdz         = 0 +/- 0 [radians]
 dydz         = 0 +/- 0 [radians]
 Beam width X = 0 +/- 0 [cm]
 Beam width Y = 0 +/- 0 [cm]
 EmittanceX   = 0 [cm]
 EmittanceY   = 0 [cm]
 beta-star    = 0 [cm]
-----------------------------------------------------


[BeamFitter] fit failed 

Total number of tracks accumulated = 5
Reset track collection for beam fit
for lumis 147 - 146
number of selected tracks = 1
number of selected PVs = 0

 Empty Beam spot fit
 for runs: 195660 - 195660
 for lumi blocks : 147 - 147
 lumi counter # 1
-----------------------------------------------------
              Beam Spot Data

 Beam type    = 0
       X0     = 0 +/- 0 [cm]
       Y0     = 0 +/- 0 [cm]
       Z0     = 0 +/- 0 [cm]
 Sigma Z0     = 0 +/- 0 [cm]
 dxdz         = 0 +/- 0 [radians]
 dydz         = 0 +/- 0 [radians]
 Beam width X = 0 +/- 0 [cm]
 Beam width Y = 0 +/- 0 [cm]
 EmittanceX   = 0 [cm]
 EmittanceY   = 0 [cm]
 beta-star    = 0 [cm]
-----------------------------------------------------


[BeamFitter] fit failed 

Total number of tracks accumulated = 1
Reset track collection for beam fit
for lumis 148 - 147
number of selected tracks = 0
number of selected PVs = 0

 Empty Beam spot fit
 for runs: 195660 - 195660
 for lumi blocks : 148 - 148
 lumi counter # 1
-----------------------------------------------------
              Beam Spot Data

 Beam type    = 0
       X0     = 0 +/- 0 [cm]
       Y0     = 0 +/- 0 [cm]
       Z0     = 0 +/- 0 [cm]
 Sigma Z0     = 0 +/- 0 [cm]
 dxdz         = 0 +/- 0 [radians]
 dydz         = 0 +/- 0 [radians]
 Beam width X = 0 +/- 0 [cm]
 Beam width Y = 0 +/- 0 [cm]
 EmittanceX   = 0 [cm]
 EmittanceY   = 0 [cm]
 beta-star    = 0 [cm]
-----------------------------------------------------


[BeamFitter] fit failed 

Total number of tracks accumulated = 0
Reset track collection for beam fit
for lumis 149 - 148
number of selected tracks = 2
number of selected PVs = 0
%MSG-w BSFitter:  BeamSpotAnalyzer:d0_phi_analyzer@endLumi  14-Nov-2012 05:01:08 CET Run: 195660 Lumi: 149
need at least 50 tracks to run beamline fitter.
%MSG

 Empty Beam spot fit
 for runs: 195660 - 195660
 for lumi blocks : 149 - 149
 lumi counter # 1
-----------------------------------------------------
              Beam Spot Data

 Beam type    = 0
       X0     = 0 +/- 0 [cm]
       Y0     = 0 +/- 0 [cm]
       Z0     = 0 +/- 0 [cm]
 Sigma Z0     = 0 +/- 0 [cm]
 dxdz         = 0 +/- 0 [radians]
 dydz         = 0 +/- 0 [radians]
 Beam width X = 0 +/- 0 [cm]
 Beam width Y = 0 +/- 0 [cm]
 EmittanceX   = 0 [cm]
 EmittanceY   = 0 [cm]
 beta-star    = 0 [cm]
-----------------------------------------------------


[BeamFitter] fit failed 

Total number of tracks accumulated = 2
Reset track collection for beam fit
for lumis 150 - 149
number of selected tracks = 2148
number of selected PVs = 159

 RESULTS OF DEFAULT FIT 
 for runs: 195660 - 195660
 for lumi blocks : 150 - 150
 lumi counter # 1
-----------------------------------------------------
              Beam Spot Data

 Beam type    = 2
       X0     = 0.0724438 +/- 0.000259105 [cm]
       Y0     = 0.0617546 +/- 0.000269303 [cm]
       Z0     = -0.925779 +/- 0.433059 [cm]
 Sigma Z0     = 5.46085 +/- 0.306187 [cm]
 dxdz         = 8.4093e-05 +/- 4.43529e-05 [radians]
 dydz         = 9.03286e-05 +/- 4.76152e-05 [radians]
 Beam width X = 0.00259211 +/- 0.000320074 [cm]
 Beam width Y = 0.00238798 +/- 0.000320074 [cm]
 EmittanceX   = 0 [cm]
 EmittanceY   = 0 [cm]
 beta-star    = 0 [cm]
-----------------------------------------------------


[BeamFitter] fit done. 

Total number of tracks accumulated = 2148
Reset track collection for beam fit
for lumis 151 - 150
number of selected tracks = 2728
number of selected PVs = 207

 RESULTS OF DEFAULT FIT 
 for runs: 195660 - 195660
 for lumi blocks : 151 - 151
 lumi counter # 1
-----------------------------------------------------
              Beam Spot Data

 Beam type    = 2
       X0     = 0.07248 +/- 0.000231697 [cm]
       Y0     = 0.0627368 +/- 0.000225822 [cm]
       Z0     = -0.910625 +/- 0.335664 [cm]
 Sigma Z0     = 4.82945 +/- 0.23733 [cm]
 dxdz         = 9.46117e-05 +/- 4.62201e-05 [radians]
 dydz         = -0.000145549 +/- 4.58882e-05 [radians]
 Beam width X = 0.00216862 +/- 0.000283959 [cm]
 Beam width Y = 0.00152843 +/- 0.000283959 [cm]
 EmittanceX   = 0 [cm]
 EmittanceY   = 0 [cm]
 beta-star    = 0 [cm]
-----------------------------------------------------


[BeamFitter] fit done. 

Total number of tracks accumulated = 2728
Reset track collection for beam fit
for lumis 152 - 151
number of selected tracks = 2354
number of selected PVs = 184

 RESULTS OF DEFAULT FIT 
 for runs: 195660 - 195660
 for lumi blocks : 152 - 152
 lumi counter # 1
-----------------------------------------------------
              Beam Spot Data

 Beam type    = 2
       X0     = 0.0717823 +/- 0.00024652 [cm]
       Y0     = 0.0625354 +/- 0.000250403 [cm]
       Z0     = -1.15257 +/- 0.400596 [cm]
 Sigma Z0     = 5.4341 +/- 0.283236 [cm]
 dxdz         = 0.000202444 +/- 4.48008e-05 [radians]
 dydz         = -0.000163235 +/- 4.67446e-05 [radians]
 Beam width X = 0.00168689 +/- 0.000287957 [cm]
 Beam width Y = 0.00177517 +/- 0.000287957 [cm]
 EmittanceX   = 0 [cm]
 EmittanceY   = 0 [cm]
 beta-star    = 0 [cm]
-----------------------------------------------------


[BeamFitter] fit done. 

Total number of tracks accumulated = 2354
Reset track collection for beam fit
14-Nov-2012 05:01:24 CET  Closed file root://eoscms//eos/cms/store/express/Run2012B/StreamExpress/ALCARECO/TkAlMinBias-v1/000/195/660/72DAD024-7AB0-E111-A9C0-001D09F25479.root

-------------------------------------


 Total number of events processed: 1990

-------------------------------------


[BeamSpotAnalyzer] endJob done 


TrigReport ---------- Event  Summary ------------
TrigReport Events total = 1990 passed = 1990 failed = 0

TrigReport ---------- Path   Summary ------------
TrigReport  Trig Bit#        Run     Passed     Failed      Error Name
TrigReport     1    0       1990       1990          0          0 p

TrigReport -------End-Path   Summary ------------
TrigReport  Trig Bit#        Run     Passed     Failed      Error Name

TrigReport ---------- Modules in Path: p ------------
TrigReport  Trig Bit#    Visited     Passed     Failed      Error Name
TrigReport     1    0       1990       1990          0          0 offlineBeamSpot
TrigReport     1    0       1990       1990          0          0 TrackRefitter
TrigReport     1    0       1990       1990          0          0 offlinePrimaryVertices
TrigReport     1    0       1990       1990          0          0 d0_phi_analyzer

TrigReport ---------- Module Summary ------------
TrigReport    Visited        Run     Passed     Failed      Error Name
TrigReport       1990       1990       1990          0          0 offlineBeamSpot
TrigReport       1990       1990       1990          0          0 TrackRefitter
TrigReport       1990       1990       1990          0          0 offlinePrimaryVertices
TrigReport       1990       1990       1990          0          0 d0_phi_analyzer
TrigReport       1990       1990       1990          0          0 TriggerResults

TimeReport ---------- Event  Summary ---[sec]----
TimeReport CPU/event = 0.054290 Real/event = 0.054510

TimeReport ---------- Path   Summary ---[sec]----
TimeReport             per event          per path-run 
TimeReport        CPU       Real        CPU       Real Name
TimeReport   0.054249   0.054471   0.054249   0.054471 p
TimeReport        CPU       Real        CPU       Real Name
TimeReport             per event          per path-run 

TimeReport -------End-Path   Summary ---[sec]----
TimeReport             per event       per endpath-run 
TimeReport        CPU       Real        CPU       Real Name
TimeReport        CPU       Real        CPU       Real Name
TimeReport             per event       per endpath-run 

TimeReport ---------- Modules in Path: p ---[sec]----
TimeReport             per event      per module-visit 
TimeReport        CPU       Real        CPU       Real Name
TimeReport   0.000053   0.000061   0.000053   0.000061 offlineBeamSpot
TimeReport   0.046641   0.046856   0.046641   0.046856 TrackRefitter
TimeReport   0.007161   0.007159   0.007161   0.007159 offlinePrimaryVertices
TimeReport   0.000381   0.000387   0.000381   0.000387 d0_phi_analyzer
TimeReport        CPU       Real        CPU       Real Name
TimeReport             per event      per module-visit 
TimeReport        CPU       Real        CPU       Real Name
TimeReport             per event      per module-visit 

TimeReport ---------- Module Summary ---[sec]----
TimeReport             per event        per module-run      per module-visit 
TimeReport        CPU       Real        CPU       Real        CPU       Real Name
TimeReport   0.000053   0.000061   0.000053   0.000061   0.000053   0.000061 offlineBeamSpot
TimeReport   0.046641   0.046856   0.046641   0.046856   0.046641   0.046856 TrackRefitter
TimeReport   0.007161   0.007159   0.007161   0.007159   0.007161   0.007159 offlinePrimaryVertices
TimeReport   0.000381   0.000387   0.000381   0.000387   0.000381   0.000387 d0_phi_analyzer
TimeReport   0.000034   0.000034   0.000034   0.000034   0.000034   0.000034 TriggerResults
TimeReport        CPU       Real        CPU       Real        CPU       Real Name
TimeReport             per event        per module-run      per module-visit 

T---Report end!


=============================================

MessageLogger Summary

 type     category        sev    module        subroutine        count    total
 ---- -------------------- -- ---------------- ----------------  -----    -----
    1 BSFitter             -w BeamSpotAnalyzer                       4        4
    2 PVFitter             -w BeamSpotAnalyzer                       3        3
    3 fileAction           -s file_close                             2        2
    4 fileAction           -s file_open                              4        4

 type    category    Examples: run/evt        run/evt          run/evt
 ---- -------------------- ---------------- ---------------- ----------------
    1 BSFitter             Run: 195660 Lumi Run: 195660 Lumi Run: 195660 Lumi
    2 PVFitter             Run: 195660 Lumi Run: 195660 Lumi Run: 195660 Lumi
    3 fileAction           PostProcessEvent PostEndRun       
    4 fileAction           pre-events       pre-events       PostProcessEvent

Severity    # Occurrences   Total Occurrences
--------    -------------   -----------------
Warning                 7                   7
System                  6                   6
>>> END OF printout of 1031 lines from stdout+stderr
>>> Parse FrameworkJobReport crab_fjr.xml
Result of parsing the FrameworkJobReport crab_fjr.xml: Popularity start
lumisRange : 195660::124-152::1;195660::::2;
lumisParentRange : 
Basename : /store/express/Run2012B/StreamExpress/ALCARECO/TkAlMinBias-v1/000/195/660/
BasenameParent : 
parentFiles : 
inputBlocks : /StreamExpress/Run2012B-TkAlMinBias-v1/ALCARECO#c8ce09c0-b079-11e1-9877-003048caaace
inputFiles : 72DAD024-7AB0-E111-A9C0-001D09F25479.root::1::EDM::Local::1;BC8CABE3-7AB0-E111-AEC1-002481E0D7D8.root::1::EDM::Local::2;
Popularity stop
Extracted ExitStatus from FrameworkJobReport parsing output: 0
>>> Executable succeded  0
ExeExitCode=0
EXECUTABLE_EXIT_STATUS = 0
>>> current directory /pool/lsf/vimartin/327862957/CMSSW_5_3_3_patch1
>>>  (SOFTWARE_DIR): /pool/lsf/vimartin/327862957/CMSSW_5_3_3_patch1
>>> (WORKING_DIR): 
>>> current directory content:
total 6508
drwxr-xr-x 3 vimartin zh    4096 Nov 14 04:59 .SCRAM
-rw-r--r-- 1 vimartin zh   16367 Nov 14 05:01 BeamFit_Workflow_Data2012_53XRepFinal.txt
-rw-r--r-- 1 vimartin zh 3226438 Nov 14 04:59 CMSSW.py.pkl
drwxr-xr-x 3 vimartin zh    4096 Nov 14 04:59 bin
drwxr-xr-x 3 vimartin zh    4096 Nov 14 04:59 cfipython
drwxr-xr-x 5 vimartin zh    4096 Nov 14 04:59 config
-rw-r--r-- 1 vimartin zh      17 Nov 14 05:01 cpu_timing.txt
drwxr-xr-x 2 vimartin zh    4096 Nov 14 04:59 doc
-rw-r--r-- 1 vimartin zh   32705 Nov 14 05:01 executable.out
drwxr-xr-x 2 vimartin zh    4096 Nov 14 04:59 include
drwxrwxrwx 3 vimartin zh    4096 Nov 12 14:58 lib
drwxr-xr-x 3 vimartin zh    4096 Nov 14 04:59 logs
drwxr-xr-x 3 vimartin zh    4096 Nov 14 04:59 objs
-rw-r--r-- 1 vimartin zh     104 Nov 14 04:59 pset.py
-rw-r--r-- 1 vimartin zh 3220127 Nov 14 04:59 pset.py.pkl
-rw-r--r-- 1 vimartin zh     289 Nov 14 04:59 pset.pyc
drwxr-xr-x 2 vimartin zh    4096 Nov 14 04:59 python
-rw-r--r-- 1 vimartin zh     566 Nov 14 05:01 report.log
drwxrwxrwx 4 vimartin zh    4096 Nov 14 04:59 src
drwxr-xr-x 3 vimartin zh    4096 Nov 14 04:59 test
drwxr-xr-x 3 vimartin zh    4096 Nov 14 04:59 tmp
>>> current directory /pool/lsf/vimartin/327862957/CMSSW_5_3_3_patch1
>>> (SOFTWARE_DIR): /pool/lsf/vimartin/327862957/CMSSW_5_3_3_patch1
>>> (WORKING_DIR): 
>>> current directory content:
total 6488
drwxr-xr-x 3 vimartin zh    4096 Nov 14 04:59 .SCRAM
-rw-r--r-- 1 vimartin zh 3226438 Nov 14 04:59 CMSSW.py.pkl
drwxr-xr-x 3 vimartin zh    4096 Nov 14 04:59 bin
drwxr-xr-x 3 vimartin zh    4096 Nov 14 04:59 cfipython
drwxr-xr-x 5 vimartin zh    4096 Nov 14 04:59 config
-rw-r--r-- 1 vimartin zh      17 Nov 14 05:01 cpu_timing.txt
drwxr-xr-x 2 vimartin zh    4096 Nov 14 04:59 doc
-rw-r--r-- 1 vimartin zh   32705 Nov 14 05:01 executable.out
drwxr-xr-x 2 vimartin zh    4096 Nov 14 04:59 include
drwxrwxrwx 3 vimartin zh    4096 Nov 12 14:58 lib
drwxr-xr-x 3 vimartin zh    4096 Nov 14 04:59 logs
drwxr-xr-x 3 vimartin zh    4096 Nov 14 04:59 objs
-rw-r--r-- 1 vimartin zh     104 Nov 14 04:59 pset.py
-rw-r--r-- 1 vimartin zh 3220127 Nov 14 04:59 pset.py.pkl
-rw-r--r-- 1 vimartin zh     289 Nov 14 04:59 pset.pyc
drwxr-xr-x 2 vimartin zh    4096 Nov 14 04:59 python
-rw-r--r-- 1 vimartin zh     566 Nov 14 05:01 report.log
drwxrwxrwx 4 vimartin zh    4096 Nov 14 04:59 src
drwxr-xr-x 3 vimartin zh    4096 Nov 14 04:59 test
drwxr-xr-x 3 vimartin zh    4096 Nov 14 04:59 tmp
>>> current directory (RUNTIME_AREA):  /pool/lsf/vimartin/327862957
>>> current dir: /pool/lsf/vimartin/327862957
>>> current dir content:
total 5220
-rw-rw-rw-  1 vimartin zh       0 Nov 14 04:59 .lsf.start
-rw-rw--w-  1 vimartin zh       0 Nov 14 04:59 1352854899.327862957.err
-rw-rw--w-  1 vimartin zh   48184 Nov 14 05:01 1352854899.327862957.out
lrwxrwxrwx  1 vimartin zh      78 Nov 14 05:01 BeamFit_Workflow_Data2012_53XRepFinal.txt -> /pool/lsf/vimartin/327862957/BeamFit_Workflow_Data2012_53XRepFinal_3_1_D1f.txt
-rw-r--r--  1 vimartin zh   16367 Nov 14 05:01 BeamFit_Workflow_Data2012_53XRepFinal_3_1_D1f.txt
-rw-rw-rw-  1 vimartin zh     105 Nov 14 02:01 CMSSW.py
-rw-rw-rw-  1 vimartin zh 3226438 Nov 14 02:01 CMSSW.py.pkl
-rwxrw-rw-  1 vimartin zh   22384 Nov 14 04:59 CMSSW.sh
drwxr-xr-x 15 vimartin zh    4096 Nov 14 05:01 CMSSW_5_3_3_patch1
-rw-r--r--  1 vimartin zh    6464 Nov 14 04:59 CacheEnv.sh
-rw-rw-rw-  1 vimartin zh    7291 Jun  9  2010 DashboardAPI.py
-rw-r--r--  1 vimartin zh    6118 Nov 14 04:59 DashboardAPI.pyc
drwxrwxrwx  3 vimartin zh    4096 Oct 25 17:14 IMProv
-rw-rw-rw-  1 vimartin zh    2748 Mar  8  2006 Logger.py
-rw-r--r--  1 vimartin zh    3098 Nov 14 04:59 Logger.pyc
-rw-rw-rw-  1 vimartin zh   24524 Mar 28  2008 ProcInfo.py
-rw-r--r--  1 vimartin zh   22246 Nov 14 04:59 ProcInfo.pyc
drwxrwxrwx  7 vimartin zh    4096 Nov 14 04:59 ProdCommon
drwxrwxrwx  3 vimartin zh    4096 Nov 14 04:59 WMCore
-rw-r--r--  1 vimartin zh    1280 Nov 14 05:01 Watchdog_3.log
-rw-rw-rw-  1 vimartin zh   32895 Mar 28  2008 apmon.py
-rw-r--r--  1 vimartin zh   27395 Nov 14 04:59 apmon.pyc
-rw-rw-rw-  1 vimartin zh    2516 Nov 14 04:59 arguments.xml
-rwxrwxrwx  1 vimartin zh  146024 Jul 27 13:50 cmsRun
-rwxrwxrwx  1 vimartin zh   37427 Sep 13 13:14 cmscp.py
-rw-rw-rw-  1 vimartin zh     547 Nov 14 01:59 crab.cfg
-rwxrwxrwx  1 vimartin zh    9531 Sep 20 20:46 crabWatchdog.sh
-rw-r--r--  1 vimartin zh   12902 Nov 14 05:01 crab_fjr_3.xml
-rw-rw-rw-  1 vimartin zh 1408053 Nov 14 04:59 default.tgz
-rwxrwxrwx  1 vimartin zh    4488 May 12  2012 fillCrabFjr.py
-rw-r--r--  1 vimartin zh     386 Nov 14 04:59 inputsReport.txt
-rw-r--r--  1 vimartin zh     180 Nov 14 05:01 jobreport.txt
-rw-rw-rw-  1 vimartin zh   17352 Jan 20  2012 parseCrabFjr.py
-rw-r--r--  1 vimartin zh     284 Nov 14 04:59 report.log
-rwxrwxrwx  1 vimartin zh    1497 May 27  2009 report.py
-rwxrwxrwx  1 vimartin zh    8387 Mar 23  2011 writeCfg.py
Checking output files:  
will tar file BeamFit_Workflow_Data2012_53XRepFinal_3_1_D1f.txt in  out_files_3
will tar file crab_fjr_3.xml in  out_files_3
WARNING: output file CMSSW_3.stdout not found!
WARNING: output file CMSSW_3.stderr not found!
WARNING: output file Watchdog_3.log.gz not found!
>>> padding time: Wrapper lasting more than 0 seconds. No sleep required.
STOPPING WATCHDOG. CrabWatchdog PID is 4610
********** LAST 50 LINES OF WATCHDOG LOG
# RESOURCE USAGE SUMMARY FOR PROCESS ID  4095
USER       PID %CPU %MEM    VSZ   RSS TTY      STAT START   TIME COMMAND
vimartin  4095  0.7  0.0   9008  1428 ?        SN   04:59   0:00 /bin/sh ./CMSSW.sh 3 1
 
# LIMITS USED BY THIS WATCHDOG:
# RSS  (KBytes)  : 2300000
# VSZ  (KBytes)  : 100000000
# DISK (MBytes)  : 19000
# CPU  (seconds) : 171600
# WALL (seconds) : 171600
 
# FOLLOWING PRINTOUT TRACKS MAXIMUM VALUES OF RESOURCES USE
# ONE LINE IS PRINTED EACH TIME A MAXIMUM CHANGES
# IF CHANGE WAS IN RSS OR VSZ ALSO PROCID AND COMMAND ARE PRINTED
# THERE IS NO PRINTOUT FOR CPU/WALL TIME INCREASE
 
# TIME			PID	RSS(KB)	VSZ(KB)	Dsk(MB)	tCPU(s)	tWALL(s)	COMMAND
 Nov 14 04:59:08 CET	3818	2164	18288	0	0	21	/usr/lsf/etc/res -d /etc -m lxplus433 /pool/spool/1352854899.327862957    
 Nov 14 04:59:08 CET	3850	8760	63264	0	0	19	/usr/bin/perl         
 Nov 14 04:59:08 CET	4621	40236	106304	0	0	0	edmConfigHash pset.py        
 Nov 14 04:59:08 CET	---	40236	106304	18	----	----	----
 Nov 14 05:00:09 CET	5364	559180	812112	18	49	51	cmsRun -j /pool/lsf/vimartin/327862957/crab_fjr_3.xml -p pset.py     
 Nov 14 05:00:09 CET	---	559180	812112	21	----	----	----
 Nov 14 05:01:10 CET	5364	579156	816720	21	110	112	cmsRun -j /pool/lsf/vimartin/327862957/crab_fjr_3.xml -p pset.py     
********** WATCHDOG LOG ENDED
ZIPPING WATCHDOG LOG
Disk space used:
du -sh /pool/lsf/vimartin/327862957
21M	/pool/lsf/vimartin/327862957
>>> info for dashboard:
***** Cat /pool/lsf/vimartin/327862957/jobreport.txt *****
MonitorJobID=3_https://CAF:/327862957-vimartin-beamspot-Comm12b-53XRepFinal-special-p89mc4
MonitorID=vimartin_beamspot_Comm12b_53XRepFinal_special_p89mc4
ExeTime=127
ExeExitCode=0
CrabUserCpuTime=110.61
CrabSysCpuTime=13.97
CrabCpuPercentage=98%
CrabWrapperTime=144
CrabStageoutTime=NULL
***** End Cat jobreport *****
Parameters sent to Dashboard.
