@(#)CERN job starter $Date: 2010/06/23 14:22:16 $
Working directory is </pool/lsf/vimartin/327862954> on <lxbrg0208.cern.ch>

This script was generated by crab (version 2.8.3).
Running ./CMSSW.sh with 2 positional parameters: 2 1
Today is Wed Nov 14 04:58:57 CET 2012
Job submitted on host lxbrg0208.cern.ch
Linux lxbrg0208.cern.ch 2.6.18-308.4.1.el5 #1 SMP Wed Apr 18 16:26:27 CEST 2012 x86_64 x86_64 x86_64 GNU/Linux
>>> current directory (RUNTIME_AREA): /pool/lsf/vimartin/327862954
>>> current user: uid=3894(vimartin) gid=1399(zh) groups=1399(zh),1105404436 context=system_u:system_r:initrc_t
>>> voms proxy information:

Couldn't find a valid proxy.

>>> tar xzf /pool/lsf/vimartin/327862954/default.tgz :
Successful untar
chmod: cannot access `/tmp/x509up_u3894': No such file or directory
>>> Include /pool/lsf/vimartin/327862954 in PYTHONPATH:
PYTHONPATH=/pool/lsf/vimartin/327862954/:/afs/cern.ch/cms/ccs/wm/scripts/Crab/CRAB_2_8_3/external/py2-pysqlite/2.6/site-packages:/afs/cern.ch/cms/ccs/wm/scripts/Crab/CRAB_2_8_3/external/DBSAPI:/afs/cern.ch/cms/ccs/wm/scripts/Crab/CRAB_2_8_3/external/DLSAPI/lib::/afs/cern.ch/project/gd/LCG-share/3.2.11-1/glite/lib64//site-packages:/afs/cern.ch/project/gd/LCG-share/3.2.11-1/glite/lib64/python:/afs/cern.ch/project/gd/LCG-share/3.2.11-1/lcg/lib64//site-packages:/afs/cern.ch/project/gd/LCG-share/3.2.11-1/lcg/lib64/python:/afs/cern.ch/cms/ccs/wm/scripts/Crab/CRAB_2_8_3/external/py2-sqlalchemy/0.5.2-cmp7/lib/python2.6/site-packages/:/afs/cern.ch/cms/ccs/wm/scripts/Crab/CRAB_2_8_3/external/pbs_python/4.3.0/lib/python2.6/site-packages/pbs:/afs/cern.ch/cms/ccs/wm/scripts/Crab/CRAB_2_8_3/external/simplejson/2.0.9/lib/python2.4/site-packages:/afs/cern.ch/user/v/vimartin/CMSSW/CMSSW_5_3_3_patch1/python:/afs/cern.ch/user/v/vimartin/CMSSW/CMSSW_5_3_3_patch1/lib/slc5_amd64_gcc462:/afs/cern.ch/cms/slc5_amd64_gcc462/cms/cmssw-patch/CMSSW_5_3_3_patch1/python:/afs/cern.ch/cms/slc5_amd64_gcc462/cms/cmssw-patch/CMSSW_5_3_3_patch1/lib/slc5_amd64_gcc462:/afs/cern.ch/cms/slc5_amd64_gcc462/cms/cmssw/CMSSW_5_3_3/bin/slc5_amd64_gcc462:/afs/cern.ch/cms/slc5_amd64_gcc462/cms/cmssw/CMSSW_5_3_3/lib/slc5_amd64_gcc462:/afs/cern.ch/cms/slc5_amd64_gcc462/cms/coral/CORAL_2_3_21-cms4/slc5_amd64_gcc462/python:/afs/cern.ch/cms/slc5_amd64_gcc462/cms/coral/CORAL_2_3_21-cms4/slc5_amd64_gcc462/lib:/afs/cern.ch/cms/slc5_amd64_gcc462/external/pyqt/4.8.1/lib/python2.6/site-packages:/afs/cern.ch/cms/slc5_amd64_gcc462/external/py2-scipy/0.8.0/lib/python2.6/site-packages:/afs/cern.ch/cms/slc5_amd64_gcc462/external/py2-matplotlib/1.0.1/lib/python2.6/site-packages:/afs/cern.ch/cms/slc5_amd64_gcc462/external/python-ldap/2.3.5/lib/python2.6/site-packages:/afs/cern.ch/cms/slc5_amd64_gcc462/external/sip/4.11.2/lib/python2.6/site-packages:/afs/cern.ch/cms/slc5_amd64_gcc462/external/py2-pycurl/7.19.0/lib/python2.6/site-packages:/afs/cern.ch/cms/slc5_amd64_gcc462/external/py2-numpy/1.6.1/lib/python2.6/site-packages:/afs/cern.ch/cms/slc5_amd64_gcc462/external/py2-ipython/0.10/lib/python2.6/site-packages:/afs/cern.ch/cms/slc5_amd64_gcc462/external/py2-cx-oracle/5.1-cms3/lib/python2.6/site-packages:/afs/cern.ch/cms/slc5_amd64_gcc462/external/py2-cjson/1.0.5/lib/python2.6/site-packages:/afs/cern.ch/cms/slc5_amd64_gcc462/cms/das-client/1.4.1/bin:/afs/cern.ch/cms/slc5_amd64_gcc462/external/elementtree/1.2.6/share/lib/python2.6/site-packages:/afs/cern.ch/cms/slc5_amd64_gcc462/external/rivet/1.5.1-cms3/lib/python2.6/site-packages:/afs/cern.ch/cms/slc5_amd64_gcc462/external/pyminuit2/0.0.1-cms20/lib/python2.6/site-packages:/afs/cern.ch/cms/slc5_amd64_gcc462/external/professor/1.0.0-cms21/lib/python2.6/site-packages:/afs/cern.ch/cms/slc5_amd64_gcc462/lcg/root/5.32.00-cms14/lib:/afs/cern.ch/cms/slc5_amd64_gcc462/cms/dbs-client/DBS_2_1_1_patch1_1/lib:/afs/cern.ch/cms/slc5_amd64_gcc462/cms/dbs-client/DBS_2_1_1_patch1_1/lib/DBSAPI:/afs/cern.ch/cms/ccs/wm/scripts/Crab/CRAB_2_8_3/python:/afs/cern.ch/cms/ccs/wm/scripts/Crab/CRAB_2_8_3/external/DBSAPI:/afs/cern.ch/cms/ccs/wm/scripts/Crab/CRAB_2_8_3/external/DLSAPI/lib:/afs/cern.ch/cms/ccs/wm/scripts/Crab/CRAB_2_8_3/external:/afs/cern.ch/cms/ccs/wm/scripts/Crab/CRAB_2_8_3/external/crablib:/afs/cern.ch/cms/ccs/wm/scripts/Crab/CRAB_2_8_3/external:/afs/cern.ch/project/gd/LCG-share/3.2.11-1/external/opt/fpconst/lib/python2.4/site-packages:/afs/cern.ch/project/gd/LCG-share/3.2.11-1/external/opt/ZSI/lib/python2.4/site-packages:/afs/cern.ch/project/gd/LCG-share/3.2.11-1/glite/lib:/afs/cern.ch/cms/ccs/wm/scripts/Crab/CRAB_2_8_3/python
strip arguments
out_files_2
>>> list of expected files on output sandbox
output files: BeamFit_Workflow_Data2012_53XRepFinal_2_1_HvG.txt crab_fjr_2.xml CMSSW_2.stdout CMSSW_2.stderr Watchdog_2.log.gz
MonitorJobID=2_https://CAF:/327862954-vimartin-beamspot-Comm12b-53XRepFinal-special-p89mc4
SyncGridJobId=https://CAF:/327862954-vimartin-beamspot-Comm12b-53XRepFinal-special-p89mc4
MonitorID=vimartin_beamspot_Comm12b_53XRepFinal_special_p89mc4
SyncCE=caf.cern.ch
>>> info for dashboard:
***** Cat /pool/lsf/vimartin/327862954/jobreport.txt *****
MonitorJobID=2_https://CAF:/327862954-vimartin-beamspot-Comm12b-53XRepFinal-special-p89mc4
SyncGridJobId=https://CAF:/327862954-vimartin-beamspot-Comm12b-53XRepFinal-special-p89mc4
MonitorID=vimartin_beamspot_Comm12b_53XRepFinal_special_p89mc4
SyncCE=caf.cern.ch
***** End Cat jobreport *****
Parameters sent to Dashboard.
----- ENV CAF BEFORE sourcing /afs/cern.ch/cms/caf/setup.sh  -----
CMS_PATH = /afs/cern.ch/cms
STAGE_SVCCLASS = 
STAGER_TRACE = 
----- ENV CAF AFTER sourcing /afs/cern.ch/cms/caf/setup.sh  -----
CMS_PATH = /afs/cern.ch/cms
STAGE_SVCCLASS = 
STAGER_TRACE = 
>>> setup environment
set SCRAM ARCH to slc5_amd64_gcc462
SCRAM_ARCH = slc5_amd64_gcc462
>>> setup CMS LCG environment:
set SCRAM ARCH and BUILD_ARCH to slc5_amd64_gcc462 ###
Sourcing environment... 
sourcing /afs/cern.ch/project/gd/apps/cms/cmsset_default.sh
==> setup cms environment ok
>>> specific cmssw setup environment:
CMSSW_VERSION =  CMSSW_5_3_3_patch1
>>> current directory (SOFTWARE_DIR): /pool/lsf/vimartin/327862954/CMSSW_5_3_3_patch1
PreserveSeeds: <>
IncrementSeeds:<>
{}
WNHostName=lxbrg0208.cern.ch
>>> info for dashboard:
***** Cat /pool/lsf/vimartin/327862954/jobreport.txt *****
MonitorJobID=2_https://CAF:/327862954-vimartin-beamspot-Comm12b-53XRepFinal-special-p89mc4
MonitorID=vimartin_beamspot_Comm12b_53XRepFinal_special_p89mc4
WNHostName=lxbrg0208.cern.ch
***** End Cat jobreport *****
Parameters sent to Dashboard.
crabWatchdog started as process 8276
>>> moving CMSSW software directories in /pool/lsf/vimartin/327862954/CMSSW_5_3_3_patch1
mv: cannot stat `/pool/lsf/vimartin/327862954/module/': No such file or directory
>>> Include /pool/lsf/vimartin/327862954 in PYTHONPATH:
PYTHONPATH=/pool/lsf/vimartin/327862954/:/pool/lsf/vimartin/327862954/CMSSW_5_3_3_patch1/python:/pool/lsf/vimartin/327862954/CMSSW_5_3_3_patch1/lib/slc5_amd64_gcc462:/afs/cern.ch/cms/slc5_amd64_gcc462/cms/cmssw-patch/CMSSW_5_3_3_patch1/python:/afs/cern.ch/cms/slc5_amd64_gcc462/cms/cmssw-patch/CMSSW_5_3_3_patch1/lib/slc5_amd64_gcc462:/afs/cern.ch/cms/slc5_amd64_gcc462/cms/cmssw/CMSSW_5_3_3/bin/slc5_amd64_gcc462:/afs/cern.ch/cms/slc5_amd64_gcc462/cms/cmssw/CMSSW_5_3_3/lib/slc5_amd64_gcc462:/afs/cern.ch/cms/slc5_amd64_gcc462/cms/coral/CORAL_2_3_21-cms4/slc5_amd64_gcc462/python:/afs/cern.ch/cms/slc5_amd64_gcc462/cms/coral/CORAL_2_3_21-cms4/slc5_amd64_gcc462/lib:/afs/cern.ch/cms/slc5_amd64_gcc462/external/pyqt/4.8.1/lib/python2.6/site-packages:/afs/cern.ch/cms/slc5_amd64_gcc462/external/py2-scipy/0.8.0/lib/python2.6/site-packages:/afs/cern.ch/cms/slc5_amd64_gcc462/external/py2-matplotlib/1.0.1/lib/python2.6/site-packages:/afs/cern.ch/cms/slc5_amd64_gcc462/external/python-ldap/2.3.5/lib/python2.6/site-packages:/afs/cern.ch/cms/slc5_amd64_gcc462/external/sip/4.11.2/lib/python2.6/site-packages:/afs/cern.ch/cms/slc5_amd64_gcc462/external/py2-pycurl/7.19.0/lib/python2.6/site-packages:/afs/cern.ch/cms/slc5_amd64_gcc462/external/py2-numpy/1.6.1/lib/python2.6/site-packages:/afs/cern.ch/cms/slc5_amd64_gcc462/external/py2-ipython/0.10/lib/python2.6/site-packages:/afs/cern.ch/cms/slc5_amd64_gcc462/external/py2-cx-oracle/5.1-cms3/lib/python2.6/site-packages:/afs/cern.ch/cms/slc5_amd64_gcc462/external/py2-cjson/1.0.5/lib/python2.6/site-packages:/afs/cern.ch/cms/slc5_amd64_gcc462/cms/das-client/1.4.1/bin:/afs/cern.ch/cms/slc5_amd64_gcc462/external/elementtree/1.2.6/share/lib/python2.6/site-packages:/afs/cern.ch/cms/slc5_amd64_gcc462/external/rivet/1.5.1-cms3/lib/python2.6/site-packages:/afs/cern.ch/cms/slc5_amd64_gcc462/external/pyminuit2/0.0.1-cms20/lib/python2.6/site-packages:/afs/cern.ch/cms/slc5_amd64_gcc462/external/professor/1.0.0-cms21/lib/python2.6/site-packages:/afs/cern.ch/cms/slc5_amd64_gcc462/lcg/root/5.32.00-cms14/lib:/afs/cern.ch/cms/slc5_amd64_gcc462/cms/dbs-client/DBS_2_1_1_patch1_1/lib:/afs/cern.ch/cms/slc5_amd64_gcc462/cms/dbs-client/DBS_2_1_1_patch1_1/lib/DBSAPI:/pool/lsf/vimartin/327862954/:/afs/cern.ch/cms/ccs/wm/scripts/Crab/CRAB_2_8_3/external/py2-pysqlite/2.6/site-packages:/afs/cern.ch/cms/ccs/wm/scripts/Crab/CRAB_2_8_3/external/DBSAPI:/afs/cern.ch/cms/ccs/wm/scripts/Crab/CRAB_2_8_3/external/DLSAPI/lib:/afs/cern.ch/project/gd/LCG-share/3.2.11-1/glite/lib64//site-packages:/afs/cern.ch/project/gd/LCG-share/3.2.11-1/glite/lib64/python:/afs/cern.ch/project/gd/LCG-share/3.2.11-1/lcg/lib64//site-packages:/afs/cern.ch/project/gd/LCG-share/3.2.11-1/lcg/lib64/python:/afs/cern.ch/cms/ccs/wm/scripts/Crab/CRAB_2_8_3/external/py2-sqlalchemy/0.5.2-cmp7/lib/python2.6/site-packages/:/afs/cern.ch/cms/ccs/wm/scripts/Crab/CRAB_2_8_3/external/pbs_python/4.3.0/lib/python2.6/site-packages/pbs:/afs/cern.ch/cms/ccs/wm/scripts/Crab/CRAB_2_8_3/external/simplejson/2.0.9/lib/python2.4/site-packages:/afs/cern.ch/cms/ccs/wm/scripts/Crab/CRAB_2_8_3/python:/afs/cern.ch/cms/ccs/wm/scripts/Crab/CRAB_2_8_3/external/DBSAPI:/afs/cern.ch/cms/ccs/wm/scripts/Crab/CRAB_2_8_3/external/DLSAPI/lib:/afs/cern.ch/cms/ccs/wm/scripts/Crab/CRAB_2_8_3/external:/afs/cern.ch/cms/ccs/wm/scripts/Crab/CRAB_2_8_3/external/crablib:/afs/cern.ch/cms/ccs/wm/scripts/Crab/CRAB_2_8_3/external:/afs/cern.ch/project/gd/LCG-share/3.2.11-1/external/opt/fpconst/lib/python2.4/site-packages:/afs/cern.ch/project/gd/LCG-share/3.2.11-1/external/opt/ZSI/lib/python2.4/site-packages:/afs/cern.ch/project/gd/LCG-share/3.2.11-1/glite/lib:/afs/cern.ch/cms/ccs/wm/scripts/Crab/CRAB_2_8_3/python
fefc71e17f1fc905c56db43aeb33b072
PSETHASH = fefc71e17f1fc905c56db43aeb33b072
/pool/lsf/vimartin/327862954/writeCfg.py pset.py pset.py
Importing .py file
Setting parameters
inputBlocks=/StreamExpress/Run2012B-TkAlMinBias-v1/ALCARECO#c8ce09c0-b079-11e1-9877-003048caaace
inputFiles=/store/express/Run2012B/StreamExpress/ALCARECO/TkAlMinBias-v1/000/195/660/B0EC6125-7AB0-E111-A2A1-001D09F24FEC.root
parentFiles=
lumisRange=195660:62-195660:122
>>> Executable cmsRun
/afs/cern.ch/cms/slc5_amd64_gcc462/cms/cmssw/CMSSW_5_3_3/bin/slc5_amd64_gcc462/cmsRun
ok executable found
>>> info for dashboard:
***** Cat /pool/lsf/vimartin/327862954/jobreport.txt *****
MonitorJobID=2_https://CAF:/327862954-vimartin-beamspot-Comm12b-53XRepFinal-special-p89mc4
MonitorID=vimartin_beamspot_Comm12b_53XRepFinal_special_p89mc4
ExeStart=cmsRun
***** End Cat jobreport *****
Parameters sent to Dashboard.
>>> cmsRun started at Wed Nov 14 03:59:12 UTC 2012
>>> cmsRun ended at Wed Nov 14 04:04:58 UTC 2012
>>> info for dashboard:
***** Cat /pool/lsf/vimartin/327862954/jobreport.txt *****
MonitorJobID=2_https://CAF:/327862954-vimartin-beamspot-Comm12b-53XRepFinal-special-p89mc4
MonitorID=vimartin_beamspot_Comm12b_53XRepFinal_special_p89mc4
ExeEnd=cmsRun
***** End Cat jobreport *****
Parameters sent to Dashboard.
TIME_EXE = 346 sec
>>> cmsRun wrote 1949 lines of stdout+stderr
>>> START OF printout of 1949 lines from stdout+stderr
14-Nov-2012 04:59:28 CET  Initiating request to open file root://eoscms//eos/cms/store/express/Run2012B/StreamExpress/ALCARECO/TkAlMinBias-v1/000/195/660/B0EC6125-7AB0-E111-A2A1-001D09F24FEC.root
121114 04:59:28 8576 Xrd: GoToAnotherServer: Going to: lxfsrg21a02.cern.ch:1095
14-Nov-2012 04:59:29 CET  Successfully opened file root://eoscms//eos/cms/store/express/Run2012B/StreamExpress/ALCARECO/TkAlMinBias-v1/000/195/660/B0EC6125-7AB0-E111-A2A1-001D09F24FEC.root
Begin processing the 1st record. Run 195660, Event 6743374, LumiSection 62 at 14-Nov-2012 04:59:30.416 CET
for lumis 62 - -1
number of selected tracks = 2420
number of selected PVs = 200

 RESULTS OF DEFAULT FIT 
 for runs: 195660 - 195660
 for lumi blocks : 62 - 62
 lumi counter # 1
-----------------------------------------------------
              Beam Spot Data

 Beam type    = 2
       X0     = 0.0727785 +/- 0.000247879 [cm]
       Y0     = 0.0629915 +/- 0.000236074 [cm]
       Z0     = -0.863367 +/- 0.361516 [cm]
 Sigma Z0     = 5.11273 +/- 0.25561 [cm]
 dxdz         = 9.50163e-05 +/- 4.64779e-05 [radians]
 dydz         = 5.41346e-05 +/- 4.28195e-05 [radians]
 Beam width X = 0.00149719 +/- 0.000336214 [cm]
 Beam width Y = 0.0019217 +/- 0.000336214 [cm]
 EmittanceX   = 0 [cm]
 EmittanceY   = 0 [cm]
 beta-star    = 0 [cm]
-----------------------------------------------------


[BeamFitter] fit done. 

Total number of tracks accumulated = 2420
Reset track collection for beam fit
for lumis 63 - 62
number of selected tracks = 2828
number of selected PVs = 215

 RESULTS OF DEFAULT FIT 
 for runs: 195660 - 195660
 for lumi blocks : 63 - 63
 lumi counter # 1
-----------------------------------------------------
              Beam Spot Data

 Beam type    = 2
       X0     = 0.0727323 +/- 0.000216275 [cm]
       Y0     = 0.0621123 +/- 0.000221163 [cm]
       Z0     = -0.833773 +/- 0.356677 [cm]
 Sigma Z0     = 5.23002 +/- 0.252213 [cm]
 dxdz         = 0.000192977 +/- 3.93352e-05 [radians]
 dydz         = 5.39994e-05 +/- 4.02125e-05 [radians]
 Beam width X = 0.00183842 +/- 0.0002654 [cm]
 Beam width Y = 0.00145144 +/- 0.0002654 [cm]
 EmittanceX   = 0 [cm]
 EmittanceY   = 0 [cm]
 beta-star    = 0 [cm]
-----------------------------------------------------


[BeamFitter] fit done. 

Total number of tracks accumulated = 2828
Reset track collection for beam fit
for lumis 64 - 63
number of selected tracks = 2668
number of selected PVs = 193

 RESULTS OF DEFAULT FIT 
 for runs: 195660 - 195660
 for lumi blocks : 64 - 64
 lumi counter # 1
-----------------------------------------------------
              Beam Spot Data

 Beam type    = 2
       X0     = 0.0718482 +/- 0.000231862 [cm]
       Y0     = 0.0624867 +/- 0.000232655 [cm]
       Z0     = -0.654419 +/- 0.391345 [cm]
 Sigma Z0     = 5.43688 +/- 0.276698 [cm]
 dxdz         = 0.000132145 +/- 4.27618e-05 [radians]
 dydz         = -0.000117686 +/- 4.34212e-05 [radians]
 Beam width X = 0.00199243 +/- 0.000295987 [cm]
 Beam width Y = 0.0014305 +/- 0.000295987 [cm]
 EmittanceX   = 0 [cm]
 EmittanceY   = 0 [cm]
 beta-star    = 0 [cm]
-----------------------------------------------------


[BeamFitter] fit done. 

Total number of tracks accumulated = 2668
Reset track collection for beam fit
for lumis 65 - 64
number of selected tracks = 2649
number of selected PVs = 203

 RESULTS OF DEFAULT FIT 
 for runs: 195660 - 195660
 for lumi blocks : 65 - 65
 lumi counter # 1
-----------------------------------------------------
              Beam Spot Data

 Beam type    = 2
       X0     = 0.0727136 +/- 0.000229433 [cm]
       Y0     = 0.0626887 +/- 0.000231687 [cm]
       Z0     = -0.681472 +/- 0.370329 [cm]
 Sigma Z0     = 5.2765 +/- 0.261838 [cm]
 dxdz         = 9.34865e-05 +/- 4.44982e-05 [radians]
 dydz         = -0.000105694 +/- 4.36089e-05 [radians]
 Beam width X = 0.00168815 +/- 0.000323692 [cm]
 Beam width Y = 0.00160339 +/- 0.000323692 [cm]
 EmittanceX   = 0 [cm]
 EmittanceY   = 0 [cm]
 beta-star    = 0 [cm]
-----------------------------------------------------


[BeamFitter] fit done. 

Total number of tracks accumulated = 2649
Reset track collection for beam fit
for lumis 66 - 65
number of selected tracks = 3110
number of selected PVs = 225

 RESULTS OF DEFAULT FIT 
 for runs: 195660 - 195660
 for lumi blocks : 66 - 66
 lumi counter # 1
-----------------------------------------------------
              Beam Spot Data

 Beam type    = 2
       X0     = 0.072602 +/- 0.000209236 [cm]
       Y0     = 0.0632924 +/- 0.00021016 [cm]
       Z0     = -0.88815 +/- 0.34152 [cm]
 Sigma Z0     = 5.1229 +/- 0.241477 [cm]
 dxdz         = 0.000107076 +/- 4.03493e-05 [radians]
 dydz         = 2.08886e-05 +/- 4.06234e-05 [radians]
 Beam width X = 0.00172991 +/- 0.000278342 [cm]
 Beam width Y = 0.00124298 +/- 0.000278342 [cm]
 EmittanceX   = 0 [cm]
 EmittanceY   = 0 [cm]
 beta-star    = 0 [cm]
-----------------------------------------------------


[BeamFitter] fit done. 

Total number of tracks accumulated = 3110
Reset track collection for beam fit
for lumis 67 - 66
number of selected tracks = 1229
number of selected PVs = 86

 RESULTS OF DEFAULT FIT 
 for runs: 195660 - 195660
 for lumi blocks : 67 - 67
 lumi counter # 1
-----------------------------------------------------
              Beam Spot Data

 Beam type    = 2
       X0     = 0.073415 +/- 0.000370002 [cm]
       Y0     = 0.0631324 +/- 0.000364807 [cm]
       Z0     = -2.10231 +/- 0.670664 [cm]
 Sigma Z0     = 6.21999 +/- 0.474139 [cm]
 dxdz         = 1.45074e-05 +/- 5.62782e-05 [radians]
 dydz         = -0.000123385 +/- 5.94584e-05 [radians]
 Beam width X = 0.00196458 +/- 0.000437178 [cm]
 Beam width Y = 0.00165992 +/- 0.000437178 [cm]
 EmittanceX   = 0 [cm]
 EmittanceY   = 0 [cm]
 beta-star    = 0 [cm]
-----------------------------------------------------


[BeamFitter] fit done. 

Total number of tracks accumulated = 1229
Reset track collection for beam fit
for lumis 68 - 67
number of selected tracks = 486
number of selected PVs = 38

 RESULTS OF DEFAULT FIT 
 for runs: 195660 - 195660
 for lumi blocks : 68 - 68
 lumi counter # 1
-----------------------------------------------------
              Beam Spot Data

 Beam type    = 2
       X0     = 0.0716067 +/- 0.000864739 [cm]
       Y0     = 0.0613647 +/- 0.0009368 [cm]
       Z0     = -6.38464 +/- 0.814962 [cm]
 Sigma Z0     = 5.02439 +/- 0.576096 [cm]
 dxdz         = 0.000432141 +/- 0.000109912 [radians]
 dydz         = -0.000160873 +/- 0.000115066 [radians]
 Beam width X = 0.00132993 +/- 0.000658978 [cm]
 Beam width Y = 0.00240166 +/- 0.000658978 [cm]
 EmittanceX   = 0 [cm]
 EmittanceY   = 0 [cm]
 beta-star    = 0 [cm]
-----------------------------------------------------


[BeamFitter] fit done. 

Total number of tracks accumulated = 486
Reset track collection for beam fit
for lumis 69 - 68
number of selected tracks = 640
number of selected PVs = 45

 RESULTS OF DEFAULT FIT 
 for runs: 195660 - 195660
 for lumi blocks : 69 - 69
 lumi counter # 1
-----------------------------------------------------
              Beam Spot Data

 Beam type    = 2
       X0     = 0.0729763 +/- 0.000678836 [cm]
       Y0     = 0.0634549 +/- 0.00074797 [cm]
       Z0     = -6.01915 +/- 0.773305 [cm]
 Sigma Z0     = 4.76749 +/- 0.550152 [cm]
 dxdz         = -4.07704e-05 +/- 9.6364e-05 [radians]
 dydz         = -9.02338e-05 +/- 9.92016e-05 [radians]
 Beam width X = 0.00096926 +/- 0.000827566 [cm]
 Beam width Y = 0.0001 +/- 0.000827566 [cm]
 EmittanceX   = 0 [cm]
 EmittanceY   = 0 [cm]
 beta-star    = 0 [cm]
-----------------------------------------------------


[BeamFitter] fit done. 

Total number of tracks accumulated = 640
Reset track collection for beam fit
for lumis 70 - 69
number of selected tracks = 784
number of selected PVs = 60

 RESULTS OF DEFAULT FIT 
 for runs: 195660 - 195660
 for lumi blocks : 70 - 70
 lumi counter # 1
-----------------------------------------------------
              Beam Spot Data

 Beam type    = 2
       X0     = 0.073758 +/- 0.000573785 [cm]
       Y0     = 0.0623399 +/- 0.000627929 [cm]
       Z0     = -5.91183 +/- 0.703541 [cm]
 Sigma Z0     = 5.45005 +/- 0.497372 [cm]
 dxdz         = 0.00029158 +/- 8.04479e-05 [radians]
 dydz         = -0.000240672 +/- 8.86355e-05 [radians]
 Beam width X = 0.00149604 +/- 0.000580795 [cm]
 Beam width Y = 0.00222324 +/- 0.000580795 [cm]
 EmittanceX   = 0 [cm]
 EmittanceY   = 0 [cm]
 beta-star    = 0 [cm]
-----------------------------------------------------


[BeamFitter] fit done. 

Total number of tracks accumulated = 784
Reset track collection for beam fit
for lumis 71 - 70
number of selected tracks = 770
number of selected PVs = 51

 RESULTS OF DEFAULT FIT 
 for runs: 195660 - 195660
 for lumi blocks : 71 - 71
 lumi counter # 1
-----------------------------------------------------
              Beam Spot Data

 Beam type    = 2
       X0     = 0.0722029 +/- 0.000605536 [cm]
       Y0     = 0.0636351 +/- 0.000638652 [cm]
       Z0     = -6.99555 +/- 0.6266 [cm]
 Sigma Z0     = 4.47515 +/- 0.442944 [cm]
 dxdz         = 1.63818e-06 +/- 7.67009e-05 [radians]
 dydz         = 1.40284e-05 +/- 7.67949e-05 [radians]
 Beam width X = 0.00170442 +/- 0.000612758 [cm]
 Beam width Y = 0.000560259 +/- 0.000612758 [cm]
 EmittanceX   = 0 [cm]
 EmittanceY   = 0 [cm]
 beta-star    = 0 [cm]
-----------------------------------------------------


[BeamFitter] fit done. 

Total number of tracks accumulated = 770
Reset track collection for beam fit
for lumis 72 - 71
number of selected tracks = 773
number of selected PVs = 53

 RESULTS OF DEFAULT FIT 
 for runs: 195660 - 195660
 for lumi blocks : 72 - 72
 lumi counter # 1
-----------------------------------------------------
              Beam Spot Data

 Beam type    = 2
       X0     = 0.0719448 +/- 0.000588163 [cm]
       Y0     = 0.063755 +/- 0.000680644 [cm]
       Z0     = -4.27762 +/- 0.587926 [cm]
 Sigma Z0     = 4.28043 +/- 0.415616 [cm]
 dxdz         = -3.4188e-05 +/- 9.68435e-05 [radians]
 dydz         = -0.00013572 +/- 0.000102332 [radians]
 Beam width X = 0.00141567 +/- 0.000529248 [cm]
 Beam width Y = 0.00110154 +/- 0.000529248 [cm]
 EmittanceX   = 0 [cm]
 EmittanceY   = 0 [cm]
 beta-star    = 0 [cm]
-----------------------------------------------------


[BeamFitter] fit done. 

Total number of tracks accumulated = 773
Reset track collection for beam fit
for lumis 73 - 72
number of selected tracks = 1017
number of selected PVs = 79

 RESULTS OF DEFAULT FIT 
 for runs: 195660 - 195660
 for lumi blocks : 73 - 73
 lumi counter # 1
-----------------------------------------------------
              Beam Spot Data

 Beam type    = 2
       X0     = 0.0731056 +/- 0.000511978 [cm]
       Y0     = 0.0645248 +/- 0.000490279 [cm]
       Z0     = -3.81045 +/- 0.517583 [cm]
 Sigma Z0     = 4.6006 +/- 0.36592 [cm]
 dxdz         = 0.000351164 +/- 7.99785e-05 [radians]
 dydz         = -1.49244e-05 +/- 7.7074e-05 [radians]
 Beam width X = 0.00236226 +/- 0.000428391 [cm]
 Beam width Y = 0.0020406 +/- 0.000428391 [cm]
 EmittanceX   = 0 [cm]
 EmittanceY   = 0 [cm]
 beta-star    = 0 [cm]
-----------------------------------------------------


[BeamFitter] fit done. 

Total number of tracks accumulated = 1017
Reset track collection for beam fit
for lumis 74 - 73
number of selected tracks = 1384
number of selected PVs = 104

 RESULTS OF DEFAULT FIT 
 for runs: 195660 - 195660
 for lumi blocks : 74 - 74
 lumi counter # 1
-----------------------------------------------------
              Beam Spot Data

 Beam type    = 2
       X0     = 0.0715993 +/- 0.000422556 [cm]
       Y0     = 0.0628295 +/- 0.000452299 [cm]
       Z0     = -3.99862 +/- 0.494783 [cm]
 Sigma Z0     = 5.04604 +/- 0.349811 [cm]
 dxdz         = 2.70412e-05 +/- 6.68041e-05 [radians]
 dydz         = -8.74341e-05 +/- 7.17263e-05 [radians]
 Beam width X = 0.0029003 +/- 0.000410454 [cm]
 Beam width Y = 0.00144455 +/- 0.000410454 [cm]
 EmittanceX   = 0 [cm]
 EmittanceY   = 0 [cm]
 beta-star    = 0 [cm]
-----------------------------------------------------


[BeamFitter] fit done. 

Total number of tracks accumulated = 1384
Reset track collection for beam fit
for lumis 75 - 74
number of selected tracks = 1253
number of selected PVs = 94

 RESULTS OF DEFAULT FIT 
 for runs: 195660 - 195660
 for lumi blocks : 75 - 75
 lumi counter # 1
-----------------------------------------------------
              Beam Spot Data

 Beam type    = 2
       X0     = 0.0727378 +/- 0.000469668 [cm]
       Y0     = 0.0632997 +/- 0.00046085 [cm]
       Z0     = -4.27686 +/- 0.508786 [cm]
 Sigma Z0     = 4.93306 +/- 0.35982 [cm]
 dxdz         = 0.000406842 +/- 6.46485e-05 [radians]
 dydz         = 6.29028e-05 +/- 6.69194e-05 [radians]
 Beam width X = 0.00196065 +/- 0.00043474 [cm]
 Beam width Y = 0.0021672 +/- 0.00043474 [cm]
 EmittanceX   = 0 [cm]
 EmittanceY   = 0 [cm]
 beta-star    = 0 [cm]
-----------------------------------------------------


[BeamFitter] fit done. 

Total number of tracks accumulated = 1253
Reset track collection for beam fit
for lumis 76 - 75
number of selected tracks = 1361
number of selected PVs = 97

 RESULTS OF DEFAULT FIT 
 for runs: 195660 - 195660
 for lumi blocks : 76 - 76
 lumi counter # 1
-----------------------------------------------------
              Beam Spot Data

 Beam type    = 2
       X0     = 0.0721606 +/- 0.000355103 [cm]
       Y0     = 0.0623508 +/- 0.000379299 [cm]
       Z0     = -2.66352 +/- 0.467094 [cm]
 Sigma Z0     = 4.60052 +/- 0.330238 [cm]
 dxdz         = 8.79129e-05 +/- 5.6636e-05 [radians]
 dydz         = -0.000127461 +/- 6.54944e-05 [radians]
 Beam width X = 0.0023177 +/- 0.000436469 [cm]
 Beam width Y = 0.00154202 +/- 0.000436469 [cm]
 EmittanceX   = 0 [cm]
 EmittanceY   = 0 [cm]
 beta-star    = 0 [cm]
-----------------------------------------------------


[BeamFitter] fit done. 

Total number of tracks accumulated = 1361
Reset track collection for beam fit
for lumis 77 - 76
number of selected tracks = 1629
number of selected PVs = 116

 RESULTS OF DEFAULT FIT 
 for runs: 195660 - 195660
 for lumi blocks : 77 - 77
 lumi counter # 1
-----------------------------------------------------
              Beam Spot Data

 Beam type    = 2
       X0     = 0.0727493 +/- 0.00033943 [cm]
       Y0     = 0.0637025 +/- 0.000340945 [cm]
       Z0     = -3.20568 +/- 0.454531 [cm]
 Sigma Z0     = 4.89564 +/- 0.321373 [cm]
 dxdz         = 3.35057e-05 +/- 5.4993e-05 [radians]
 dydz         = -8.03257e-05 +/- 5.77424e-05 [radians]
 Beam width X = 0.0016732 +/- 0.000379284 [cm]
 Beam width Y = 0.00159331 +/- 0.000379284 [cm]
 EmittanceX   = 0 [cm]
 EmittanceY   = 0 [cm]
 beta-star    = 0 [cm]
-----------------------------------------------------


[BeamFitter] fit done. 

Total number of tracks accumulated = 1629
Reset track collection for beam fit
for lumis 78 - 77
number of selected tracks = 2056
number of selected PVs = 155

 RESULTS OF DEFAULT FIT 
 for runs: 195660 - 195660
 for lumi blocks : 78 - 78
 lumi counter # 1
-----------------------------------------------------
              Beam Spot Data

 Beam type    = 2
       X0     = 0.0717265 +/- 0.00031488 [cm]
       Y0     = 0.0636906 +/- 0.000324324 [cm]
       Z0     = -3.588 +/- 0.391951 [cm]
 Sigma Z0     = 4.87989 +/- 0.277124 [cm]
 dxdz         = -3.71446e-05 +/- 5.11524e-05 [radians]
 dydz         = -0.00011455 +/- 5.39473e-05 [radians]
 Beam width X = 0.00166947 +/- 0.00032591 [cm]
 Beam width Y = 0.00158137 +/- 0.00032591 [cm]
 EmittanceX   = 0 [cm]
 EmittanceY   = 0 [cm]
 beta-star    = 0 [cm]
-----------------------------------------------------


[BeamFitter] fit done. 

Total number of tracks accumulated = 2056
Reset track collection for beam fit
for lumis 79 - 78
number of selected tracks = 2159
number of selected PVs = 158

 RESULTS OF DEFAULT FIT 
 for runs: 195660 - 195660
 for lumi blocks : 79 - 79
 lumi counter # 1
-----------------------------------------------------
              Beam Spot Data

 Beam type    = 2
       X0     = 0.0727173 +/- 0.000282938 [cm]
       Y0     = 0.0629909 +/- 0.000286112 [cm]
       Z0     = -2.29016 +/- 0.427589 [cm]
 Sigma Z0     = 5.37489 +/- 0.302319 [cm]
 dxdz         = 0.00013203 +/- 4.6363e-05 [radians]
 dydz         = 5.66836e-05 +/- 4.54454e-05 [radians]
 Beam width X = 0.00169844 +/- 0.000368937 [cm]
 Beam width Y = 0.002136 +/- 0.000368937 [cm]
 EmittanceX   = 0 [cm]
 EmittanceY   = 0 [cm]
 beta-star    = 0 [cm]
-----------------------------------------------------


[BeamFitter] fit done. 

Total number of tracks accumulated = 2159
Reset track collection for beam fit
for lumis 80 - 79
number of selected tracks = 2202
number of selected PVs = 155

 RESULTS OF DEFAULT FIT 
 for runs: 195660 - 195660
 for lumi blocks : 80 - 80
 lumi counter # 1
-----------------------------------------------------
              Beam Spot Data

 Beam type    = 2
       X0     = 0.0728809 +/- 0.000268843 [cm]
       Y0     = 0.0631938 +/- 0.000244709 [cm]
       Z0     = -1.87896 +/- 0.431153 [cm]
 Sigma Z0     = 5.36798 +/- 0.304825 [cm]
 dxdz         = 5.8945e-06 +/- 4.57666e-05 [radians]
 dydz         = -5.22538e-05 +/- 4.4181e-05 [radians]
 Beam width X = 0.00189482 +/- 0.000293863 [cm]
 Beam width Y = 0.00122044 +/- 0.000293863 [cm]
 EmittanceX   = 0 [cm]
 EmittanceY   = 0 [cm]
 beta-star    = 0 [cm]
-----------------------------------------------------


[BeamFitter] fit done. 

Total number of tracks accumulated = 2202
Reset track collection for beam fit
for lumis 81 - 80
number of selected tracks = 2578
number of selected PVs = 198

 RESULTS OF DEFAULT FIT 
 for runs: 195660 - 195660
 for lumi blocks : 81 - 81
 lumi counter # 1
-----------------------------------------------------
              Beam Spot Data

 Beam type    = 2
       X0     = 0.0725481 +/- 0.000270225 [cm]
       Y0     = 0.0625889 +/- 0.000256953 [cm]
       Z0     = -2.37564 +/- 0.355106 [cm]
 Sigma Z0     = 4.9969 +/- 0.251078 [cm]
 dxdz         = 0.000141729 +/- 4.88439e-05 [radians]
 dydz         = -2.62529e-05 +/- 4.50789e-05 [radians]
 Beam width X = 0.00159028 +/- 0.000332939 [cm]
 Beam width Y = 0.00194668 +/- 0.000332939 [cm]
 EmittanceX   = 0 [cm]
 EmittanceY   = 0 [cm]
 beta-star    = 0 [cm]
-----------------------------------------------------


[BeamFitter] fit done. 

Total number of tracks accumulated = 2578
Reset track collection for beam fit
for lumis 82 - 81
number of selected tracks = 2380
number of selected PVs = 176

 RESULTS OF DEFAULT FIT 
 for runs: 195660 - 195660
 for lumi blocks : 82 - 82
 lumi counter # 1
-----------------------------------------------------
              Beam Spot Data

 Beam type    = 2
       X0     = 0.0731827 +/- 0.000269878 [cm]
       Y0     = 0.0630619 +/- 0.00027391 [cm]
       Z0     = -1.83435 +/- 0.403403 [cm]
 Sigma Z0     = 5.35189 +/- 0.285227 [cm]
 dxdz         = 9.77145e-05 +/- 4.74551e-05 [radians]
 dydz         = -9.24524e-05 +/- 4.68196e-05 [radians]
 Beam width X = 0.00279226 +/- 0.000323987 [cm]
 Beam width Y = 0.00186333 +/- 0.000323987 [cm]
 EmittanceX   = 0 [cm]
 EmittanceY   = 0 [cm]
 beta-star    = 0 [cm]
-----------------------------------------------------


[BeamFitter] fit done. 

Total number of tracks accumulated = 2380
Reset track collection for beam fit
for lumis 83 - 82
number of selected tracks = 2585
number of selected PVs = 183

 RESULTS OF DEFAULT FIT 
 for runs: 195660 - 195660
 for lumi blocks : 83 - 83
 lumi counter # 1
-----------------------------------------------------
              Beam Spot Data

 Beam type    = 2
       X0     = 0.0716124 +/- 0.000239518 [cm]
       Y0     = 0.0621179 +/- 0.000240064 [cm]
       Z0     = -1.40702 +/- 0.375266 [cm]
 Sigma Z0     = 5.07663 +/- 0.265336 [cm]
 dxdz         = 0.000228826 +/- 4.27725e-05 [radians]
 dydz         = -1.28465e-05 +/- 4.34694e-05 [radians]
 Beam width X = 0.00118387 +/- 0.000327897 [cm]
 Beam width Y = 0.00182093 +/- 0.000327897 [cm]
 EmittanceX   = 0 [cm]
 EmittanceY   = 0 [cm]
 beta-star    = 0 [cm]
-----------------------------------------------------


[BeamFitter] fit done. 

Total number of tracks accumulated = 2585
Reset track collection for beam fit
for lumis 84 - 83
number of selected tracks = 2673
number of selected PVs = 197

 RESULTS OF DEFAULT FIT 
 for runs: 195660 - 195660
 for lumi blocks : 84 - 84
 lumi counter # 1
-----------------------------------------------------
              Beam Spot Data

 Beam type    = 2
       X0     = 0.0725777 +/- 0.000237442 [cm]
       Y0     = 0.0624825 +/- 0.000227868 [cm]
       Z0     = -1.06332 +/- 0.365337 [cm]
 Sigma Z0     = 5.12787 +/- 0.258308 [cm]
 dxdz         = 5.87422e-05 +/- 4.63875e-05 [radians]
 dydz         = -3.83109e-05 +/- 4.25623e-05 [radians]
 Beam width X = 0.00130123 +/- 0.000358101 [cm]
 Beam width Y = 0.00179784 +/- 0.000358101 [cm]
 EmittanceX   = 0 [cm]
 EmittanceY   = 0 [cm]
 beta-star    = 0 [cm]
-----------------------------------------------------


[BeamFitter] fit done. 

Total number of tracks accumulated = 2673
Reset track collection for beam fit
for lumis 85 - 84
number of selected tracks = 2660
number of selected PVs = 208

 RESULTS OF DEFAULT FIT 
 for runs: 195660 - 195660
 for lumi blocks : 85 - 85
 lumi counter # 1
-----------------------------------------------------
              Beam Spot Data

 Beam type    = 2
       X0     = 0.0724203 +/- 0.000241013 [cm]
       Y0     = 0.0624659 +/- 0.000235222 [cm]
       Z0     = -0.694326 +/- 0.368214 [cm]
 Sigma Z0     = 5.31058 +/- 0.260346 [cm]
 dxdz         = 9.15012e-05 +/- 4.52254e-05 [radians]
 dydz         = -0.000157038 +/- 4.29388e-05 [radians]
 Beam width X = 0.00238454 +/- 0.000279732 [cm]
 Beam width Y = 0.00203537 +/- 0.000279732 [cm]
 EmittanceX   = 0 [cm]
 EmittanceY   = 0 [cm]
 beta-star    = 0 [cm]
-----------------------------------------------------


[BeamFitter] fit done. 

Total number of tracks accumulated = 2660
Reset track collection for beam fit
for lumis 86 - 85
number of selected tracks = 2515
number of selected PVs = 189

 RESULTS OF DEFAULT FIT 
 for runs: 195660 - 195660
 for lumi blocks : 86 - 86
 lumi counter # 1
-----------------------------------------------------
              Beam Spot Data

 Beam type    = 2
       X0     = 0.0729138 +/- 0.000239938 [cm]
       Y0     = 0.0628822 +/- 0.000230574 [cm]
       Z0     = -0.389428 +/- 0.377324 [cm]
 Sigma Z0     = 5.18747 +/- 0.266785 [cm]
 dxdz         = 2.55516e-05 +/- 4.40533e-05 [radians]
 dydz         = 2.40585e-05 +/- 4.40254e-05 [radians]
 Beam width X = 0.00162055 +/- 0.000330381 [cm]
 Beam width Y = 0.00194304 +/- 0.000330381 [cm]
 EmittanceX   = 0 [cm]
 EmittanceY   = 0 [cm]
 beta-star    = 0 [cm]
-----------------------------------------------------


[BeamFitter] fit done. 

Total number of tracks accumulated = 2515
Reset track collection for beam fit
for lumis 87 - 86
number of selected tracks = 2127
number of selected PVs = 154

 RESULTS OF DEFAULT FIT 
 for runs: 195660 - 195660
 for lumi blocks : 87 - 87
 lumi counter # 1
-----------------------------------------------------
              Beam Spot Data

 Beam type    = 2
       X0     = 0.072623 +/- 0.000247283 [cm]
       Y0     = 0.0631702 +/- 0.000241804 [cm]
       Z0     = -0.0545381 +/- 0.429007 [cm]
 Sigma Z0     = 5.32401 +/- 0.303326 [cm]
 dxdz         = 0.000310476 +/- 4.54737e-05 [radians]
 dydz         = -7.48684e-05 +/- 4.56071e-05 [radians]
 Beam width X = 0.00168586 +/- 0.000365483 [cm]
 Beam width Y = 0.00161699 +/- 0.000365483 [cm]
 EmittanceX   = 0 [cm]
 EmittanceY   = 0 [cm]
 beta-star    = 0 [cm]
-----------------------------------------------------


[BeamFitter] fit done. 

Total number of tracks accumulated = 2127
Reset track collection for beam fit
for lumis 88 - 87
number of selected tracks = 2308
number of selected PVs = 178

 RESULTS OF DEFAULT FIT 
 for runs: 195660 - 195660
 for lumi blocks : 88 - 88
 lumi counter # 1
-----------------------------------------------------
              Beam Spot Data

 Beam type    = 2
       X0     = 0.0724611 +/- 0.0002459 [cm]
       Y0     = 0.0623412 +/- 0.000240521 [cm]
       Z0     = -0.45088 +/- 0.370727 [cm]
 Sigma Z0     = 4.94623 +/- 0.262125 [cm]
 dxdz         = 0.000194883 +/- 4.92537e-05 [radians]
 dydz         = -3.56913e-05 +/- 4.93831e-05 [radians]
 Beam width X = 0.00198474 +/- 0.000320218 [cm]
 Beam width Y = 0.00159639 +/- 0.000320218 [cm]
 EmittanceX   = 0 [cm]
 EmittanceY   = 0 [cm]
 beta-star    = 0 [cm]
-----------------------------------------------------


[BeamFitter] fit done. 

Total number of tracks accumulated = 2308
Reset track collection for beam fit
for lumis 89 - 88
number of selected tracks = 2417
number of selected PVs = 171

 RESULTS OF DEFAULT FIT 
 for runs: 195660 - 195660
 for lumi blocks : 89 - 89
 lumi counter # 1
-----------------------------------------------------
              Beam Spot Data

 Beam type    = 2
       X0     = 0.0721562 +/- 0.000237803 [cm]
       Y0     = 0.0625464 +/- 0.000241742 [cm]
       Z0     = 0.686252 +/- 0.385459 [cm]
 Sigma Z0     = 5.04067 +/- 0.27252 [cm]
 dxdz         = 0.000227292 +/- 4.80228e-05 [radians]
 dydz         = 9.19763e-05 +/- 4.69529e-05 [radians]
 Beam width X = 0.00192219 +/- 0.000295391 [cm]
 Beam width Y = 0.00168612 +/- 0.000295391 [cm]
 EmittanceX   = 0 [cm]
 EmittanceY   = 0 [cm]
 beta-star    = 0 [cm]
-----------------------------------------------------


[BeamFitter] fit done. 

Total number of tracks accumulated = 2417
Reset track collection for beam fit
for lumis 90 - 89
number of selected tracks = 2160
number of selected PVs = 174

 RESULTS OF DEFAULT FIT 
 for runs: 195660 - 195660
 for lumi blocks : 90 - 90
 lumi counter # 1
-----------------------------------------------------
              Beam Spot Data

 Beam type    = 2
       X0     = 0.072001 +/- 0.000250452 [cm]
       Y0     = 0.0628807 +/- 0.000247734 [cm]
       Z0     = -0.0298018 +/- 0.36282 [cm]
 Sigma Z0     = 4.78603 +/- 0.25653 [cm]
 dxdz         = 0.000127198 +/- 5.11331e-05 [radians]
 dydz         = 1.03051e-05 +/- 5.2191e-05 [radians]
 Beam width X = 0.0016814 +/- 0.000350202 [cm]
 Beam width Y = 0.0014034 +/- 0.000350202 [cm]
 EmittanceX   = 0 [cm]
 EmittanceY   = 0 [cm]
 beta-star    = 0 [cm]
-----------------------------------------------------


[BeamFitter] fit done. 

Total number of tracks accumulated = 2160
Reset track collection for beam fit
for lumis 91 - 90
number of selected tracks = 1884
number of selected PVs = 143

 RESULTS OF DEFAULT FIT 
 for runs: 195660 - 195660
 for lumi blocks : 91 - 91
 lumi counter # 1
-----------------------------------------------------
              Beam Spot Data

 Beam type    = 2
       X0     = 0.0728312 +/- 0.000280588 [cm]
       Y0     = 0.0629287 +/- 0.000282095 [cm]
       Z0     = 0.709117 +/- 0.411391 [cm]
 Sigma Z0     = 4.91966 +/- 0.290867 [cm]
 dxdz         = 3.06922e-05 +/- 5.33913e-05 [radians]
 dydz         = -1.92031e-06 +/- 5.52121e-05 [radians]
 Beam width X = 0.0021002 +/- 0.000382566 [cm]
 Beam width Y = 0.000821591 +/- 0.000382566 [cm]
 EmittanceX   = 0 [cm]
 EmittanceY   = 0 [cm]
 beta-star    = 0 [cm]
-----------------------------------------------------


[BeamFitter] fit done. 

Total number of tracks accumulated = 1884
Reset track collection for beam fit
for lumis 92 - 91
number of selected tracks = 2431
number of selected PVs = 180

 RESULTS OF DEFAULT FIT 
 for runs: 195660 - 195660
 for lumi blocks : 92 - 92
 lumi counter # 1
-----------------------------------------------------
              Beam Spot Data

 Beam type    = 2
       X0     = 0.0722289 +/- 0.000239913 [cm]
       Y0     = 0.0625907 +/- 0.000254995 [cm]
       Z0     = 1.63191 +/- 0.364091 [cm]
 Sigma Z0     = 4.88491 +/- 0.257435 [cm]
 dxdz         = 0.000193046 +/- 4.8163e-05 [radians]
 dydz         = -6.73503e-05 +/- 4.92357e-05 [radians]
 Beam width X = 0.00130774 +/- 0.000353126 [cm]
 Beam width Y = 0.00177603 +/- 0.000353126 [cm]
 EmittanceX   = 0 [cm]
 EmittanceY   = 0 [cm]
 beta-star    = 0 [cm]
-----------------------------------------------------


[BeamFitter] fit done. 

Total number of tracks accumulated = 2431
Reset track collection for beam fit
for lumis 93 - 92
number of selected tracks = 1837
number of selected PVs = 141

 RESULTS OF DEFAULT FIT 
 for runs: 195660 - 195660
 for lumi blocks : 93 - 93
 lumi counter # 1
-----------------------------------------------------
              Beam Spot Data

 Beam type    = 2
       X0     = 0.0727799 +/- 0.000283778 [cm]
       Y0     = 0.062769 +/- 0.000279371 [cm]
       Z0     = 0.979327 +/- 0.437678 [cm]
 Sigma Z0     = 5.19731 +/- 0.309455 [cm]
 dxdz         = 0.000156002 +/- 5.41127e-05 [radians]
 dydz         = -0.000286933 +/- 5.17625e-05 [radians]
 Beam width X = 0.00179606 +/- 0.000385915 [cm]
 Beam width Y = 0.00182893 +/- 0.000385915 [cm]
 EmittanceX   = 0 [cm]
 EmittanceY   = 0 [cm]
 beta-star    = 0 [cm]
-----------------------------------------------------


[BeamFitter] fit done. 

Total number of tracks accumulated = 1837
Reset track collection for beam fit
for lumis 94 - 93
number of selected tracks = 1899
number of selected PVs = 139

 RESULTS OF DEFAULT FIT 
 for runs: 195660 - 195660
 for lumi blocks : 94 - 94
 lumi counter # 1
-----------------------------------------------------
              Beam Spot Data

 Beam type    = 2
       X0     = 0.0714829 +/- 0.000274306 [cm]
       Y0     = 0.0622374 +/- 0.000284428 [cm]
       Z0     = 1.70802 +/- 0.415794 [cm]
 Sigma Z0     = 4.90229 +/- 0.294028 [cm]
 dxdz         = 0.000198442 +/- 5.36318e-05 [radians]
 dydz         = -0.000113411 +/- 5.35802e-05 [radians]
 Beam width X = 0.00184648 +/- 0.000358126 [cm]
 Beam width Y = 0.00168188 +/- 0.000358126 [cm]
 EmittanceX   = 0 [cm]
 EmittanceY   = 0 [cm]
 beta-star    = 0 [cm]
-----------------------------------------------------


[BeamFitter] fit done. 

Total number of tracks accumulated = 1899
Reset track collection for beam fit
for lumis 95 - 94
number of selected tracks = 1721
number of selected PVs = 122

 RESULTS OF DEFAULT FIT 
 for runs: 195660 - 195660
 for lumi blocks : 95 - 95
 lumi counter # 1
-----------------------------------------------------
              Beam Spot Data

 Beam type    = 2
       X0     = 0.0724211 +/- 0.000295215 [cm]
       Y0     = 0.0631637 +/- 0.000288868 [cm]
       Z0     = 1.34797 +/- 0.467605 [cm]
 Sigma Z0     = 5.16508 +/- 0.330605 [cm]
 dxdz         = 0.000110722 +/- 5.68512e-05 [radians]
 dydz         = -3.28921e-05 +/- 5.42487e-05 [radians]
 Beam width X = 0.00152963 +/- 0.000390747 [cm]
 Beam width Y = 0.00213851 +/- 0.000390747 [cm]
 EmittanceX   = 0 [cm]
 EmittanceY   = 0 [cm]
 beta-star    = 0 [cm]
-----------------------------------------------------


[BeamFitter] fit done. 

Total number of tracks accumulated = 1721
Reset track collection for beam fit
for lumis 96 - 95
number of selected tracks = 1639
number of selected PVs = 114

 RESULTS OF DEFAULT FIT 
 for runs: 195660 - 195660
 for lumi blocks : 96 - 96
 lumi counter # 1
-----------------------------------------------------
              Beam Spot Data

 Beam type    = 2
       X0     = 0.0724768 +/- 0.000303166 [cm]
       Y0     = 0.0628402 +/- 0.000327332 [cm]
       Z0     = 1.51534 +/- 0.477699 [cm]
 Sigma Z0     = 5.10065 +/- 0.337735 [cm]
 dxdz         = 0.000178182 +/- 5.61616e-05 [radians]
 dydz         = 6.40339e-05 +/- 6.05936e-05 [radians]
 Beam width X = 0.00191983 +/- 0.000378295 [cm]
 Beam width Y = 0.00214736 +/- 0.000378295 [cm]
 EmittanceX   = 0 [cm]
 EmittanceY   = 0 [cm]
 beta-star    = 0 [cm]
-----------------------------------------------------


[BeamFitter] fit done. 

Total number of tracks accumulated = 1639
Reset track collection for beam fit
for lumis 97 - 96
number of selected tracks = 1649
number of selected PVs = 132

 RESULTS OF DEFAULT FIT 
 for runs: 195660 - 195660
 for lumi blocks : 97 - 97
 lumi counter # 1
-----------------------------------------------------
              Beam Spot Data

 Beam type    = 2
       X0     = 0.0720911 +/- 0.000310753 [cm]
       Y0     = 0.0621809 +/- 0.000330653 [cm]
       Z0     = 2.20174 +/- 0.437197 [cm]
 Sigma Z0     = 5.02319 +/- 0.309106 [cm]
 dxdz         = -8.85783e-05 +/- 5.1763e-05 [radians]
 dydz         = -0.000174458 +/- 5.49333e-05 [radians]
 Beam width X = 0.00132731 +/- 0.000366442 [cm]
 Beam width Y = 0.00129701 +/- 0.000366442 [cm]
 EmittanceX   = 0 [cm]
 EmittanceY   = 0 [cm]
 beta-star    = 0 [cm]
-----------------------------------------------------


[BeamFitter] fit done. 

Total number of tracks accumulated = 1649
Reset track collection for beam fit
for lumis 98 - 97
number of selected tracks = 1231
number of selected PVs = 97

 RESULTS OF DEFAULT FIT 
 for runs: 195660 - 195660
 for lumi blocks : 98 - 98
 lumi counter # 1
-----------------------------------------------------
              Beam Spot Data

 Beam type    = 2
       X0     = 0.0720367 +/- 0.000394959 [cm]
       Y0     = 0.0628941 +/- 0.000375489 [cm]
       Z0     = 2.56174 +/- 0.440548 [cm]
 Sigma Z0     = 4.33905 +/- 0.31147 [cm]
 dxdz         = -3.19606e-05 +/- 7.7392e-05 [radians]
 dydz         = -9.19081e-05 +/- 7.65797e-05 [radians]
 Beam width X = 0.00128089 +/- 0.000429682 [cm]
 Beam width Y = 0.00249031 +/- 0.000429682 [cm]
 EmittanceX   = 0 [cm]
 EmittanceY   = 0 [cm]
 beta-star    = 0 [cm]
-----------------------------------------------------


[BeamFitter] fit done. 

Total number of tracks accumulated = 1231
Reset track collection for beam fit
for lumis 99 - 98
number of selected tracks = 1199
number of selected PVs = 88

 RESULTS OF DEFAULT FIT 
 for runs: 195660 - 195660
 for lumi blocks : 99 - 99
 lumi counter # 1
-----------------------------------------------------
              Beam Spot Data

 Beam type    = 2
       X0     = 0.0718242 +/- 0.000414937 [cm]
       Y0     = 0.0629533 +/- 0.000389744 [cm]
       Z0     = 3.63166 +/- 0.463013 [cm]
 Sigma Z0     = 4.34359 +/- 0.327357 [cm]
 dxdz         = 0.000147315 +/- 6.99902e-05 [radians]
 dydz         = 6.54125e-05 +/- 6.90345e-05 [radians]
 Beam width X = 0.00130255 +/- 0.000485863 [cm]
 Beam width Y = 0.0015656 +/- 0.000485863 [cm]
 EmittanceX   = 0 [cm]
 EmittanceY   = 0 [cm]
 beta-star    = 0 [cm]
-----------------------------------------------------


[BeamFitter] fit done. 

Total number of tracks accumulated = 1199
Reset track collection for beam fit
for lumis 100 - 99
number of selected tracks = 1092
number of selected PVs = 77

 RESULTS OF DEFAULT FIT 
 for runs: 195660 - 195660
 for lumi blocks : 100 - 100
 lumi counter # 1
-----------------------------------------------------
              Beam Spot Data

 Beam type    = 2
       X0     = 0.0725488 +/- 0.000405143 [cm]
       Y0     = 0.0620891 +/- 0.000403151 [cm]
       Z0     = 3.31547 +/- 0.524805 [cm]
 Sigma Z0     = 4.60533 +/- 0.371019 [cm]
 dxdz         = 0.000106568 +/- 7.24918e-05 [radians]
 dydz         = 8.69374e-05 +/- 7.06894e-05 [radians]
 Beam width X = 0.00167518 +/- 0.000419558 [cm]
 Beam width Y = 0.000543669 +/- 0.000419558 [cm]
 EmittanceX   = 0 [cm]
 EmittanceY   = 0 [cm]
 beta-star    = 0 [cm]
-----------------------------------------------------


[BeamFitter] fit done. 

Total number of tracks accumulated = 1092
Reset track collection for beam fit
for lumis 101 - 100
number of selected tracks = 973
number of selected PVs = 80

 RESULTS OF DEFAULT FIT 
 for runs: 195660 - 195660
 for lumi blocks : 101 - 101
 lumi counter # 1
-----------------------------------------------------
              Beam Spot Data

 Beam type    = 2
       X0     = 0.0726696 +/- 0.000446464 [cm]
       Y0     = 0.0619198 +/- 0.000419891 [cm]
       Z0     = 2.79761 +/- 0.577817 [cm]
 Sigma Z0     = 5.16849 +/- 0.408453 [cm]
 dxdz         = 0.000197071 +/- 7.23534e-05 [radians]
 dydz         = 0.000120058 +/- 7.60583e-05 [radians]
 Beam width X = 0.00210728 +/- 0.000460951 [cm]
 Beam width Y = 0.00183441 +/- 0.000460951 [cm]
 EmittanceX   = 0 [cm]
 EmittanceY   = 0 [cm]
 beta-star    = 0 [cm]
-----------------------------------------------------


[BeamFitter] fit done. 

Total number of tracks accumulated = 973
Reset track collection for beam fit
for lumis 102 - 101
number of selected tracks = 891
number of selected PVs = 70

 RESULTS OF DEFAULT FIT 
 for runs: 195660 - 195660
 for lumi blocks : 102 - 102
 lumi counter # 1
-----------------------------------------------------
              Beam Spot Data

 Beam type    = 2
       X0     = 0.0723574 +/- 0.000547586 [cm]
       Y0     = 0.0625737 +/- 0.00054845 [cm]
       Z0     = 4.27912 +/- 0.547386 [cm]
 Sigma Z0     = 4.58003 +/- 0.387112 [cm]
 dxdz         = 0.00010684 +/- 8.29437e-05 [radians]
 dydz         = 1.89464e-06 +/- 8.09325e-05 [radians]
 Beam width X = 0.000790837 +/- 0.000545695 [cm]
 Beam width Y = 0.00150518 +/- 0.000545695 [cm]
 EmittanceX   = 0 [cm]
 EmittanceY   = 0 [cm]
 beta-star    = 0 [cm]
-----------------------------------------------------


[BeamFitter] fit done. 

Total number of tracks accumulated = 891
Reset track collection for beam fit
for lumis 103 - 102
number of selected tracks = 501
number of selected PVs = 33

 RESULTS OF DEFAULT FIT 
 for runs: 195660 - 195660
 for lumi blocks : 103 - 103
 lumi counter # 1
-----------------------------------------------------
              Beam Spot Data

 Beam type    = 2
       X0     = 0.0733923 +/- 0.000818537 [cm]
       Y0     = 0.061916 +/- 0.000747398 [cm]
       Z0     = 4.92147 +/- 0.931551 [cm]
 Sigma Z0     = 4.93015 +/- 0.686928 [cm]
 dxdz         = 0.000196924 +/- 0.000118062 [radians]
 dydz         = -3.2733e-05 +/- 0.000106759 [radians]
 Beam width X = 0.002377 +/- 0.000666968 [cm]
 Beam width Y = 0.00035108 +/- 0.000666968 [cm]
 EmittanceX   = 0 [cm]
 EmittanceY   = 0 [cm]
 beta-star    = 0 [cm]
-----------------------------------------------------


[BeamFitter] fit done. 

Total number of tracks accumulated = 501
Reset track collection for beam fit
for lumis 104 - 103
number of selected tracks = 612
number of selected PVs = 42

 RESULTS OF DEFAULT FIT 
 for runs: 195660 - 195660
 for lumi blocks : 104 - 104
 lumi counter # 1
-----------------------------------------------------
              Beam Spot Data

 Beam type    = 2
       X0     = 0.0731601 +/- 0.00066341 [cm]
       Y0     = 0.0631204 +/- 0.000595812 [cm]
       Z0     = 4.51176 +/- 0.760195 [cm]
 Sigma Z0     = 4.92719 +/- 0.537884 [cm]
 dxdz         = 0.000316113 +/- 9.91174e-05 [radians]
 dydz         = -7.15443e-05 +/- 8.42111e-05 [radians]
 Beam width X = 0.0019289 +/- 0.000639641 [cm]
 Beam width Y = 0.000974133 +/- 0.000639641 [cm]
 EmittanceX   = 0 [cm]
 EmittanceY   = 0 [cm]
 beta-star    = 0 [cm]
-----------------------------------------------------


[BeamFitter] fit done. 

Total number of tracks accumulated = 612
Reset track collection for beam fit
for lumis 105 - 104
number of selected tracks = 699
number of selected PVs = 40

 RESULTS OF DEFAULT FIT 
 for runs: 195660 - 195660
 for lumi blocks : 105 - 105
 lumi counter # 1
-----------------------------------------------------
              Beam Spot Data

 Beam type    = 2
       X0     = 0.072329 +/- 0.000509046 [cm]
       Y0     = 0.0620287 +/- 0.000544463 [cm]
       Z0     = 4.51948 +/- 0.873214 [cm]
 Sigma Z0     = 5.52348 +/- 0.615169 [cm]
 dxdz         = 0.000203174 +/- 7.85718e-05 [radians]
 dydz         = -6.59136e-05 +/- 8.1869e-05 [radians]
 Beam width X = 0.00103301 +/- 0.000626483 [cm]
 Beam width Y = 0.00123706 +/- 0.000626483 [cm]
 EmittanceX   = 0 [cm]
 EmittanceY   = 0 [cm]
 beta-star    = 0 [cm]
-----------------------------------------------------


[BeamFitter] fit done. 

Total number of tracks accumulated = 699
Reset track collection for beam fit
for lumis 106 - 105
number of selected tracks = 3027
number of selected PVs = 216

 RESULTS OF DEFAULT FIT 
 for runs: 195660 - 195660
 for lumi blocks : 106 - 106
 lumi counter # 1
-----------------------------------------------------
              Beam Spot Data

 Beam type    = 2
       X0     = 0.0720468 +/- 0.000216265 [cm]
       Y0     = 0.0622807 +/- 0.000218141 [cm]
       Z0     = -0.675843 +/- 0.343919 [cm]
 Sigma Z0     = 5.05466 +/- 0.243194 [cm]
 dxdz         = 0.000199379 +/- 4.00117e-05 [radians]
 dydz         = -0.000140083 +/- 4.08308e-05 [radians]
 Beam width X = 0.00195012 +/- 0.00026081 [cm]
 Beam width Y = 0.00235254 +/- 0.00026081 [cm]
 EmittanceX   = 0 [cm]
 EmittanceY   = 0 [cm]
 beta-star    = 0 [cm]
-----------------------------------------------------


[BeamFitter] fit done. 

Total number of tracks accumulated = 3027
Reset track collection for beam fit
for lumis 107 - 106
number of selected tracks = 2330
number of selected PVs = 180

 RESULTS OF DEFAULT FIT 
 for runs: 195660 - 195660
 for lumi blocks : 107 - 107
 lumi counter # 1
-----------------------------------------------------
              Beam Spot Data

 Beam type    = 2
       X0     = 0.0725817 +/- 0.000239261 [cm]
       Y0     = 0.062728 +/- 0.000238152 [cm]
       Z0     = -0.950715 +/- 0.359329 [cm]
 Sigma Z0     = 4.821 +/- 0.254064 [cm]
 dxdz         = 0.000183188 +/- 4.59284e-05 [radians]
 dydz         = 3.292e-05 +/- 4.77769e-05 [radians]
 Beam width X = 0.00151938 +/- 0.00033665 [cm]
 Beam width Y = 0.00122856 +/- 0.00033665 [cm]
 EmittanceX   = 0 [cm]
 EmittanceY   = 0 [cm]
 beta-star    = 0 [cm]
-----------------------------------------------------


[BeamFitter] fit done. 

Total number of tracks accumulated = 2330
Reset track collection for beam fit
for lumis 108 - 107
number of selected tracks = 2394
number of selected PVs = 187

 RESULTS OF DEFAULT FIT 
 for runs: 195660 - 195660
 for lumi blocks : 108 - 108
 lumi counter # 1
-----------------------------------------------------
              Beam Spot Data

 Beam type    = 2
       X0     = 0.0721916 +/- 0.000238717 [cm]
       Y0     = 0.0620845 +/- 0.000253245 [cm]
       Z0     = -0.751049 +/- 0.360379 [cm]
 Sigma Z0     = 4.92822 +/- 0.254806 [cm]
 dxdz         = 0.000195064 +/- 4.70327e-05 [radians]
 dydz         = -0.000165921 +/- 4.62722e-05 [radians]
 Beam width X = 0.00218968 +/- 0.000290641 [cm]
 Beam width Y = 0.00203814 +/- 0.000290641 [cm]
 EmittanceX   = 0 [cm]
 EmittanceY   = 0 [cm]
 beta-star    = 0 [cm]
-----------------------------------------------------


[BeamFitter] fit done. 

Total number of tracks accumulated = 2394
Reset track collection for beam fit
for lumis 109 - 108
number of selected tracks = 2451
number of selected PVs = 180

 RESULTS OF DEFAULT FIT 
 for runs: 195660 - 195660
 for lumi blocks : 109 - 109
 lumi counter # 1
-----------------------------------------------------
              Beam Spot Data

 Beam type    = 2
       X0     = 0.0727538 +/- 0.000250108 [cm]
       Y0     = 0.0632303 +/- 0.000252318 [cm]
       Z0     = -0.723553 +/- 0.372994 [cm]
 Sigma Z0     = 5.00436 +/- 0.263719 [cm]
 dxdz         = 1.88073e-05 +/- 4.76352e-05 [radians]
 dydz         = 3.77466e-05 +/- 5.01367e-05 [radians]
 Beam width X = 0.0026354 +/- 0.000319287 [cm]
 Beam width Y = 0.00132219 +/- 0.000319287 [cm]
 EmittanceX   = 0 [cm]
 EmittanceY   = 0 [cm]
 beta-star    = 0 [cm]
-----------------------------------------------------


[BeamFitter] fit done. 

Total number of tracks accumulated = 2451
Reset track collection for beam fit
for lumis 110 - 109
number of selected tracks = 1246
number of selected PVs = 99

 RESULTS OF DEFAULT FIT 
 for runs: 195660 - 195660
 for lumi blocks : 110 - 110
 lumi counter # 1
-----------------------------------------------------
              Beam Spot Data

 Beam type    = 2
       X0     = 0.0724536 +/- 0.000318295 [cm]
       Y0     = 0.0620221 +/- 0.000328504 [cm]
       Z0     = -1.19463 +/- 0.534248 [cm]
 Sigma Z0     = 5.31597 +/- 0.377716 [cm]
 dxdz         = 0.00014503 +/- 5.74722e-05 [radians]
 dydz         = -0.000148347 +/- 5.91369e-05 [radians]
 Beam width X = 0.00151925 +/- 0.000438334 [cm]
 Beam width Y = 0.00178137 +/- 0.000438334 [cm]
 EmittanceX   = 0 [cm]
 EmittanceY   = 0 [cm]
 beta-star    = 0 [cm]
-----------------------------------------------------


[BeamFitter] fit done. 

Total number of tracks accumulated = 1246
Reset track collection for beam fit
for lumis 111 - 110
number of selected tracks = 0
number of selected PVs = 0

 Empty Beam spot fit
 for runs: 195660 - 195660
 for lumi blocks : 111 - 111
 lumi counter # 1
-----------------------------------------------------
              Beam Spot Data

 Beam type    = 0
       X0     = 0 +/- 0 [cm]
       Y0     = 0 +/- 0 [cm]
       Z0     = 0 +/- 0 [cm]
 Sigma Z0     = 0 +/- 0 [cm]
 dxdz         = 0 +/- 0 [radians]
 dydz         = 0 +/- 0 [radians]
 Beam width X = 0 +/- 0 [cm]
 Beam width Y = 0 +/- 0 [cm]
 EmittanceX   = 0 [cm]
 EmittanceY   = 0 [cm]
 beta-star    = 0 [cm]
-----------------------------------------------------


[BeamFitter] fit failed 

Total number of tracks accumulated = 0
Reset track collection for beam fit
for lumis 112 - 111
number of selected tracks = 0
number of selected PVs = 0

 Empty Beam spot fit
 for runs: 195660 - 195660
 for lumi blocks : 112 - 112
 lumi counter # 1
-----------------------------------------------------
              Beam Spot Data

 Beam type    = 0
       X0     = 0 +/- 0 [cm]
       Y0     = 0 +/- 0 [cm]
       Z0     = 0 +/- 0 [cm]
 Sigma Z0     = 0 +/- 0 [cm]
 dxdz         = 0 +/- 0 [radians]
 dydz         = 0 +/- 0 [radians]
 Beam width X = 0 +/- 0 [cm]
 Beam width Y = 0 +/- 0 [cm]
 EmittanceX   = 0 [cm]
 EmittanceY   = 0 [cm]
 beta-star    = 0 [cm]
-----------------------------------------------------


[BeamFitter] fit failed 

Total number of tracks accumulated = 0
Reset track collection for beam fit
for lumis 113 - 112
number of selected tracks = 0
number of selected PVs = 0

 Empty Beam spot fit
 for runs: 195660 - 195660
 for lumi blocks : 113 - 113
 lumi counter # 1
-----------------------------------------------------
              Beam Spot Data

 Beam type    = 0
       X0     = 0 +/- 0 [cm]
       Y0     = 0 +/- 0 [cm]
       Z0     = 0 +/- 0 [cm]
 Sigma Z0     = 0 +/- 0 [cm]
 dxdz         = 0 +/- 0 [radians]
 dydz         = 0 +/- 0 [radians]
 Beam width X = 0 +/- 0 [cm]
 Beam width Y = 0 +/- 0 [cm]
 EmittanceX   = 0 [cm]
 EmittanceY   = 0 [cm]
 beta-star    = 0 [cm]
-----------------------------------------------------


[BeamFitter] fit failed 

Total number of tracks accumulated = 0
Reset track collection for beam fit
for lumis 114 - 113
number of selected tracks = 10
number of selected PVs = 1
%MSG-w BSFitter:  BeamSpotAnalyzer:d0_phi_analyzer@endLumi  14-Nov-2012 05:04:54 CET Run: 195660 Lumi: 114
need at least 50 tracks to run beamline fitter.
%MSG

 Empty Beam spot fit
 for runs: 195660 - 195660
 for lumi blocks : 114 - 114
 lumi counter # 1
-----------------------------------------------------
              Beam Spot Data

 Beam type    = 0
       X0     = 0 +/- 0 [cm]
       Y0     = 0 +/- 0 [cm]
       Z0     = 0 +/- 0 [cm]
 Sigma Z0     = 0 +/- 0 [cm]
 dxdz         = 0 +/- 0 [radians]
 dydz         = 0 +/- 0 [radians]
 Beam width X = 0 +/- 0 [cm]
 Beam width Y = 0 +/- 0 [cm]
 EmittanceX   = 0 [cm]
 EmittanceY   = 0 [cm]
 beta-star    = 0 [cm]
-----------------------------------------------------


[BeamFitter] fit failed 

Total number of tracks accumulated = 10
Reset track collection for beam fit
for lumis 115 - 114
number of selected tracks = 4
number of selected PVs = 1
%MSG-w BSFitter:  BeamSpotAnalyzer:d0_phi_analyzer@endLumi  14-Nov-2012 05:04:54 CET Run: 195660 Lumi: 115
need at least 50 tracks to run beamline fitter.
%MSG

 Empty Beam spot fit
 for runs: 195660 - 195660
 for lumi blocks : 115 - 115
 lumi counter # 1
-----------------------------------------------------
              Beam Spot Data

 Beam type    = 0
       X0     = 0 +/- 0 [cm]
       Y0     = 0 +/- 0 [cm]
       Z0     = 0 +/- 0 [cm]
 Sigma Z0     = 0 +/- 0 [cm]
 dxdz         = 0 +/- 0 [radians]
 dydz         = 0 +/- 0 [radians]
 Beam width X = 0 +/- 0 [cm]
 Beam width Y = 0 +/- 0 [cm]
 EmittanceX   = 0 [cm]
 EmittanceY   = 0 [cm]
 beta-star    = 0 [cm]
-----------------------------------------------------


[BeamFitter] fit failed 

Total number of tracks accumulated = 4
Reset track collection for beam fit
for lumis 116 - 115
number of selected tracks = 9
number of selected PVs = 1
%MSG-w BSFitter:  BeamSpotAnalyzer:d0_phi_analyzer@endLumi  14-Nov-2012 05:04:54 CET Run: 195660 Lumi: 116
need at least 50 tracks to run beamline fitter.
%MSG

 Empty Beam spot fit
 for runs: 195660 - 195660
 for lumi blocks : 116 - 116
 lumi counter # 1
-----------------------------------------------------
              Beam Spot Data

 Beam type    = 0
       X0     = 0 +/- 0 [cm]
       Y0     = 0 +/- 0 [cm]
       Z0     = 0 +/- 0 [cm]
 Sigma Z0     = 0 +/- 0 [cm]
 dxdz         = 0 +/- 0 [radians]
 dydz         = 0 +/- 0 [radians]
 Beam width X = 0 +/- 0 [cm]
 Beam width Y = 0 +/- 0 [cm]
 EmittanceX   = 0 [cm]
 EmittanceY   = 0 [cm]
 beta-star    = 0 [cm]
-----------------------------------------------------


[BeamFitter] fit failed 

Total number of tracks accumulated = 9
Reset track collection for beam fit
for lumis 117 - 116
number of selected tracks = 47
number of selected PVs = 4
%MSG-w BSFitter:  BeamSpotAnalyzer:d0_phi_analyzer@endLumi  14-Nov-2012 05:04:54 CET Run: 195660 Lumi: 117
need at least 50 tracks to run beamline fitter.
%MSG

 Empty Beam spot fit
 for runs: 195660 - 195660
 for lumi blocks : 117 - 117
 lumi counter # 1
-----------------------------------------------------
              Beam Spot Data

 Beam type    = 0
       X0     = 0 +/- 0 [cm]
       Y0     = 0 +/- 0 [cm]
       Z0     = 0 +/- 0 [cm]
 Sigma Z0     = 0 +/- 0 [cm]
 dxdz         = 0 +/- 0 [radians]
 dydz         = 0 +/- 0 [radians]
 Beam width X = 0 +/- 0 [cm]
 Beam width Y = 0 +/- 0 [cm]
 EmittanceX   = 0 [cm]
 EmittanceY   = 0 [cm]
 beta-star    = 0 [cm]
-----------------------------------------------------


[BeamFitter] fit failed 

Total number of tracks accumulated = 47
Reset track collection for beam fit
for lumis 118 - 117
number of selected tracks = 56
number of selected PVs = 5

 Empty Beam spot fit
 for runs: 195660 - 195660
 for lumi blocks : 118 - 118
 lumi counter # 1
-----------------------------------------------------
              Beam Spot Data

 Beam type    = 0
       X0     = 0 +/- 0 [cm]
       Y0     = 0 +/- 0 [cm]
       Z0     = 0 +/- 0 [cm]
 Sigma Z0     = 0 +/- 0 [cm]
 dxdz         = 0 +/- 0 [radians]
 dydz         = 0 +/- 0 [radians]
 Beam width X = 0 +/- 0 [cm]
 Beam width Y = 0 +/- 0 [cm]
 EmittanceX   = 0 [cm]
 EmittanceY   = 0 [cm]
 beta-star    = 0 [cm]
-----------------------------------------------------


[BeamFitter] fit failed 

Total number of tracks accumulated = 56
Reset track collection for beam fit
for lumis 119 - 118
number of selected tracks = 26
number of selected PVs = 2
%MSG-w BSFitter:  BeamSpotAnalyzer:d0_phi_analyzer@endLumi  14-Nov-2012 05:04:55 CET Run: 195660 Lumi: 119
need at least 50 tracks to run beamline fitter.
%MSG

 Empty Beam spot fit
 for runs: 195660 - 195660
 for lumi blocks : 119 - 119
 lumi counter # 1
-----------------------------------------------------
              Beam Spot Data

 Beam type    = 0
       X0     = 0 +/- 0 [cm]
       Y0     = 0 +/- 0 [cm]
       Z0     = 0 +/- 0 [cm]
 Sigma Z0     = 0 +/- 0 [cm]
 dxdz         = 0 +/- 0 [radians]
 dydz         = 0 +/- 0 [radians]
 Beam width X = 0 +/- 0 [cm]
 Beam width Y = 0 +/- 0 [cm]
 EmittanceX   = 0 [cm]
 EmittanceY   = 0 [cm]
 beta-star    = 0 [cm]
-----------------------------------------------------


[BeamFitter] fit failed 

Total number of tracks accumulated = 26
Reset track collection for beam fit
for lumis 120 - 119
number of selected tracks = 176
number of selected PVs = 14

 RESULTS OF DEFAULT FIT 
 for runs: 195660 - 195660
 for lumi blocks : 120 - 120
 lumi counter # 1
-----------------------------------------------------
              Beam Spot Data

 Beam type    = 2
       X0     = 0.0724491 +/- 0.000896561 [cm]
       Y0     = 0.0598558 +/- 0.000898042 [cm]
       Z0     = -0.396137 +/- 1.5732 [cm]
 Sigma Z0     = 5.88908 +/- 1.13282 [cm]
 dxdz         = 0.000278796 +/- 0.000182244 [radians]
 dydz         = 0.000388556 +/- 0.000142885 [radians]
 Beam width X = 0.0001 +/- 0.0085022 [cm]
 Beam width Y = 0.00278557 +/- 0.0085022 [cm]
 EmittanceX   = 0 [cm]
 EmittanceY   = 0 [cm]
 beta-star    = 0 [cm]
-----------------------------------------------------


[BeamFitter] fit done. 

Total number of tracks accumulated = 176
Reset track collection for beam fit
for lumis 121 - 120
number of selected tracks = 243
number of selected PVs = 18

 RESULTS OF DEFAULT FIT 
 for runs: 195660 - 195660
 for lumi blocks : 121 - 121
 lumi counter # 1
-----------------------------------------------------
              Beam Spot Data

 Beam type    = 2
       X0     = 0.071558 +/- 0.000756013 [cm]
       Y0     = 0.0622488 +/- 0.000764331 [cm]
       Z0     = -0.300868 +/- 1.24643 [cm]
 Sigma Z0     = 5.28969 +/- 0.880553 [cm]
 dxdz         = -1.1858e-05 +/- 0.000147939 [radians]
 dydz         = 0.000144099 +/- 0.00015031 [radians]
 Beam width X = 0.00198173 +/- 0.000995473 [cm]
 Beam width Y = 0.00195412 +/- 0.000995473 [cm]
 EmittanceX   = 0 [cm]
 EmittanceY   = 0 [cm]
 beta-star    = 0 [cm]
-----------------------------------------------------


[BeamFitter] fit done. 

Total number of tracks accumulated = 243
Reset track collection for beam fit
for lumis 122 - 121
number of selected tracks = 352
number of selected PVs = 25

 RESULTS OF DEFAULT FIT 
 for runs: 195660 - 195660
 for lumi blocks : 122 - 122
 lumi counter # 1
-----------------------------------------------------
              Beam Spot Data

 Beam type    = 2
       X0     = 0.0734618 +/- 0.000621258 [cm]
       Y0     = 0.062338 +/- 0.000648957 [cm]
       Z0     = -0.784185 +/- 1.04273 [cm]
 Sigma Z0     = 5.39903 +/- 0.765297 [cm]
 dxdz         = 0.000120255 +/- 0.000109791 [radians]
 dydz         = -0.000122908 +/- 0.000118927 [radians]
 Beam width X = 0.00104636 +/- 0.000831516 [cm]
 Beam width Y = 0.00205067 +/- 0.000831516 [cm]
 EmittanceX   = 0 [cm]
 EmittanceY   = 0 [cm]
 beta-star    = 0 [cm]
-----------------------------------------------------


[BeamFitter] fit done. 

Total number of tracks accumulated = 352
Reset track collection for beam fit
14-Nov-2012 05:04:57 CET  Closed file root://eoscms//eos/cms/store/express/Run2012B/StreamExpress/ALCARECO/TkAlMinBias-v1/000/195/660/B0EC6125-7AB0-E111-A2A1-001D09F24FEC.root

-------------------------------------


 Total number of events processed: 4805

-------------------------------------


[BeamSpotAnalyzer] endJob done 


TrigReport ---------- Event  Summary ------------
TrigReport Events total = 4805 passed = 4805 failed = 0

TrigReport ---------- Path   Summary ------------
TrigReport  Trig Bit#        Run     Passed     Failed      Error Name
TrigReport     1    0       4805       4805          0          0 p

TrigReport -------End-Path   Summary ------------
TrigReport  Trig Bit#        Run     Passed     Failed      Error Name

TrigReport ---------- Modules in Path: p ------------
TrigReport  Trig Bit#    Visited     Passed     Failed      Error Name
TrigReport     1    0       4805       4805          0          0 offlineBeamSpot
TrigReport     1    0       4805       4805          0          0 TrackRefitter
TrigReport     1    0       4805       4805          0          0 offlinePrimaryVertices
TrigReport     1    0       4805       4805          0          0 d0_phi_analyzer

TrigReport ---------- Module Summary ------------
TrigReport    Visited        Run     Passed     Failed      Error Name
TrigReport       4805       4805       4805          0          0 offlineBeamSpot
TrigReport       4805       4805       4805          0          0 TrackRefitter
TrigReport       4805       4805       4805          0          0 offlinePrimaryVertices
TrigReport       4805       4805       4805          0          0 d0_phi_analyzer
TrigReport       4805       4805       4805          0          0 TriggerResults

TimeReport ---------- Event  Summary ---[sec]----
TimeReport CPU/event = 0.064761 Real/event = 0.065466

TimeReport ---------- Path   Summary ---[sec]----
TimeReport             per event          per path-run 
TimeReport        CPU       Real        CPU       Real Name
TimeReport   0.064703   0.065415   0.064703   0.065415 p
TimeReport        CPU       Real        CPU       Real Name
TimeReport             per event          per path-run 

TimeReport -------End-Path   Summary ---[sec]----
TimeReport             per event       per endpath-run 
TimeReport        CPU       Real        CPU       Real Name
TimeReport        CPU       Real        CPU       Real Name
TimeReport             per event       per endpath-run 

TimeReport ---------- Modules in Path: p ---[sec]----
TimeReport             per event      per module-visit 
TimeReport        CPU       Real        CPU       Real Name
TimeReport   0.000067   0.000078   0.000067   0.000078 offlineBeamSpot
TimeReport   0.053731   0.054359   0.053731   0.054359 TrackRefitter
TimeReport   0.010410   0.010481   0.010410   0.010481 offlinePrimaryVertices
TimeReport   0.000482   0.000484   0.000482   0.000484 d0_phi_analyzer
TimeReport        CPU       Real        CPU       Real Name
TimeReport             per event      per module-visit 
TimeReport        CPU       Real        CPU       Real Name
TimeReport             per event      per module-visit 

TimeReport ---------- Module Summary ---[sec]----
TimeReport             per event        per module-run      per module-visit 
TimeReport        CPU       Real        CPU       Real        CPU       Real Name
TimeReport   0.000067   0.000078   0.000067   0.000078   0.000067   0.000078 offlineBeamSpot
TimeReport   0.053731   0.054359   0.053731   0.054359   0.053731   0.054359 TrackRefitter
TimeReport   0.010410   0.010481   0.010410   0.010481   0.010410   0.010481 offlinePrimaryVertices
TimeReport   0.000482   0.000484   0.000482   0.000484   0.000482   0.000484 d0_phi_analyzer
TimeReport   0.000043   0.000042   0.000043   0.000042   0.000043   0.000042 TriggerResults
TimeReport        CPU       Real        CPU       Real        CPU       Real Name
TimeReport             per event        per module-run      per module-visit 

T---Report end!


=============================================

MessageLogger Summary

 type     category        sev    module        subroutine        count    total
 ---- -------------------- -- ---------------- ----------------  -----    -----
    1 BSFitter             -w BeamSpotAnalyzer                       5        5
    2 fileAction           -s file_close                             1        1
    3 fileAction           -s file_open                              2        2

 type    category    Examples: run/evt        run/evt          run/evt
 ---- -------------------- ---------------- ---------------- ----------------
    1 BSFitter             Run: 195660 Lumi Run: 195660 Lumi Run: 195660 Lumi
    2 fileAction           PostEndRun                        
    3 fileAction           pre-events       pre-events       

Severity    # Occurrences   Total Occurrences
--------    -------------   -----------------
Warning                 5                   5
System                  3                   3
>>> END OF printout of 1949 lines from stdout+stderr
>>> Parse FrameworkJobReport crab_fjr.xml
Result of parsing the FrameworkJobReport crab_fjr.xml: Popularity start
lumisRange : 195660::62-122::1;
lumisParentRange : 
Basename : /store/express/Run2012B/StreamExpress/ALCARECO/TkAlMinBias-v1/000/195/660/
BasenameParent : 
parentFiles : 
inputBlocks : /StreamExpress/Run2012B-TkAlMinBias-v1/ALCARECO#c8ce09c0-b079-11e1-9877-003048caaace
inputFiles : B0EC6125-7AB0-E111-A2A1-001D09F24FEC.root::1::EDM::Local::1;
Popularity stop
Extracted ExitStatus from FrameworkJobReport parsing output: 0
>>> Executable succeded  0
ExeExitCode=0
EXECUTABLE_EXIT_STATUS = 0
>>> current directory /pool/lsf/vimartin/327862954/CMSSW_5_3_3_patch1
>>>  (SOFTWARE_DIR): /pool/lsf/vimartin/327862954/CMSSW_5_3_3_patch1
>>> (WORKING_DIR): 
>>> current directory content:
total 6560
drwxr-xr-x 3 vimartin zh    4096 Nov 14 04:58 .SCRAM
-rw-r--r-- 1 vimartin zh   34051 Nov 14 05:04 BeamFit_Workflow_Data2012_53XRepFinal.txt
-rw-r--r-- 1 vimartin zh 3226438 Nov 14 04:58 CMSSW.py.pkl
drwxr-xr-x 3 vimartin zh    4096 Nov 14 04:58 bin
drwxr-xr-x 3 vimartin zh    4096 Nov 14 04:58 cfipython
drwxr-xr-x 5 vimartin zh    4096 Nov 14 04:58 config
-rw-r--r-- 1 vimartin zh      17 Nov 14 05:04 cpu_timing.txt
drwxr-xr-x 2 vimartin zh    4096 Nov 14 04:58 doc
-rw-r--r-- 1 vimartin zh   59375 Nov 14 05:04 executable.out
drwxr-xr-x 2 vimartin zh    4096 Nov 14 04:58 include
drwxrwxrwx 3 vimartin zh    4096 Nov 12 14:58 lib
drwxr-xr-x 3 vimartin zh    4096 Nov 14 04:58 logs
drwxr-xr-x 3 vimartin zh    4096 Nov 14 04:58 objs
-rw-r--r-- 1 vimartin zh     104 Nov 14 04:59 pset.py
-rw-r--r-- 1 vimartin zh 3219999 Nov 14 04:59 pset.py.pkl
-rw-r--r-- 1 vimartin zh     289 Nov 14 04:59 pset.pyc
drwxr-xr-x 2 vimartin zh    4096 Nov 14 04:58 python
-rw-r--r-- 1 vimartin zh     566 Nov 14 05:04 report.log
drwxrwxrwx 4 vimartin zh    4096 Nov 14 04:58 src
drwxr-xr-x 3 vimartin zh    4096 Nov 14 04:58 test
drwxr-xr-x 3 vimartin zh    4096 Nov 14 04:58 tmp
>>> current directory /pool/lsf/vimartin/327862954/CMSSW_5_3_3_patch1
>>> (SOFTWARE_DIR): /pool/lsf/vimartin/327862954/CMSSW_5_3_3_patch1
>>> (WORKING_DIR): 
>>> current directory content:
total 6520
drwxr-xr-x 3 vimartin zh    4096 Nov 14 04:58 .SCRAM
-rw-r--r-- 1 vimartin zh 3226438 Nov 14 04:58 CMSSW.py.pkl
drwxr-xr-x 3 vimartin zh    4096 Nov 14 04:58 bin
drwxr-xr-x 3 vimartin zh    4096 Nov 14 04:58 cfipython
drwxr-xr-x 5 vimartin zh    4096 Nov 14 04:58 config
-rw-r--r-- 1 vimartin zh      17 Nov 14 05:04 cpu_timing.txt
drwxr-xr-x 2 vimartin zh    4096 Nov 14 04:58 doc
-rw-r--r-- 1 vimartin zh   59375 Nov 14 05:04 executable.out
drwxr-xr-x 2 vimartin zh    4096 Nov 14 04:58 include
drwxrwxrwx 3 vimartin zh    4096 Nov 12 14:58 lib
drwxr-xr-x 3 vimartin zh    4096 Nov 14 04:58 logs
drwxr-xr-x 3 vimartin zh    4096 Nov 14 04:58 objs
-rw-r--r-- 1 vimartin zh     104 Nov 14 04:59 pset.py
-rw-r--r-- 1 vimartin zh 3219999 Nov 14 04:59 pset.py.pkl
-rw-r--r-- 1 vimartin zh     289 Nov 14 04:59 pset.pyc
drwxr-xr-x 2 vimartin zh    4096 Nov 14 04:58 python
-rw-r--r-- 1 vimartin zh     566 Nov 14 05:04 report.log
drwxrwxrwx 4 vimartin zh    4096 Nov 14 04:58 src
drwxr-xr-x 3 vimartin zh    4096 Nov 14 04:58 test
drwxr-xr-x 3 vimartin zh    4096 Nov 14 04:58 tmp
>>> current directory (RUNTIME_AREA):  /pool/lsf/vimartin/327862954
>>> current dir: /pool/lsf/vimartin/327862954
>>> current dir content:
total 5268
-rw-rw-rw-  1 vimartin zh       0 Nov 14 04:58 .lsf.start
-rw-rw--w-  1 vimartin zh       0 Nov 14 04:58 1352854899.327862954.err
-rw-rw--w-  1 vimartin zh   74666 Nov 14 05:05 1352854899.327862954.out
lrwxrwxrwx  1 vimartin zh      78 Nov 14 05:05 BeamFit_Workflow_Data2012_53XRepFinal.txt -> /pool/lsf/vimartin/327862954/BeamFit_Workflow_Data2012_53XRepFinal_2_1_HvG.txt
-rw-r--r--  1 vimartin zh   34051 Nov 14 05:04 BeamFit_Workflow_Data2012_53XRepFinal_2_1_HvG.txt
-rw-rw-rw-  1 vimartin zh     105 Nov 14 02:01 CMSSW.py
-rw-rw-rw-  1 vimartin zh 3226438 Nov 14 02:01 CMSSW.py.pkl
-rwxrw-rw-  1 vimartin zh   22384 Nov 14 04:58 CMSSW.sh
drwxr-xr-x 15 vimartin zh    4096 Nov 14 05:05 CMSSW_5_3_3_patch1
-rw-r--r--  1 vimartin zh    6464 Nov 14 04:58 CacheEnv.sh
-rw-rw-rw-  1 vimartin zh    7291 Jun  9  2010 DashboardAPI.py
-rw-r--r--  1 vimartin zh    6118 Nov 14 04:58 DashboardAPI.pyc
drwxrwxrwx  3 vimartin zh    4096 Oct 25 17:14 IMProv
-rw-rw-rw-  1 vimartin zh    2748 Mar  8  2006 Logger.py
-rw-r--r--  1 vimartin zh    3098 Nov 14 04:58 Logger.pyc
-rw-rw-rw-  1 vimartin zh   24524 Mar 28  2008 ProcInfo.py
-rw-r--r--  1 vimartin zh   22246 Nov 14 04:58 ProcInfo.pyc
drwxrwxrwx  7 vimartin zh    4096 Nov 14 04:59 ProdCommon
drwxrwxrwx  3 vimartin zh    4096 Nov 14 04:58 WMCore
-rw-r--r--  1 vimartin zh    1445 Nov 14 05:04 Watchdog_2.log
-rw-rw-rw-  1 vimartin zh   32895 Mar 28  2008 apmon.py
-rw-r--r--  1 vimartin zh   27395 Nov 14 04:58 apmon.pyc
-rw-rw-rw-  1 vimartin zh    2516 Nov 14 04:58 arguments.xml
-rwxrwxrwx  1 vimartin zh  146024 Jul 27 13:50 cmsRun
-rwxrwxrwx  1 vimartin zh   37427 Sep 13 13:14 cmscp.py
-rw-rw-rw-  1 vimartin zh     547 Nov 14 01:59 crab.cfg
-rwxrwxrwx  1 vimartin zh    9531 Sep 20 20:46 crabWatchdog.sh
-rw-r--r--  1 vimartin zh   12223 Nov 14 05:04 crab_fjr_2.xml
-rw-rw-rw-  1 vimartin zh 1408053 Nov 14 04:58 default.tgz
-rwxrwxrwx  1 vimartin zh    4488 May 12  2012 fillCrabFjr.py
-rw-r--r--  1 vimartin zh     269 Nov 14 04:59 inputsReport.txt
-rw-r--r--  1 vimartin zh     180 Nov 14 05:05 jobreport.txt
-rw-rw-rw-  1 vimartin zh   17352 Jan 20  2012 parseCrabFjr.py
-rw-r--r--  1 vimartin zh     284 Nov 14 04:58 report.log
-rwxrwxrwx  1 vimartin zh    1497 May 27  2009 report.py
-rwxrwxrwx  1 vimartin zh    8387 Mar 23  2011 writeCfg.py
Checking output files:  
will tar file BeamFit_Workflow_Data2012_53XRepFinal_2_1_HvG.txt in  out_files_2
will tar file crab_fjr_2.xml in  out_files_2
WARNING: output file CMSSW_2.stdout not found!
WARNING: output file CMSSW_2.stderr not found!
WARNING: output file Watchdog_2.log.gz not found!
>>> padding time: Wrapper lasting more than 0 seconds. No sleep required.
STOPPING WATCHDOG. CrabWatchdog PID is 8276
********** LAST 50 LINES OF WATCHDOG LOG
# RESOURCE USAGE SUMMARY FOR PROCESS ID  8160
USER       PID %CPU %MEM    VSZ   RSS TTY      STAT START   TIME COMMAND
vimartin  8160  0.7  0.0   9008  1428 ?        SN   04:58   0:00 /bin/sh ./CMSSW.sh 2 1
 
# LIMITS USED BY THIS WATCHDOG:
# RSS  (KBytes)  : 2300000
# VSZ  (KBytes)  : 100000000
# DISK (MBytes)  : 19000
# CPU  (seconds) : 171600
# WALL (seconds) : 171600
 
# FOLLOWING PRINTOUT TRACKS MAXIMUM VALUES OF RESOURCES USE
# ONE LINE IS PRINTED EACH TIME A MAXIMUM CHANGES
# IF CHANGE WAS IN RSS OR VSZ ALSO PROCID AND COMMAND ARE PRINTED
# THERE IS NO PRINTOUT FOR CPU/WALL TIME INCREASE
 
# TIME			PID	RSS(KB)	VSZ(KB)	Dsk(MB)	tCPU(s)	tWALL(s)	COMMAND
 Nov 14 04:59:00 CET	7920	2164	18288	0	0	23	/usr/lsf/etc/res -d /etc -m lxplus433 /pool/spool/1352854899.327862954    
 Nov 14 04:59:00 CET	7952	8752	78768	0	0	22	/usr/bin/perl         
 Nov 14 04:59:00 CET	---	8752	78768	18	----	----	----
 Nov 14 05:00:07 CET	8576	508236	799296	18	56	60	cmsRun -j /pool/lsf/vimartin/327862954/crab_fjr_2.xml -p pset.py     
 Nov 14 05:00:07 CET	---	508236	799296	21	----	----	----
 Nov 14 05:01:13 CET	8576	567472	824900	21	121	126	cmsRun -j /pool/lsf/vimartin/327862954/crab_fjr_2.xml -p pset.py     
 Nov 14 05:03:24 CET	8576	568656	826948	21	252	258	cmsRun -j /pool/lsf/vimartin/327862954/crab_fjr_2.xml -p pset.py     
 Nov 14 05:04:32 CET	8576	569308	827716	21	318	325	cmsRun -j /pool/lsf/vimartin/327862954/crab_fjr_2.xml -p pset.py     
********** WATCHDOG LOG ENDED
ZIPPING WATCHDOG LOG
Disk space used:
du -sh /pool/lsf/vimartin/327862954
21M	/pool/lsf/vimartin/327862954
>>> info for dashboard:
***** Cat /pool/lsf/vimartin/327862954/jobreport.txt *****
MonitorJobID=2_https://CAF:/327862954-vimartin-beamspot-Comm12b-53XRepFinal-special-p89mc4
MonitorID=vimartin_beamspot_Comm12b_53XRepFinal_special_p89mc4
ExeTime=346
ExeExitCode=0
CrabUserCpuTime=308.10
CrabSysCpuTime=30.56
CrabCpuPercentage=97%
CrabWrapperTime=366
CrabStageoutTime=NULL
***** End Cat jobreport *****
Parameters sent to Dashboard.
