@(#)CERN job starter $Date: 2010/06/23 14:22:16 $
Working directory is </pool/lsf/vimartin/327862961> on <lxbrg0201.cern.ch>

This script was generated by crab (version 2.8.3).
Running ./CMSSW.sh with 2 positional parameters: 4 1
Today is Wed Nov 14 04:59:20 CET 2012
Job submitted on host lxbrg0201.cern.ch
Linux lxbrg0201.cern.ch 2.6.18-274.7.1.el5 #1 SMP Mon Oct 24 11:23:38 CEST 2011 x86_64 x86_64 x86_64 GNU/Linux
>>> current directory (RUNTIME_AREA): /pool/lsf/vimartin/327862961
>>> current user: uid=3894(vimartin) gid=1399(zh) groups=1399(zh),1105988275 context=system_u:system_r:initrc_t
>>> voms proxy information:

Couldn't find a valid proxy.

>>> tar xzf /pool/lsf/vimartin/327862961/default.tgz :
Successful untar
chmod: cannot access `/tmp/x509up_u3894': No such file or directory
>>> Include /pool/lsf/vimartin/327862961 in PYTHONPATH:
PYTHONPATH=/pool/lsf/vimartin/327862961/:/afs/cern.ch/cms/ccs/wm/scripts/Crab/CRAB_2_8_3/external/py2-pysqlite/2.6/site-packages:/afs/cern.ch/cms/ccs/wm/scripts/Crab/CRAB_2_8_3/external/DBSAPI:/afs/cern.ch/cms/ccs/wm/scripts/Crab/CRAB_2_8_3/external/DLSAPI/lib::/afs/cern.ch/project/gd/LCG-share/3.2.11-1/glite/lib64//site-packages:/afs/cern.ch/project/gd/LCG-share/3.2.11-1/glite/lib64/python:/afs/cern.ch/project/gd/LCG-share/3.2.11-1/lcg/lib64//site-packages:/afs/cern.ch/project/gd/LCG-share/3.2.11-1/lcg/lib64/python:/afs/cern.ch/cms/ccs/wm/scripts/Crab/CRAB_2_8_3/external/py2-sqlalchemy/0.5.2-cmp7/lib/python2.6/site-packages/:/afs/cern.ch/cms/ccs/wm/scripts/Crab/CRAB_2_8_3/external/pbs_python/4.3.0/lib/python2.6/site-packages/pbs:/afs/cern.ch/cms/ccs/wm/scripts/Crab/CRAB_2_8_3/external/simplejson/2.0.9/lib/python2.4/site-packages:/afs/cern.ch/user/v/vimartin/CMSSW/CMSSW_5_3_3_patch1/python:/afs/cern.ch/user/v/vimartin/CMSSW/CMSSW_5_3_3_patch1/lib/slc5_amd64_gcc462:/afs/cern.ch/cms/slc5_amd64_gcc462/cms/cmssw-patch/CMSSW_5_3_3_patch1/python:/afs/cern.ch/cms/slc5_amd64_gcc462/cms/cmssw-patch/CMSSW_5_3_3_patch1/lib/slc5_amd64_gcc462:/afs/cern.ch/cms/slc5_amd64_gcc462/cms/cmssw/CMSSW_5_3_3/bin/slc5_amd64_gcc462:/afs/cern.ch/cms/slc5_amd64_gcc462/cms/cmssw/CMSSW_5_3_3/lib/slc5_amd64_gcc462:/afs/cern.ch/cms/slc5_amd64_gcc462/cms/coral/CORAL_2_3_21-cms4/slc5_amd64_gcc462/python:/afs/cern.ch/cms/slc5_amd64_gcc462/cms/coral/CORAL_2_3_21-cms4/slc5_amd64_gcc462/lib:/afs/cern.ch/cms/slc5_amd64_gcc462/external/pyqt/4.8.1/lib/python2.6/site-packages:/afs/cern.ch/cms/slc5_amd64_gcc462/external/py2-scipy/0.8.0/lib/python2.6/site-packages:/afs/cern.ch/cms/slc5_amd64_gcc462/external/py2-matplotlib/1.0.1/lib/python2.6/site-packages:/afs/cern.ch/cms/slc5_amd64_gcc462/external/python-ldap/2.3.5/lib/python2.6/site-packages:/afs/cern.ch/cms/slc5_amd64_gcc462/external/sip/4.11.2/lib/python2.6/site-packages:/afs/cern.ch/cms/slc5_amd64_gcc462/external/py2-pycurl/7.19.0/lib/python2.6/site-packages:/afs/cern.ch/cms/slc5_amd64_gcc462/external/py2-numpy/1.6.1/lib/python2.6/site-packages:/afs/cern.ch/cms/slc5_amd64_gcc462/external/py2-ipython/0.10/lib/python2.6/site-packages:/afs/cern.ch/cms/slc5_amd64_gcc462/external/py2-cx-oracle/5.1-cms3/lib/python2.6/site-packages:/afs/cern.ch/cms/slc5_amd64_gcc462/external/py2-cjson/1.0.5/lib/python2.6/site-packages:/afs/cern.ch/cms/slc5_amd64_gcc462/cms/das-client/1.4.1/bin:/afs/cern.ch/cms/slc5_amd64_gcc462/external/elementtree/1.2.6/share/lib/python2.6/site-packages:/afs/cern.ch/cms/slc5_amd64_gcc462/external/rivet/1.5.1-cms3/lib/python2.6/site-packages:/afs/cern.ch/cms/slc5_amd64_gcc462/external/pyminuit2/0.0.1-cms20/lib/python2.6/site-packages:/afs/cern.ch/cms/slc5_amd64_gcc462/external/professor/1.0.0-cms21/lib/python2.6/site-packages:/afs/cern.ch/cms/slc5_amd64_gcc462/lcg/root/5.32.00-cms14/lib:/afs/cern.ch/cms/slc5_amd64_gcc462/cms/dbs-client/DBS_2_1_1_patch1_1/lib:/afs/cern.ch/cms/slc5_amd64_gcc462/cms/dbs-client/DBS_2_1_1_patch1_1/lib/DBSAPI:/afs/cern.ch/cms/ccs/wm/scripts/Crab/CRAB_2_8_3/python:/afs/cern.ch/cms/ccs/wm/scripts/Crab/CRAB_2_8_3/external/DBSAPI:/afs/cern.ch/cms/ccs/wm/scripts/Crab/CRAB_2_8_3/external/DLSAPI/lib:/afs/cern.ch/cms/ccs/wm/scripts/Crab/CRAB_2_8_3/external:/afs/cern.ch/cms/ccs/wm/scripts/Crab/CRAB_2_8_3/external/crablib:/afs/cern.ch/cms/ccs/wm/scripts/Crab/CRAB_2_8_3/external:/afs/cern.ch/project/gd/LCG-share/3.2.11-1/external/opt/fpconst/lib/python2.4/site-packages:/afs/cern.ch/project/gd/LCG-share/3.2.11-1/external/opt/ZSI/lib/python2.4/site-packages:/afs/cern.ch/project/gd/LCG-share/3.2.11-1/glite/lib:/afs/cern.ch/cms/ccs/wm/scripts/Crab/CRAB_2_8_3/python
strip arguments
out_files_4
>>> list of expected files on output sandbox
output files: BeamFit_Workflow_Data2012_53XRepFinal_4_1_gJz.txt crab_fjr_4.xml CMSSW_4.stdout CMSSW_4.stderr Watchdog_4.log.gz
MonitorJobID=4_https://CAF:/327862961-vimartin-beamspot-Comm12b-53XRepFinal-special-p89mc4
SyncGridJobId=https://CAF:/327862961-vimartin-beamspot-Comm12b-53XRepFinal-special-p89mc4
MonitorID=vimartin_beamspot_Comm12b_53XRepFinal_special_p89mc4
SyncCE=caf.cern.ch
>>> info for dashboard:
***** Cat /pool/lsf/vimartin/327862961/jobreport.txt *****
MonitorJobID=4_https://CAF:/327862961-vimartin-beamspot-Comm12b-53XRepFinal-special-p89mc4
SyncGridJobId=https://CAF:/327862961-vimartin-beamspot-Comm12b-53XRepFinal-special-p89mc4
MonitorID=vimartin_beamspot_Comm12b_53XRepFinal_special_p89mc4
SyncCE=caf.cern.ch
***** End Cat jobreport *****
Parameters sent to Dashboard.
----- ENV CAF BEFORE sourcing /afs/cern.ch/cms/caf/setup.sh  -----
CMS_PATH = /afs/cern.ch/cms
STAGE_SVCCLASS = 
STAGER_TRACE = 
----- ENV CAF AFTER sourcing /afs/cern.ch/cms/caf/setup.sh  -----
CMS_PATH = /afs/cern.ch/cms
STAGE_SVCCLASS = 
STAGER_TRACE = 
>>> setup environment
set SCRAM ARCH to slc5_amd64_gcc462
SCRAM_ARCH = slc5_amd64_gcc462
>>> setup CMS LCG environment:
set SCRAM ARCH and BUILD_ARCH to slc5_amd64_gcc462 ###
Sourcing environment... 
sourcing /afs/cern.ch/project/gd/apps/cms/cmsset_default.sh
==> setup cms environment ok
>>> specific cmssw setup environment:
CMSSW_VERSION =  CMSSW_5_3_3_patch1
>>> current directory (SOFTWARE_DIR): /pool/lsf/vimartin/327862961/CMSSW_5_3_3_patch1
PreserveSeeds: <>
IncrementSeeds:<>
{}
WNHostName=lxbrg0201.cern.ch
>>> info for dashboard:
***** Cat /pool/lsf/vimartin/327862961/jobreport.txt *****
MonitorJobID=4_https://CAF:/327862961-vimartin-beamspot-Comm12b-53XRepFinal-special-p89mc4
MonitorID=vimartin_beamspot_Comm12b_53XRepFinal_special_p89mc4
WNHostName=lxbrg0201.cern.ch
***** End Cat jobreport *****
Parameters sent to Dashboard.
crabWatchdog started as process 29676
>>> moving CMSSW software directories in /pool/lsf/vimartin/327862961/CMSSW_5_3_3_patch1
mv: cannot stat `/pool/lsf/vimartin/327862961/module/': No such file or directory
>>> Include /pool/lsf/vimartin/327862961 in PYTHONPATH:
PYTHONPATH=/pool/lsf/vimartin/327862961/:/pool/lsf/vimartin/327862961/CMSSW_5_3_3_patch1/python:/pool/lsf/vimartin/327862961/CMSSW_5_3_3_patch1/lib/slc5_amd64_gcc462:/afs/cern.ch/cms/slc5_amd64_gcc462/cms/cmssw-patch/CMSSW_5_3_3_patch1/python:/afs/cern.ch/cms/slc5_amd64_gcc462/cms/cmssw-patch/CMSSW_5_3_3_patch1/lib/slc5_amd64_gcc462:/afs/cern.ch/cms/slc5_amd64_gcc462/cms/cmssw/CMSSW_5_3_3/bin/slc5_amd64_gcc462:/afs/cern.ch/cms/slc5_amd64_gcc462/cms/cmssw/CMSSW_5_3_3/lib/slc5_amd64_gcc462:/afs/cern.ch/cms/slc5_amd64_gcc462/cms/coral/CORAL_2_3_21-cms4/slc5_amd64_gcc462/python:/afs/cern.ch/cms/slc5_amd64_gcc462/cms/coral/CORAL_2_3_21-cms4/slc5_amd64_gcc462/lib:/afs/cern.ch/cms/slc5_amd64_gcc462/external/pyqt/4.8.1/lib/python2.6/site-packages:/afs/cern.ch/cms/slc5_amd64_gcc462/external/py2-scipy/0.8.0/lib/python2.6/site-packages:/afs/cern.ch/cms/slc5_amd64_gcc462/external/py2-matplotlib/1.0.1/lib/python2.6/site-packages:/afs/cern.ch/cms/slc5_amd64_gcc462/external/python-ldap/2.3.5/lib/python2.6/site-packages:/afs/cern.ch/cms/slc5_amd64_gcc462/external/sip/4.11.2/lib/python2.6/site-packages:/afs/cern.ch/cms/slc5_amd64_gcc462/external/py2-pycurl/7.19.0/lib/python2.6/site-packages:/afs/cern.ch/cms/slc5_amd64_gcc462/external/py2-numpy/1.6.1/lib/python2.6/site-packages:/afs/cern.ch/cms/slc5_amd64_gcc462/external/py2-ipython/0.10/lib/python2.6/site-packages:/afs/cern.ch/cms/slc5_amd64_gcc462/external/py2-cx-oracle/5.1-cms3/lib/python2.6/site-packages:/afs/cern.ch/cms/slc5_amd64_gcc462/external/py2-cjson/1.0.5/lib/python2.6/site-packages:/afs/cern.ch/cms/slc5_amd64_gcc462/cms/das-client/1.4.1/bin:/afs/cern.ch/cms/slc5_amd64_gcc462/external/elementtree/1.2.6/share/lib/python2.6/site-packages:/afs/cern.ch/cms/slc5_amd64_gcc462/external/rivet/1.5.1-cms3/lib/python2.6/site-packages:/afs/cern.ch/cms/slc5_amd64_gcc462/external/pyminuit2/0.0.1-cms20/lib/python2.6/site-packages:/afs/cern.ch/cms/slc5_amd64_gcc462/external/professor/1.0.0-cms21/lib/python2.6/site-packages:/afs/cern.ch/cms/slc5_amd64_gcc462/lcg/root/5.32.00-cms14/lib:/afs/cern.ch/cms/slc5_amd64_gcc462/cms/dbs-client/DBS_2_1_1_patch1_1/lib:/afs/cern.ch/cms/slc5_amd64_gcc462/cms/dbs-client/DBS_2_1_1_patch1_1/lib/DBSAPI:/pool/lsf/vimartin/327862961/:/afs/cern.ch/cms/ccs/wm/scripts/Crab/CRAB_2_8_3/external/py2-pysqlite/2.6/site-packages:/afs/cern.ch/cms/ccs/wm/scripts/Crab/CRAB_2_8_3/external/DBSAPI:/afs/cern.ch/cms/ccs/wm/scripts/Crab/CRAB_2_8_3/external/DLSAPI/lib:/afs/cern.ch/project/gd/LCG-share/3.2.11-1/glite/lib64//site-packages:/afs/cern.ch/project/gd/LCG-share/3.2.11-1/glite/lib64/python:/afs/cern.ch/project/gd/LCG-share/3.2.11-1/lcg/lib64//site-packages:/afs/cern.ch/project/gd/LCG-share/3.2.11-1/lcg/lib64/python:/afs/cern.ch/cms/ccs/wm/scripts/Crab/CRAB_2_8_3/external/py2-sqlalchemy/0.5.2-cmp7/lib/python2.6/site-packages/:/afs/cern.ch/cms/ccs/wm/scripts/Crab/CRAB_2_8_3/external/pbs_python/4.3.0/lib/python2.6/site-packages/pbs:/afs/cern.ch/cms/ccs/wm/scripts/Crab/CRAB_2_8_3/external/simplejson/2.0.9/lib/python2.4/site-packages:/afs/cern.ch/cms/ccs/wm/scripts/Crab/CRAB_2_8_3/python:/afs/cern.ch/cms/ccs/wm/scripts/Crab/CRAB_2_8_3/external/DBSAPI:/afs/cern.ch/cms/ccs/wm/scripts/Crab/CRAB_2_8_3/external/DLSAPI/lib:/afs/cern.ch/cms/ccs/wm/scripts/Crab/CRAB_2_8_3/external:/afs/cern.ch/cms/ccs/wm/scripts/Crab/CRAB_2_8_3/external/crablib:/afs/cern.ch/cms/ccs/wm/scripts/Crab/CRAB_2_8_3/external:/afs/cern.ch/project/gd/LCG-share/3.2.11-1/external/opt/fpconst/lib/python2.4/site-packages:/afs/cern.ch/project/gd/LCG-share/3.2.11-1/external/opt/ZSI/lib/python2.4/site-packages:/afs/cern.ch/project/gd/LCG-share/3.2.11-1/glite/lib:/afs/cern.ch/cms/ccs/wm/scripts/Crab/CRAB_2_8_3/python
fefc71e17f1fc905c56db43aeb33b072
PSETHASH = fefc71e17f1fc905c56db43aeb33b072
/pool/lsf/vimartin/327862961/writeCfg.py pset.py pset.py
Importing .py file
Setting parameters
inputBlocks=/StreamExpress/Run2012B-TkAlMinBias-v1/ALCARECO#c8ce09c0-b079-11e1-9877-003048caaace
inputFiles=/store/express/Run2012B/StreamExpress/ALCARECO/TkAlMinBias-v1/000/195/660/8407F6E2-7AB0-E111-9B5A-003048D374F2.root;/store/express/Run2012B/StreamExpress/ALCARECO/TkAlMinBias-v1/000/195/660/129F1026-7AB0-E111-BE03-001D09F2525D.root;/store/express/Run2012B/StreamExpress/ALCARECO/TkAlMinBias-v1/000/195/660/36E82BE3-7AB0-E111-9836-00237DDC5CB0.root
parentFiles=
lumisRange=195660:153-195660:193
>>> Executable cmsRun
/afs/cern.ch/cms/slc5_amd64_gcc462/cms/cmssw/CMSSW_5_3_3/bin/slc5_amd64_gcc462/cmsRun
ok executable found
>>> info for dashboard:
***** Cat /pool/lsf/vimartin/327862961/jobreport.txt *****
MonitorJobID=4_https://CAF:/327862961-vimartin-beamspot-Comm12b-53XRepFinal-special-p89mc4
MonitorID=vimartin_beamspot_Comm12b_53XRepFinal_special_p89mc4
ExeStart=cmsRun
***** End Cat jobreport *****
Parameters sent to Dashboard.
>>> cmsRun started at Wed Nov 14 03:59:37 UTC 2012
>>> cmsRun ended at Wed Nov 14 04:03:02 UTC 2012
>>> info for dashboard:
***** Cat /pool/lsf/vimartin/327862961/jobreport.txt *****
MonitorJobID=4_https://CAF:/327862961-vimartin-beamspot-Comm12b-53XRepFinal-special-p89mc4
MonitorID=vimartin_beamspot_Comm12b_53XRepFinal_special_p89mc4
ExeEnd=cmsRun
***** End Cat jobreport *****
Parameters sent to Dashboard.
TIME_EXE = 205 sec
>>> cmsRun wrote 1371 lines of stdout+stderr
>>> START OF printout of 1371 lines from stdout+stderr
14-Nov-2012 04:59:52 CET  Initiating request to open file root://eoscms//eos/cms/store/express/Run2012B/StreamExpress/ALCARECO/TkAlMinBias-v1/000/195/660/8407F6E2-7AB0-E111-9B5A-003048D374F2.root
121114 04:59:52 30028 Xrd: GoToAnotherServer: Going to: lxfsrg19a04.cern.ch:1095
14-Nov-2012 04:59:53 CET  Successfully opened file root://eoscms//eos/cms/store/express/Run2012B/StreamExpress/ALCARECO/TkAlMinBias-v1/000/195/660/8407F6E2-7AB0-E111-9B5A-003048D374F2.root
Begin processing the 1st record. Run 195660, Event 14296919, LumiSection 153 at 14-Nov-2012 04:59:53.859 CET
14-Nov-2012 05:01:12 CET  Closed file root://eoscms//eos/cms/store/express/Run2012B/StreamExpress/ALCARECO/TkAlMinBias-v1/000/195/660/8407F6E2-7AB0-E111-9B5A-003048D374F2.root
14-Nov-2012 05:01:12 CET  Initiating request to open file root://eoscms//eos/cms/store/express/Run2012B/StreamExpress/ALCARECO/TkAlMinBias-v1/000/195/660/129F1026-7AB0-E111-BE03-001D09F2525D.root
121114 05:01:12 30028 Xrd: GoToAnotherServer: Going to: lxfsre11a03.cern.ch:1095
14-Nov-2012 05:01:12 CET  Successfully opened file root://eoscms//eos/cms/store/express/Run2012B/StreamExpress/ALCARECO/TkAlMinBias-v1/000/195/660/129F1026-7AB0-E111-BE03-001D09F2525D.root
for lumis 153 - -1
number of selected tracks = 2701
number of selected PVs = 204

 RESULTS OF DEFAULT FIT 
 for runs: 195660 - 195660
 for lumi blocks : 153 - 153
 lumi counter # 1
-----------------------------------------------------
              Beam Spot Data

 Beam type    = 2
       X0     = 0.072048 +/- 0.000227779 [cm]
       Y0     = 0.0624599 +/- 0.000227344 [cm]
       Z0     = -0.828345 +/- 0.34772 [cm]
 Sigma Z0     = 4.96654 +/- 0.245859 [cm]
 dxdz         = 9.70827e-05 +/- 4.39111e-05 [radians]
 dydz         = 9.5255e-05 +/- 4.39813e-05 [radians]
 Beam width X = 0.00191465 +/- 0.000311286 [cm]
 Beam width Y = 0.00141357 +/- 0.000311286 [cm]
 EmittanceX   = 0 [cm]
 EmittanceY   = 0 [cm]
 beta-star    = 0 [cm]
-----------------------------------------------------


[BeamFitter] fit done. 

Total number of tracks accumulated = 2701
Reset track collection for beam fit
for lumis 154 - 153
number of selected tracks = 276
number of selected PVs = 18
%MSG-w PVFitter:  BeamSpotAnalyzer:d0_phi_analyzer@endLumi  14-Nov-2012 05:01:14 CET Run: 195660 Lumi: 154
3D beam spot fit failed in 3rd iteration
%MSG

 Empty Beam spot fit
 for runs: 195660 - 195660
 for lumi blocks : 154 - 154
 lumi counter # 1
-----------------------------------------------------
              Beam Spot Data

 Beam type    = 0
       X0     = 0 +/- 0 [cm]
       Y0     = 0 +/- 0 [cm]
       Z0     = 0 +/- 0 [cm]
 Sigma Z0     = 0 +/- 0 [cm]
 dxdz         = 0 +/- 0 [radians]
 dydz         = 0 +/- 0 [radians]
 Beam width X = 0 +/- 0 [cm]
 Beam width Y = 0 +/- 0 [cm]
 EmittanceX   = 0 [cm]
 EmittanceY   = 0 [cm]
 beta-star    = 0 [cm]
-----------------------------------------------------


[BeamFitter] fit failed 

Total number of tracks accumulated = 276
Reset track collection for beam fit
for lumis 155 - 154
number of selected tracks = 0
number of selected PVs = 0

 Empty Beam spot fit
 for runs: 195660 - 195660
 for lumi blocks : 155 - 155
 lumi counter # 1
-----------------------------------------------------
              Beam Spot Data

 Beam type    = 0
       X0     = 0 +/- 0 [cm]
       Y0     = 0 +/- 0 [cm]
       Z0     = 0 +/- 0 [cm]
 Sigma Z0     = 0 +/- 0 [cm]
 dxdz         = 0 +/- 0 [radians]
 dydz         = 0 +/- 0 [radians]
 Beam width X = 0 +/- 0 [cm]
 Beam width Y = 0 +/- 0 [cm]
 EmittanceX   = 0 [cm]
 EmittanceY   = 0 [cm]
 beta-star    = 0 [cm]
-----------------------------------------------------


[BeamFitter] fit failed 

Total number of tracks accumulated = 0
Reset track collection for beam fit
for lumis 156 - 155
number of selected tracks = 16
number of selected PVs = 1
%MSG-w BSFitter:  BeamSpotAnalyzer:d0_phi_analyzer@endLumi  14-Nov-2012 05:01:14 CET Run: 195660 Lumi: 156
need at least 50 tracks to run beamline fitter.
%MSG

 Empty Beam spot fit
 for runs: 195660 - 195660
 for lumi blocks : 156 - 156
 lumi counter # 1
-----------------------------------------------------
              Beam Spot Data

 Beam type    = 0
       X0     = 0 +/- 0 [cm]
       Y0     = 0 +/- 0 [cm]
       Z0     = 0 +/- 0 [cm]
 Sigma Z0     = 0 +/- 0 [cm]
 dxdz         = 0 +/- 0 [radians]
 dydz         = 0 +/- 0 [radians]
 Beam width X = 0 +/- 0 [cm]
 Beam width Y = 0 +/- 0 [cm]
 EmittanceX   = 0 [cm]
 EmittanceY   = 0 [cm]
 beta-star    = 0 [cm]
-----------------------------------------------------


[BeamFitter] fit failed 

Total number of tracks accumulated = 16
Reset track collection for beam fit
for lumis 157 - 156
number of selected tracks = 6
number of selected PVs = 0
%MSG-w BSFitter:  BeamSpotAnalyzer:d0_phi_analyzer@endLumi  14-Nov-2012 05:01:14 CET Run: 195660 Lumi: 157
need at least 50 tracks to run beamline fitter.
%MSG

 Empty Beam spot fit
 for runs: 195660 - 195660
 for lumi blocks : 157 - 157
 lumi counter # 1
-----------------------------------------------------
              Beam Spot Data

 Beam type    = 0
       X0     = 0 +/- 0 [cm]
       Y0     = 0 +/- 0 [cm]
       Z0     = 0 +/- 0 [cm]
 Sigma Z0     = 0 +/- 0 [cm]
 dxdz         = 0 +/- 0 [radians]
 dydz         = 0 +/- 0 [radians]
 Beam width X = 0 +/- 0 [cm]
 Beam width Y = 0 +/- 0 [cm]
 EmittanceX   = 0 [cm]
 EmittanceY   = 0 [cm]
 beta-star    = 0 [cm]
-----------------------------------------------------


[BeamFitter] fit failed 

Total number of tracks accumulated = 6
Reset track collection for beam fit
for lumis 158 - 157
number of selected tracks = 42
number of selected PVs = 2
%MSG-w BSFitter:  BeamSpotAnalyzer:d0_phi_analyzer@endLumi  14-Nov-2012 05:01:14 CET Run: 195660 Lumi: 158
need at least 50 tracks to run beamline fitter.
%MSG

 Empty Beam spot fit
 for runs: 195660 - 195660
 for lumi blocks : 158 - 158
 lumi counter # 1
-----------------------------------------------------
              Beam Spot Data

 Beam type    = 0
       X0     = 0 +/- 0 [cm]
       Y0     = 0 +/- 0 [cm]
       Z0     = 0 +/- 0 [cm]
 Sigma Z0     = 0 +/- 0 [cm]
 dxdz         = 0 +/- 0 [radians]
 dydz         = 0 +/- 0 [radians]
 Beam width X = 0 +/- 0 [cm]
 Beam width Y = 0 +/- 0 [cm]
 EmittanceX   = 0 [cm]
 EmittanceY   = 0 [cm]
 beta-star    = 0 [cm]
-----------------------------------------------------


[BeamFitter] fit failed 

Total number of tracks accumulated = 42
Reset track collection for beam fit
14-Nov-2012 05:01:15 CET  Closed file root://eoscms//eos/cms/store/express/Run2012B/StreamExpress/ALCARECO/TkAlMinBias-v1/000/195/660/129F1026-7AB0-E111-BE03-001D09F2525D.root
14-Nov-2012 05:01:15 CET  Initiating request to open file root://eoscms//eos/cms/store/express/Run2012B/StreamExpress/ALCARECO/TkAlMinBias-v1/000/195/660/36E82BE3-7AB0-E111-9836-00237DDC5CB0.root
121114 05:01:15 30028 Xrd: GoToAnotherServer: Going to: lxfsre42c02.cern.ch:1095
14-Nov-2012 05:01:15 CET  Successfully opened file root://eoscms//eos/cms/store/express/Run2012B/StreamExpress/ALCARECO/TkAlMinBias-v1/000/195/660/36E82BE3-7AB0-E111-9836-00237DDC5CB0.root
for lumis 159 - 158
number of selected tracks = 47
number of selected PVs = 2
%MSG-w BSFitter:  BeamSpotAnalyzer:d0_phi_analyzer@endLumi  14-Nov-2012 05:01:15 CET Run: 195660 Lumi: 159
need at least 50 tracks to run beamline fitter.
%MSG

 Empty Beam spot fit
 for runs: 195660 - 195660
 for lumi blocks : 159 - 159
 lumi counter # 1
-----------------------------------------------------
              Beam Spot Data

 Beam type    = 0
       X0     = 0 +/- 0 [cm]
       Y0     = 0 +/- 0 [cm]
       Z0     = 0 +/- 0 [cm]
 Sigma Z0     = 0 +/- 0 [cm]
 dxdz         = 0 +/- 0 [radians]
 dydz         = 0 +/- 0 [radians]
 Beam width X = 0 +/- 0 [cm]
 Beam width Y = 0 +/- 0 [cm]
 EmittanceX   = 0 [cm]
 EmittanceY   = 0 [cm]
 beta-star    = 0 [cm]
-----------------------------------------------------


[BeamFitter] fit failed 

Total number of tracks accumulated = 47
Reset track collection for beam fit
for lumis 160 - 159
number of selected tracks = 76
number of selected PVs = 8

 Empty Beam spot fit
 for runs: 195660 - 195660
 for lumi blocks : 160 - 160
 lumi counter # 1
-----------------------------------------------------
              Beam Spot Data

 Beam type    = 0
       X0     = 0 +/- 0 [cm]
       Y0     = 0 +/- 0 [cm]
       Z0     = 0 +/- 0 [cm]
 Sigma Z0     = 0 +/- 0 [cm]
 dxdz         = 0 +/- 0 [radians]
 dydz         = 0 +/- 0 [radians]
 Beam width X = 0 +/- 0 [cm]
 Beam width Y = 0 +/- 0 [cm]
 EmittanceX   = 0 [cm]
 EmittanceY   = 0 [cm]
 beta-star    = 0 [cm]
-----------------------------------------------------


[BeamFitter] fit failed 

Total number of tracks accumulated = 76
Reset track collection for beam fit
for lumis 161 - 160
number of selected tracks = 174
number of selected PVs = 15

 RESULTS OF DEFAULT FIT 
 for runs: 195660 - 195660
 for lumi blocks : 161 - 161
 lumi counter # 1
-----------------------------------------------------
              Beam Spot Data

 Beam type    = 2
       X0     = 0.0719126 +/- 0.00126885 [cm]
       Y0     = 0.0612681 +/- 0.00170559 [cm]
       Z0     = -5.72323 +/- 1.27469 [cm]
 Sigma Z0     = 4.93838 +/- 0.900363 [cm]
 dxdz         = 0.000176236 +/- 0.000177041 [radians]
 dydz         = -0.000233747 +/- 0.000185929 [radians]
 Beam width X = 0.00187073 +/- 0.000836623 [cm]
 Beam width Y = 0.00253107 +/- 0.000836623 [cm]
 EmittanceX   = 0 [cm]
 EmittanceY   = 0 [cm]
 beta-star    = 0 [cm]
-----------------------------------------------------


[BeamFitter] fit done. 

Total number of tracks accumulated = 174
Reset track collection for beam fit
for lumis 162 - 161
number of selected tracks = 240
number of selected PVs = 20

 RESULTS OF DEFAULT FIT 
 for runs: 195660 - 195660
 for lumi blocks : 162 - 162
 lumi counter # 1
-----------------------------------------------------
              Beam Spot Data

 Beam type    = 2
       X0     = 0.0706076 +/- 0.00134697 [cm]
       Y0     = 0.0649922 +/- 0.00147264 [cm]
       Z0     = -6.21377 +/- 1.16177 [cm]
 Sigma Z0     = 4.64827 +/- 0.820947 [cm]
 dxdz         = 0.000397773 +/- 0.000148565 [radians]
 dydz         = 0.000184773 +/- 0.000145025 [radians]
 Beam width X = 0.00231242 +/- 0.00106733 [cm]
 Beam width Y = 0.000702181 +/- 0.00106733 [cm]
 EmittanceX   = 0 [cm]
 EmittanceY   = 0 [cm]
 beta-star    = 0 [cm]
-----------------------------------------------------


[BeamFitter] fit done. 

Total number of tracks accumulated = 240
Reset track collection for beam fit
for lumis 163 - 162
number of selected tracks = 332
number of selected PVs = 22

 RESULTS OF DEFAULT FIT 
 for runs: 195660 - 195660
 for lumi blocks : 163 - 163
 lumi counter # 1
-----------------------------------------------------
              Beam Spot Data

 Beam type    = 2
       X0     = 0.0706703 +/- 0.00104719 [cm]
       Y0     = 0.0633162 +/- 0.00110629 [cm]
       Z0     = -6.32469 +/- 1.00689 [cm]
 Sigma Z0     = 4.50381 +/- 0.734957 [cm]
 dxdz         = -0.000235497 +/- 0.000120238 [radians]
 dydz         = -0.000213418 +/- 0.000123495 [radians]
 Beam width X = 0.000100074 +/- 0.036311 [cm]
 Beam width Y = 0.000100001 +/- 0.036311 [cm]
 EmittanceX   = 0 [cm]
 EmittanceY   = 0 [cm]
 beta-star    = 0 [cm]
-----------------------------------------------------


[BeamFitter] fit done. 

Total number of tracks accumulated = 332
Reset track collection for beam fit
for lumis 164 - 163
number of selected tracks = 475
number of selected PVs = 37

 RESULTS OF DEFAULT FIT 
 for runs: 195660 - 195660
 for lumi blocks : 164 - 164
 lumi counter # 1
-----------------------------------------------------
              Beam Spot Data

 Beam type    = 2
       X0     = 0.0720409 +/- 0.000713221 [cm]
       Y0     = 0.0629866 +/- 0.000899145 [cm]
       Z0     = -5.96999 +/- 0.853502 [cm]
 Sigma Z0     = 5.19238 +/- 0.603225 [cm]
 dxdz         = 0.000154867 +/- 8.43273e-05 [radians]
 dydz         = -0.000345812 +/- 0.000128136 [radians]
 Beam width X = 0.0013595 +/- 0.000656359 [cm]
 Beam width Y = 0.00146735 +/- 0.000656359 [cm]
 EmittanceX   = 0 [cm]
 EmittanceY   = 0 [cm]
 beta-star    = 0 [cm]
-----------------------------------------------------


[BeamFitter] fit done. 

Total number of tracks accumulated = 475
Reset track collection for beam fit
for lumis 165 - 164
number of selected tracks = 922
number of selected PVs = 63

 RESULTS OF DEFAULT FIT 
 for runs: 195660 - 195660
 for lumi blocks : 165 - 165
 lumi counter # 1
-----------------------------------------------------
              Beam Spot Data

 Beam type    = 2
       X0     = 0.0723656 +/- 0.000607656 [cm]
       Y0     = 0.0631088 +/- 0.000637491 [cm]
       Z0     = -5.63833 +/- 0.641135 [cm]
 Sigma Z0     = 5.0892 +/- 0.453317 [cm]
 dxdz         = 0.000330543 +/- 7.78866e-05 [radians]
 dydz         = -7.10578e-05 +/- 8.03009e-05 [radians]
 Beam width X = 0.00124017 +/- 0.000595689 [cm]
 Beam width Y = 0.00150626 +/- 0.000595689 [cm]
 EmittanceX   = 0 [cm]
 EmittanceY   = 0 [cm]
 beta-star    = 0 [cm]
-----------------------------------------------------


[BeamFitter] fit done. 

Total number of tracks accumulated = 922
Reset track collection for beam fit
for lumis 166 - 165
number of selected tracks = 874
number of selected PVs = 59

 RESULTS OF DEFAULT FIT 
 for runs: 195660 - 195660
 for lumi blocks : 166 - 166
 lumi counter # 1
-----------------------------------------------------
              Beam Spot Data

 Beam type    = 2
       X0     = 0.0719548 +/- 0.000569201 [cm]
       Y0     = 0.0629406 +/- 0.000525768 [cm]
       Z0     = -5.12583 +/- 0.616819 [cm]
 Sigma Z0     = 4.73822 +/- 0.435928 [cm]
 dxdz         = -4.58114e-05 +/- 8.52441e-05 [radians]
 dydz         = -8.32184e-05 +/- 8.14138e-05 [radians]
 Beam width X = 0.00203818 +/- 0.000547968 [cm]
 Beam width Y = 0.00152221 +/- 0.000547968 [cm]
 EmittanceX   = 0 [cm]
 EmittanceY   = 0 [cm]
 beta-star    = 0 [cm]
-----------------------------------------------------


[BeamFitter] fit done. 

Total number of tracks accumulated = 874
Reset track collection for beam fit
for lumis 167 - 166
number of selected tracks = 1094
number of selected PVs = 84

 RESULTS OF DEFAULT FIT 
 for runs: 195660 - 195660
 for lumi blocks : 167 - 167
 lumi counter # 1
-----------------------------------------------------
              Beam Spot Data

 Beam type    = 2
       X0     = 0.071347 +/- 0.000498124 [cm]
       Y0     = 0.0624124 +/- 0.00049592 [cm]
       Z0     = -3.64342 +/- 0.520553 [cm]
 Sigma Z0     = 4.77118 +/- 0.368016 [cm]
 dxdz         = 3.93635e-05 +/- 8.05352e-05 [radians]
 dydz         = -0.000113708 +/- 7.75604e-05 [radians]
 Beam width X = 0.00276856 +/- 0.00048864 [cm]
 Beam width Y = 0.00190691 +/- 0.00048864 [cm]
 EmittanceX   = 0 [cm]
 EmittanceY   = 0 [cm]
 beta-star    = 0 [cm]
-----------------------------------------------------


[BeamFitter] fit done. 

Total number of tracks accumulated = 1094
Reset track collection for beam fit
for lumis 168 - 167
number of selected tracks = 1098
number of selected PVs = 83

 RESULTS OF DEFAULT FIT 
 for runs: 195660 - 195660
 for lumi blocks : 168 - 168
 lumi counter # 1
-----------------------------------------------------
              Beam Spot Data

 Beam type    = 2
       X0     = 0.0727312 +/- 0.000412936 [cm]
       Y0     = 0.0616881 +/- 0.000414662 [cm]
       Z0     = -3.43798 +/- 0.563558 [cm]
 Sigma Z0     = 5.13455 +/- 0.398525 [cm]
 dxdz         = 0.000207208 +/- 6.6568e-05 [radians]
 dydz         = -7.60413e-05 +/- 6.79884e-05 [radians]
 Beam width X = 0.00160114 +/- 0.000518259 [cm]
 Beam width Y = 0.000700145 +/- 0.000518259 [cm]
 EmittanceX   = 0 [cm]
 EmittanceY   = 0 [cm]
 beta-star    = 0 [cm]
-----------------------------------------------------


[BeamFitter] fit done. 

Total number of tracks accumulated = 1098
Reset track collection for beam fit
for lumis 169 - 168
number of selected tracks = 1884
number of selected PVs = 132

 RESULTS OF DEFAULT FIT 
 for runs: 195660 - 195660
 for lumi blocks : 169 - 169
 lumi counter # 1
-----------------------------------------------------
              Beam Spot Data

 Beam type    = 2
       X0     = 0.072877 +/- 0.000318431 [cm]
       Y0     = 0.062397 +/- 0.000320261 [cm]
       Z0     = -2.7093 +/- 0.411165 [cm]
 Sigma Z0     = 4.72405 +/- 0.290719 [cm]
 dxdz         = 3.82234e-05 +/- 5.70491e-05 [radians]
 dydz         = -2.90916e-05 +/- 5.64458e-05 [radians]
 Beam width X = 0.00151906 +/- 0.000411628 [cm]
 Beam width Y = 0.00224073 +/- 0.000411628 [cm]
 EmittanceX   = 0 [cm]
 EmittanceY   = 0 [cm]
 beta-star    = 0 [cm]
-----------------------------------------------------


[BeamFitter] fit done. 

Total number of tracks accumulated = 1884
Reset track collection for beam fit
for lumis 170 - 169
number of selected tracks = 2259
number of selected PVs = 171

 RESULTS OF DEFAULT FIT 
 for runs: 195660 - 195660
 for lumi blocks : 170 - 170
 lumi counter # 1
-----------------------------------------------------
              Beam Spot Data

 Beam type    = 2
       X0     = 0.0724162 +/- 0.000278193 [cm]
       Y0     = 0.0626076 +/- 0.000279416 [cm]
       Z0     = -3.05846 +/- 0.412849 [cm]
 Sigma Z0     = 5.39885 +/- 0.291896 [cm]
 dxdz         = 0.000233437 +/- 4.53277e-05 [radians]
 dydz         = -6.62457e-05 +/- 4.54147e-05 [radians]
 Beam width X = 0.00214822 +/- 0.000304991 [cm]
 Beam width Y = 0.00089156 +/- 0.000304991 [cm]
 EmittanceX   = 0 [cm]
 EmittanceY   = 0 [cm]
 beta-star    = 0 [cm]
-----------------------------------------------------


[BeamFitter] fit done. 

Total number of tracks accumulated = 2259
Reset track collection for beam fit
for lumis 171 - 170
number of selected tracks = 2707
number of selected PVs = 192

 RESULTS OF DEFAULT FIT 
 for runs: 195660 - 195660
 for lumi blocks : 171 - 171
 lumi counter # 1
-----------------------------------------------------
              Beam Spot Data

 Beam type    = 2
       X0     = 0.0711737 +/- 0.000243576 [cm]
       Y0     = 0.063175 +/- 0.000237267 [cm]
       Z0     = -2.10436 +/- 0.325641 [cm]
 Sigma Z0     = 4.51229 +/- 0.230253 [cm]
 dxdz         = -0.000174542 +/- 4.5441e-05 [radians]
 dydz         = -0.000130183 +/- 4.58816e-05 [radians]
 Beam width X = 0.00160269 +/- 0.000298775 [cm]
 Beam width Y = 0.00139061 +/- 0.000298775 [cm]
 EmittanceX   = 0 [cm]
 EmittanceY   = 0 [cm]
 beta-star    = 0 [cm]
-----------------------------------------------------


[BeamFitter] fit done. 

Total number of tracks accumulated = 2707
Reset track collection for beam fit
for lumis 172 - 171
number of selected tracks = 2239
number of selected PVs = 180

 RESULTS OF DEFAULT FIT 
 for runs: 195660 - 195660
 for lumi blocks : 172 - 172
 lumi counter # 1
-----------------------------------------------------
              Beam Spot Data

 Beam type    = 2
       X0     = 0.0719825 +/- 0.000256296 [cm]
       Y0     = 0.0630195 +/- 0.000271518 [cm]
       Z0     = -1.81579 +/- 0.378346 [cm]
 Sigma Z0     = 5.07616 +/- 0.267493 [cm]
 dxdz         = 0.000141039 +/- 4.47018e-05 [radians]
 dydz         = -3.65579e-05 +/- 5.18052e-05 [radians]
 Beam width X = 0.00179619 +/- 0.00033202 [cm]
 Beam width Y = 0.00168043 +/- 0.00033202 [cm]
 EmittanceX   = 0 [cm]
 EmittanceY   = 0 [cm]
 beta-star    = 0 [cm]
-----------------------------------------------------


[BeamFitter] fit done. 

Total number of tracks accumulated = 2239
Reset track collection for beam fit
for lumis 173 - 172
number of selected tracks = 2835
number of selected PVs = 214

 RESULTS OF DEFAULT FIT 
 for runs: 195660 - 195660
 for lumi blocks : 173 - 173
 lumi counter # 1
-----------------------------------------------------
              Beam Spot Data

 Beam type    = 2
       X0     = 0.071962 +/- 0.000215322 [cm]
       Y0     = 0.0626107 +/- 0.000212434 [cm]
       Z0     = -0.666212 +/- 0.333063 [cm]
 Sigma Z0     = 4.87238 +/- 0.235489 [cm]
 dxdz         = 2.41662e-05 +/- 4.24758e-05 [radians]
 dydz         = -9.29554e-05 +/- 4.4516e-05 [radians]
 Beam width X = 0.000842787 +/- 0.000405571 [cm]
 Beam width Y = 0.00122481 +/- 0.000405571 [cm]
 EmittanceX   = 0 [cm]
 EmittanceY   = 0 [cm]
 beta-star    = 0 [cm]
-----------------------------------------------------


[BeamFitter] fit done. 

Total number of tracks accumulated = 2835
Reset track collection for beam fit
for lumis 174 - 173
number of selected tracks = 2405
number of selected PVs = 182

 RESULTS OF DEFAULT FIT 
 for runs: 195660 - 195660
 for lumi blocks : 174 - 174
 lumi counter # 1
-----------------------------------------------------
              Beam Spot Data

 Beam type    = 2
       X0     = 0.0722793 +/- 0.000237711 [cm]
       Y0     = 0.0624212 +/- 0.000239907 [cm]
       Z0     = -0.854591 +/- 0.392369 [cm]
 Sigma Z0     = 4.85816 +/- 0.276959 [cm]
 dxdz         = 0.000144081 +/- 4.72862e-05 [radians]
 dydz         = 9.19996e-06 +/- 4.68717e-05 [radians]
 Beam width X = 0.00144178 +/- 0.000404176 [cm]
 Beam width Y = 0.0001 +/- 0.000404176 [cm]
 EmittanceX   = 0 [cm]
 EmittanceY   = 0 [cm]
 beta-star    = 0 [cm]
-----------------------------------------------------


[BeamFitter] fit done. 

Total number of tracks accumulated = 2405
Reset track collection for beam fit
for lumis 175 - 174
number of selected tracks = 2486
number of selected PVs = 192

 RESULTS OF DEFAULT FIT 
 for runs: 195660 - 195660
 for lumi blocks : 175 - 175
 lumi counter # 1
-----------------------------------------------------
              Beam Spot Data

 Beam type    = 2
       X0     = 0.0722884 +/- 0.000235006 [cm]
       Y0     = 0.062698 +/- 0.000233393 [cm]
       Z0     = -0.179513 +/- 0.34019 [cm]
 Sigma Z0     = 4.7139 +/- 0.24051 [cm]
 dxdz         = 0.000132498 +/- 4.94886e-05 [radians]
 dydz         = -1.4098e-06 +/- 4.97141e-05 [radians]
 Beam width X = 0.00223287 +/- 0.000288958 [cm]
 Beam width Y = 0.00145663 +/- 0.000288958 [cm]
 EmittanceX   = 0 [cm]
 EmittanceY   = 0 [cm]
 beta-star    = 0 [cm]
-----------------------------------------------------


[BeamFitter] fit done. 

Total number of tracks accumulated = 2486
Reset track collection for beam fit
for lumis 176 - 175
number of selected tracks = 2040
number of selected PVs = 158

 RESULTS OF DEFAULT FIT 
 for runs: 195660 - 195660
 for lumi blocks : 176 - 176
 lumi counter # 1
-----------------------------------------------------
              Beam Spot Data

 Beam type    = 2
       X0     = 0.0714972 +/- 0.000259898 [cm]
       Y0     = 0.0624239 +/- 0.000266683 [cm]
       Z0     = 0.741649 +/- 0.389901 [cm]
 Sigma Z0     = 4.9011 +/- 0.275673 [cm]
 dxdz         = -8.42891e-05 +/- 4.87093e-05 [radians]
 dydz         = -3.51595e-05 +/- 4.8459e-05 [radians]
 Beam width X = 0.00215205 +/- 0.000347235 [cm]
 Beam width Y = 0.00169242 +/- 0.000347235 [cm]
 EmittanceX   = 0 [cm]
 EmittanceY   = 0 [cm]
 beta-star    = 0 [cm]
-----------------------------------------------------


[BeamFitter] fit done. 

Total number of tracks accumulated = 2040
Reset track collection for beam fit
for lumis 177 - 176
number of selected tracks = 1754
number of selected PVs = 136

 RESULTS OF DEFAULT FIT 
 for runs: 195660 - 195660
 for lumi blocks : 177 - 177
 lumi counter # 1
-----------------------------------------------------
              Beam Spot Data

 Beam type    = 2
       X0     = 0.0721648 +/- 0.000293639 [cm]
       Y0     = 0.0627414 +/- 0.000291385 [cm]
       Z0     = 1.02181 +/- 0.458744 [cm]
 Sigma Z0     = 5.35003 +/- 0.324344 [cm]
 dxdz         = 0.000102232 +/- 5.51291e-05 [radians]
 dydz         = -0.000122741 +/- 5.3605e-05 [radians]
 Beam width X = 0.00161413 +/- 0.000411234 [cm]
 Beam width Y = 0.00221162 +/- 0.000411234 [cm]
 EmittanceX   = 0 [cm]
 EmittanceY   = 0 [cm]
 beta-star    = 0 [cm]
-----------------------------------------------------


[BeamFitter] fit done. 

Total number of tracks accumulated = 1754
Reset track collection for beam fit
for lumis 178 - 177
number of selected tracks = 1743
number of selected PVs = 128

 RESULTS OF DEFAULT FIT 
 for runs: 195660 - 195660
 for lumi blocks : 178 - 178
 lumi counter # 1
-----------------------------------------------------
              Beam Spot Data

 Beam type    = 2
       X0     = 0.0729595 +/- 0.000297443 [cm]
       Y0     = 0.0617359 +/- 0.000303405 [cm]
       Z0     = 1.94669 +/- 0.438176 [cm]
 Sigma Z0     = 4.95758 +/- 0.309806 [cm]
 dxdz         = 0.000181402 +/- 5.01913e-05 [radians]
 dydz         = -1.3952e-05 +/- 5.58656e-05 [radians]
 Beam width X = 0.00110362 +/- 0.00049006 [cm]
 Beam width Y = 0.00166858 +/- 0.00049006 [cm]
 EmittanceX   = 0 [cm]
 EmittanceY   = 0 [cm]
 beta-star    = 0 [cm]
-----------------------------------------------------


[BeamFitter] fit done. 

Total number of tracks accumulated = 1743
Reset track collection for beam fit
for lumis 179 - 178
number of selected tracks = 1450
number of selected PVs = 107

 RESULTS OF DEFAULT FIT 
 for runs: 195660 - 195660
 for lumi blocks : 179 - 179
 lumi counter # 1
-----------------------------------------------------
              Beam Spot Data

 Beam type    = 2
       X0     = 0.0728769 +/- 0.000340517 [cm]
       Y0     = 0.0631035 +/- 0.000354988 [cm]
       Z0     = 2.58549 +/- 0.52543 [cm]
 Sigma Z0     = 5.43539 +/- 0.371335 [cm]
 dxdz         = 0.000279794 +/- 5.66434e-05 [radians]
 dydz         = 5.32273e-05 +/- 5.83747e-05 [radians]
 Beam width X = 0.00191353 +/- 0.000375034 [cm]
 Beam width Y = 0.00146276 +/- 0.000375034 [cm]
 EmittanceX   = 0 [cm]
 EmittanceY   = 0 [cm]
 beta-star    = 0 [cm]
-----------------------------------------------------


[BeamFitter] fit done. 

Total number of tracks accumulated = 1450
Reset track collection for beam fit
for lumis 180 - 179
number of selected tracks = 1215
number of selected PVs = 94

 RESULTS OF DEFAULT FIT 
 for runs: 195660 - 195660
 for lumi blocks : 180 - 180
 lumi counter # 1
-----------------------------------------------------
              Beam Spot Data

 Beam type    = 2
       X0     = 0.0719839 +/- 0.000405002 [cm]
       Y0     = 0.0622997 +/- 0.00040159 [cm]
       Z0     = 2.83106 +/- 0.520525 [cm]
 Sigma Z0     = 5.04694 +/- 0.367993 [cm]
 dxdz         = 0.000110189 +/- 7.04799e-05 [radians]
 dydz         = -9.98148e-05 +/- 7.26524e-05 [radians]
 Beam width X = 0.00192252 +/- 0.000443277 [cm]
 Beam width Y = 0.00242143 +/- 0.000443277 [cm]
 EmittanceX   = 0 [cm]
 EmittanceY   = 0 [cm]
 beta-star    = 0 [cm]
-----------------------------------------------------


[BeamFitter] fit done. 

Total number of tracks accumulated = 1215
Reset track collection for beam fit
for lumis 181 - 180
number of selected tracks = 928
number of selected PVs = 76

 RESULTS OF DEFAULT FIT 
 for runs: 195660 - 195660
 for lumi blocks : 181 - 181
 lumi counter # 1
-----------------------------------------------------
              Beam Spot Data

 Beam type    = 2
       X0     = 0.0739545 +/- 0.000459384 [cm]
       Y0     = 0.0621704 +/- 0.000491001 [cm]
       Z0     = 3.63557 +/- 0.570518 [cm]
 Sigma Z0     = 4.97397 +/- 0.403308 [cm]
 dxdz         = -1.50308e-05 +/- 7.33084e-05 [radians]
 dydz         = -0.000125405 +/- 7.80361e-05 [radians]
 Beam width X = 0.0017314 +/- 0.000427022 [cm]
 Beam width Y = 0.0012773 +/- 0.000427022 [cm]
 EmittanceX   = 0 [cm]
 EmittanceY   = 0 [cm]
 beta-star    = 0 [cm]
-----------------------------------------------------


[BeamFitter] fit done. 

Total number of tracks accumulated = 928
Reset track collection for beam fit
for lumis 182 - 181
number of selected tracks = 672
number of selected PVs = 58

 RESULTS OF DEFAULT FIT 
 for runs: 195660 - 195660
 for lumi blocks : 182 - 182
 lumi counter # 1
-----------------------------------------------------
              Beam Spot Data

 Beam type    = 2
       X0     = 0.0730475 +/- 0.000643374 [cm]
       Y0     = 0.065854 +/- 0.000607561 [cm]
       Z0     = 4.27024 +/- 0.58908 [cm]
 Sigma Z0     = 4.48658 +/- 0.416425 [cm]
 dxdz         = -9.29141e-05 +/- 0.000103854 [radians]
 dydz         = -0.000220337 +/- 0.000100505 [radians]
 Beam width X = 0.0023476 +/- 0.000617879 [cm]
 Beam width Y = 0.00122126 +/- 0.000617879 [cm]
 EmittanceX   = 0 [cm]
 EmittanceY   = 0 [cm]
 beta-star    = 0 [cm]
-----------------------------------------------------


[BeamFitter] fit done. 

Total number of tracks accumulated = 672
Reset track collection for beam fit
for lumis 183 - 182
number of selected tracks = 547
number of selected PVs = 42

 RESULTS OF DEFAULT FIT 
 for runs: 195660 - 195660
 for lumi blocks : 183 - 183
 lumi counter # 1
-----------------------------------------------------
              Beam Spot Data

 Beam type    = 2
       X0     = 0.0741705 +/- 0.00083158 [cm]
       Y0     = 0.0632374 +/- 0.000774007 [cm]
       Z0     = 4.88587 +/- 0.727914 [cm]
 Sigma Z0     = 4.31573 +/- 0.510163 [cm]
 dxdz         = 0.000212117 +/- 0.000115122 [radians]
 dydz         = 0.000186919 +/- 0.000108814 [radians]
 Beam width X = 0.00305554 +/- 0.000682315 [cm]
 Beam width Y = 0.0001 +/- 0.000682315 [cm]
 EmittanceX   = 0 [cm]
 EmittanceY   = 0 [cm]
 beta-star    = 0 [cm]
-----------------------------------------------------


[BeamFitter] fit done. 

Total number of tracks accumulated = 547
Reset track collection for beam fit
for lumis 184 - 183
number of selected tracks = 367
number of selected PVs = 26
%MSG-w PVFitter:  BeamSpotAnalyzer:d0_phi_analyzer@endLumi  14-Nov-2012 05:02:56 CET Run: 195660 Lumi: 184
3D beam spot fit failed in 3rd iteration
%MSG

 Empty Beam spot fit
 for runs: 195660 - 195660
 for lumi blocks : 184 - 184
 lumi counter # 1
-----------------------------------------------------
              Beam Spot Data

 Beam type    = 0
       X0     = 0 +/- 0 [cm]
       Y0     = 0 +/- 0 [cm]
       Z0     = 0 +/- 0 [cm]
 Sigma Z0     = 0 +/- 0 [cm]
 dxdz         = 0 +/- 0 [radians]
 dydz         = 0 +/- 0 [radians]
 Beam width X = 0 +/- 0 [cm]
 Beam width Y = 0 +/- 0 [cm]
 EmittanceX   = 0 [cm]
 EmittanceY   = 0 [cm]
 beta-star    = 0 [cm]
-----------------------------------------------------


[BeamFitter] fit failed 

Total number of tracks accumulated = 367
Reset track collection for beam fit
for lumis 185 - 184
number of selected tracks = 154
number of selected PVs = 9

 Empty Beam spot fit
 for runs: 195660 - 195660
 for lumi blocks : 185 - 185
 lumi counter # 1
-----------------------------------------------------
              Beam Spot Data

 Beam type    = 0
       X0     = 0 +/- 0 [cm]
       Y0     = 0 +/- 0 [cm]
       Z0     = 0 +/- 0 [cm]
 Sigma Z0     = 0 +/- 0 [cm]
 dxdz         = 0 +/- 0 [radians]
 dydz         = 0 +/- 0 [radians]
 Beam width X = 0 +/- 0 [cm]
 Beam width Y = 0 +/- 0 [cm]
 EmittanceX   = 0 [cm]
 EmittanceY   = 0 [cm]
 beta-star    = 0 [cm]
-----------------------------------------------------


[BeamFitter] fit failed 

Total number of tracks accumulated = 154
Reset track collection for beam fit
for lumis 186 - 185
number of selected tracks = 279
number of selected PVs = 23

 RESULTS OF DEFAULT FIT 
 for runs: 195660 - 195660
 for lumi blocks : 186 - 186
 lumi counter # 1
-----------------------------------------------------
              Beam Spot Data

 Beam type    = 2
       X0     = 0.0709408 +/- 0.00143047 [cm]
       Y0     = 0.0622562 +/- 0.00109892 [cm]
       Z0     = 5.11576 +/- 0.810579 [cm]
 Sigma Z0     = 3.8879 +/- 0.578842 [cm]
 dxdz         = 0.000391235 +/- 0.000197942 [radians]
 dydz         = -0.000134764 +/- 0.000159854 [radians]
 Beam width X = 0.00141857 +/- 0.00080771 [cm]
 Beam width Y = 0.00161099 +/- 0.00080771 [cm]
 EmittanceX   = 0 [cm]
 EmittanceY   = 0 [cm]
 beta-star    = 0 [cm]
-----------------------------------------------------


[BeamFitter] fit done. 

Total number of tracks accumulated = 279
Reset track collection for beam fit
for lumis 187 - 186
number of selected tracks = 42
number of selected PVs = 3
%MSG-w BSFitter:  BeamSpotAnalyzer:d0_phi_analyzer@endLumi  14-Nov-2012 05:02:58 CET Run: 195660 Lumi: 187
need at least 50 tracks to run beamline fitter.
%MSG

 Empty Beam spot fit
 for runs: 195660 - 195660
 for lumi blocks : 187 - 187
 lumi counter # 1
-----------------------------------------------------
              Beam Spot Data

 Beam type    = 0
       X0     = 0 +/- 0 [cm]
       Y0     = 0 +/- 0 [cm]
       Z0     = 0 +/- 0 [cm]
 Sigma Z0     = 0 +/- 0 [cm]
 dxdz         = 0 +/- 0 [radians]
 dydz         = 0 +/- 0 [radians]
 Beam width X = 0 +/- 0 [cm]
 Beam width Y = 0 +/- 0 [cm]
 EmittanceX   = 0 [cm]
 EmittanceY   = 0 [cm]
 beta-star    = 0 [cm]
-----------------------------------------------------


[BeamFitter] fit failed 

Total number of tracks accumulated = 42
Reset track collection for beam fit
for lumis 188 - 187
number of selected tracks = 55
number of selected PVs = 5

 Empty Beam spot fit
 for runs: 195660 - 195660
 for lumi blocks : 188 - 188
 lumi counter # 1
-----------------------------------------------------
              Beam Spot Data

 Beam type    = 0
       X0     = 0 +/- 0 [cm]
       Y0     = 0 +/- 0 [cm]
       Z0     = 0 +/- 0 [cm]
 Sigma Z0     = 0 +/- 0 [cm]
 dxdz         = 0 +/- 0 [radians]
 dydz         = 0 +/- 0 [radians]
 Beam width X = 0 +/- 0 [cm]
 Beam width Y = 0 +/- 0 [cm]
 EmittanceX   = 0 [cm]
 EmittanceY   = 0 [cm]
 beta-star    = 0 [cm]
-----------------------------------------------------


[BeamFitter] fit failed 

Total number of tracks accumulated = 55
Reset track collection for beam fit
for lumis 189 - 188
number of selected tracks = 27
number of selected PVs = 2
%MSG-w BSFitter:  BeamSpotAnalyzer:d0_phi_analyzer@endLumi  14-Nov-2012 05:02:58 CET Run: 195660 Lumi: 189
need at least 50 tracks to run beamline fitter.
%MSG

 Empty Beam spot fit
 for runs: 195660 - 195660
 for lumi blocks : 189 - 189
 lumi counter # 1
-----------------------------------------------------
              Beam Spot Data

 Beam type    = 0
       X0     = 0 +/- 0 [cm]
       Y0     = 0 +/- 0 [cm]
       Z0     = 0 +/- 0 [cm]
 Sigma Z0     = 0 +/- 0 [cm]
 dxdz         = 0 +/- 0 [radians]
 dydz         = 0 +/- 0 [radians]
 Beam width X = 0 +/- 0 [cm]
 Beam width Y = 0 +/- 0 [cm]
 EmittanceX   = 0 [cm]
 EmittanceY   = 0 [cm]
 beta-star    = 0 [cm]
-----------------------------------------------------


[BeamFitter] fit failed 

Total number of tracks accumulated = 27
Reset track collection for beam fit
for lumis 190 - 189
number of selected tracks = 5
number of selected PVs = 0
%MSG-w BSFitter:  BeamSpotAnalyzer:d0_phi_analyzer@endLumi  14-Nov-2012 05:02:58 CET Run: 195660 Lumi: 190
need at least 50 tracks to run beamline fitter.
%MSG

 Empty Beam spot fit
 for runs: 195660 - 195660
 for lumi blocks : 190 - 190
 lumi counter # 1
-----------------------------------------------------
              Beam Spot Data

 Beam type    = 0
       X0     = 0 +/- 0 [cm]
       Y0     = 0 +/- 0 [cm]
       Z0     = 0 +/- 0 [cm]
 Sigma Z0     = 0 +/- 0 [cm]
 dxdz         = 0 +/- 0 [radians]
 dydz         = 0 +/- 0 [radians]
 Beam width X = 0 +/- 0 [cm]
 Beam width Y = 0 +/- 0 [cm]
 EmittanceX   = 0 [cm]
 EmittanceY   = 0 [cm]
 beta-star    = 0 [cm]
-----------------------------------------------------


[BeamFitter] fit failed 

Total number of tracks accumulated = 5
Reset track collection for beam fit
for lumis 191 - 190
number of selected tracks = 1
number of selected PVs = 0

 Empty Beam spot fit
 for runs: 195660 - 195660
 for lumi blocks : 191 - 191
 lumi counter # 1
-----------------------------------------------------
              Beam Spot Data

 Beam type    = 0
       X0     = 0 +/- 0 [cm]
       Y0     = 0 +/- 0 [cm]
       Z0     = 0 +/- 0 [cm]
 Sigma Z0     = 0 +/- 0 [cm]
 dxdz         = 0 +/- 0 [radians]
 dydz         = 0 +/- 0 [radians]
 Beam width X = 0 +/- 0 [cm]
 Beam width Y = 0 +/- 0 [cm]
 EmittanceX   = 0 [cm]
 EmittanceY   = 0 [cm]
 beta-star    = 0 [cm]
-----------------------------------------------------


[BeamFitter] fit failed 

Total number of tracks accumulated = 1
Reset track collection for beam fit
for lumis 192 - 191
number of selected tracks = 0
number of selected PVs = 0

 Empty Beam spot fit
 for runs: 195660 - 195660
 for lumi blocks : 192 - 192
 lumi counter # 1
-----------------------------------------------------
              Beam Spot Data

 Beam type    = 0
       X0     = 0 +/- 0 [cm]
       Y0     = 0 +/- 0 [cm]
       Z0     = 0 +/- 0 [cm]
 Sigma Z0     = 0 +/- 0 [cm]
 dxdz         = 0 +/- 0 [radians]
 dydz         = 0 +/- 0 [radians]
 Beam width X = 0 +/- 0 [cm]
 Beam width Y = 0 +/- 0 [cm]
 EmittanceX   = 0 [cm]
 EmittanceY   = 0 [cm]
 beta-star    = 0 [cm]
-----------------------------------------------------


[BeamFitter] fit failed 

Total number of tracks accumulated = 0
Reset track collection for beam fit
for lumis 193 - 192
number of selected tracks = 1359
number of selected PVs = 107

 RESULTS OF DEFAULT FIT 
 for runs: 195660 - 195660
 for lumi blocks : 193 - 193
 lumi counter # 1
-----------------------------------------------------
              Beam Spot Data

 Beam type    = 2
       X0     = 0.0710229 +/- 0.000310336 [cm]
       Y0     = 0.0627477 +/- 0.000307655 [cm]
       Z0     = 0.0312927 +/- 0.513522 [cm]
 Sigma Z0     = 5.31216 +/- 0.363071 [cm]
 dxdz         = 0.000145429 +/- 5.65935e-05 [radians]
 dydz         = -0.000173437 +/- 5.89113e-05 [radians]
 Beam width X = 0.00228074 +/- 0.000379175 [cm]
 Beam width Y = 0.00101548 +/- 0.000379175 [cm]
 EmittanceX   = 0 [cm]
 EmittanceY   = 0 [cm]
 beta-star    = 0 [cm]
-----------------------------------------------------


[BeamFitter] fit done. 

Total number of tracks accumulated = 1359
Reset track collection for beam fit
14-Nov-2012 05:03:02 CET  Closed file root://eoscms//eos/cms/store/express/Run2012B/StreamExpress/ALCARECO/TkAlMinBias-v1/000/195/660/36E82BE3-7AB0-E111-9836-00237DDC5CB0.root

-------------------------------------


 Total number of events processed: 2466

-------------------------------------


[BeamSpotAnalyzer] endJob done 


TrigReport ---------- Event  Summary ------------
TrigReport Events total = 2466 passed = 2466 failed = 0

TrigReport ---------- Path   Summary ------------
TrigReport  Trig Bit#        Run     Passed     Failed      Error Name
TrigReport     1    0       2466       2466          0          0 p

TrigReport -------End-Path   Summary ------------
TrigReport  Trig Bit#        Run     Passed     Failed      Error Name

TrigReport ---------- Modules in Path: p ------------
TrigReport  Trig Bit#    Visited     Passed     Failed      Error Name
TrigReport     1    0       2466       2466          0          0 offlineBeamSpot
TrigReport     1    0       2466       2466          0          0 TrackRefitter
TrigReport     1    0       2466       2466          0          0 offlinePrimaryVertices
TrigReport     1    0       2466       2466          0          0 d0_phi_analyzer

TrigReport ---------- Module Summary ------------
TrigReport    Visited        Run     Passed     Failed      Error Name
TrigReport       2466       2466       2466          0          0 offlineBeamSpot
TrigReport       2466       2466       2466          0          0 TrackRefitter
TrigReport       2466       2466       2466          0          0 offlinePrimaryVertices
TrigReport       2466       2466       2466          0          0 d0_phi_analyzer
TrigReport       2466       2466       2466          0          0 TriggerResults

TimeReport ---------- Event  Summary ---[sec]----
TimeReport CPU/event = 0.071516 Real/event = 0.073573

TimeReport ---------- Path   Summary ---[sec]----
TimeReport             per event          per path-run 
TimeReport        CPU       Real        CPU       Real Name
TimeReport   0.071466   0.073521   0.071466   0.073521 p
TimeReport        CPU       Real        CPU       Real Name
TimeReport             per event          per path-run 

TimeReport -------End-Path   Summary ---[sec]----
TimeReport             per event       per endpath-run 
TimeReport        CPU       Real        CPU       Real Name
TimeReport        CPU       Real        CPU       Real Name
TimeReport             per event       per endpath-run 

TimeReport ---------- Modules in Path: p ---[sec]----
TimeReport             per event      per module-visit 
TimeReport        CPU       Real        CPU       Real Name
TimeReport   0.000059   0.000074   0.000059   0.000074 offlineBeamSpot
TimeReport   0.062355   0.064240   0.062355   0.064240 TrackRefitter
TimeReport   0.008630   0.008780   0.008630   0.008780 offlinePrimaryVertices
TimeReport   0.000403   0.000415   0.000403   0.000415 d0_phi_analyzer
TimeReport        CPU       Real        CPU       Real Name
TimeReport             per event      per module-visit 
TimeReport        CPU       Real        CPU       Real Name
TimeReport             per event      per module-visit 

TimeReport ---------- Module Summary ---[sec]----
TimeReport             per event        per module-run      per module-visit 
TimeReport        CPU       Real        CPU       Real        CPU       Real Name
TimeReport   0.000059   0.000074   0.000059   0.000074   0.000059   0.000074 offlineBeamSpot
TimeReport   0.062355   0.064240   0.062355   0.064240   0.062355   0.064240 TrackRefitter
TimeReport   0.008630   0.008780   0.008630   0.008780   0.008630   0.008780 offlinePrimaryVertices
TimeReport   0.000403   0.000415   0.000403   0.000415   0.000403   0.000415 d0_phi_analyzer
TimeReport   0.000036   0.000043   0.000036   0.000043   0.000036   0.000043 TriggerResults
TimeReport        CPU       Real        CPU       Real        CPU       Real Name
TimeReport             per event        per module-run      per module-visit 

T---Report end!


=============================================

MessageLogger Summary

 type     category        sev    module        subroutine        count    total
 ---- -------------------- -- ---------------- ----------------  -----    -----
    1 BSFitter             -w BeamSpotAnalyzer                       7        7
    2 PVFitter             -w BeamSpotAnalyzer                       2        2
    3 fileAction           -s file_close                             3        3
    4 fileAction           -s file_open                              6        6

 type    category    Examples: run/evt        run/evt          run/evt
 ---- -------------------- ---------------- ---------------- ----------------
    1 BSFitter             Run: 195660 Lumi Run: 195660 Lumi Run: 195660 Lumi
    2 PVFitter             Run: 195660 Lumi Run: 195660 Lumi 
    3 fileAction           PostProcessEvent PostProcessEvent PostEndRun
    4 fileAction           pre-events       pre-events       PostProcessEvent

Severity    # Occurrences   Total Occurrences
--------    -------------   -----------------
Warning                 9                   9
System                  9                   9
>>> END OF printout of 1371 lines from stdout+stderr
>>> Parse FrameworkJobReport crab_fjr.xml
Result of parsing the FrameworkJobReport crab_fjr.xml: Popularity start
lumisRange : 195660::::1;195660::160-193::2;195660::154-159::3;
lumisParentRange : 
Basename : /store/express/Run2012B/StreamExpress/ALCARECO/TkAlMinBias-v1/000/195/660/
BasenameParent : 
parentFiles : 
inputBlocks : /StreamExpress/Run2012B-TkAlMinBias-v1/ALCARECO#c8ce09c0-b079-11e1-9877-003048caaace
inputFiles : 8407F6E2-7AB0-E111-9B5A-003048D374F2.root::1::EDM::Local::1;36E82BE3-7AB0-E111-9836-00237DDC5CB0.root::1::EDM::Local::2;129F1026-7AB0-E111-BE03-001D09F2525D.root::1::EDM::Local::3;
Popularity stop
Extracted ExitStatus from FrameworkJobReport parsing output: 0
>>> Executable succeded  0
ExeExitCode=0
EXECUTABLE_EXIT_STATUS = 0
>>> current directory /pool/lsf/vimartin/327862961/CMSSW_5_3_3_patch1
>>>  (SOFTWARE_DIR): /pool/lsf/vimartin/327862961/CMSSW_5_3_3_patch1
>>> (WORKING_DIR): 
>>> current directory content:
total 6528
drwxr-xr-x 3 vimartin zh    4096 Nov 14 04:59 .SCRAM
-rw-r--r-- 1 vimartin zh   22041 Nov 14 05:03 BeamFit_Workflow_Data2012_53XRepFinal.txt
-rw-r--r-- 1 vimartin zh 3226438 Nov 14 04:59 CMSSW.py.pkl
drwxr-xr-x 3 vimartin zh    4096 Nov 14 04:59 bin
drwxr-xr-x 3 vimartin zh    4096 Nov 14 04:59 cfipython
drwxr-xr-x 5 vimartin zh    4096 Nov 14 04:59 config
-rw-r--r-- 1 vimartin zh      17 Nov 14 05:03 cpu_timing.txt
drwxr-xr-x 2 vimartin zh    4096 Nov 14 04:59 doc
-rw-r--r-- 1 vimartin zh   42854 Nov 14 05:03 executable.out
drwxr-xr-x 2 vimartin zh    4096 Nov 14 04:59 include
drwxrwxrwx 3 vimartin zh    4096 Nov 12 14:58 lib
drwxr-xr-x 3 vimartin zh    4096 Nov 14 04:59 logs
drwxr-xr-x 3 vimartin zh    4096 Nov 14 04:59 objs
-rw-r--r-- 1 vimartin zh     104 Nov 14 04:59 pset.py
-rw-r--r-- 1 vimartin zh 3220254 Nov 14 04:59 pset.py.pkl
-rw-r--r-- 1 vimartin zh     289 Nov 14 04:59 pset.pyc
drwxr-xr-x 2 vimartin zh    4096 Nov 14 04:59 python
-rw-r--r-- 1 vimartin zh     566 Nov 14 05:03 report.log
drwxrwxrwx 4 vimartin zh    4096 Nov 14 04:59 src
drwxr-xr-x 3 vimartin zh    4096 Nov 14 04:59 test
drwxr-xr-x 3 vimartin zh    4096 Nov 14 04:59 tmp
>>> current directory /pool/lsf/vimartin/327862961/CMSSW_5_3_3_patch1
>>> (SOFTWARE_DIR): /pool/lsf/vimartin/327862961/CMSSW_5_3_3_patch1
>>> (WORKING_DIR): 
>>> current directory content:
total 6500
drwxr-xr-x 3 vimartin zh    4096 Nov 14 04:59 .SCRAM
-rw-r--r-- 1 vimartin zh 3226438 Nov 14 04:59 CMSSW.py.pkl
drwxr-xr-x 3 vimartin zh    4096 Nov 14 04:59 bin
drwxr-xr-x 3 vimartin zh    4096 Nov 14 04:59 cfipython
drwxr-xr-x 5 vimartin zh    4096 Nov 14 04:59 config
-rw-r--r-- 1 vimartin zh      17 Nov 14 05:03 cpu_timing.txt
drwxr-xr-x 2 vimartin zh    4096 Nov 14 04:59 doc
-rw-r--r-- 1 vimartin zh   42854 Nov 14 05:03 executable.out
drwxr-xr-x 2 vimartin zh    4096 Nov 14 04:59 include
drwxrwxrwx 3 vimartin zh    4096 Nov 12 14:58 lib
drwxr-xr-x 3 vimartin zh    4096 Nov 14 04:59 logs
drwxr-xr-x 3 vimartin zh    4096 Nov 14 04:59 objs
-rw-r--r-- 1 vimartin zh     104 Nov 14 04:59 pset.py
-rw-r--r-- 1 vimartin zh 3220254 Nov 14 04:59 pset.py.pkl
-rw-r--r-- 1 vimartin zh     289 Nov 14 04:59 pset.pyc
drwxr-xr-x 2 vimartin zh    4096 Nov 14 04:59 python
-rw-r--r-- 1 vimartin zh     566 Nov 14 05:03 report.log
drwxrwxrwx 4 vimartin zh    4096 Nov 14 04:59 src
drwxr-xr-x 3 vimartin zh    4096 Nov 14 04:59 test
drwxr-xr-x 3 vimartin zh    4096 Nov 14 04:59 tmp
>>> current directory (RUNTIME_AREA):  /pool/lsf/vimartin/327862961
>>> current dir: /pool/lsf/vimartin/327862961
>>> current dir content:
total 5244
-rw-rw-rw-  1 vimartin zh       0 Nov 14 04:59 .lsf.start
-rw-rw--w-  1 vimartin zh       0 Nov 14 04:59 1352854900.327862961.err
-rw-rw--w-  1 vimartin zh   58531 Nov 14 05:03 1352854900.327862961.out
lrwxrwxrwx  1 vimartin zh      78 Nov 14 05:03 BeamFit_Workflow_Data2012_53XRepFinal.txt -> /pool/lsf/vimartin/327862961/BeamFit_Workflow_Data2012_53XRepFinal_4_1_gJz.txt
-rw-r--r--  1 vimartin zh   22041 Nov 14 05:03 BeamFit_Workflow_Data2012_53XRepFinal_4_1_gJz.txt
-rw-rw-rw-  1 vimartin zh     105 Nov 14 02:01 CMSSW.py
-rw-rw-rw-  1 vimartin zh 3226438 Nov 14 02:01 CMSSW.py.pkl
-rwxrw-rw-  1 vimartin zh   22384 Nov 14 04:59 CMSSW.sh
drwxr-xr-x 15 vimartin zh    4096 Nov 14 05:03 CMSSW_5_3_3_patch1
-rw-r--r--  1 vimartin zh    6464 Nov 14 04:59 CacheEnv.sh
-rw-rw-rw-  1 vimartin zh    7291 Jun  9  2010 DashboardAPI.py
-rw-r--r--  1 vimartin zh    6118 Nov 14 04:59 DashboardAPI.pyc
drwxrwxrwx  3 vimartin zh    4096 Oct 25 17:14 IMProv
-rw-rw-rw-  1 vimartin zh    2748 Mar  8  2006 Logger.py
-rw-r--r--  1 vimartin zh    3098 Nov 14 04:59 Logger.pyc
-rw-rw-rw-  1 vimartin zh   24524 Mar 28  2008 ProcInfo.py
-rw-r--r--  1 vimartin zh   22246 Nov 14 04:59 ProcInfo.pyc
drwxrwxrwx  7 vimartin zh    4096 Nov 14 04:59 ProdCommon
drwxrwxrwx  3 vimartin zh    4096 Nov 14 04:59 WMCore
-rw-r--r--  1 vimartin zh    1329 Nov 14 05:02 Watchdog_4.log
-rw-rw-rw-  1 vimartin zh   32895 Mar 28  2008 apmon.py
-rw-r--r--  1 vimartin zh   27395 Nov 14 04:59 apmon.pyc
-rw-rw-rw-  1 vimartin zh    2516 Nov 14 04:59 arguments.xml
-rwxrwxrwx  1 vimartin zh  146024 Jul 27 13:50 cmsRun
-rwxrwxrwx  1 vimartin zh   37427 Sep 13 13:14 cmscp.py
-rw-rw-rw-  1 vimartin zh     547 Nov 14 01:59 crab.cfg
-rwxrwxrwx  1 vimartin zh    9531 Sep 20 20:46 crabWatchdog.sh
-rw-r--r--  1 vimartin zh   14703 Nov 14 05:03 crab_fjr_4.xml
-rw-rw-rw-  1 vimartin zh 1408053 Nov 14 04:59 default.tgz
-rwxrwxrwx  1 vimartin zh    4488 May 12  2012 fillCrabFjr.py
-rw-r--r--  1 vimartin zh     502 Nov 14 04:59 inputsReport.txt
-rw-r--r--  1 vimartin zh     180 Nov 14 05:03 jobreport.txt
-rw-rw-rw-  1 vimartin zh   17352 Jan 20  2012 parseCrabFjr.py
-rw-r--r--  1 vimartin zh     284 Nov 14 04:59 report.log
-rwxrwxrwx  1 vimartin zh    1497 May 27  2009 report.py
-rwxrwxrwx  1 vimartin zh    8387 Mar 23  2011 writeCfg.py
Checking output files:  
will tar file BeamFit_Workflow_Data2012_53XRepFinal_4_1_gJz.txt in  out_files_4
will tar file crab_fjr_4.xml in  out_files_4
WARNING: output file CMSSW_4.stdout not found!
WARNING: output file CMSSW_4.stderr not found!
WARNING: output file Watchdog_4.log.gz not found!
>>> padding time: Wrapper lasting more than 0 seconds. No sleep required.
STOPPING WATCHDOG. CrabWatchdog PID is 29676
********** LAST 50 LINES OF WATCHDOG LOG
# RESOURCE USAGE SUMMARY FOR PROCESS ID 29266
USER       PID %CPU %MEM    VSZ   RSS TTY      STAT START   TIME COMMAND
vimartin 29266  1.0  0.0   9008  1428 ?        SN   04:59   0:00 /bin/sh ./CMSSW.sh 4 1
 
# LIMITS USED BY THIS WATCHDOG:
# RSS  (KBytes)  : 2300000
# VSZ  (KBytes)  : 100000000
# DISK (MBytes)  : 19000
# CPU  (seconds) : 171600
# WALL (seconds) : 171600
 
# FOLLOWING PRINTOUT TRACKS MAXIMUM VALUES OF RESOURCES USE
# ONE LINE IS PRINTED EACH TIME A MAXIMUM CHANGES
# IF CHANGE WAS IN RSS OR VSZ ALSO PROCID AND COMMAND ARE PRINTED
# THERE IS NO PRINTOUT FOR CPU/WALL TIME INCREASE
 
# TIME			PID	RSS(KB)	VSZ(KB)	Dsk(MB)	tCPU(s)	tWALL(s)	COMMAND
 Nov 14 04:59:25 CET	27772	2156	18292	0	0	24	/usr/lsf/etc/res -d /etc -m lxplus433 /pool/spool/1352854900.327862961    
 Nov 14 04:59:25 CET	27803	8752	75312	0	0	23	/usr/bin/perl         
 Nov 14 04:59:25 CET	---	8752	75312	18	----	----	----
 Nov 14 05:00:31 CET	30028	494628	785740	18	56	60	cmsRun -j /pool/lsf/vimartin/327862961/crab_fjr_4.xml -p pset.py     
 Nov 14 05:00:31 CET	---	494628	785740	21	----	----	----
 Nov 14 05:01:39 CET	30028	570992	829504	21	119	125	cmsRun -j /pool/lsf/vimartin/327862961/crab_fjr_4.xml -p pset.py     
 Nov 14 05:02:44 CET	30028	577536	837184	21	185	193	cmsRun -j /pool/lsf/vimartin/327862961/crab_fjr_4.xml -p pset.py     
********** WATCHDOG LOG ENDED
ZIPPING WATCHDOG LOG
Disk space used:
du -sh /pool/lsf/vimartin/327862961
21M	/pool/lsf/vimartin/327862961
>>> info for dashboard:
***** Cat /pool/lsf/vimartin/327862961/jobreport.txt *****
MonitorJobID=4_https://CAF:/327862961-vimartin-beamspot-Comm12b-53XRepFinal-special-p89mc4
MonitorID=vimartin_beamspot_Comm12b_53XRepFinal_special_p89mc4
ExeTime=205
ExeExitCode=0
CrabUserCpuTime=163.80
CrabSysCpuTime=33.72
CrabCpuPercentage=96%
CrabWrapperTime=226
CrabStageoutTime=NULL
***** End Cat jobreport *****
Parameters sent to Dashboard.
