@(#)CERN job starter $Date: 2010/06/23 14:22:16 $
Working directory is </pool/lsf/vimartin/327862965> on <lxbst2801.cern.ch>

This script was generated by crab (version 2.8.3).
Running ./CMSSW.sh with 2 positional parameters: 5 1
Today is Wed Nov 14 04:59:33 CET 2012
Job submitted on host lxbst2801.cern.ch
Linux lxbst2801.cern.ch 2.6.18-308.1.1.el5 #1 SMP Wed Mar 7 19:25:07 CET 2012 x86_64 x86_64 x86_64 GNU/Linux
>>> current directory (RUNTIME_AREA): /pool/lsf/vimartin/327862965
>>> current user: uid=3894(vimartin) gid=1399(zh) groups=1399(zh),1098631262 context=system_u:system_r:initrc_t
>>> voms proxy information:

Couldn't find a valid proxy.

>>> tar xzf /pool/lsf/vimartin/327862965/default.tgz :
Successful untar
chmod: cannot access `/tmp/x509up_u3894': No such file or directory
>>> Include /pool/lsf/vimartin/327862965 in PYTHONPATH:
PYTHONPATH=/pool/lsf/vimartin/327862965/:/afs/cern.ch/cms/ccs/wm/scripts/Crab/CRAB_2_8_3/external/py2-pysqlite/2.6/site-packages:/afs/cern.ch/cms/ccs/wm/scripts/Crab/CRAB_2_8_3/external/DBSAPI:/afs/cern.ch/cms/ccs/wm/scripts/Crab/CRAB_2_8_3/external/DLSAPI/lib::/afs/cern.ch/project/gd/LCG-share/3.2.11-1/glite/lib64//site-packages:/afs/cern.ch/project/gd/LCG-share/3.2.11-1/glite/lib64/python:/afs/cern.ch/project/gd/LCG-share/3.2.11-1/lcg/lib64//site-packages:/afs/cern.ch/project/gd/LCG-share/3.2.11-1/lcg/lib64/python:/afs/cern.ch/cms/ccs/wm/scripts/Crab/CRAB_2_8_3/external/py2-sqlalchemy/0.5.2-cmp7/lib/python2.6/site-packages/:/afs/cern.ch/cms/ccs/wm/scripts/Crab/CRAB_2_8_3/external/pbs_python/4.3.0/lib/python2.6/site-packages/pbs:/afs/cern.ch/cms/ccs/wm/scripts/Crab/CRAB_2_8_3/external/simplejson/2.0.9/lib/python2.4/site-packages:/afs/cern.ch/user/v/vimartin/CMSSW/CMSSW_5_3_3_patch1/python:/afs/cern.ch/user/v/vimartin/CMSSW/CMSSW_5_3_3_patch1/lib/slc5_amd64_gcc462:/afs/cern.ch/cms/slc5_amd64_gcc462/cms/cmssw-patch/CMSSW_5_3_3_patch1/python:/afs/cern.ch/cms/slc5_amd64_gcc462/cms/cmssw-patch/CMSSW_5_3_3_patch1/lib/slc5_amd64_gcc462:/afs/cern.ch/cms/slc5_amd64_gcc462/cms/cmssw/CMSSW_5_3_3/bin/slc5_amd64_gcc462:/afs/cern.ch/cms/slc5_amd64_gcc462/cms/cmssw/CMSSW_5_3_3/lib/slc5_amd64_gcc462:/afs/cern.ch/cms/slc5_amd64_gcc462/cms/coral/CORAL_2_3_21-cms4/slc5_amd64_gcc462/python:/afs/cern.ch/cms/slc5_amd64_gcc462/cms/coral/CORAL_2_3_21-cms4/slc5_amd64_gcc462/lib:/afs/cern.ch/cms/slc5_amd64_gcc462/external/pyqt/4.8.1/lib/python2.6/site-packages:/afs/cern.ch/cms/slc5_amd64_gcc462/external/py2-scipy/0.8.0/lib/python2.6/site-packages:/afs/cern.ch/cms/slc5_amd64_gcc462/external/py2-matplotlib/1.0.1/lib/python2.6/site-packages:/afs/cern.ch/cms/slc5_amd64_gcc462/external/python-ldap/2.3.5/lib/python2.6/site-packages:/afs/cern.ch/cms/slc5_amd64_gcc462/external/sip/4.11.2/lib/python2.6/site-packages:/afs/cern.ch/cms/slc5_amd64_gcc462/external/py2-pycurl/7.19.0/lib/python2.6/site-packages:/afs/cern.ch/cms/slc5_amd64_gcc462/external/py2-numpy/1.6.1/lib/python2.6/site-packages:/afs/cern.ch/cms/slc5_amd64_gcc462/external/py2-ipython/0.10/lib/python2.6/site-packages:/afs/cern.ch/cms/slc5_amd64_gcc462/external/py2-cx-oracle/5.1-cms3/lib/python2.6/site-packages:/afs/cern.ch/cms/slc5_amd64_gcc462/external/py2-cjson/1.0.5/lib/python2.6/site-packages:/afs/cern.ch/cms/slc5_amd64_gcc462/cms/das-client/1.4.1/bin:/afs/cern.ch/cms/slc5_amd64_gcc462/external/elementtree/1.2.6/share/lib/python2.6/site-packages:/afs/cern.ch/cms/slc5_amd64_gcc462/external/rivet/1.5.1-cms3/lib/python2.6/site-packages:/afs/cern.ch/cms/slc5_amd64_gcc462/external/pyminuit2/0.0.1-cms20/lib/python2.6/site-packages:/afs/cern.ch/cms/slc5_amd64_gcc462/external/professor/1.0.0-cms21/lib/python2.6/site-packages:/afs/cern.ch/cms/slc5_amd64_gcc462/lcg/root/5.32.00-cms14/lib:/afs/cern.ch/cms/slc5_amd64_gcc462/cms/dbs-client/DBS_2_1_1_patch1_1/lib:/afs/cern.ch/cms/slc5_amd64_gcc462/cms/dbs-client/DBS_2_1_1_patch1_1/lib/DBSAPI:/afs/cern.ch/cms/ccs/wm/scripts/Crab/CRAB_2_8_3/python:/afs/cern.ch/cms/ccs/wm/scripts/Crab/CRAB_2_8_3/external/DBSAPI:/afs/cern.ch/cms/ccs/wm/scripts/Crab/CRAB_2_8_3/external/DLSAPI/lib:/afs/cern.ch/cms/ccs/wm/scripts/Crab/CRAB_2_8_3/external:/afs/cern.ch/cms/ccs/wm/scripts/Crab/CRAB_2_8_3/external/crablib:/afs/cern.ch/cms/ccs/wm/scripts/Crab/CRAB_2_8_3/external:/afs/cern.ch/project/gd/LCG-share/3.2.11-1/external/opt/fpconst/lib/python2.4/site-packages:/afs/cern.ch/project/gd/LCG-share/3.2.11-1/external/opt/ZSI/lib/python2.4/site-packages:/afs/cern.ch/project/gd/LCG-share/3.2.11-1/glite/lib:/afs/cern.ch/cms/ccs/wm/scripts/Crab/CRAB_2_8_3/python
strip arguments
out_files_5
>>> list of expected files on output sandbox
output files: BeamFit_Workflow_Data2012_53XRepFinal_5_1_2A6.txt crab_fjr_5.xml CMSSW_5.stdout CMSSW_5.stderr Watchdog_5.log.gz
MonitorJobID=5_https://CAF:/327862965-vimartin-beamspot-Comm12b-53XRepFinal-special-p89mc4
SyncGridJobId=https://CAF:/327862965-vimartin-beamspot-Comm12b-53XRepFinal-special-p89mc4
MonitorID=vimartin_beamspot_Comm12b_53XRepFinal_special_p89mc4
SyncCE=caf.cern.ch
>>> info for dashboard:
***** Cat /pool/lsf/vimartin/327862965/jobreport.txt *****
MonitorJobID=5_https://CAF:/327862965-vimartin-beamspot-Comm12b-53XRepFinal-special-p89mc4
SyncGridJobId=https://CAF:/327862965-vimartin-beamspot-Comm12b-53XRepFinal-special-p89mc4
MonitorID=vimartin_beamspot_Comm12b_53XRepFinal_special_p89mc4
SyncCE=caf.cern.ch
***** End Cat jobreport *****
Parameters sent to Dashboard.
----- ENV CAF BEFORE sourcing /afs/cern.ch/cms/caf/setup.sh  -----
CMS_PATH = /afs/cern.ch/cms
STAGE_SVCCLASS = 
STAGER_TRACE = 
----- ENV CAF AFTER sourcing /afs/cern.ch/cms/caf/setup.sh  -----
CMS_PATH = /afs/cern.ch/cms
STAGE_SVCCLASS = 
STAGER_TRACE = 
>>> setup environment
set SCRAM ARCH to slc5_amd64_gcc462
SCRAM_ARCH = slc5_amd64_gcc462
>>> setup CMS LCG environment:
set SCRAM ARCH and BUILD_ARCH to slc5_amd64_gcc462 ###
Sourcing environment... 
sourcing /afs/cern.ch/project/gd/apps/cms/cmsset_default.sh
==> setup cms environment ok
>>> specific cmssw setup environment:
CMSSW_VERSION =  CMSSW_5_3_3_patch1
>>> current directory (SOFTWARE_DIR): /pool/lsf/vimartin/327862965/CMSSW_5_3_3_patch1
PreserveSeeds: <>
IncrementSeeds:<>
{}
WNHostName=lxbst2801.cern.ch
>>> info for dashboard:
***** Cat /pool/lsf/vimartin/327862965/jobreport.txt *****
MonitorJobID=5_https://CAF:/327862965-vimartin-beamspot-Comm12b-53XRepFinal-special-p89mc4
MonitorID=vimartin_beamspot_Comm12b_53XRepFinal_special_p89mc4
WNHostName=lxbst2801.cern.ch
***** End Cat jobreport *****
Parameters sent to Dashboard.
crabWatchdog started as process 1093
>>> moving CMSSW software directories in /pool/lsf/vimartin/327862965/CMSSW_5_3_3_patch1
mv: cannot stat `/pool/lsf/vimartin/327862965/module/': No such file or directory
>>> Include /pool/lsf/vimartin/327862965 in PYTHONPATH:
PYTHONPATH=/pool/lsf/vimartin/327862965/:/pool/lsf/vimartin/327862965/CMSSW_5_3_3_patch1/python:/pool/lsf/vimartin/327862965/CMSSW_5_3_3_patch1/lib/slc5_amd64_gcc462:/afs/cern.ch/cms/slc5_amd64_gcc462/cms/cmssw-patch/CMSSW_5_3_3_patch1/python:/afs/cern.ch/cms/slc5_amd64_gcc462/cms/cmssw-patch/CMSSW_5_3_3_patch1/lib/slc5_amd64_gcc462:/afs/cern.ch/cms/slc5_amd64_gcc462/cms/cmssw/CMSSW_5_3_3/bin/slc5_amd64_gcc462:/afs/cern.ch/cms/slc5_amd64_gcc462/cms/cmssw/CMSSW_5_3_3/lib/slc5_amd64_gcc462:/afs/cern.ch/cms/slc5_amd64_gcc462/cms/coral/CORAL_2_3_21-cms4/slc5_amd64_gcc462/python:/afs/cern.ch/cms/slc5_amd64_gcc462/cms/coral/CORAL_2_3_21-cms4/slc5_amd64_gcc462/lib:/afs/cern.ch/cms/slc5_amd64_gcc462/external/pyqt/4.8.1/lib/python2.6/site-packages:/afs/cern.ch/cms/slc5_amd64_gcc462/external/py2-scipy/0.8.0/lib/python2.6/site-packages:/afs/cern.ch/cms/slc5_amd64_gcc462/external/py2-matplotlib/1.0.1/lib/python2.6/site-packages:/afs/cern.ch/cms/slc5_amd64_gcc462/external/python-ldap/2.3.5/lib/python2.6/site-packages:/afs/cern.ch/cms/slc5_amd64_gcc462/external/sip/4.11.2/lib/python2.6/site-packages:/afs/cern.ch/cms/slc5_amd64_gcc462/external/py2-pycurl/7.19.0/lib/python2.6/site-packages:/afs/cern.ch/cms/slc5_amd64_gcc462/external/py2-numpy/1.6.1/lib/python2.6/site-packages:/afs/cern.ch/cms/slc5_amd64_gcc462/external/py2-ipython/0.10/lib/python2.6/site-packages:/afs/cern.ch/cms/slc5_amd64_gcc462/external/py2-cx-oracle/5.1-cms3/lib/python2.6/site-packages:/afs/cern.ch/cms/slc5_amd64_gcc462/external/py2-cjson/1.0.5/lib/python2.6/site-packages:/afs/cern.ch/cms/slc5_amd64_gcc462/cms/das-client/1.4.1/bin:/afs/cern.ch/cms/slc5_amd64_gcc462/external/elementtree/1.2.6/share/lib/python2.6/site-packages:/afs/cern.ch/cms/slc5_amd64_gcc462/external/rivet/1.5.1-cms3/lib/python2.6/site-packages:/afs/cern.ch/cms/slc5_amd64_gcc462/external/pyminuit2/0.0.1-cms20/lib/python2.6/site-packages:/afs/cern.ch/cms/slc5_amd64_gcc462/external/professor/1.0.0-cms21/lib/python2.6/site-packages:/afs/cern.ch/cms/slc5_amd64_gcc462/lcg/root/5.32.00-cms14/lib:/afs/cern.ch/cms/slc5_amd64_gcc462/cms/dbs-client/DBS_2_1_1_patch1_1/lib:/afs/cern.ch/cms/slc5_amd64_gcc462/cms/dbs-client/DBS_2_1_1_patch1_1/lib/DBSAPI:/pool/lsf/vimartin/327862965/:/afs/cern.ch/cms/ccs/wm/scripts/Crab/CRAB_2_8_3/external/py2-pysqlite/2.6/site-packages:/afs/cern.ch/cms/ccs/wm/scripts/Crab/CRAB_2_8_3/external/DBSAPI:/afs/cern.ch/cms/ccs/wm/scripts/Crab/CRAB_2_8_3/external/DLSAPI/lib:/afs/cern.ch/project/gd/LCG-share/3.2.11-1/glite/lib64//site-packages:/afs/cern.ch/project/gd/LCG-share/3.2.11-1/glite/lib64/python:/afs/cern.ch/project/gd/LCG-share/3.2.11-1/lcg/lib64//site-packages:/afs/cern.ch/project/gd/LCG-share/3.2.11-1/lcg/lib64/python:/afs/cern.ch/cms/ccs/wm/scripts/Crab/CRAB_2_8_3/external/py2-sqlalchemy/0.5.2-cmp7/lib/python2.6/site-packages/:/afs/cern.ch/cms/ccs/wm/scripts/Crab/CRAB_2_8_3/external/pbs_python/4.3.0/lib/python2.6/site-packages/pbs:/afs/cern.ch/cms/ccs/wm/scripts/Crab/CRAB_2_8_3/external/simplejson/2.0.9/lib/python2.4/site-packages:/afs/cern.ch/cms/ccs/wm/scripts/Crab/CRAB_2_8_3/python:/afs/cern.ch/cms/ccs/wm/scripts/Crab/CRAB_2_8_3/external/DBSAPI:/afs/cern.ch/cms/ccs/wm/scripts/Crab/CRAB_2_8_3/external/DLSAPI/lib:/afs/cern.ch/cms/ccs/wm/scripts/Crab/CRAB_2_8_3/external:/afs/cern.ch/cms/ccs/wm/scripts/Crab/CRAB_2_8_3/external/crablib:/afs/cern.ch/cms/ccs/wm/scripts/Crab/CRAB_2_8_3/external:/afs/cern.ch/project/gd/LCG-share/3.2.11-1/external/opt/fpconst/lib/python2.4/site-packages:/afs/cern.ch/project/gd/LCG-share/3.2.11-1/external/opt/ZSI/lib/python2.4/site-packages:/afs/cern.ch/project/gd/LCG-share/3.2.11-1/glite/lib:/afs/cern.ch/cms/ccs/wm/scripts/Crab/CRAB_2_8_3/python
fefc71e17f1fc905c56db43aeb33b072
PSETHASH = fefc71e17f1fc905c56db43aeb33b072
/pool/lsf/vimartin/327862965/writeCfg.py pset.py pset.py
Importing .py file
Setting parameters
inputBlocks=/StreamExpress/Run2012B-TkAlMinBias-v1/ALCARECO#c8ce09c0-b079-11e1-9877-003048caaace
inputFiles=/store/express/Run2012B/StreamExpress/ALCARECO/TkAlMinBias-v1/000/195/660/C4C54E95-7BB0-E111-B608-001D09F2B2CF.root;/store/express/Run2012B/StreamExpress/ALCARECO/TkAlMinBias-v1/000/195/660/92432EFF-7CB0-E111-ACA2-001D09F2A690.root
parentFiles=
lumisRange=195660:194-195660:219
>>> Executable cmsRun
/afs/cern.ch/cms/slc5_amd64_gcc462/cms/cmssw/CMSSW_5_3_3/bin/slc5_amd64_gcc462/cmsRun
ok executable found
>>> info for dashboard:
***** Cat /pool/lsf/vimartin/327862965/jobreport.txt *****
MonitorJobID=5_https://CAF:/327862965-vimartin-beamspot-Comm12b-53XRepFinal-special-p89mc4
MonitorID=vimartin_beamspot_Comm12b_53XRepFinal_special_p89mc4
ExeStart=cmsRun
***** End Cat jobreport *****
Parameters sent to Dashboard.
>>> cmsRun started at Wed Nov 14 03:59:46 UTC 2012
>>> cmsRun ended at Wed Nov 14 04:03:03 UTC 2012
>>> info for dashboard:
***** Cat /pool/lsf/vimartin/327862965/jobreport.txt *****
MonitorJobID=5_https://CAF:/327862965-vimartin-beamspot-Comm12b-53XRepFinal-special-p89mc4
MonitorID=vimartin_beamspot_Comm12b_53XRepFinal_special_p89mc4
ExeEnd=cmsRun
***** End Cat jobreport *****
Parameters sent to Dashboard.
TIME_EXE = 197 sec
>>> cmsRun wrote 885 lines of stdout+stderr
>>> START OF printout of 885 lines from stdout+stderr
14-Nov-2012 04:59:59 CET  Initiating request to open file root://eoscms//eos/cms/store/express/Run2012B/StreamExpress/ALCARECO/TkAlMinBias-v1/000/195/660/C4C54E95-7BB0-E111-B608-001D09F2B2CF.root
121114 04:59:59 1497 Xrd: GoToAnotherServer: Going to: lxfsre05a02.cern.ch:1095
14-Nov-2012 04:59:59 CET  Successfully opened file root://eoscms//eos/cms/store/express/Run2012B/StreamExpress/ALCARECO/TkAlMinBias-v1/000/195/660/C4C54E95-7BB0-E111-B608-001D09F2B2CF.root
Begin processing the 1st record. Run 195660, Event 17713638, LumiSection 194 at 14-Nov-2012 05:00:00.061 CET
for lumis 194 - -1
number of selected tracks = 2626
number of selected PVs = 188

 RESULTS OF DEFAULT FIT 
 for runs: 195660 - 195660
 for lumi blocks : 194 - 194
 lumi counter # 1
-----------------------------------------------------
              Beam Spot Data

 Beam type    = 2
       X0     = 0.0722062 +/- 0.000223665 [cm]
       Y0     = 0.0628767 +/- 0.000226676 [cm]
       Z0     = -0.608616 +/- 0.40338 [cm]
 Sigma Z0     = 5.53103 +/- 0.285201 [cm]
 dxdz         = 3.64393e-06 +/- 4.17977e-05 [radians]
 dydz         = -6.48608e-05 +/- 4.33204e-05 [radians]
 Beam width X = 0.00159449 +/- 0.000287722 [cm]
 Beam width Y = 0.00157552 +/- 0.000287722 [cm]
 EmittanceX   = 0 [cm]
 EmittanceY   = 0 [cm]
 beta-star    = 0 [cm]
-----------------------------------------------------


[BeamFitter] fit done. 

Total number of tracks accumulated = 2626
Reset track collection for beam fit
for lumis 195 - 194
number of selected tracks = 2647
number of selected PVs = 190

 RESULTS OF DEFAULT FIT 
 for runs: 195660 - 195660
 for lumi blocks : 195 - 195
 lumi counter # 1
-----------------------------------------------------
              Beam Spot Data

 Beam type    = 2
       X0     = 0.0718647 +/- 0.000232693 [cm]
       Y0     = 0.0629174 +/- 0.000221885 [cm]
       Z0     = -0.558343 +/- 0.377958 [cm]
 Sigma Z0     = 5.20992 +/- 0.267232 [cm]
 dxdz         = 3.55711e-05 +/- 4.04712e-05 [radians]
 dydz         = 3.34967e-05 +/- 4.08048e-05 [radians]
 Beam width X = 0.00184378 +/- 0.0003012 [cm]
 Beam width Y = 0.00165884 +/- 0.0003012 [cm]
 EmittanceX   = 0 [cm]
 EmittanceY   = 0 [cm]
 beta-star    = 0 [cm]
-----------------------------------------------------


[BeamFitter] fit done. 

Total number of tracks accumulated = 2647
Reset track collection for beam fit
for lumis 196 - 195
number of selected tracks = 2562
number of selected PVs = 201

 RESULTS OF DEFAULT FIT 
 for runs: 195660 - 195660
 for lumi blocks : 196 - 196
 lumi counter # 1
-----------------------------------------------------
              Beam Spot Data

 Beam type    = 2
       X0     = 0.0724378 +/- 0.000242438 [cm]
       Y0     = 0.0622783 +/- 0.000234291 [cm]
       Z0     = -0.924116 +/- 0.33466 [cm]
 Sigma Z0     = 4.74472 +/- 0.236623 [cm]
 dxdz         = 0.000220242 +/- 4.96701e-05 [radians]
 dydz         = -1.29043e-05 +/- 4.83965e-05 [radians]
 Beam width X = 0.00153176 +/- 0.000352023 [cm]
 Beam width Y = 0.00179234 +/- 0.000352023 [cm]
 EmittanceX   = 0 [cm]
 EmittanceY   = 0 [cm]
 beta-star    = 0 [cm]
-----------------------------------------------------


[BeamFitter] fit done. 

Total number of tracks accumulated = 2562
Reset track collection for beam fit
for lumis 197 - 196
number of selected tracks = 1931
number of selected PVs = 145

 RESULTS OF DEFAULT FIT 
 for runs: 195660 - 195660
 for lumi blocks : 197 - 197
 lumi counter # 1
-----------------------------------------------------
              Beam Spot Data

 Beam type    = 2
       X0     = 0.0723572 +/- 0.000254784 [cm]
       Y0     = 0.0629162 +/- 0.000252116 [cm]
       Z0     = 0.311171 +/- 0.391761 [cm]
 Sigma Z0     = 4.71756 +/- 0.276987 [cm]
 dxdz         = 0.000152152 +/- 5.37511e-05 [radians]
 dydz         = -5.93289e-05 +/- 5.28329e-05 [radians]
 Beam width X = 0.00167279 +/- 0.000318667 [cm]
 Beam width Y = 0.00116165 +/- 0.000318667 [cm]
 EmittanceX   = 0 [cm]
 EmittanceY   = 0 [cm]
 beta-star    = 0 [cm]
-----------------------------------------------------


[BeamFitter] fit done. 

Total number of tracks accumulated = 1931
Reset track collection for beam fit
for lumis 198 - 197
number of selected tracks = 2652
number of selected PVs = 205

 RESULTS OF DEFAULT FIT 
 for runs: 195660 - 195660
 for lumi blocks : 198 - 198
 lumi counter # 1
-----------------------------------------------------
              Beam Spot Data

 Beam type    = 2
       X0     = 0.0721774 +/- 0.000233422 [cm]
       Y0     = 0.0629428 +/- 0.000238652 [cm]
       Z0     = -0.497998 +/- 0.346866 [cm]
 Sigma Z0     = 4.96647 +/- 0.245253 [cm]
 dxdz         = 0.000155636 +/- 4.74386e-05 [radians]
 dydz         = -8.24606e-06 +/- 4.64735e-05 [radians]
 Beam width X = 0.00235061 +/- 0.000285894 [cm]
 Beam width Y = 0.00152127 +/- 0.000285894 [cm]
 EmittanceX   = 0 [cm]
 EmittanceY   = 0 [cm]
 beta-star    = 0 [cm]
-----------------------------------------------------


[BeamFitter] fit done. 

Total number of tracks accumulated = 2652
Reset track collection for beam fit
14-Nov-2012 05:01:09 CET  Closed file root://eoscms//eos/cms/store/express/Run2012B/StreamExpress/ALCARECO/TkAlMinBias-v1/000/195/660/C4C54E95-7BB0-E111-B608-001D09F2B2CF.root
14-Nov-2012 05:01:09 CET  Initiating request to open file root://eoscms//eos/cms/store/express/Run2012B/StreamExpress/ALCARECO/TkAlMinBias-v1/000/195/660/92432EFF-7CB0-E111-ACA2-001D09F2A690.root
121114 05:01:09 1497 Xrd: GoToAnotherServer: Going to: lxfsrg29a04.cern.ch:1095
14-Nov-2012 05:01:09 CET  Successfully opened file root://eoscms//eos/cms/store/express/Run2012B/StreamExpress/ALCARECO/TkAlMinBias-v1/000/195/660/92432EFF-7CB0-E111-ACA2-001D09F2A690.root
for lumis 199 - 198
number of selected tracks = 2313
number of selected PVs = 174

 RESULTS OF DEFAULT FIT 
 for runs: 195660 - 195660
 for lumi blocks : 199 - 199
 lumi counter # 1
-----------------------------------------------------
              Beam Spot Data

 Beam type    = 2
       X0     = 0.072633 +/- 0.000258079 [cm]
       Y0     = 0.0619835 +/- 0.000253692 [cm]
       Z0     = -1.06431 +/- 0.358608 [cm]
 Sigma Z0     = 4.73047 +/- 0.253552 [cm]
 dxdz         = 0.000239257 +/- 5.03071e-05 [radians]
 dydz         = -0.000289963 +/- 5.0323e-05 [radians]
 Beam width X = 0.00222824 +/- 0.000327746 [cm]
 Beam width Y = 0.00229909 +/- 0.000327746 [cm]
 EmittanceX   = 0 [cm]
 EmittanceY   = 0 [cm]
 beta-star    = 0 [cm]
-----------------------------------------------------


[BeamFitter] fit done. 

Total number of tracks accumulated = 2313
Reset track collection for beam fit
for lumis 200 - 199
number of selected tracks = 2998
number of selected PVs = 233

 RESULTS OF DEFAULT FIT 
 for runs: 195660 - 195660
 for lumi blocks : 200 - 200
 lumi counter # 1
-----------------------------------------------------
              Beam Spot Data

 Beam type    = 2
       X0     = 0.0719772 +/- 0.00021544 [cm]
       Y0     = 0.0622076 +/- 0.000215748 [cm]
       Z0     = -0.400194 +/- 0.327865 [cm]
 Sigma Z0     = 5.00473 +/- 0.231823 [cm]
 dxdz         = 0.000192318 +/- 3.98808e-05 [radians]
 dydz         = 6.03271e-05 +/- 3.94935e-05 [radians]
 Beam width X = 0.00198473 +/- 0.000271667 [cm]
 Beam width Y = 0.00144014 +/- 0.000271667 [cm]
 EmittanceX   = 0 [cm]
 EmittanceY   = 0 [cm]
 beta-star    = 0 [cm]
-----------------------------------------------------


[BeamFitter] fit done. 

Total number of tracks accumulated = 2998
Reset track collection for beam fit
for lumis 201 - 200
number of selected tracks = 2530
number of selected PVs = 200

 RESULTS OF DEFAULT FIT 
 for runs: 195660 - 195660
 for lumi blocks : 201 - 201
 lumi counter # 1
-----------------------------------------------------
              Beam Spot Data

 Beam type    = 2
       X0     = 0.0726292 +/- 0.000244005 [cm]
       Y0     = 0.0632442 +/- 0.000235352 [cm]
       Z0     = -0.896807 +/- 0.358462 [cm]
 Sigma Z0     = 5.06953 +/- 0.253456 [cm]
 dxdz         = -0.000236942 +/- 4.60415e-05 [radians]
 dydz         = -0.000190866 +/- 4.37789e-05 [radians]
 Beam width X = 0.0022223 +/- 0.000290449 [cm]
 Beam width Y = 0.00219596 +/- 0.000290449 [cm]
 EmittanceX   = 0 [cm]
 EmittanceY   = 0 [cm]
 beta-star    = 0 [cm]
-----------------------------------------------------


[BeamFitter] fit done. 

Total number of tracks accumulated = 2530
Reset track collection for beam fit
for lumis 202 - 201
number of selected tracks = 2504
number of selected PVs = 180

 RESULTS OF DEFAULT FIT 
 for runs: 195660 - 195660
 for lumi blocks : 202 - 202
 lumi counter # 1
-----------------------------------------------------
              Beam Spot Data

 Beam type    = 2
       X0     = 0.0721114 +/- 0.000245323 [cm]
       Y0     = 0.0637046 +/- 0.000234485 [cm]
       Z0     = -0.920168 +/- 0.375653 [cm]
 Sigma Z0     = 5.04004 +/- 0.26561 [cm]
 dxdz         = 0.000158801 +/- 4.73254e-05 [radians]
 dydz         = -0.000121468 +/- 4.46466e-05 [radians]
 Beam width X = 0.00219706 +/- 0.00030426 [cm]
 Beam width Y = 0.00172075 +/- 0.00030426 [cm]
 EmittanceX   = 0 [cm]
 EmittanceY   = 0 [cm]
 beta-star    = 0 [cm]
-----------------------------------------------------


[BeamFitter] fit done. 

Total number of tracks accumulated = 2504
Reset track collection for beam fit
for lumis 203 - 202
number of selected tracks = 2380
number of selected PVs = 180

 RESULTS OF DEFAULT FIT 
 for runs: 195660 - 195660
 for lumi blocks : 203 - 203
 lumi counter # 1
-----------------------------------------------------
              Beam Spot Data

 Beam type    = 2
       X0     = 0.0720379 +/- 0.000245728 [cm]
       Y0     = 0.0625909 +/- 0.000249654 [cm]
       Z0     = -0.930117 +/- 0.373416 [cm]
 Sigma Z0     = 5.01002 +/- 0.264021 [cm]
 dxdz         = 4.5247e-05 +/- 4.72882e-05 [radians]
 dydz         = -2.07854e-05 +/- 4.5209e-05 [radians]
 Beam width X = 0.00221144 +/- 0.00029045 [cm]
 Beam width Y = 0.00187931 +/- 0.00029045 [cm]
 EmittanceX   = 0 [cm]
 EmittanceY   = 0 [cm]
 beta-star    = 0 [cm]
-----------------------------------------------------


[BeamFitter] fit done. 

Total number of tracks accumulated = 2380
Reset track collection for beam fit
for lumis 204 - 203
number of selected tracks = 2522
number of selected PVs = 193

 RESULTS OF DEFAULT FIT 
 for runs: 195660 - 195660
 for lumi blocks : 204 - 204
 lumi counter # 1
-----------------------------------------------------
              Beam Spot Data

 Beam type    = 2
       X0     = 0.0721469 +/- 0.000228083 [cm]
       Y0     = 0.0626314 +/- 0.000232582 [cm]
       Z0     = -0.627998 +/- 0.384129 [cm]
 Sigma Z0     = 5.33663 +/- 0.271596 [cm]
 dxdz         = 0.000170716 +/- 4.10103e-05 [radians]
 dydz         = 6.56645e-06 +/- 4.23208e-05 [radians]
 Beam width X = 0.00181396 +/- 0.000279104 [cm]
 Beam width Y = 0.00179837 +/- 0.000279104 [cm]
 EmittanceX   = 0 [cm]
 EmittanceY   = 0 [cm]
 beta-star    = 0 [cm]
-----------------------------------------------------


[BeamFitter] fit done. 

Total number of tracks accumulated = 2522
Reset track collection for beam fit
for lumis 205 - 204
number of selected tracks = 2560
number of selected PVs = 179

 RESULTS OF DEFAULT FIT 
 for runs: 195660 - 195660
 for lumi blocks : 205 - 205
 lumi counter # 1
-----------------------------------------------------
              Beam Spot Data

 Beam type    = 2
       X0     = 0.0720443 +/- 0.000240663 [cm]
       Y0     = 0.0629094 +/- 0.000237037 [cm]
       Z0     = -1.28738 +/- 0.376012 [cm]
 Sigma Z0     = 5.03082 +/- 0.265859 [cm]
 dxdz         = 6.3843e-05 +/- 4.66915e-05 [radians]
 dydz         = -9.0996e-05 +/- 4.53445e-05 [radians]
 Beam width X = 0.00215939 +/- 0.000297036 [cm]
 Beam width Y = 0.00156917 +/- 0.000297036 [cm]
 EmittanceX   = 0 [cm]
 EmittanceY   = 0 [cm]
 beta-star    = 0 [cm]
-----------------------------------------------------


[BeamFitter] fit done. 

Total number of tracks accumulated = 2560
Reset track collection for beam fit
for lumis 206 - 205
number of selected tracks = 2338
number of selected PVs = 178

 RESULTS OF DEFAULT FIT 
 for runs: 195660 - 195660
 for lumi blocks : 206 - 206
 lumi counter # 1
-----------------------------------------------------
              Beam Spot Data

 Beam type    = 2
       X0     = 0.072167 +/- 0.000248382 [cm]
       Y0     = 0.0619265 +/- 0.000243733 [cm]
       Z0     = -0.636049 +/- 0.386642 [cm]
 Sigma Z0     = 5.15859 +/- 0.273365 [cm]
 dxdz         = 3.65878e-05 +/- 4.64514e-05 [radians]
 dydz         = -1.1236e-05 +/- 4.59119e-05 [radians]
 Beam width X = 0.00204004 +/- 0.000317155 [cm]
 Beam width Y = 0.00148512 +/- 0.000317155 [cm]
 EmittanceX   = 0 [cm]
 EmittanceY   = 0 [cm]
 beta-star    = 0 [cm]
-----------------------------------------------------


[BeamFitter] fit done. 

Total number of tracks accumulated = 2338
Reset track collection for beam fit
for lumis 207 - 206
number of selected tracks = 2102
number of selected PVs = 158

 RESULTS OF DEFAULT FIT 
 for runs: 195660 - 195660
 for lumi blocks : 207 - 207
 lumi counter # 1
-----------------------------------------------------
              Beam Spot Data

 Beam type    = 2
       X0     = 0.0714774 +/- 0.000256195 [cm]
       Y0     = 0.0632261 +/- 0.000262809 [cm]
       Z0     = -0.725975 +/- 0.413994 [cm]
 Sigma Z0     = 5.20398 +/- 0.292711 [cm]
 dxdz         = -0.000111266 +/- 4.82619e-05 [radians]
 dydz         = 9.92804e-05 +/- 4.85599e-05 [radians]
 Beam width X = 0.00153302 +/- 0.000357746 [cm]
 Beam width Y = 0.00186468 +/- 0.000357746 [cm]
 EmittanceX   = 0 [cm]
 EmittanceY   = 0 [cm]
 beta-star    = 0 [cm]
-----------------------------------------------------


[BeamFitter] fit done. 

Total number of tracks accumulated = 2102
Reset track collection for beam fit
for lumis 208 - 207
number of selected tracks = 2497
number of selected PVs = 169

 RESULTS OF DEFAULT FIT 
 for runs: 195660 - 195660
 for lumi blocks : 208 - 208
 lumi counter # 1
-----------------------------------------------------
              Beam Spot Data

 Beam type    = 2
       X0     = 0.0719893 +/- 0.000238403 [cm]
       Y0     = 0.0623158 +/- 0.000241806 [cm]
       Z0     = -1.28462 +/- 0.398893 [cm]
 Sigma Z0     = 5.18575 +/- 0.282035 [cm]
 dxdz         = -3.66489e-05 +/- 4.48522e-05 [radians]
 dydz         = 6.14627e-05 +/- 4.63153e-05 [radians]
 Beam width X = 0.00125045 +/- 0.000367395 [cm]
 Beam width Y = 0.00204911 +/- 0.000367395 [cm]
 EmittanceX   = 0 [cm]
 EmittanceY   = 0 [cm]
 beta-star    = 0 [cm]
-----------------------------------------------------


[BeamFitter] fit done. 

Total number of tracks accumulated = 2497
Reset track collection for beam fit
for lumis 209 - 208
number of selected tracks = 2662
number of selected PVs = 185

 RESULTS OF DEFAULT FIT 
 for runs: 195660 - 195660
 for lumi blocks : 209 - 209
 lumi counter # 1
-----------------------------------------------------
              Beam Spot Data

 Beam type    = 2
       X0     = 0.0727526 +/- 0.000234906 [cm]
       Y0     = 0.0630567 +/- 0.000233398 [cm]
       Z0     = -1.21609 +/- 0.364615 [cm]
 Sigma Z0     = 4.95942 +/- 0.257829 [cm]
 dxdz         = 0.000126395 +/- 4.56336e-05 [radians]
 dydz         = -7.12265e-05 +/- 4.39493e-05 [radians]
 Beam width X = 0.00179031 +/- 0.000323131 [cm]
 Beam width Y = 0.00241719 +/- 0.000323131 [cm]
 EmittanceX   = 0 [cm]
 EmittanceY   = 0 [cm]
 beta-star    = 0 [cm]
-----------------------------------------------------


[BeamFitter] fit done. 

Total number of tracks accumulated = 2662
Reset track collection for beam fit
for lumis 210 - 209
number of selected tracks = 3062
number of selected PVs = 236

 RESULTS OF DEFAULT FIT 
 for runs: 195660 - 195660
 for lumi blocks : 210 - 210
 lumi counter # 1
-----------------------------------------------------
              Beam Spot Data

 Beam type    = 2
       X0     = 0.0720489 +/- 0.000210356 [cm]
       Y0     = 0.0628202 +/- 0.000214352 [cm]
       Z0     = -0.902401 +/- 0.335742 [cm]
 Sigma Z0     = 5.15787 +/- 0.237399 [cm]
 dxdz         = 0.00015892 +/- 3.85494e-05 [radians]
 dydz         = -2.41432e-05 +/- 3.96469e-05 [radians]
 Beam width X = 0.00158227 +/- 0.00029459 [cm]
 Beam width Y = 0.00139592 +/- 0.00029459 [cm]
 EmittanceX   = 0 [cm]
 EmittanceY   = 0 [cm]
 beta-star    = 0 [cm]
-----------------------------------------------------


[BeamFitter] fit done. 

Total number of tracks accumulated = 3062
Reset track collection for beam fit
for lumis 211 - 210
number of selected tracks = 2367
number of selected PVs = 175

 RESULTS OF DEFAULT FIT 
 for runs: 195660 - 195660
 for lumi blocks : 211 - 211
 lumi counter # 1
-----------------------------------------------------
              Beam Spot Data

 Beam type    = 2
       X0     = 0.0718142 +/- 0.000256097 [cm]
       Y0     = 0.0626256 +/- 0.000251782 [cm]
       Z0     = -0.268884 +/- 0.386244 [cm]
 Sigma Z0     = 5.10966 +/- 0.273083 [cm]
 dxdz         = 0.000193608 +/- 4.91528e-05 [radians]
 dydz         = 1.55044e-06 +/- 4.80817e-05 [radians]
 Beam width X = 0.00263696 +/- 0.000340362 [cm]
 Beam width Y = 0.00194143 +/- 0.000340362 [cm]
 EmittanceX   = 0 [cm]
 EmittanceY   = 0 [cm]
 beta-star    = 0 [cm]
-----------------------------------------------------


[BeamFitter] fit done. 

Total number of tracks accumulated = 2367
Reset track collection for beam fit
for lumis 212 - 211
number of selected tracks = 2570
number of selected PVs = 188

 RESULTS OF DEFAULT FIT 
 for runs: 195660 - 195660
 for lumi blocks : 212 - 212
 lumi counter # 1
-----------------------------------------------------
              Beam Spot Data

 Beam type    = 2
       X0     = 0.0725469 +/- 0.000238787 [cm]
       Y0     = 0.062578 +/- 0.000239968 [cm]
       Z0     = -0.349285 +/- 0.353794 [cm]
 Sigma Z0     = 4.85108 +/- 0.250155 [cm]
 dxdz         = 0.00011074 +/- 4.6509e-05 [radians]
 dydz         = -0.000223526 +/- 4.732e-05 [radians]
 Beam width X = 0.00238089 +/- 0.000309829 [cm]
 Beam width Y = 0.00215669 +/- 0.000309829 [cm]
 EmittanceX   = 0 [cm]
 EmittanceY   = 0 [cm]
 beta-star    = 0 [cm]
-----------------------------------------------------


[BeamFitter] fit done. 

Total number of tracks accumulated = 2570
Reset track collection for beam fit
for lumis 213 - 212
number of selected tracks = 2279
number of selected PVs = 167

 RESULTS OF DEFAULT FIT 
 for runs: 195660 - 195660
 for lumi blocks : 213 - 213
 lumi counter # 1
-----------------------------------------------------
              Beam Spot Data

 Beam type    = 2
       X0     = 0.0716592 +/- 0.000256148 [cm]
       Y0     = 0.0623164 +/- 0.000268936 [cm]
       Z0     = -0.606741 +/- 0.401627 [cm]
 Sigma Z0     = 5.19031 +/- 0.283964 [cm]
 dxdz         = -2.63038e-05 +/- 4.5398e-05 [radians]
 dydz         = -0.000193647 +/- 4.96814e-05 [radians]
 Beam width X = 0.00246062 +/- 0.000333531 [cm]
 Beam width Y = 0.00177786 +/- 0.000333531 [cm]
 EmittanceX   = 0 [cm]
 EmittanceY   = 0 [cm]
 beta-star    = 0 [cm]
-----------------------------------------------------


[BeamFitter] fit done. 

Total number of tracks accumulated = 2279
Reset track collection for beam fit
for lumis 214 - 213
number of selected tracks = 2335
number of selected PVs = 170

 RESULTS OF DEFAULT FIT 
 for runs: 195660 - 195660
 for lumi blocks : 214 - 214
 lumi counter # 1
-----------------------------------------------------
              Beam Spot Data

 Beam type    = 2
       X0     = 0.0719045 +/- 0.000247661 [cm]
       Y0     = 0.0622349 +/- 0.000252282 [cm]
       Z0     = -0.853074 +/- 0.397843 [cm]
 Sigma Z0     = 5.18738 +/- 0.281287 [cm]
 dxdz         = 7.66928e-05 +/- 4.77296e-05 [radians]
 dydz         = -7.15374e-05 +/- 4.56216e-05 [radians]
 Beam width X = 0.00180886 +/- 0.000322837 [cm]
 Beam width Y = 0.00205446 +/- 0.000322837 [cm]
 EmittanceX   = 0 [cm]
 EmittanceY   = 0 [cm]
 beta-star    = 0 [cm]
-----------------------------------------------------


[BeamFitter] fit done. 

Total number of tracks accumulated = 2335
Reset track collection for beam fit
for lumis 215 - 214
number of selected tracks = 2461
number of selected PVs = 185

 RESULTS OF DEFAULT FIT 
 for runs: 195660 - 195660
 for lumi blocks : 215 - 215
 lumi counter # 1
-----------------------------------------------------
              Beam Spot Data

 Beam type    = 2
       X0     = 0.0724106 +/- 0.000234041 [cm]
       Y0     = 0.0622987 +/- 0.000236992 [cm]
       Z0     = -0.668741 +/- 0.391218 [cm]
 Sigma Z0     = 5.32128 +/- 0.276595 [cm]
 dxdz         = 0.000154504 +/- 4.20642e-05 [radians]
 dydz         = -2.55743e-05 +/- 4.53791e-05 [radians]
 Beam width X = 0.00203164 +/- 0.000293506 [cm]
 Beam width Y = 0.00175971 +/- 0.000293506 [cm]
 EmittanceX   = 0 [cm]
 EmittanceY   = 0 [cm]
 beta-star    = 0 [cm]
-----------------------------------------------------


[BeamFitter] fit done. 

Total number of tracks accumulated = 2461
Reset track collection for beam fit
for lumis 216 - 215
number of selected tracks = 2067
number of selected PVs = 162

 RESULTS OF DEFAULT FIT 
 for runs: 195660 - 195660
 for lumi blocks : 216 - 216
 lumi counter # 1
-----------------------------------------------------
              Beam Spot Data

 Beam type    = 2
       X0     = 0.0734024 +/- 0.000262884 [cm]
       Y0     = 0.0637148 +/- 0.000263314 [cm]
       Z0     = -0.346767 +/- 0.4311 [cm]
 Sigma Z0     = 5.48718 +/- 0.304827 [cm]
 dxdz         = 3.28484e-05 +/- 4.74932e-05 [radians]
 dydz         = -0.000238413 +/- 4.87228e-05 [radians]
 Beam width X = 0.00189947 +/- 0.000355098 [cm]
 Beam width Y = 0.00173627 +/- 0.000355098 [cm]
 EmittanceX   = 0 [cm]
 EmittanceY   = 0 [cm]
 beta-star    = 0 [cm]
-----------------------------------------------------


[BeamFitter] fit done. 

Total number of tracks accumulated = 2067
Reset track collection for beam fit
for lumis 217 - 216
number of selected tracks = 2315
number of selected PVs = 162

 RESULTS OF DEFAULT FIT 
 for runs: 195660 - 195660
 for lumi blocks : 217 - 217
 lumi counter # 1
-----------------------------------------------------
              Beam Spot Data

 Beam type    = 2
       X0     = 0.0730448 +/- 0.000241948 [cm]
       Y0     = 0.0629336 +/- 0.000250595 [cm]
       Z0     = -1.2134 +/- 0.401266 [cm]
 Sigma Z0     = 5.10742 +/- 0.283709 [cm]
 dxdz         = 4.33982e-05 +/- 4.56011e-05 [radians]
 dydz         = 4.90715e-05 +/- 4.71415e-05 [radians]
 Beam width X = 0.00205744 +/- 0.000316021 [cm]
 Beam width Y = 0.00125206 +/- 0.000316021 [cm]
 EmittanceX   = 0 [cm]
 EmittanceY   = 0 [cm]
 beta-star    = 0 [cm]
-----------------------------------------------------


[BeamFitter] fit done. 

Total number of tracks accumulated = 2315
Reset track collection for beam fit
for lumis 218 - 217
number of selected tracks = 2331
number of selected PVs = 169

 RESULTS OF DEFAULT FIT 
 for runs: 195660 - 195660
 for lumi blocks : 218 - 218
 lumi counter # 1
-----------------------------------------------------
              Beam Spot Data

 Beam type    = 2
       X0     = 0.0723147 +/- 0.000251182 [cm]
       Y0     = 0.0631605 +/- 0.000258681 [cm]
       Z0     = -0.989104 +/- 0.394982 [cm]
 Sigma Z0     = 5.1349 +/- 0.279272 [cm]
 dxdz         = 0.000184153 +/- 4.91711e-05 [radians]
 dydz         = 9.22421e-05 +/- 5.13875e-05 [radians]
 Beam width X = 0.0019854 +/- 0.000323592 [cm]
 Beam width Y = 0.00126003 +/- 0.000323592 [cm]
 EmittanceX   = 0 [cm]
 EmittanceY   = 0 [cm]
 beta-star    = 0 [cm]
-----------------------------------------------------


[BeamFitter] fit done. 

Total number of tracks accumulated = 2331
Reset track collection for beam fit
for lumis 219 - 218
number of selected tracks = 2446
number of selected PVs = 179

 RESULTS OF DEFAULT FIT 
 for runs: 195660 - 195660
 for lumi blocks : 219 - 219
 lumi counter # 1
-----------------------------------------------------
              Beam Spot Data

 Beam type    = 2
       X0     = 0.072153 +/- 0.000234741 [cm]
       Y0     = 0.0629324 +/- 0.000242321 [cm]
       Z0     = -0.773063 +/- 0.37546 [cm]
 Sigma Z0     = 5.02344 +/- 0.265461 [cm]
 dxdz         = 0.000121309 +/- 4.40069e-05 [radians]
 dydz         = 9.34855e-06 +/- 4.74911e-05 [radians]
 Beam width X = 0.00181007 +/- 0.000278683 [cm]
 Beam width Y = 0.00189668 +/- 0.000278683 [cm]
 EmittanceX   = 0 [cm]
 EmittanceY   = 0 [cm]
 beta-star    = 0 [cm]
-----------------------------------------------------


[BeamFitter] fit done. 

Total number of tracks accumulated = 2446
Reset track collection for beam fit
14-Nov-2012 05:03:02 CET  Closed file root://eoscms//eos/cms/store/express/Run2012B/StreamExpress/ALCARECO/TkAlMinBias-v1/000/195/660/92432EFF-7CB0-E111-ACA2-001D09F2A690.root

-------------------------------------


 Total number of events processed: 2561

-------------------------------------


[BeamSpotAnalyzer] endJob done 


TrigReport ---------- Event  Summary ------------
TrigReport Events total = 2561 passed = 2561 failed = 0

TrigReport ---------- Path   Summary ------------
TrigReport  Trig Bit#        Run     Passed     Failed      Error Name
TrigReport     1    0       2561       2561          0          0 p

TrigReport -------End-Path   Summary ------------
TrigReport  Trig Bit#        Run     Passed     Failed      Error Name

TrigReport ---------- Modules in Path: p ------------
TrigReport  Trig Bit#    Visited     Passed     Failed      Error Name
TrigReport     1    0       2561       2561          0          0 offlineBeamSpot
TrigReport     1    0       2561       2561          0          0 TrackRefitter
TrigReport     1    0       2561       2561          0          0 offlinePrimaryVertices
TrigReport     1    0       2561       2561          0          0 d0_phi_analyzer

TrigReport ---------- Module Summary ------------
TrigReport    Visited        Run     Passed     Failed      Error Name
TrigReport       2561       2561       2561          0          0 offlineBeamSpot
TrigReport       2561       2561       2561          0          0 TrackRefitter
TrigReport       2561       2561       2561          0          0 offlinePrimaryVertices
TrigReport       2561       2561       2561          0          0 d0_phi_analyzer
TrigReport       2561       2561       2561          0          0 TriggerResults

TimeReport ---------- Event  Summary ---[sec]----
TimeReport CPU/event = 0.068208 Real/event = 0.068725

TimeReport ---------- Path   Summary ---[sec]----
TimeReport             per event          per path-run 
TimeReport        CPU       Real        CPU       Real Name
TimeReport   0.068168   0.068684   0.068168   0.068684 p
TimeReport        CPU       Real        CPU       Real Name
TimeReport             per event          per path-run 

TimeReport -------End-Path   Summary ---[sec]----
TimeReport             per event       per endpath-run 
TimeReport        CPU       Real        CPU       Real Name
TimeReport        CPU       Real        CPU       Real Name
TimeReport             per event       per endpath-run 

TimeReport ---------- Modules in Path: p ---[sec]----
TimeReport             per event      per module-visit 
TimeReport        CPU       Real        CPU       Real Name
TimeReport   0.000051   0.000192   0.000051   0.000192 offlineBeamSpot
TimeReport   0.056709   0.057078   0.056709   0.057078 TrackRefitter
TimeReport   0.010867   0.010868   0.010867   0.010868 offlinePrimaryVertices
TimeReport   0.000525   0.000538   0.000525   0.000538 d0_phi_analyzer
TimeReport        CPU       Real        CPU       Real Name
TimeReport             per event      per module-visit 
TimeReport        CPU       Real        CPU       Real Name
TimeReport             per event      per module-visit 

TimeReport ---------- Module Summary ---[sec]----
TimeReport             per event        per module-run      per module-visit 
TimeReport        CPU       Real        CPU       Real        CPU       Real Name
TimeReport   0.000051   0.000192   0.000051   0.000192   0.000051   0.000192 offlineBeamSpot
TimeReport   0.056709   0.057078   0.056709   0.057078   0.056709   0.057078 TrackRefitter
TimeReport   0.010867   0.010868   0.010867   0.010868   0.010867   0.010868 offlinePrimaryVertices
TimeReport   0.000525   0.000538   0.000525   0.000538   0.000525   0.000538 d0_phi_analyzer
TimeReport   0.000034   0.000035   0.000034   0.000035   0.000034   0.000035 TriggerResults
TimeReport        CPU       Real        CPU       Real        CPU       Real Name
TimeReport             per event        per module-run      per module-visit 

T---Report end!


=============================================

MessageLogger Summary

 type     category        sev    module        subroutine        count    total
 ---- -------------------- -- ---------------- ----------------  -----    -----
    1 fileAction           -s file_close                             2        2
    2 fileAction           -s file_open                              4        4

 type    category    Examples: run/evt        run/evt          run/evt
 ---- -------------------- ---------------- ---------------- ----------------
    1 fileAction           PostProcessEvent PostEndRun       
    2 fileAction           pre-events       pre-events       PostProcessEvent

Severity    # Occurrences   Total Occurrences
--------    -------------   -----------------
System                  6                   6
>>> END OF printout of 885 lines from stdout+stderr
>>> Parse FrameworkJobReport crab_fjr.xml
Result of parsing the FrameworkJobReport crab_fjr.xml: Popularity start
lumisRange : 195660::200-219::1;195660::194-199::2;
lumisParentRange : 
Basename : /store/express/Run2012B/StreamExpress/ALCARECO/TkAlMinBias-v1/000/195/660/
BasenameParent : 
parentFiles : 
inputBlocks : /StreamExpress/Run2012B-TkAlMinBias-v1/ALCARECO#c8ce09c0-b079-11e1-9877-003048caaace
inputFiles : 92432EFF-7CB0-E111-ACA2-001D09F2A690.root::1::EDM::Local::1;C4C54E95-7BB0-E111-B608-001D09F2B2CF.root::1::EDM::Local::2;
Popularity stop
Extracted ExitStatus from FrameworkJobReport parsing output: 0
>>> Executable succeded  0
ExeExitCode=0
EXECUTABLE_EXIT_STATUS = 0
>>> current directory /pool/lsf/vimartin/327862965/CMSSW_5_3_3_patch1
>>>  (SOFTWARE_DIR): /pool/lsf/vimartin/327862965/CMSSW_5_3_3_patch1
>>> (WORKING_DIR): 
>>> current directory content:
total 6504
drwxr-xr-x 3 vimartin zh    4096 Nov 14 04:59 .SCRAM
-rw-r--r-- 1 vimartin zh   15162 Nov 14 05:03 BeamFit_Workflow_Data2012_53XRepFinal.txt
-rw-r--r-- 1 vimartin zh 3226438 Nov 14 04:59 CMSSW.py.pkl
drwxr-xr-x 3 vimartin zh    4096 Nov 14 04:59 bin
drwxr-xr-x 3 vimartin zh    4096 Nov 14 04:59 cfipython
drwxr-xr-x 5 vimartin zh    4096 Nov 14 04:59 config
-rw-r--r-- 1 vimartin zh      17 Nov 14 05:03 cpu_timing.txt
drwxr-xr-x 2 vimartin zh    4096 Nov 14 04:59 doc
-rw-r--r-- 1 vimartin zh   29331 Nov 14 05:03 executable.out
drwxr-xr-x 2 vimartin zh    4096 Nov 14 04:59 include
drwxrwxrwx 3 vimartin zh    4096 Nov 12 14:58 lib
drwxr-xr-x 3 vimartin zh    4096 Nov 14 04:59 logs
drwxr-xr-x 3 vimartin zh    4096 Nov 14 04:59 objs
-rw-r--r-- 1 vimartin zh     104 Nov 14 04:59 pset.py
-rw-r--r-- 1 vimartin zh 3218682 Nov 14 04:59 pset.py.pkl
-rw-r--r-- 1 vimartin zh     289 Nov 14 04:59 pset.pyc
drwxr-xr-x 2 vimartin zh    4096 Nov 14 04:59 python
-rw-r--r-- 1 vimartin zh     566 Nov 14 05:03 report.log
drwxrwxrwx 4 vimartin zh    4096 Nov 14 04:59 src
drwxr-xr-x 3 vimartin zh    4096 Nov 14 04:59 test
drwxr-xr-x 3 vimartin zh    4096 Nov 14 04:59 tmp
>>> current directory /pool/lsf/vimartin/327862965/CMSSW_5_3_3_patch1
>>> (SOFTWARE_DIR): /pool/lsf/vimartin/327862965/CMSSW_5_3_3_patch1
>>> (WORKING_DIR): 
>>> current directory content:
total 6484
drwxr-xr-x 3 vimartin zh    4096 Nov 14 04:59 .SCRAM
-rw-r--r-- 1 vimartin zh 3226438 Nov 14 04:59 CMSSW.py.pkl
drwxr-xr-x 3 vimartin zh    4096 Nov 14 04:59 bin
drwxr-xr-x 3 vimartin zh    4096 Nov 14 04:59 cfipython
drwxr-xr-x 5 vimartin zh    4096 Nov 14 04:59 config
-rw-r--r-- 1 vimartin zh      17 Nov 14 05:03 cpu_timing.txt
drwxr-xr-x 2 vimartin zh    4096 Nov 14 04:59 doc
-rw-r--r-- 1 vimartin zh   29331 Nov 14 05:03 executable.out
drwxr-xr-x 2 vimartin zh    4096 Nov 14 04:59 include
drwxrwxrwx 3 vimartin zh    4096 Nov 12 14:58 lib
drwxr-xr-x 3 vimartin zh    4096 Nov 14 04:59 logs
drwxr-xr-x 3 vimartin zh    4096 Nov 14 04:59 objs
-rw-r--r-- 1 vimartin zh     104 Nov 14 04:59 pset.py
-rw-r--r-- 1 vimartin zh 3218682 Nov 14 04:59 pset.py.pkl
-rw-r--r-- 1 vimartin zh     289 Nov 14 04:59 pset.pyc
drwxr-xr-x 2 vimartin zh    4096 Nov 14 04:59 python
-rw-r--r-- 1 vimartin zh     566 Nov 14 05:03 report.log
drwxrwxrwx 4 vimartin zh    4096 Nov 14 04:59 src
drwxr-xr-x 3 vimartin zh    4096 Nov 14 04:59 test
drwxr-xr-x 3 vimartin zh    4096 Nov 14 04:59 tmp
>>> current directory (RUNTIME_AREA):  /pool/lsf/vimartin/327862965
>>> current dir: /pool/lsf/vimartin/327862965
>>> current dir content:
total 5216
-rw-rw-rw-  1 vimartin zh       0 Nov 14 04:59 .lsf.start
-rw-rw--w-  1 vimartin zh       0 Nov 14 04:59 1352854900.327862965.err
-rw-rw--w-  1 vimartin zh   44814 Nov 14 05:03 1352854900.327862965.out
lrwxrwxrwx  1 vimartin zh      78 Nov 14 05:03 BeamFit_Workflow_Data2012_53XRepFinal.txt -> /pool/lsf/vimartin/327862965/BeamFit_Workflow_Data2012_53XRepFinal_5_1_2A6.txt
-rw-r--r--  1 vimartin zh   15162 Nov 14 05:03 BeamFit_Workflow_Data2012_53XRepFinal_5_1_2A6.txt
-rw-rw-rw-  1 vimartin zh     105 Nov 14 02:01 CMSSW.py
-rw-rw-rw-  1 vimartin zh 3226438 Nov 14 02:01 CMSSW.py.pkl
-rwxrw-rw-  1 vimartin zh   22384 Nov 14 04:59 CMSSW.sh
drwxr-xr-x 15 vimartin zh    4096 Nov 14 05:03 CMSSW_5_3_3_patch1
-rw-r--r--  1 vimartin zh    6464 Nov 14 04:59 CacheEnv.sh
-rw-rw-rw-  1 vimartin zh    7291 Jun  9  2010 DashboardAPI.py
-rw-r--r--  1 vimartin zh    6118 Nov 14 04:59 DashboardAPI.pyc
drwxrwxrwx  3 vimartin zh    4096 Oct 25 17:14 IMProv
-rw-rw-rw-  1 vimartin zh    2748 Mar  8  2006 Logger.py
-rw-r--r--  1 vimartin zh    3098 Nov 14 04:59 Logger.pyc
-rw-rw-rw-  1 vimartin zh   24524 Mar 28  2008 ProcInfo.py
-rw-r--r--  1 vimartin zh   22246 Nov 14 04:59 ProcInfo.pyc
drwxrwxrwx  7 vimartin zh    4096 Nov 14 04:59 ProdCommon
drwxrwxrwx  3 vimartin zh    4096 Nov 14 04:59 WMCore
-rw-r--r--  1 vimartin zh    1459 Nov 14 05:02 Watchdog_5.log
-rw-rw-rw-  1 vimartin zh   32895 Mar 28  2008 apmon.py
-rw-r--r--  1 vimartin zh   27395 Nov 14 04:59 apmon.pyc
-rw-rw-rw-  1 vimartin zh    2516 Nov 14 04:59 arguments.xml
-rwxrwxrwx  1 vimartin zh  146024 Jul 27 13:50 cmsRun
-rwxrwxrwx  1 vimartin zh   37427 Sep 13 13:14 cmscp.py
-rw-rw-rw-  1 vimartin zh     547 Nov 14 01:59 crab.cfg
-rwxrwxrwx  1 vimartin zh    9531 Sep 20 20:46 crabWatchdog.sh
-rw-r--r--  1 vimartin zh   12798 Nov 14 05:03 crab_fjr_5.xml
-rw-rw-rw-  1 vimartin zh 1408053 Nov 14 04:59 default.tgz
-rwxrwxrwx  1 vimartin zh    4488 May 12  2012 fillCrabFjr.py
-rw-r--r--  1 vimartin zh     386 Nov 14 04:59 inputsReport.txt
-rw-r--r--  1 vimartin zh     180 Nov 14 05:03 jobreport.txt
-rw-rw-rw-  1 vimartin zh   17352 Jan 20  2012 parseCrabFjr.py
-rw-r--r--  1 vimartin zh     284 Nov 14 04:59 report.log
-rwxrwxrwx  1 vimartin zh    1497 May 27  2009 report.py
-rwxrwxrwx  1 vimartin zh    8387 Mar 23  2011 writeCfg.py
Checking output files:  
will tar file BeamFit_Workflow_Data2012_53XRepFinal_5_1_2A6.txt in  out_files_5
will tar file crab_fjr_5.xml in  out_files_5
WARNING: output file CMSSW_5.stdout not found!
WARNING: output file CMSSW_5.stderr not found!
WARNING: output file Watchdog_5.log.gz not found!
>>> padding time: Wrapper lasting more than 0 seconds. No sleep required.
STOPPING WATCHDOG. CrabWatchdog PID is 1093
********** LAST 50 LINES OF WATCHDOG LOG
# RESOURCE USAGE SUMMARY FOR PROCESS ID   967
USER       PID %CPU %MEM    VSZ   RSS TTY      STAT START   TIME COMMAND
vimartin   967  0.6  0.0   9008  1428 ?        SN   04:59   0:00 /bin/sh ./CMSSW.sh 5 1
 
# LIMITS USED BY THIS WATCHDOG:
# RSS  (KBytes)  : 2300000
# VSZ  (KBytes)  : 100000000
# DISK (MBytes)  : 19000
# CPU  (seconds) : 171600
# WALL (seconds) : 171600
 
# FOLLOWING PRINTOUT TRACKS MAXIMUM VALUES OF RESOURCES USE
# ONE LINE IS PRINTED EACH TIME A MAXIMUM CHANGES
# IF CHANGE WAS IN RSS OR VSZ ALSO PROCID AND COMMAND ARE PRINTED
# THERE IS NO PRINTOUT FOR CPU/WALL TIME INCREASE
 
# TIME			PID	RSS(KB)	VSZ(KB)	Dsk(MB)	tCPU(s)	tWALL(s)	COMMAND
 Nov 14 04:59:36 CET	962	1136	8876	0	0	3	sh -c (export RFIO_PORT=5001 ; cp //afs/cern.ch/user/v/vimartin/scratch1/beamspot_Comm12b_53XRepFinal_special/share/default.tgz . ; cp
 Nov 14 04:59:36 CET	967	1428	9008	0	0	4	/bin/sh ./CMSSW.sh 5 1      
 Nov 14 04:59:36 CET	1103	28156	92980	0	0	1	edmConfigHash pset.py        
 Nov 14 04:59:36 CET	---	28156	92980	18	----	----	----
 Nov 14 05:00:37 CET	1497	548484	805584	18	49	52	cmsRun -j /pool/lsf/vimartin/327862965/crab_fjr_5.xml -p pset.py     
 Nov 14 05:00:37 CET	---	548484	805584	21	----	----	----
 Nov 14 05:01:38 CET	1497	569716	815064	21	109	112	cmsRun -j /pool/lsf/vimartin/327862965/crab_fjr_5.xml -p pset.py     
 Nov 14 05:02:39 CET	1497	573648	819416	21	169	173	cmsRun -j /pool/lsf/vimartin/327862965/crab_fjr_5.xml -p pset.py     
********** WATCHDOG LOG ENDED
ZIPPING WATCHDOG LOG
Disk space used:
du -sh /pool/lsf/vimartin/327862965
21M	/pool/lsf/vimartin/327862965
>>> info for dashboard:
***** Cat /pool/lsf/vimartin/327862965/jobreport.txt *****
MonitorJobID=5_https://CAF:/327862965-vimartin-beamspot-Comm12b-53XRepFinal-special-p89mc4
MonitorID=vimartin_beamspot_Comm12b_53XRepFinal_special_p89mc4
ExeTime=197
ExeExitCode=0
CrabUserCpuTime=178.91
CrabSysCpuTime=14.45
CrabCpuPercentage=98%
CrabWrapperTime=214
CrabStageoutTime=NULL
***** End Cat jobreport *****
Parameters sent to Dashboard.
