@(#)CERN job starter $Date: 2010/06/23 14:22:16 $
Working directory is </pool/lsf/vimartin/327862953> on <lxbrg0808.cern.ch>

This script was generated by crab (version 2.8.3).
Running ./CMSSW.sh with 2 positional parameters: 1 1
Today is Wed Nov 14 04:58:58 CET 2012
Job submitted on host lxbrg0808.cern.ch
Linux lxbrg0808.cern.ch 2.6.18-274.7.1.el5 #1 SMP Mon Oct 24 11:23:38 CEST 2011 x86_64 x86_64 x86_64 GNU/Linux
>>> current directory (RUNTIME_AREA): /pool/lsf/vimartin/327862953
>>> current user: uid=3894(vimartin) gid=1399(zh) groups=1399(zh),1105705684 context=system_u:system_r:initrc_t
>>> voms proxy information:

Couldn't find a valid proxy.

>>> tar xzf /pool/lsf/vimartin/327862953/default.tgz :
Successful untar
chmod: cannot access `/tmp/x509up_u3894': No such file or directory
>>> Include /pool/lsf/vimartin/327862953 in PYTHONPATH:
PYTHONPATH=/pool/lsf/vimartin/327862953/:/afs/cern.ch/cms/ccs/wm/scripts/Crab/CRAB_2_8_3/external/py2-pysqlite/2.6/site-packages:/afs/cern.ch/cms/ccs/wm/scripts/Crab/CRAB_2_8_3/external/DBSAPI:/afs/cern.ch/cms/ccs/wm/scripts/Crab/CRAB_2_8_3/external/DLSAPI/lib::/afs/cern.ch/project/gd/LCG-share/3.2.11-1/glite/lib64//site-packages:/afs/cern.ch/project/gd/LCG-share/3.2.11-1/glite/lib64/python:/afs/cern.ch/project/gd/LCG-share/3.2.11-1/lcg/lib64//site-packages:/afs/cern.ch/project/gd/LCG-share/3.2.11-1/lcg/lib64/python:/afs/cern.ch/cms/ccs/wm/scripts/Crab/CRAB_2_8_3/external/py2-sqlalchemy/0.5.2-cmp7/lib/python2.6/site-packages/:/afs/cern.ch/cms/ccs/wm/scripts/Crab/CRAB_2_8_3/external/pbs_python/4.3.0/lib/python2.6/site-packages/pbs:/afs/cern.ch/cms/ccs/wm/scripts/Crab/CRAB_2_8_3/external/simplejson/2.0.9/lib/python2.4/site-packages:/afs/cern.ch/user/v/vimartin/CMSSW/CMSSW_5_3_3_patch1/python:/afs/cern.ch/user/v/vimartin/CMSSW/CMSSW_5_3_3_patch1/lib/slc5_amd64_gcc462:/afs/cern.ch/cms/slc5_amd64_gcc462/cms/cmssw-patch/CMSSW_5_3_3_patch1/python:/afs/cern.ch/cms/slc5_amd64_gcc462/cms/cmssw-patch/CMSSW_5_3_3_patch1/lib/slc5_amd64_gcc462:/afs/cern.ch/cms/slc5_amd64_gcc462/cms/cmssw/CMSSW_5_3_3/bin/slc5_amd64_gcc462:/afs/cern.ch/cms/slc5_amd64_gcc462/cms/cmssw/CMSSW_5_3_3/lib/slc5_amd64_gcc462:/afs/cern.ch/cms/slc5_amd64_gcc462/cms/coral/CORAL_2_3_21-cms4/slc5_amd64_gcc462/python:/afs/cern.ch/cms/slc5_amd64_gcc462/cms/coral/CORAL_2_3_21-cms4/slc5_amd64_gcc462/lib:/afs/cern.ch/cms/slc5_amd64_gcc462/external/pyqt/4.8.1/lib/python2.6/site-packages:/afs/cern.ch/cms/slc5_amd64_gcc462/external/py2-scipy/0.8.0/lib/python2.6/site-packages:/afs/cern.ch/cms/slc5_amd64_gcc462/external/py2-matplotlib/1.0.1/lib/python2.6/site-packages:/afs/cern.ch/cms/slc5_amd64_gcc462/external/python-ldap/2.3.5/lib/python2.6/site-packages:/afs/cern.ch/cms/slc5_amd64_gcc462/external/sip/4.11.2/lib/python2.6/site-packages:/afs/cern.ch/cms/slc5_amd64_gcc462/external/py2-pycurl/7.19.0/lib/python2.6/site-packages:/afs/cern.ch/cms/slc5_amd64_gcc462/external/py2-numpy/1.6.1/lib/python2.6/site-packages:/afs/cern.ch/cms/slc5_amd64_gcc462/external/py2-ipython/0.10/lib/python2.6/site-packages:/afs/cern.ch/cms/slc5_amd64_gcc462/external/py2-cx-oracle/5.1-cms3/lib/python2.6/site-packages:/afs/cern.ch/cms/slc5_amd64_gcc462/external/py2-cjson/1.0.5/lib/python2.6/site-packages:/afs/cern.ch/cms/slc5_amd64_gcc462/cms/das-client/1.4.1/bin:/afs/cern.ch/cms/slc5_amd64_gcc462/external/elementtree/1.2.6/share/lib/python2.6/site-packages:/afs/cern.ch/cms/slc5_amd64_gcc462/external/rivet/1.5.1-cms3/lib/python2.6/site-packages:/afs/cern.ch/cms/slc5_amd64_gcc462/external/pyminuit2/0.0.1-cms20/lib/python2.6/site-packages:/afs/cern.ch/cms/slc5_amd64_gcc462/external/professor/1.0.0-cms21/lib/python2.6/site-packages:/afs/cern.ch/cms/slc5_amd64_gcc462/lcg/root/5.32.00-cms14/lib:/afs/cern.ch/cms/slc5_amd64_gcc462/cms/dbs-client/DBS_2_1_1_patch1_1/lib:/afs/cern.ch/cms/slc5_amd64_gcc462/cms/dbs-client/DBS_2_1_1_patch1_1/lib/DBSAPI:/afs/cern.ch/cms/ccs/wm/scripts/Crab/CRAB_2_8_3/python:/afs/cern.ch/cms/ccs/wm/scripts/Crab/CRAB_2_8_3/external/DBSAPI:/afs/cern.ch/cms/ccs/wm/scripts/Crab/CRAB_2_8_3/external/DLSAPI/lib:/afs/cern.ch/cms/ccs/wm/scripts/Crab/CRAB_2_8_3/external:/afs/cern.ch/cms/ccs/wm/scripts/Crab/CRAB_2_8_3/external/crablib:/afs/cern.ch/cms/ccs/wm/scripts/Crab/CRAB_2_8_3/external:/afs/cern.ch/project/gd/LCG-share/3.2.11-1/external/opt/fpconst/lib/python2.4/site-packages:/afs/cern.ch/project/gd/LCG-share/3.2.11-1/external/opt/ZSI/lib/python2.4/site-packages:/afs/cern.ch/project/gd/LCG-share/3.2.11-1/glite/lib:/afs/cern.ch/cms/ccs/wm/scripts/Crab/CRAB_2_8_3/python
strip arguments
out_files_1
>>> list of expected files on output sandbox
output files: BeamFit_Workflow_Data2012_53XRepFinal_1_1_rMK.txt crab_fjr_1.xml CMSSW_1.stdout CMSSW_1.stderr Watchdog_1.log.gz
MonitorJobID=1_https://CAF:/327862953-vimartin-beamspot-Comm12b-53XRepFinal-special-p89mc4
SyncGridJobId=https://CAF:/327862953-vimartin-beamspot-Comm12b-53XRepFinal-special-p89mc4
MonitorID=vimartin_beamspot_Comm12b_53XRepFinal_special_p89mc4
SyncCE=caf.cern.ch
>>> info for dashboard:
***** Cat /pool/lsf/vimartin/327862953/jobreport.txt *****
MonitorJobID=1_https://CAF:/327862953-vimartin-beamspot-Comm12b-53XRepFinal-special-p89mc4
SyncGridJobId=https://CAF:/327862953-vimartin-beamspot-Comm12b-53XRepFinal-special-p89mc4
MonitorID=vimartin_beamspot_Comm12b_53XRepFinal_special_p89mc4
SyncCE=caf.cern.ch
***** End Cat jobreport *****
Parameters sent to Dashboard.
----- ENV CAF BEFORE sourcing /afs/cern.ch/cms/caf/setup.sh  -----
CMS_PATH = /afs/cern.ch/cms
STAGE_SVCCLASS = 
STAGER_TRACE = 
----- ENV CAF AFTER sourcing /afs/cern.ch/cms/caf/setup.sh  -----
CMS_PATH = /afs/cern.ch/cms
STAGE_SVCCLASS = 
STAGER_TRACE = 
>>> setup environment
set SCRAM ARCH to slc5_amd64_gcc462
SCRAM_ARCH = slc5_amd64_gcc462
>>> setup CMS LCG environment:
set SCRAM ARCH and BUILD_ARCH to slc5_amd64_gcc462 ###
Sourcing environment... 
sourcing /afs/cern.ch/project/gd/apps/cms/cmsset_default.sh
==> setup cms environment ok
>>> specific cmssw setup environment:
CMSSW_VERSION =  CMSSW_5_3_3_patch1
>>> current directory (SOFTWARE_DIR): /pool/lsf/vimartin/327862953/CMSSW_5_3_3_patch1
PreserveSeeds: <>
IncrementSeeds:<>
{}
WNHostName=lxbrg0808.cern.ch
>>> info for dashboard:
***** Cat /pool/lsf/vimartin/327862953/jobreport.txt *****
MonitorJobID=1_https://CAF:/327862953-vimartin-beamspot-Comm12b-53XRepFinal-special-p89mc4
MonitorID=vimartin_beamspot_Comm12b_53XRepFinal_special_p89mc4
WNHostName=lxbrg0808.cern.ch
***** End Cat jobreport *****
Parameters sent to Dashboard.
crabWatchdog started as process 25979
>>> moving CMSSW software directories in /pool/lsf/vimartin/327862953/CMSSW_5_3_3_patch1
mv: cannot stat `/pool/lsf/vimartin/327862953/module/': No such file or directory
>>> Include /pool/lsf/vimartin/327862953 in PYTHONPATH:
PYTHONPATH=/pool/lsf/vimartin/327862953/:/pool/lsf/vimartin/327862953/CMSSW_5_3_3_patch1/python:/pool/lsf/vimartin/327862953/CMSSW_5_3_3_patch1/lib/slc5_amd64_gcc462:/afs/cern.ch/cms/slc5_amd64_gcc462/cms/cmssw-patch/CMSSW_5_3_3_patch1/python:/afs/cern.ch/cms/slc5_amd64_gcc462/cms/cmssw-patch/CMSSW_5_3_3_patch1/lib/slc5_amd64_gcc462:/afs/cern.ch/cms/slc5_amd64_gcc462/cms/cmssw/CMSSW_5_3_3/bin/slc5_amd64_gcc462:/afs/cern.ch/cms/slc5_amd64_gcc462/cms/cmssw/CMSSW_5_3_3/lib/slc5_amd64_gcc462:/afs/cern.ch/cms/slc5_amd64_gcc462/cms/coral/CORAL_2_3_21-cms4/slc5_amd64_gcc462/python:/afs/cern.ch/cms/slc5_amd64_gcc462/cms/coral/CORAL_2_3_21-cms4/slc5_amd64_gcc462/lib:/afs/cern.ch/cms/slc5_amd64_gcc462/external/pyqt/4.8.1/lib/python2.6/site-packages:/afs/cern.ch/cms/slc5_amd64_gcc462/external/py2-scipy/0.8.0/lib/python2.6/site-packages:/afs/cern.ch/cms/slc5_amd64_gcc462/external/py2-matplotlib/1.0.1/lib/python2.6/site-packages:/afs/cern.ch/cms/slc5_amd64_gcc462/external/python-ldap/2.3.5/lib/python2.6/site-packages:/afs/cern.ch/cms/slc5_amd64_gcc462/external/sip/4.11.2/lib/python2.6/site-packages:/afs/cern.ch/cms/slc5_amd64_gcc462/external/py2-pycurl/7.19.0/lib/python2.6/site-packages:/afs/cern.ch/cms/slc5_amd64_gcc462/external/py2-numpy/1.6.1/lib/python2.6/site-packages:/afs/cern.ch/cms/slc5_amd64_gcc462/external/py2-ipython/0.10/lib/python2.6/site-packages:/afs/cern.ch/cms/slc5_amd64_gcc462/external/py2-cx-oracle/5.1-cms3/lib/python2.6/site-packages:/afs/cern.ch/cms/slc5_amd64_gcc462/external/py2-cjson/1.0.5/lib/python2.6/site-packages:/afs/cern.ch/cms/slc5_amd64_gcc462/cms/das-client/1.4.1/bin:/afs/cern.ch/cms/slc5_amd64_gcc462/external/elementtree/1.2.6/share/lib/python2.6/site-packages:/afs/cern.ch/cms/slc5_amd64_gcc462/external/rivet/1.5.1-cms3/lib/python2.6/site-packages:/afs/cern.ch/cms/slc5_amd64_gcc462/external/pyminuit2/0.0.1-cms20/lib/python2.6/site-packages:/afs/cern.ch/cms/slc5_amd64_gcc462/external/professor/1.0.0-cms21/lib/python2.6/site-packages:/afs/cern.ch/cms/slc5_amd64_gcc462/lcg/root/5.32.00-cms14/lib:/afs/cern.ch/cms/slc5_amd64_gcc462/cms/dbs-client/DBS_2_1_1_patch1_1/lib:/afs/cern.ch/cms/slc5_amd64_gcc462/cms/dbs-client/DBS_2_1_1_patch1_1/lib/DBSAPI:/pool/lsf/vimartin/327862953/:/afs/cern.ch/cms/ccs/wm/scripts/Crab/CRAB_2_8_3/external/py2-pysqlite/2.6/site-packages:/afs/cern.ch/cms/ccs/wm/scripts/Crab/CRAB_2_8_3/external/DBSAPI:/afs/cern.ch/cms/ccs/wm/scripts/Crab/CRAB_2_8_3/external/DLSAPI/lib:/afs/cern.ch/project/gd/LCG-share/3.2.11-1/glite/lib64//site-packages:/afs/cern.ch/project/gd/LCG-share/3.2.11-1/glite/lib64/python:/afs/cern.ch/project/gd/LCG-share/3.2.11-1/lcg/lib64//site-packages:/afs/cern.ch/project/gd/LCG-share/3.2.11-1/lcg/lib64/python:/afs/cern.ch/cms/ccs/wm/scripts/Crab/CRAB_2_8_3/external/py2-sqlalchemy/0.5.2-cmp7/lib/python2.6/site-packages/:/afs/cern.ch/cms/ccs/wm/scripts/Crab/CRAB_2_8_3/external/pbs_python/4.3.0/lib/python2.6/site-packages/pbs:/afs/cern.ch/cms/ccs/wm/scripts/Crab/CRAB_2_8_3/external/simplejson/2.0.9/lib/python2.4/site-packages:/afs/cern.ch/cms/ccs/wm/scripts/Crab/CRAB_2_8_3/python:/afs/cern.ch/cms/ccs/wm/scripts/Crab/CRAB_2_8_3/external/DBSAPI:/afs/cern.ch/cms/ccs/wm/scripts/Crab/CRAB_2_8_3/external/DLSAPI/lib:/afs/cern.ch/cms/ccs/wm/scripts/Crab/CRAB_2_8_3/external:/afs/cern.ch/cms/ccs/wm/scripts/Crab/CRAB_2_8_3/external/crablib:/afs/cern.ch/cms/ccs/wm/scripts/Crab/CRAB_2_8_3/external:/afs/cern.ch/project/gd/LCG-share/3.2.11-1/external/opt/fpconst/lib/python2.4/site-packages:/afs/cern.ch/project/gd/LCG-share/3.2.11-1/external/opt/ZSI/lib/python2.4/site-packages:/afs/cern.ch/project/gd/LCG-share/3.2.11-1/glite/lib:/afs/cern.ch/cms/ccs/wm/scripts/Crab/CRAB_2_8_3/python
fefc71e17f1fc905c56db43aeb33b072
PSETHASH = fefc71e17f1fc905c56db43aeb33b072
/pool/lsf/vimartin/327862953/writeCfg.py pset.py pset.py
Importing .py file
Setting parameters
inputBlocks=/StreamExpress/Run2012B-TkAlMinBias-v1/ALCARECO#c8ce09c0-b079-11e1-9877-003048caaace
inputFiles=/store/express/Run2012B/StreamExpress/ALCARECO/TkAlMinBias-v1/000/195/660/DCFAC4A2-78B0-E111-91EA-001D09F2841C.root;/store/express/Run2012B/StreamExpress/ALCARECO/TkAlMinBias-v1/000/195/660/C07481FB-78B0-E111-BEEC-0025901D624E.root
parentFiles=
lumisRange=195660:1-195660:61
>>> Executable cmsRun
/afs/cern.ch/cms/slc5_amd64_gcc462/cms/cmssw/CMSSW_5_3_3/bin/slc5_amd64_gcc462/cmsRun
ok executable found
>>> info for dashboard:
***** Cat /pool/lsf/vimartin/327862953/jobreport.txt *****
MonitorJobID=1_https://CAF:/327862953-vimartin-beamspot-Comm12b-53XRepFinal-special-p89mc4
MonitorID=vimartin_beamspot_Comm12b_53XRepFinal_special_p89mc4
ExeStart=cmsRun
***** End Cat jobreport *****
Parameters sent to Dashboard.
>>> cmsRun started at Wed Nov 14 03:59:14 UTC 2012
>>> cmsRun ended at Wed Nov 14 04:13:09 UTC 2012
>>> info for dashboard:
***** Cat /pool/lsf/vimartin/327862953/jobreport.txt *****
MonitorJobID=1_https://CAF:/327862953-vimartin-beamspot-Comm12b-53XRepFinal-special-p89mc4
MonitorID=vimartin_beamspot_Comm12b_53XRepFinal_special_p89mc4
ExeEnd=cmsRun
***** End Cat jobreport *****
Parameters sent to Dashboard.
TIME_EXE = 835 sec
>>> cmsRun wrote 1936 lines of stdout+stderr
>>> START OF printout of 1936 lines from stdout+stderr
14-Nov-2012 04:59:30 CET  Initiating request to open file root://eoscms//eos/cms/store/express/Run2012B/StreamExpress/ALCARECO/TkAlMinBias-v1/000/195/660/DCFAC4A2-78B0-E111-91EA-001D09F2841C.root
121114 04:59:30 26663 Xrd: GoToAnotherServer: Going to: lxfsrk56c02.cern.ch:1095
14-Nov-2012 04:59:30 CET  Successfully opened file root://eoscms//eos/cms/store/express/Run2012B/StreamExpress/ALCARECO/TkAlMinBias-v1/000/195/660/DCFAC4A2-78B0-E111-91EA-001D09F2841C.root
Begin processing the 1st record. Run 195660, Event 7624, LumiSection 1 at 14-Nov-2012 04:59:31.431 CET
14-Nov-2012 05:01:14 CET  Closed file root://eoscms//eos/cms/store/express/Run2012B/StreamExpress/ALCARECO/TkAlMinBias-v1/000/195/660/DCFAC4A2-78B0-E111-91EA-001D09F2841C.root
14-Nov-2012 05:01:14 CET  Initiating request to open file root://eoscms//eos/cms/store/express/Run2012B/StreamExpress/ALCARECO/TkAlMinBias-v1/000/195/660/C07481FB-78B0-E111-BEEC-0025901D624E.root
121114 05:01:14 26663 Xrd: GoToAnotherServer: Going to: lxfsrg19a01.cern.ch:1095
14-Nov-2012 05:01:14 CET  Successfully opened file root://eoscms//eos/cms/store/express/Run2012B/StreamExpress/ALCARECO/TkAlMinBias-v1/000/195/660/C07481FB-78B0-E111-BEEC-0025901D624E.root
for lumis 1 - -1
number of selected tracks = 11889
number of selected PVs = 889

 RESULTS OF DEFAULT FIT 
 for runs: 195660 - 195660
 for lumi blocks : 1 - 1
 lumi counter # 1
-----------------------------------------------------
              Beam Spot Data

 Beam type    = 2
       X0     = 0.0723504 +/- 0.000108704 [cm]
       Y0     = 0.0625932 +/- 0.00010741 [cm]
       Z0     = -0.53015 +/- 0.172032 [cm]
 Sigma Z0     = 5.12935 +/- 0.121641 [cm]
 dxdz         = 9.41099e-05 +/- 2.07871e-05 [radians]
 dydz         = -5.22985e-05 +/- 2.07024e-05 [radians]
 Beam width X = 0.00193408 +/- 0.000140846 [cm]
 Beam width Y = 0.00170234 +/- 0.000140846 [cm]
 EmittanceX   = 0 [cm]
 EmittanceY   = 0 [cm]
 beta-star    = 0 [cm]
-----------------------------------------------------


[BeamFitter] fit done. 

Total number of tracks accumulated = 11889
Reset track collection for beam fit
for lumis 2 - 1
number of selected tracks = 12559
number of selected PVs = 922

 RESULTS OF DEFAULT FIT 
 for runs: 195660 - 195660
 for lumi blocks : 2 - 2
 lumi counter # 1
-----------------------------------------------------
              Beam Spot Data

 Beam type    = 2
       X0     = 0.0723225 +/- 0.00010544 [cm]
       Y0     = 0.0627118 +/- 0.000104263 [cm]
       Z0     = -0.521719 +/- 0.166736 [cm]
 Sigma Z0     = 5.06287 +/- 0.117896 [cm]
 dxdz         = 0.00013726 +/- 2.06113e-05 [radians]
 dydz         = -3.6284e-05 +/- 2.02952e-05 [radians]
 Beam width X = 0.00209248 +/- 0.000138451 [cm]
 Beam width Y = 0.00141011 +/- 0.000138451 [cm]
 EmittanceX   = 0 [cm]
 EmittanceY   = 0 [cm]
 beta-star    = 0 [cm]
-----------------------------------------------------


[BeamFitter] fit done. 

Total number of tracks accumulated = 12559
Reset track collection for beam fit
for lumis 3 - 2
number of selected tracks = 13311
number of selected PVs = 1009

 RESULTS OF DEFAULT FIT 
 for runs: 195660 - 195660
 for lumi blocks : 3 - 3
 lumi counter # 1
-----------------------------------------------------
              Beam Spot Data

 Beam type    = 2
       X0     = 0.0723317 +/- 0.000100515 [cm]
       Y0     = 0.0626896 +/- 0.000101041 [cm]
       Z0     = -0.306022 +/- 0.155248 [cm]
 Sigma Z0     = 4.93144 +/- 0.109775 [cm]
 dxdz         = 0.00014502 +/- 2.01475e-05 [radians]
 dydz         = -7.90589e-05 +/- 1.97526e-05 [radians]
 Beam width X = 0.00178962 +/- 0.000130275 [cm]
 Beam width Y = 0.00168112 +/- 0.000130275 [cm]
 EmittanceX   = 0 [cm]
 EmittanceY   = 0 [cm]
 beta-star    = 0 [cm]
-----------------------------------------------------


[BeamFitter] fit done. 

Total number of tracks accumulated = 13311
Reset track collection for beam fit
for lumis 4 - 3
number of selected tracks = 11792
number of selected PVs = 907

 RESULTS OF DEFAULT FIT 
 for runs: 195660 - 195660
 for lumi blocks : 4 - 4
 lumi counter # 1
-----------------------------------------------------
              Beam Spot Data

 Beam type    = 2
       X0     = 0.0719091 +/- 0.000109649 [cm]
       Y0     = 0.0628877 +/- 0.000111057 [cm]
       Z0     = -0.500511 +/- 0.164986 [cm]
 Sigma Z0     = 4.9688 +/- 0.116663 [cm]
 dxdz         = 0.000154875 +/- 2.09419e-05 [radians]
 dydz         = 4.08556e-05 +/- 2.17281e-05 [radians]
 Beam width X = 0.00208486 +/- 0.000141806 [cm]
 Beam width Y = 0.00161727 +/- 0.000141806 [cm]
 EmittanceX   = 0 [cm]
 EmittanceY   = 0 [cm]
 beta-star    = 0 [cm]
-----------------------------------------------------


[BeamFitter] fit done. 

Total number of tracks accumulated = 11792
Reset track collection for beam fit
for lumis 5 - 4
number of selected tracks = 13045
number of selected PVs = 957

 RESULTS OF DEFAULT FIT 
 for runs: 195660 - 195660
 for lumi blocks : 5 - 5
 lumi counter # 1
-----------------------------------------------------
              Beam Spot Data

 Beam type    = 2
       X0     = 0.0724215 +/- 0.000103891 [cm]
       Y0     = 0.0625276 +/- 0.000104625 [cm]
       Z0     = -0.718911 +/- 0.166322 [cm]
 Sigma Z0     = 5.14527 +/- 0.117606 [cm]
 dxdz         = 0.000132035 +/- 1.96545e-05 [radians]
 dydz         = -6.14982e-05 +/- 2.0061e-05 [radians]
 Beam width X = 0.00226993 +/- 0.000130387 [cm]
 Beam width Y = 0.00138957 +/- 0.000130387 [cm]
 EmittanceX   = 0 [cm]
 EmittanceY   = 0 [cm]
 beta-star    = 0 [cm]
-----------------------------------------------------


[BeamFitter] fit done. 

Total number of tracks accumulated = 13045
Reset track collection for beam fit
for lumis 6 - 5
number of selected tracks = 13149
number of selected PVs = 1026

 RESULTS OF DEFAULT FIT 
 for runs: 195660 - 195660
 for lumi blocks : 6 - 6
 lumi counter # 1
-----------------------------------------------------
              Beam Spot Data

 Beam type    = 2
       X0     = 0.0721076 +/- 0.000102118 [cm]
       Y0     = 0.0623412 +/- 0.000102132 [cm]
       Z0     = -0.365323 +/- 0.158516 [cm]
 Sigma Z0     = 5.07749 +/- 0.112088 [cm]
 dxdz         = 9.20347e-05 +/- 1.93053e-05 [radians]
 dydz         = -5.68641e-05 +/- 1.94189e-05 [radians]
 Beam width X = 0.00181662 +/- 0.000131557 [cm]
 Beam width Y = 0.00164883 +/- 0.000131557 [cm]
 EmittanceX   = 0 [cm]
 EmittanceY   = 0 [cm]
 beta-star    = 0 [cm]
-----------------------------------------------------


[BeamFitter] fit done. 

Total number of tracks accumulated = 13149
Reset track collection for beam fit
for lumis 7 - 6
number of selected tracks = 12989
number of selected PVs = 971

 RESULTS OF DEFAULT FIT 
 for runs: 195660 - 195660
 for lumi blocks : 7 - 7
 lumi counter # 1
-----------------------------------------------------
              Beam Spot Data

 Beam type    = 2
       X0     = 0.0724643 +/- 0.000103616 [cm]
       Y0     = 0.0628435 +/- 0.00010298 [cm]
       Z0     = -0.589902 +/- 0.165696 [cm]
 Sigma Z0     = 5.16324 +/- 0.117167 [cm]
 dxdz         = 0.000154195 +/- 1.93319e-05 [radians]
 dydz         = -8.16245e-05 +/- 1.89081e-05 [radians]
 Beam width X = 0.0019837 +/- 0.000130925 [cm]
 Beam width Y = 0.0018897 +/- 0.000130925 [cm]
 EmittanceX   = 0 [cm]
 EmittanceY   = 0 [cm]
 beta-star    = 0 [cm]
-----------------------------------------------------


[BeamFitter] fit done. 

Total number of tracks accumulated = 12989
Reset track collection for beam fit
for lumis 8 - 7
number of selected tracks = 11042
number of selected PVs = 870

 RESULTS OF DEFAULT FIT 
 for runs: 195660 - 195660
 for lumi blocks : 8 - 8
 lumi counter # 1
-----------------------------------------------------
              Beam Spot Data

 Beam type    = 2
       X0     = 0.0725395 +/- 0.000109587 [cm]
       Y0     = 0.0625721 +/- 0.000111132 [cm]
       Z0     = -0.451399 +/- 0.167394 [cm]
 Sigma Z0     = 4.93744 +/- 0.118364 [cm]
 dxdz         = 0.00010315 +/- 2.18317e-05 [radians]
 dydz         = -1.67552e-05 +/- 2.18691e-05 [radians]
 Beam width X = 0.00171957 +/- 0.000140836 [cm]
 Beam width Y = 0.00152603 +/- 0.000140836 [cm]
 EmittanceX   = 0 [cm]
 EmittanceY   = 0 [cm]
 beta-star    = 0 [cm]
-----------------------------------------------------


[BeamFitter] fit done. 

Total number of tracks accumulated = 11042
Reset track collection for beam fit
for lumis 9 - 8
number of selected tracks = 3308
number of selected PVs = 251

 RESULTS OF DEFAULT FIT 
 for runs: 195660 - 195660
 for lumi blocks : 9 - 9
 lumi counter # 1
-----------------------------------------------------
              Beam Spot Data

 Beam type    = 2
       X0     = 0.0726273 +/- 0.000205265 [cm]
       Y0     = 0.0623629 +/- 0.000205485 [cm]
       Z0     = -0.494167 +/- 0.325675 [cm]
 Sigma Z0     = 5.15975 +/- 0.23027 [cm]
 dxdz         = 6.94866e-05 +/- 3.88093e-05 [radians]
 dydz         = -4.88094e-05 +/- 3.97405e-05 [radians]
 Beam width X = 0.00165175 +/- 0.000298477 [cm]
 Beam width Y = 0.00153605 +/- 0.000298477 [cm]
 EmittanceX   = 0 [cm]
 EmittanceY   = 0 [cm]
 beta-star    = 0 [cm]
-----------------------------------------------------


[BeamFitter] fit done. 

Total number of tracks accumulated = 3308
Reset track collection for beam fit
for lumis 10 - 9
number of selected tracks = 4164
number of selected PVs = 294

 RESULTS OF DEFAULT FIT 
 for runs: 195660 - 195660
 for lumi blocks : 10 - 10
 lumi counter # 1
-----------------------------------------------------
              Beam Spot Data

 Beam type    = 2
       X0     = 0.0718956 +/- 0.000182509 [cm]
       Y0     = 0.0620958 +/- 0.000184538 [cm]
       Z0     = -0.852982 +/- 0.309801 [cm]
 Sigma Z0     = 5.31207 +/- 0.219046 [cm]
 dxdz         = 0.000100868 +/- 3.48291e-05 [radians]
 dydz         = -8.43808e-05 +/- 3.56376e-05 [radians]
 Beam width X = 0.0021155 +/- 0.000233574 [cm]
 Beam width Y = 0.00119764 +/- 0.000233574 [cm]
 EmittanceX   = 0 [cm]
 EmittanceY   = 0 [cm]
 beta-star    = 0 [cm]
-----------------------------------------------------


[BeamFitter] fit done. 

Total number of tracks accumulated = 4164
Reset track collection for beam fit
for lumis 11 - 10
number of selected tracks = 3689
number of selected PVs = 283

 RESULTS OF DEFAULT FIT 
 for runs: 195660 - 195660
 for lumi blocks : 11 - 11
 lumi counter # 1
-----------------------------------------------------
              Beam Spot Data

 Beam type    = 2
       X0     = 0.0722607 +/- 0.00019828 [cm]
       Y0     = 0.0631636 +/- 0.000197362 [cm]
       Z0     = -0.76092 +/- 0.29935 [cm]
 Sigma Z0     = 5.03592 +/- 0.211675 [cm]
 dxdz         = 0.000102505 +/- 3.79878e-05 [radians]
 dydz         = -0.000124134 +/- 3.85939e-05 [radians]
 Beam width X = 0.0017641 +/- 0.000262367 [cm]
 Beam width Y = 0.00179648 +/- 0.000262367 [cm]
 EmittanceX   = 0 [cm]
 EmittanceY   = 0 [cm]
 beta-star    = 0 [cm]
-----------------------------------------------------


[BeamFitter] fit done. 

Total number of tracks accumulated = 3689
Reset track collection for beam fit
for lumis 12 - 11
number of selected tracks = 3599
number of selected PVs = 275

 RESULTS OF DEFAULT FIT 
 for runs: 195660 - 195660
 for lumi blocks : 12 - 12
 lumi counter # 1
-----------------------------------------------------
              Beam Spot Data

 Beam type    = 2
       X0     = 0.072406 +/- 0.000201279 [cm]
       Y0     = 0.06304 +/- 0.000196925 [cm]
       Z0     = -1.23751 +/- 0.316152 [cm]
 Sigma Z0     = 5.24289 +/- 0.223549 [cm]
 dxdz         = 0.000118658 +/- 4.06407e-05 [radians]
 dydz         = -9.82035e-05 +/- 3.89971e-05 [radians]
 Beam width X = 0.00233504 +/- 0.000251349 [cm]
 Beam width Y = 0.00200242 +/- 0.000251349 [cm]
 EmittanceX   = 0 [cm]
 EmittanceY   = 0 [cm]
 beta-star    = 0 [cm]
-----------------------------------------------------


[BeamFitter] fit done. 

Total number of tracks accumulated = 3599
Reset track collection for beam fit
121114 05:06:30 26663 Xrd: XrdClientMessage::ReadRaw: Failed to read header (8 bytes).
for lumis 13 - 12
number of selected tracks = 4291
number of selected PVs = 315

 RESULTS OF DEFAULT FIT 
 for runs: 195660 - 195660
 for lumi blocks : 13 - 13
 lumi counter # 1
-----------------------------------------------------
              Beam Spot Data

 Beam type    = 2
       X0     = 0.0721617 +/- 0.000176803 [cm]
       Y0     = 0.0625681 +/- 0.000184532 [cm]
       Z0     = -0.335513 +/- 0.284994 [cm]
 Sigma Z0     = 5.05821 +/- 0.201511 [cm]
 dxdz         = -2.88204e-05 +/- 3.61101e-05 [radians]
 dydz         = -9.86861e-05 +/- 3.86293e-05 [radians]
 Beam width X = 0.00203943 +/- 0.000239607 [cm]
 Beam width Y = 0.00140289 +/- 0.000239607 [cm]
 EmittanceX   = 0 [cm]
 EmittanceY   = 0 [cm]
 beta-star    = 0 [cm]
-----------------------------------------------------


[BeamFitter] fit done. 

Total number of tracks accumulated = 4291
Reset track collection for beam fit
for lumis 14 - 13
number of selected tracks = 3672
number of selected PVs = 264

 RESULTS OF DEFAULT FIT 
 for runs: 195660 - 195660
 for lumi blocks : 14 - 14
 lumi counter # 1
-----------------------------------------------------
              Beam Spot Data

 Beam type    = 2
       X0     = 0.0722314 +/- 0.000192775 [cm]
       Y0     = 0.0624534 +/- 0.000192838 [cm]
       Z0     = -0.962418 +/- 0.315483 [cm]
 Sigma Z0     = 5.12608 +/- 0.223065 [cm]
 dxdz         = 0.000189861 +/- 3.62955e-05 [radians]
 dydz         = 5.90069e-05 +/- 3.65754e-05 [radians]
 Beam width X = 0.00137937 +/- 0.000261111 [cm]
 Beam width Y = 0.00132847 +/- 0.000261111 [cm]
 EmittanceX   = 0 [cm]
 EmittanceY   = 0 [cm]
 beta-star    = 0 [cm]
-----------------------------------------------------


[BeamFitter] fit done. 

Total number of tracks accumulated = 3672
Reset track collection for beam fit
for lumis 15 - 14
number of selected tracks = 3657
number of selected PVs = 282

 RESULTS OF DEFAULT FIT 
 for runs: 195660 - 195660
 for lumi blocks : 15 - 15
 lumi counter # 1
-----------------------------------------------------
              Beam Spot Data

 Beam type    = 2
       X0     = 0.07243 +/- 0.000193456 [cm]
       Y0     = 0.0625329 +/- 0.000195133 [cm]
       Z0     = -0.648344 +/- 0.289545 [cm]
 Sigma Z0     = 4.86235 +/- 0.204732 [cm]
 dxdz         = 0.000175408 +/- 3.78658e-05 [radians]
 dydz         = -9.17245e-05 +/- 3.88144e-05 [radians]
 Beam width X = 0.00189085 +/- 0.000269315 [cm]
 Beam width Y = 0.00168435 +/- 0.000269315 [cm]
 EmittanceX   = 0 [cm]
 EmittanceY   = 0 [cm]
 beta-star    = 0 [cm]
-----------------------------------------------------


[BeamFitter] fit done. 

Total number of tracks accumulated = 3657
Reset track collection for beam fit
for lumis 16 - 15
number of selected tracks = 3443
number of selected PVs = 252

 RESULTS OF DEFAULT FIT 
 for runs: 195660 - 195660
 for lumi blocks : 16 - 16
 lumi counter # 1
-----------------------------------------------------
              Beam Spot Data

 Beam type    = 2
       X0     = 0.0723922 +/- 0.000211397 [cm]
       Y0     = 0.0623693 +/- 0.000209355 [cm]
       Z0     = -0.976001 +/- 0.328224 [cm]
 Sigma Z0     = 5.2105 +/- 0.232074 [cm]
 dxdz         = 0.00010611 +/- 4.0291e-05 [radians]
 dydz         = -7.60758e-05 +/- 3.93893e-05 [radians]
 Beam width X = 0.00212058 +/- 0.000259346 [cm]
 Beam width Y = 0.0018426 +/- 0.000259346 [cm]
 EmittanceX   = 0 [cm]
 EmittanceY   = 0 [cm]
 beta-star    = 0 [cm]
-----------------------------------------------------


[BeamFitter] fit done. 

Total number of tracks accumulated = 3443
Reset track collection for beam fit
for lumis 17 - 16
number of selected tracks = 3900
number of selected PVs = 307

 RESULTS OF DEFAULT FIT 
 for runs: 195660 - 195660
 for lumi blocks : 17 - 17
 lumi counter # 1
-----------------------------------------------------
              Beam Spot Data

 Beam type    = 2
       X0     = 0.0723905 +/- 0.000190442 [cm]
       Y0     = 0.0630345 +/- 0.00019054 [cm]
       Z0     = 0.00274756 +/- 0.309182 [cm]
 Sigma Z0     = 5.4174 +/- 0.218616 [cm]
 dxdz         = 0.000145299 +/- 3.45903e-05 [radians]
 dydz         = -5.59057e-05 +/- 3.45795e-05 [radians]
 Beam width X = 0.00188128 +/- 0.00024961 [cm]
 Beam width Y = 0.00195043 +/- 0.00024961 [cm]
 EmittanceX   = 0 [cm]
 EmittanceY   = 0 [cm]
 beta-star    = 0 [cm]
-----------------------------------------------------


[BeamFitter] fit done. 

Total number of tracks accumulated = 3900
Reset track collection for beam fit
for lumis 18 - 17
number of selected tracks = 3841
number of selected PVs = 291

 RESULTS OF DEFAULT FIT 
 for runs: 195660 - 195660
 for lumi blocks : 18 - 18
 lumi counter # 1
-----------------------------------------------------
              Beam Spot Data

 Beam type    = 2
       X0     = 0.0724136 +/- 0.000187048 [cm]
       Y0     = 0.0627199 +/- 0.000192229 [cm]
       Z0     = 0.00246819 +/- 0.281674 [cm]
 Sigma Z0     = 4.80506 +/- 0.199159 [cm]
 dxdz         = 0.00016579 +/- 3.87245e-05 [radians]
 dydz         = -5.56559e-06 +/- 3.90678e-05 [radians]
 Beam width X = 0.00193329 +/- 0.000229271 [cm]
 Beam width Y = 0.00165659 +/- 0.000229271 [cm]
 EmittanceX   = 0 [cm]
 EmittanceY   = 0 [cm]
 beta-star    = 0 [cm]
-----------------------------------------------------


[BeamFitter] fit done. 

Total number of tracks accumulated = 3841
Reset track collection for beam fit
for lumis 19 - 18
number of selected tracks = 3653
number of selected PVs = 249

 RESULTS OF DEFAULT FIT 
 for runs: 195660 - 195660
 for lumi blocks : 19 - 19
 lumi counter # 1
-----------------------------------------------------
              Beam Spot Data

 Beam type    = 2
       X0     = 0.0720506 +/- 0.000195371 [cm]
       Y0     = 0.0626515 +/- 0.000201273 [cm]
       Z0     = -0.309737 +/- 0.343048 [cm]
 Sigma Z0     = 5.41332 +/- 0.242557 [cm]
 dxdz         = 9.19072e-05 +/- 3.51343e-05 [radians]
 dydz         = -8.662e-05 +/- 3.70462e-05 [radians]
 Beam width X = 0.00194544 +/- 0.000247168 [cm]
 Beam width Y = 0.00205121 +/- 0.000247168 [cm]
 EmittanceX   = 0 [cm]
 EmittanceY   = 0 [cm]
 beta-star    = 0 [cm]
-----------------------------------------------------


[BeamFitter] fit done. 

Total number of tracks accumulated = 3653
Reset track collection for beam fit
for lumis 20 - 19
number of selected tracks = 3476
number of selected PVs = 258

 RESULTS OF DEFAULT FIT 
 for runs: 195660 - 195660
 for lumi blocks : 20 - 20
 lumi counter # 1
-----------------------------------------------------
              Beam Spot Data

 Beam type    = 2
       X0     = 0.0722677 +/- 0.000195972 [cm]
       Y0     = 0.0632457 +/- 0.000206585 [cm]
       Z0     = -0.974765 +/- 0.315358 [cm]
 Sigma Z0     = 5.06548 +/- 0.222977 [cm]
 dxdz         = 0.000161903 +/- 3.83216e-05 [radians]
 dydz         = 6.72609e-05 +/- 4.12857e-05 [radians]
 Beam width X = 0.00182586 +/- 0.000265085 [cm]
 Beam width Y = 0.00179548 +/- 0.000265085 [cm]
 EmittanceX   = 0 [cm]
 EmittanceY   = 0 [cm]
 beta-star    = 0 [cm]
-----------------------------------------------------


[BeamFitter] fit done. 

Total number of tracks accumulated = 3476
Reset track collection for beam fit
for lumis 21 - 20
number of selected tracks = 3778
number of selected PVs = 281

 RESULTS OF DEFAULT FIT 
 for runs: 195660 - 195660
 for lumi blocks : 21 - 21
 lumi counter # 1
-----------------------------------------------------
              Beam Spot Data

 Beam type    = 2
       X0     = 0.0717973 +/- 0.000194519 [cm]
       Y0     = 0.0627749 +/- 0.000197538 [cm]
       Z0     = -1.03895 +/- 0.313467 [cm]
 Sigma Z0     = 5.25475 +/- 0.221645 [cm]
 dxdz         = 4.54374e-05 +/- 3.75518e-05 [radians]
 dydz         = 4.76558e-05 +/- 3.71536e-05 [radians]
 Beam width X = 0.0018355 +/- 0.000252383 [cm]
 Beam width Y = 0.00233136 +/- 0.000252383 [cm]
 EmittanceX   = 0 [cm]
 EmittanceY   = 0 [cm]
 beta-star    = 0 [cm]
-----------------------------------------------------


[BeamFitter] fit done. 

Total number of tracks accumulated = 3778
Reset track collection for beam fit
for lumis 22 - 21
number of selected tracks = 3490
number of selected PVs = 270

 RESULTS OF DEFAULT FIT 
 for runs: 195660 - 195660
 for lumi blocks : 22 - 22
 lumi counter # 1
-----------------------------------------------------
              Beam Spot Data

 Beam type    = 2
       X0     = 0.0722709 +/- 0.000205738 [cm]
       Y0     = 0.0626365 +/- 0.000201176 [cm]
       Z0     = -0.898655 +/- 0.309034 [cm]
 Sigma Z0     = 5.07802 +/- 0.218503 [cm]
 dxdz         = 9.55984e-05 +/- 4.03325e-05 [radians]
 dydz         = 6.91765e-06 +/- 3.76464e-05 [radians]
 Beam width X = 0.00161871 +/- 0.000270493 [cm]
 Beam width Y = 0.00131132 +/- 0.000270493 [cm]
 EmittanceX   = 0 [cm]
 EmittanceY   = 0 [cm]
 beta-star    = 0 [cm]
-----------------------------------------------------


[BeamFitter] fit done. 

Total number of tracks accumulated = 3490
Reset track collection for beam fit
for lumis 23 - 22
number of selected tracks = 3537
number of selected PVs = 244

 RESULTS OF DEFAULT FIT 
 for runs: 195660 - 195660
 for lumi blocks : 23 - 23
 lumi counter # 1
-----------------------------------------------------
              Beam Spot Data

 Beam type    = 2
       X0     = 0.0725629 +/- 0.000194326 [cm]
       Y0     = 0.0631225 +/- 0.000203345 [cm]
       Z0     = -1.0193 +/- 0.320424 [cm]
 Sigma Z0     = 5.00527 +/- 0.226571 [cm]
 dxdz         = 0.000151725 +/- 3.63331e-05 [radians]
 dydz         = -0.000137225 +/- 3.6483e-05 [radians]
 Beam width X = 0.00174968 +/- 0.000261207 [cm]
 Beam width Y = 0.00165884 +/- 0.000261207 [cm]
 EmittanceX   = 0 [cm]
 EmittanceY   = 0 [cm]
 beta-star    = 0 [cm]
-----------------------------------------------------


[BeamFitter] fit done. 

Total number of tracks accumulated = 3537
Reset track collection for beam fit
for lumis 24 - 23
number of selected tracks = 3708
number of selected PVs = 285

 RESULTS OF DEFAULT FIT 
 for runs: 195660 - 195660
 for lumi blocks : 24 - 24
 lumi counter # 1
-----------------------------------------------------
              Beam Spot Data

 Beam type    = 2
       X0     = 0.0722765 +/- 0.000191524 [cm]
       Y0     = 0.0629005 +/- 0.000195977 [cm]
       Z0     = -0.905317 +/- 0.297456 [cm]
 Sigma Z0     = 5.02171 +/- 0.210322 [cm]
 dxdz         = 9.74923e-05 +/- 3.84195e-05 [radians]
 dydz         = -9.53181e-05 +/- 3.74796e-05 [radians]
 Beam width X = 0.00201823 +/- 0.000255151 [cm]
 Beam width Y = 0.00181167 +/- 0.000255151 [cm]
 EmittanceX   = 0 [cm]
 EmittanceY   = 0 [cm]
 beta-star    = 0 [cm]
-----------------------------------------------------


[BeamFitter] fit done. 

Total number of tracks accumulated = 3708
Reset track collection for beam fit
for lumis 25 - 24
number of selected tracks = 3371
number of selected PVs = 251

 RESULTS OF DEFAULT FIT 
 for runs: 195660 - 195660
 for lumi blocks : 25 - 25
 lumi counter # 1
-----------------------------------------------------
              Beam Spot Data

 Beam type    = 2
       X0     = 0.0722977 +/- 0.000201479 [cm]
       Y0     = 0.0622824 +/- 0.000209856 [cm]
       Z0     = -0.693324 +/- 0.342709 [cm]
 Sigma Z0     = 5.42964 +/- 0.24233 [cm]
 dxdz         = 8.29341e-05 +/- 3.987e-05 [radians]
 dydz         = -0.00021694 +/- 3.93431e-05 [radians]
 Beam width X = 0.00216681 +/- 0.000252418 [cm]
 Beam width Y = 0.00171745 +/- 0.000252418 [cm]
 EmittanceX   = 0 [cm]
 EmittanceY   = 0 [cm]
 beta-star    = 0 [cm]
-----------------------------------------------------


[BeamFitter] fit done. 

Total number of tracks accumulated = 3371
Reset track collection for beam fit
for lumis 26 - 25
number of selected tracks = 3807
number of selected PVs = 282

 RESULTS OF DEFAULT FIT 
 for runs: 195660 - 195660
 for lumi blocks : 26 - 26
 lumi counter # 1
-----------------------------------------------------
              Beam Spot Data

 Beam type    = 2
       X0     = 0.0726108 +/- 0.000188737 [cm]
       Y0     = 0.063406 +/- 0.00019602 [cm]
       Z0     = -0.357149 +/- 0.293471 [cm]
 Sigma Z0     = 4.92828 +/- 0.207505 [cm]
 dxdz         = 8.9281e-05 +/- 3.70009e-05 [radians]
 dydz         = -6.56972e-05 +/- 3.71979e-05 [radians]
 Beam width X = 0.00212439 +/- 0.000243941 [cm]
 Beam width Y = 0.00172334 +/- 0.000243941 [cm]
 EmittanceX   = 0 [cm]
 EmittanceY   = 0 [cm]
 beta-star    = 0 [cm]
-----------------------------------------------------


[BeamFitter] fit done. 

Total number of tracks accumulated = 3807
Reset track collection for beam fit
for lumis 27 - 26
number of selected tracks = 2635
number of selected PVs = 189

 RESULTS OF DEFAULT FIT 
 for runs: 195660 - 195660
 for lumi blocks : 27 - 27
 lumi counter # 1
-----------------------------------------------------
              Beam Spot Data

 Beam type    = 2
       X0     = 0.0725514 +/- 0.000221898 [cm]
       Y0     = 0.0624486 +/- 0.00022891 [cm]
       Z0     = -1.19809 +/- 0.361506 [cm]
 Sigma Z0     = 4.97 +/- 0.2556 [cm]
 dxdz         = 6.81621e-05 +/- 4.46888e-05 [radians]
 dydz         = 6.55545e-05 +/- 4.3907e-05 [radians]
 Beam width X = 0.00182625 +/- 0.000301454 [cm]
 Beam width Y = 0.001905 +/- 0.000301454 [cm]
 EmittanceX   = 0 [cm]
 EmittanceY   = 0 [cm]
 beta-star    = 0 [cm]
-----------------------------------------------------


[BeamFitter] fit done. 

Total number of tracks accumulated = 2635
Reset track collection for beam fit
for lumis 28 - 27
number of selected tracks = 3062
number of selected PVs = 226

 RESULTS OF DEFAULT FIT 
 for runs: 195660 - 195660
 for lumi blocks : 28 - 28
 lumi counter # 1
-----------------------------------------------------
              Beam Spot Data

 Beam type    = 2
       X0     = 0.0720167 +/- 0.000218228 [cm]
       Y0     = 0.062851 +/- 0.000218711 [cm]
       Z0     = -0.468822 +/- 0.33625 [cm]
 Sigma Z0     = 5.05505 +/- 0.237748 [cm]
 dxdz         = -2.97469e-05 +/- 4.21191e-05 [radians]
 dydz         = -0.000118853 +/- 4.3231e-05 [radians]
 Beam width X = 0.00182032 +/- 0.000289562 [cm]
 Beam width Y = 0.00227572 +/- 0.000289562 [cm]
 EmittanceX   = 0 [cm]
 EmittanceY   = 0 [cm]
 beta-star    = 0 [cm]
-----------------------------------------------------


[BeamFitter] fit done. 

Total number of tracks accumulated = 3062
Reset track collection for beam fit
for lumis 29 - 28
number of selected tracks = 2663
number of selected PVs = 196

 RESULTS OF DEFAULT FIT 
 for runs: 195660 - 195660
 for lumi blocks : 29 - 29
 lumi counter # 1
-----------------------------------------------------
              Beam Spot Data

 Beam type    = 2
       X0     = 0.0725107 +/- 0.000229554 [cm]
       Y0     = 0.0628065 +/- 0.00023736 [cm]
       Z0     = -0.346934 +/- 0.38795 [cm]
 Sigma Z0     = 5.43145 +/- 0.274271 [cm]
 dxdz         = 0.000247438 +/- 3.85574e-05 [radians]
 dydz         = -0.00026586 +/- 3.98035e-05 [radians]
 Beam width X = 0.00225156 +/- 0.000293662 [cm]
 Beam width Y = 0.00164483 +/- 0.000293662 [cm]
 EmittanceX   = 0 [cm]
 EmittanceY   = 0 [cm]
 beta-star    = 0 [cm]
-----------------------------------------------------


[BeamFitter] fit done. 

Total number of tracks accumulated = 2663
Reset track collection for beam fit
for lumis 30 - 29
number of selected tracks = 3257
number of selected PVs = 244

 RESULTS OF DEFAULT FIT 
 for runs: 195660 - 195660
 for lumi blocks : 30 - 30
 lumi counter # 1
-----------------------------------------------------
              Beam Spot Data

 Beam type    = 2
       X0     = 0.0720556 +/- 0.000210951 [cm]
       Y0     = 0.0623289 +/- 0.000209457 [cm]
       Z0     = -0.37194 +/- 0.324451 [cm]
 Sigma Z0     = 5.06818 +/- 0.229407 [cm]
 dxdz         = -5.33936e-06 +/- 4.10225e-05 [radians]
 dydz         = -1.98338e-05 +/- 4.06597e-05 [radians]
 Beam width X = 0.00206005 +/- 0.00029051 [cm]
 Beam width Y = 0.00137606 +/- 0.00029051 [cm]
 EmittanceX   = 0 [cm]
 EmittanceY   = 0 [cm]
 beta-star    = 0 [cm]
-----------------------------------------------------


[BeamFitter] fit done. 

Total number of tracks accumulated = 3257
Reset track collection for beam fit
for lumis 31 - 30
number of selected tracks = 2878
number of selected PVs = 221

 RESULTS OF DEFAULT FIT 
 for runs: 195660 - 195660
 for lumi blocks : 31 - 31
 lumi counter # 1
-----------------------------------------------------
              Beam Spot Data

 Beam type    = 2
       X0     = 0.0717823 +/- 0.000220482 [cm]
       Y0     = 0.0629078 +/- 0.000226872 [cm]
       Z0     = -1.18428 +/- 0.319397 [cm]
 Sigma Z0     = 4.74826 +/- 0.225831 [cm]
 dxdz         = 0.000181603 +/- 4.46802e-05 [radians]
 dydz         = -0.000202273 +/- 4.57989e-05 [radians]
 Beam width X = 0.00236346 +/- 0.000269507 [cm]
 Beam width Y = 0.001421 +/- 0.000269507 [cm]
 EmittanceX   = 0 [cm]
 EmittanceY   = 0 [cm]
 beta-star    = 0 [cm]
-----------------------------------------------------


[BeamFitter] fit done. 

Total number of tracks accumulated = 2878
Reset track collection for beam fit
for lumis 32 - 31
number of selected tracks = 2173
number of selected PVs = 144

 RESULTS OF DEFAULT FIT 
 for runs: 195660 - 195660
 for lumi blocks : 32 - 32
 lumi counter # 1
-----------------------------------------------------
              Beam Spot Data

 Beam type    = 2
       X0     = 0.0720401 +/- 0.000243778 [cm]
       Y0     = 0.0628143 +/- 0.000265087 [cm]
       Z0     = -0.886115 +/- 0.442694 [cm]
 Sigma Z0     = 5.31252 +/- 0.313016 [cm]
 dxdz         = 6.35656e-05 +/- 4.5407e-05 [radians]
 dydz         = -0.000145825 +/- 4.83857e-05 [radians]
 Beam width X = 0.00188496 +/- 0.000312423 [cm]
 Beam width Y = 0.00167751 +/- 0.000312423 [cm]
 EmittanceX   = 0 [cm]
 EmittanceY   = 0 [cm]
 beta-star    = 0 [cm]
-----------------------------------------------------


[BeamFitter] fit done. 

Total number of tracks accumulated = 2173
Reset track collection for beam fit
for lumis 33 - 32
number of selected tracks = 2502
number of selected PVs = 193

 RESULTS OF DEFAULT FIT 
 for runs: 195660 - 195660
 for lumi blocks : 33 - 33
 lumi counter # 1
-----------------------------------------------------
              Beam Spot Data

 Beam type    = 2
       X0     = 0.071952 +/- 0.000243388 [cm]
       Y0     = 0.0628219 +/- 0.000247462 [cm]
       Z0     = -1.39934 +/- 0.361475 [cm]
 Sigma Z0     = 5.02188 +/- 0.255583 [cm]
 dxdz         = 5.82781e-05 +/- 4.76777e-05 [radians]
 dydz         = 3.22395e-05 +/- 4.78634e-05 [radians]
 Beam width X = 0.0015362 +/- 0.000339158 [cm]
 Beam width Y = 0.00229173 +/- 0.000339158 [cm]
 EmittanceX   = 0 [cm]
 EmittanceY   = 0 [cm]
 beta-star    = 0 [cm]
-----------------------------------------------------


[BeamFitter] fit done. 

Total number of tracks accumulated = 2502
Reset track collection for beam fit
for lumis 34 - 33
number of selected tracks = 2325
number of selected PVs = 178

 RESULTS OF DEFAULT FIT 
 for runs: 195660 - 195660
 for lumi blocks : 34 - 34
 lumi counter # 1
-----------------------------------------------------
              Beam Spot Data

 Beam type    = 2
       X0     = 0.0720468 +/- 0.000252447 [cm]
       Y0     = 0.0624977 +/- 0.0002458 [cm]
       Z0     = -0.677851 +/- 0.389328 [cm]
 Sigma Z0     = 5.19441 +/- 0.275297 [cm]
 dxdz         = 2.85447e-05 +/- 4.71547e-05 [radians]
 dydz         = -0.000170393 +/- 4.69947e-05 [radians]
 Beam width X = 0.00171292 +/- 0.000337462 [cm]
 Beam width Y = 0.00165175 +/- 0.000337462 [cm]
 EmittanceX   = 0 [cm]
 EmittanceY   = 0 [cm]
 beta-star    = 0 [cm]
-----------------------------------------------------


[BeamFitter] fit done. 

Total number of tracks accumulated = 2325
Reset track collection for beam fit
for lumis 35 - 34
number of selected tracks = 2363
number of selected PVs = 186

 RESULTS OF DEFAULT FIT 
 for runs: 195660 - 195660
 for lumi blocks : 35 - 35
 lumi counter # 1
-----------------------------------------------------
              Beam Spot Data

 Beam type    = 2
       X0     = 0.0717128 +/- 0.000238745 [cm]
       Y0     = 0.0631723 +/- 0.000241837 [cm]
       Z0     = -0.739184 +/- 0.377726 [cm]
 Sigma Z0     = 5.15162 +/- 0.267067 [cm]
 dxdz         = 0.000170496 +/- 4.35921e-05 [radians]
 dydz         = -0.000132598 +/- 4.44923e-05 [radians]
 Beam width X = 0.00225779 +/- 0.000299669 [cm]
 Beam width Y = 0.00154392 +/- 0.000299669 [cm]
 EmittanceX   = 0 [cm]
 EmittanceY   = 0 [cm]
 beta-star    = 0 [cm]
-----------------------------------------------------


[BeamFitter] fit done. 

Total number of tracks accumulated = 2363
Reset track collection for beam fit
for lumis 36 - 35
number of selected tracks = 2223
number of selected PVs = 170

 RESULTS OF DEFAULT FIT 
 for runs: 195660 - 195660
 for lumi blocks : 36 - 36
 lumi counter # 1
-----------------------------------------------------
              Beam Spot Data

 Beam type    = 2
       X0     = 0.0720332 +/- 0.000257774 [cm]
       Y0     = 0.0620723 +/- 0.000248101 [cm]
       Z0     = -0.516021 +/- 0.35748 [cm]
 Sigma Z0     = 4.66107 +/- 0.252769 [cm]
 dxdz         = -3.44874e-05 +/- 5.36203e-05 [radians]
 dydz         = -0.000123577 +/- 5.0698e-05 [radians]
 Beam width X = 0.00200202 +/- 0.00032471 [cm]
 Beam width Y = 0.00151983 +/- 0.00032471 [cm]
 EmittanceX   = 0 [cm]
 EmittanceY   = 0 [cm]
 beta-star    = 0 [cm]
-----------------------------------------------------


[BeamFitter] fit done. 

Total number of tracks accumulated = 2223
Reset track collection for beam fit
for lumis 37 - 36
number of selected tracks = 1956
number of selected PVs = 145

 RESULTS OF DEFAULT FIT 
 for runs: 195660 - 195660
 for lumi blocks : 37 - 37
 lumi counter # 1
-----------------------------------------------------
              Beam Spot Data

 Beam type    = 2
       X0     = 0.0719071 +/- 0.000282758 [cm]
       Y0     = 0.0627958 +/- 0.000271879 [cm]
       Z0     = -1.05193 +/- 0.429035 [cm]
 Sigma Z0     = 5.16643 +/- 0.303359 [cm]
 dxdz         = 0.000149946 +/- 5.35977e-05 [radians]
 dydz         = -0.000129454 +/- 5.06543e-05 [radians]
 Beam width X = 0.00253317 +/- 0.00035422 [cm]
 Beam width Y = 0.00188532 +/- 0.00035422 [cm]
 EmittanceX   = 0 [cm]
 EmittanceY   = 0 [cm]
 beta-star    = 0 [cm]
-----------------------------------------------------


[BeamFitter] fit done. 

Total number of tracks accumulated = 1956
Reset track collection for beam fit
for lumis 38 - 37
number of selected tracks = 1554
number of selected PVs = 124

 RESULTS OF DEFAULT FIT 
 for runs: 195660 - 195660
 for lumi blocks : 38 - 38
 lumi counter # 1
-----------------------------------------------------
              Beam Spot Data

 Beam type    = 2
       X0     = 0.0722189 +/- 0.000299393 [cm]
       Y0     = 0.0618995 +/- 0.000307874 [cm]
       Z0     = -1.12425 +/- 0.426617 [cm]
 Sigma Z0     = 4.75076 +/- 0.301631 [cm]
 dxdz         = 0.000261631 +/- 5.73103e-05 [radians]
 dydz         = -6.28197e-05 +/- 5.86094e-05 [radians]
 Beam width X = 0.00147456 +/- 0.000430865 [cm]
 Beam width Y = 0.00180101 +/- 0.000430865 [cm]
 EmittanceX   = 0 [cm]
 EmittanceY   = 0 [cm]
 beta-star    = 0 [cm]
-----------------------------------------------------


[BeamFitter] fit done. 

Total number of tracks accumulated = 1554
Reset track collection for beam fit
for lumis 39 - 38
number of selected tracks = 2481
number of selected PVs = 184

 RESULTS OF DEFAULT FIT 
 for runs: 195660 - 195660
 for lumi blocks : 39 - 39
 lumi counter # 1
-----------------------------------------------------
              Beam Spot Data

 Beam type    = 2
       X0     = 0.0727275 +/- 0.000237878 [cm]
       Y0     = 0.0617702 +/- 0.000241631 [cm]
       Z0     = -0.768204 +/- 0.387313 [cm]
 Sigma Z0     = 5.25391 +/- 0.273846 [cm]
 dxdz         = -1.80848e-07 +/- 4.11143e-05 [radians]
 dydz         = 8.81093e-05 +/- 4.44996e-05 [radians]
 Beam width X = 0.00186183 +/- 0.000291426 [cm]
 Beam width Y = 0.00170014 +/- 0.000291426 [cm]
 EmittanceX   = 0 [cm]
 EmittanceY   = 0 [cm]
 beta-star    = 0 [cm]
-----------------------------------------------------


[BeamFitter] fit done. 

Total number of tracks accumulated = 2481
Reset track collection for beam fit
for lumis 40 - 39
number of selected tracks = 2273
number of selected PVs = 162

 RESULTS OF DEFAULT FIT 
 for runs: 195660 - 195660
 for lumi blocks : 40 - 40
 lumi counter # 1
-----------------------------------------------------
              Beam Spot Data

 Beam type    = 2
       X0     = 0.0722595 +/- 0.000245797 [cm]
       Y0     = 0.0631583 +/- 0.00024468 [cm]
       Z0     = -0.468561 +/- 0.377653 [cm]
 Sigma Z0     = 4.80685 +/- 0.267003 [cm]
 dxdz         = 3.13196e-05 +/- 5.01312e-05 [radians]
 dydz         = 5.198e-05 +/- 5.07609e-05 [radians]
 Beam width X = 0.00136463 +/- 0.000397154 [cm]
 Beam width Y = 0.00150717 +/- 0.000397154 [cm]
 EmittanceX   = 0 [cm]
 EmittanceY   = 0 [cm]
 beta-star    = 0 [cm]
-----------------------------------------------------


[BeamFitter] fit done. 

Total number of tracks accumulated = 2273
Reset track collection for beam fit
for lumis 41 - 40
number of selected tracks = 1753
number of selected PVs = 136

 RESULTS OF DEFAULT FIT 
 for runs: 195660 - 195660
 for lumi blocks : 41 - 41
 lumi counter # 1
-----------------------------------------------------
              Beam Spot Data

 Beam type    = 2
       X0     = 0.0719778 +/- 0.000269253 [cm]
       Y0     = 0.0615016 +/- 0.000278913 [cm]
       Z0     = -0.446589 +/- 0.443413 [cm]
 Sigma Z0     = 5.17122 +/- 0.313506 [cm]
 dxdz         = -1.28525e-05 +/- 5.56617e-05 [radians]
 dydz         = -0.00025372 +/- 5.5969e-05 [radians]
 Beam width X = 0.00183333 +/- 0.000353294 [cm]
 Beam width Y = 0.00129321 +/- 0.000353294 [cm]
 EmittanceX   = 0 [cm]
 EmittanceY   = 0 [cm]
 beta-star    = 0 [cm]
-----------------------------------------------------


[BeamFitter] fit done. 

Total number of tracks accumulated = 1753
Reset track collection for beam fit
for lumis 42 - 41
number of selected tracks = 2453
number of selected PVs = 190

 RESULTS OF DEFAULT FIT 
 for runs: 195660 - 195660
 for lumi blocks : 42 - 42
 lumi counter # 1
-----------------------------------------------------
              Beam Spot Data

 Beam type    = 2
       X0     = 0.0722296 +/- 0.000244463 [cm]
       Y0     = 0.0624715 +/- 0.000238464 [cm]
       Z0     = -0.943189 +/- 0.398593 [cm]
 Sigma Z0     = 5.49438 +/- 0.281824 [cm]
 dxdz         = 4.80287e-05 +/- 4.38167e-05 [radians]
 dydz         = -3.73529e-05 +/- 4.57108e-05 [radians]
 Beam width X = 0.00228498 +/- 0.000294628 [cm]
 Beam width Y = 0.000742631 +/- 0.000294628 [cm]
 EmittanceX   = 0 [cm]
 EmittanceY   = 0 [cm]
 beta-star    = 0 [cm]
-----------------------------------------------------


[BeamFitter] fit done. 

Total number of tracks accumulated = 2453
Reset track collection for beam fit
for lumis 43 - 42
number of selected tracks = 2027
number of selected PVs = 144

 RESULTS OF DEFAULT FIT 
 for runs: 195660 - 195660
 for lumi blocks : 43 - 43
 lumi counter # 1
-----------------------------------------------------
              Beam Spot Data

 Beam type    = 2
       X0     = 0.0727386 +/- 0.000264597 [cm]
       Y0     = 0.0630729 +/- 0.000267579 [cm]
       Z0     = -1.41648 +/- 0.404847 [cm]
 Sigma Z0     = 4.8583 +/- 0.28624 [cm]
 dxdz         = 7.6273e-05 +/- 4.95408e-05 [radians]
 dydz         = 4.11994e-05 +/- 5.25112e-05 [radians]
 Beam width X = 0.00199749 +/- 0.000307412 [cm]
 Beam width Y = 0.00215961 +/- 0.000307412 [cm]
 EmittanceX   = 0 [cm]
 EmittanceY   = 0 [cm]
 beta-star    = 0 [cm]
-----------------------------------------------------


[BeamFitter] fit done. 

Total number of tracks accumulated = 2027
Reset track collection for beam fit
for lumis 44 - 43
number of selected tracks = 1713
number of selected PVs = 128

 RESULTS OF DEFAULT FIT 
 for runs: 195660 - 195660
 for lumi blocks : 44 - 44
 lumi counter # 1
-----------------------------------------------------
              Beam Spot Data

 Beam type    = 2
       X0     = 0.072728 +/- 0.000286228 [cm]
       Y0     = 0.0625238 +/- 0.00027905 [cm]
       Z0     = -0.384265 +/- 0.480865 [cm]
 Sigma Z0     = 5.44059 +/- 0.339984 [cm]
 dxdz         = 9.71284e-05 +/- 5.40816e-05 [radians]
 dydz         = -6.6757e-05 +/- 5.39733e-05 [radians]
 Beam width X = 0.00171942 +/- 0.000400986 [cm]
 Beam width Y = 0.00198861 +/- 0.000400986 [cm]
 EmittanceX   = 0 [cm]
 EmittanceY   = 0 [cm]
 beta-star    = 0 [cm]
-----------------------------------------------------


[BeamFitter] fit done. 

Total number of tracks accumulated = 1713
Reset track collection for beam fit
for lumis 45 - 44
number of selected tracks = 1409
number of selected PVs = 103

 RESULTS OF DEFAULT FIT 
 for runs: 195660 - 195660
 for lumi blocks : 45 - 45
 lumi counter # 1
-----------------------------------------------------
              Beam Spot Data

 Beam type    = 2
       X0     = 0.0723248 +/- 0.000310674 [cm]
       Y0     = 0.0629823 +/- 0.000308969 [cm]
       Z0     = -0.731413 +/- 0.517824 [cm]
 Sigma Z0     = 5.25559 +/- 0.366094 [cm]
 dxdz         = 0.000129851 +/- 6.07096e-05 [radians]
 dydz         = -3.61759e-05 +/- 5.75309e-05 [radians]
 Beam width X = 0.00146653 +/- 0.000448538 [cm]
 Beam width Y = 0.00166406 +/- 0.000448538 [cm]
 EmittanceX   = 0 [cm]
 EmittanceY   = 0 [cm]
 beta-star    = 0 [cm]
-----------------------------------------------------


[BeamFitter] fit done. 

Total number of tracks accumulated = 1409
Reset track collection for beam fit
for lumis 46 - 45
number of selected tracks = 2400
number of selected PVs = 186

 RESULTS OF DEFAULT FIT 
 for runs: 195660 - 195660
 for lumi blocks : 46 - 46
 lumi counter # 1
-----------------------------------------------------
              Beam Spot Data

 Beam type    = 2
       X0     = 0.0732678 +/- 0.000238444 [cm]
       Y0     = 0.0635773 +/- 0.000244852 [cm]
       Z0     = -0.719822 +/- 0.368047 [cm]
 Sigma Z0     = 5.01961 +/- 0.260221 [cm]
 dxdz         = 0.000165197 +/- 4.79857e-05 [radians]
 dydz         = 5.42595e-05 +/- 4.76105e-05 [radians]
 Beam width X = 0.0020878 +/- 0.000302391 [cm]
 Beam width Y = 0.00160012 +/- 0.000302391 [cm]
 EmittanceX   = 0 [cm]
 EmittanceY   = 0 [cm]
 beta-star    = 0 [cm]
-----------------------------------------------------


[BeamFitter] fit done. 

Total number of tracks accumulated = 2400
Reset track collection for beam fit
for lumis 47 - 46
number of selected tracks = 2001
number of selected PVs = 148

 RESULTS OF DEFAULT FIT 
 for runs: 195660 - 195660
 for lumi blocks : 47 - 47
 lumi counter # 1
-----------------------------------------------------
              Beam Spot Data

 Beam type    = 2
       X0     = 0.0717513 +/- 0.000247414 [cm]
       Y0     = 0.0628683 +/- 0.000253308 [cm]
       Z0     = -0.718371 +/- 0.388685 [cm]
 Sigma Z0     = 4.72868 +/- 0.274826 [cm]
 dxdz         = 0.00012275 +/- 5.09771e-05 [radians]
 dydz         = 0.000111616 +/- 5.00966e-05 [radians]
 Beam width X = 0.000708555 +/- 0.000535888 [cm]
 Beam width Y = 0.00149125 +/- 0.000535888 [cm]
 EmittanceX   = 0 [cm]
 EmittanceY   = 0 [cm]
 beta-star    = 0 [cm]
-----------------------------------------------------


[BeamFitter] fit done. 

Total number of tracks accumulated = 2001
Reset track collection for beam fit
for lumis 48 - 47
number of selected tracks = 1342
number of selected PVs = 97

 RESULTS OF DEFAULT FIT 
 for runs: 195660 - 195660
 for lumi blocks : 48 - 48
 lumi counter # 1
-----------------------------------------------------
              Beam Spot Data

 Beam type    = 2
       X0     = 0.0725512 +/- 0.000310969 [cm]
       Y0     = 0.0628714 +/- 0.0003221 [cm]
       Z0     = -0.729711 +/- 0.488674 [cm]
 Sigma Z0     = 4.81309 +/- 0.345536 [cm]
 dxdz         = 0.000148215 +/- 6.74596e-05 [radians]
 dydz         = -0.000184421 +/- 7.19455e-05 [radians]
 Beam width X = 0.00169447 +/- 0.000465503 [cm]
 Beam width Y = 0.00211417 +/- 0.000465503 [cm]
 EmittanceX   = 0 [cm]
 EmittanceY   = 0 [cm]
 beta-star    = 0 [cm]
-----------------------------------------------------


[BeamFitter] fit done. 

Total number of tracks accumulated = 1342
Reset track collection for beam fit
for lumis 49 - 48
number of selected tracks = 1586
number of selected PVs = 131

 RESULTS OF DEFAULT FIT 
 for runs: 195660 - 195660
 for lumi blocks : 49 - 49
 lumi counter # 1
-----------------------------------------------------
              Beam Spot Data

 Beam type    = 2
       X0     = 0.071543 +/- 0.000295417 [cm]
       Y0     = 0.0625678 +/- 0.000308684 [cm]
       Z0     = -0.389361 +/- 0.367877 [cm]
 Sigma Z0     = 4.21065 +/- 0.260102 [cm]
 dxdz         = 0.000139702 +/- 6.63935e-05 [radians]
 dydz         = 6.74897e-05 +/- 7.10157e-05 [radians]
 Beam width X = 0.00246575 +/- 0.000343186 [cm]
 Beam width Y = 0.00152839 +/- 0.000343186 [cm]
 EmittanceX   = 0 [cm]
 EmittanceY   = 0 [cm]
 beta-star    = 0 [cm]
-----------------------------------------------------


[BeamFitter] fit done. 

Total number of tracks accumulated = 1586
Reset track collection for beam fit
for lumis 50 - 49
number of selected tracks = 1861
number of selected PVs = 136

 RESULTS OF DEFAULT FIT 
 for runs: 195660 - 195660
 for lumi blocks : 50 - 50
 lumi counter # 1
-----------------------------------------------------
              Beam Spot Data

 Beam type    = 2
       X0     = 0.0727913 +/- 0.000256728 [cm]
       Y0     = 0.062021 +/- 0.000270073 [cm]
       Z0     = -1.15969 +/- 0.464718 [cm]
 Sigma Z0     = 5.41971 +/- 0.328569 [cm]
 dxdz         = 8.73793e-05 +/- 4.74474e-05 [radians]
 dydz         = 0.000182927 +/- 5.14731e-05 [radians]
 Beam width X = 0.00144092 +/- 0.000419659 [cm]
 Beam width Y = 0.000673836 +/- 0.000419659 [cm]
 EmittanceX   = 0 [cm]
 EmittanceY   = 0 [cm]
 beta-star    = 0 [cm]
-----------------------------------------------------


[BeamFitter] fit done. 

Total number of tracks accumulated = 1861
Reset track collection for beam fit
for lumis 51 - 50
number of selected tracks = 2448
number of selected PVs = 196

 RESULTS OF DEFAULT FIT 
 for runs: 195660 - 195660
 for lumi blocks : 51 - 51
 lumi counter # 1
-----------------------------------------------------
              Beam Spot Data

 Beam type    = 2
       X0     = 0.072079 +/- 0.000236366 [cm]
       Y0     = 0.0631232 +/- 0.000247334 [cm]
       Z0     = -0.710464 +/- 0.338497 [cm]
 Sigma Z0     = 4.73905 +/- 0.239347 [cm]
 dxdz         = -1.0783e-05 +/- 4.67811e-05 [radians]
 dydz         = -0.000186238 +/- 4.75822e-05 [radians]
 Beam width X = 0.00222695 +/- 0.00031777 [cm]
 Beam width Y = 0.00142855 +/- 0.00031777 [cm]
 EmittanceX   = 0 [cm]
 EmittanceY   = 0 [cm]
 beta-star    = 0 [cm]
-----------------------------------------------------


[BeamFitter] fit done. 

Total number of tracks accumulated = 2448
Reset track collection for beam fit
for lumis 52 - 51
number of selected tracks = 1972
number of selected PVs = 148

 RESULTS OF DEFAULT FIT 
 for runs: 195660 - 195660
 for lumi blocks : 52 - 52
 lumi counter # 1
-----------------------------------------------------
              Beam Spot Data

 Beam type    = 2
       X0     = 0.072584 +/- 0.000266752 [cm]
       Y0     = 0.0626669 +/- 0.000272544 [cm]
       Z0     = -0.330439 +/- 0.417302 [cm]
 Sigma Z0     = 5.07686 +/- 0.295056 [cm]
 dxdz         = 0.000144106 +/- 5.20683e-05 [radians]
 dydz         = -9.75984e-05 +/- 5.03232e-05 [radians]
 Beam width X = 0.00236415 +/- 0.000346483 [cm]
 Beam width Y = 0.00157483 +/- 0.000346483 [cm]
 EmittanceX   = 0 [cm]
 EmittanceY   = 0 [cm]
 beta-star    = 0 [cm]
-----------------------------------------------------


[BeamFitter] fit done. 

Total number of tracks accumulated = 1972
Reset track collection for beam fit
for lumis 53 - 52
number of selected tracks = 1743
number of selected PVs = 128

 RESULTS OF DEFAULT FIT 
 for runs: 195660 - 195660
 for lumi blocks : 53 - 53
 lumi counter # 1
-----------------------------------------------------
              Beam Spot Data

 Beam type    = 2
       X0     = 0.0724913 +/- 0.000285673 [cm]
       Y0     = 0.0631568 +/- 0.000285182 [cm]
       Z0     = -0.890894 +/- 0.422033 [cm]
 Sigma Z0     = 4.7749 +/- 0.298384 [cm]
 dxdz         = -0.000122839 +/- 5.76615e-05 [radians]
 dydz         = -6.24496e-05 +/- 5.60035e-05 [radians]
 Beam width X = 0.00192926 +/- 0.000394813 [cm]
 Beam width Y = 0.0012981 +/- 0.000394813 [cm]
 EmittanceX   = 0 [cm]
 EmittanceY   = 0 [cm]
 beta-star    = 0 [cm]
-----------------------------------------------------


[BeamFitter] fit done. 

Total number of tracks accumulated = 1743
Reset track collection for beam fit
for lumis 54 - 53
number of selected tracks = 1597
number of selected PVs = 119

 RESULTS OF DEFAULT FIT 
 for runs: 195660 - 195660
 for lumi blocks : 54 - 54
 lumi counter # 1
-----------------------------------------------------
              Beam Spot Data

 Beam type    = 2
       X0     = 0.0720593 +/- 0.00029704 [cm]
       Y0     = 0.0628249 +/- 0.000302893 [cm]
       Z0     = -1.04676 +/- 0.495749 [cm]
 Sigma Z0     = 5.40821 +/- 0.350509 [cm]
 dxdz         = 0.000129659 +/- 5.70649e-05 [radians]
 dydz         = -9.61406e-05 +/- 5.90745e-05 [radians]
 Beam width X = 0.00205643 +/- 0.000372083 [cm]
 Beam width Y = 0.00144641 +/- 0.000372083 [cm]
 EmittanceX   = 0 [cm]
 EmittanceY   = 0 [cm]
 beta-star    = 0 [cm]
-----------------------------------------------------


[BeamFitter] fit done. 

Total number of tracks accumulated = 1597
Reset track collection for beam fit
for lumis 55 - 54
number of selected tracks = 2533
number of selected PVs = 191

 RESULTS OF DEFAULT FIT 
 for runs: 195660 - 195660
 for lumi blocks : 55 - 55
 lumi counter # 1
-----------------------------------------------------
              Beam Spot Data

 Beam type    = 2
       X0     = 0.0716505 +/- 0.000234234 [cm]
       Y0     = 0.0624035 +/- 0.00023218 [cm]
       Z0     = -0.722777 +/- 0.380158 [cm]
 Sigma Z0     = 5.25403 +/- 0.268791 [cm]
 dxdz         = 1.22068e-05 +/- 4.30504e-05 [radians]
 dydz         = -2.77447e-05 +/- 4.32311e-05 [radians]
 Beam width X = 0.00157916 +/- 0.000319379 [cm]
 Beam width Y = 0.00155271 +/- 0.000319379 [cm]
 EmittanceX   = 0 [cm]
 EmittanceY   = 0 [cm]
 beta-star    = 0 [cm]
-----------------------------------------------------


[BeamFitter] fit done. 

Total number of tracks accumulated = 2533
Reset track collection for beam fit
for lumis 56 - 55
number of selected tracks = 2628
number of selected PVs = 199

 RESULTS OF DEFAULT FIT 
 for runs: 195660 - 195660
 for lumi blocks : 56 - 56
 lumi counter # 1
-----------------------------------------------------
              Beam Spot Data

 Beam type    = 2
       X0     = 0.0728754 +/- 0.000229184 [cm]
       Y0     = 0.0629518 +/- 0.000228229 [cm]
       Z0     = -0.41488 +/- 0.330518 [cm]
 Sigma Z0     = 4.66261 +/- 0.233702 [cm]
 dxdz         = 0.000126715 +/- 4.73809e-05 [radians]
 dydz         = -0.000277557 +/- 4.5776e-05 [radians]
 Beam width X = 0.00125468 +/- 0.000365029 [cm]
 Beam width Y = 0.00233211 +/- 0.000365029 [cm]
 EmittanceX   = 0 [cm]
 EmittanceY   = 0 [cm]
 beta-star    = 0 [cm]
-----------------------------------------------------


[BeamFitter] fit done. 

Total number of tracks accumulated = 2628
Reset track collection for beam fit
for lumis 57 - 56
number of selected tracks = 3046
number of selected PVs = 230

 RESULTS OF DEFAULT FIT 
 for runs: 195660 - 195660
 for lumi blocks : 57 - 57
 lumi counter # 1
-----------------------------------------------------
              Beam Spot Data

 Beam type    = 2
       X0     = 0.0726664 +/- 0.000208884 [cm]
       Y0     = 0.0620481 +/- 0.000209879 [cm]
       Z0     = -0.610587 +/- 0.329941 [cm]
 Sigma Z0     = 5.00389 +/- 0.233294 [cm]
 dxdz         = 0.000109437 +/- 4.24407e-05 [radians]
 dydz         = -7.25681e-05 +/- 4.1726e-05 [radians]
 Beam width X = 0.00174561 +/- 0.000259848 [cm]
 Beam width Y = 0.00142484 +/- 0.000259848 [cm]
 EmittanceX   = 0 [cm]
 EmittanceY   = 0 [cm]
 beta-star    = 0 [cm]
-----------------------------------------------------


[BeamFitter] fit done. 

Total number of tracks accumulated = 3046
Reset track collection for beam fit
for lumis 58 - 57
number of selected tracks = 2339
number of selected PVs = 162

 RESULTS OF DEFAULT FIT 
 for runs: 195660 - 195660
 for lumi blocks : 58 - 58
 lumi counter # 1
-----------------------------------------------------
              Beam Spot Data

 Beam type    = 2
       X0     = 0.072877 +/- 0.000248687 [cm]
       Y0     = 0.0624318 +/- 0.000250855 [cm]
       Z0     = -0.92662 +/- 0.363607 [cm]
 Sigma Z0     = 4.62807 +/- 0.257094 [cm]
 dxdz         = 0.000157558 +/- 5.16143e-05 [radians]
 dydz         = 3.16017e-05 +/- 4.95484e-05 [radians]
 Beam width X = 0.00169503 +/- 0.000333689 [cm]
 Beam width Y = 0.00157573 +/- 0.000333689 [cm]
 EmittanceX   = 0 [cm]
 EmittanceY   = 0 [cm]
 beta-star    = 0 [cm]
-----------------------------------------------------


[BeamFitter] fit done. 

Total number of tracks accumulated = 2339
Reset track collection for beam fit
for lumis 59 - 58
number of selected tracks = 2774
number of selected PVs = 203

 RESULTS OF DEFAULT FIT 
 for runs: 195660 - 195660
 for lumi blocks : 59 - 59
 lumi counter # 1
-----------------------------------------------------
              Beam Spot Data

 Beam type    = 2
       X0     = 0.0717789 +/- 0.000217529 [cm]
       Y0     = 0.0624355 +/- 0.000222937 [cm]
       Z0     = -0.971853 +/- 0.351206 [cm]
 Sigma Z0     = 5.00402 +/- 0.248321 [cm]
 dxdz         = 0.000184897 +/- 4.31411e-05 [radians]
 dydz         = -5.31048e-05 +/- 4.57032e-05 [radians]
 Beam width X = 0.00178237 +/- 0.000281544 [cm]
 Beam width Y = 0.00154651 +/- 0.000281544 [cm]
 EmittanceX   = 0 [cm]
 EmittanceY   = 0 [cm]
 beta-star    = 0 [cm]
-----------------------------------------------------


[BeamFitter] fit done. 

Total number of tracks accumulated = 2774
Reset track collection for beam fit
for lumis 60 - 59
number of selected tracks = 3261
number of selected PVs = 239

 RESULTS OF DEFAULT FIT 
 for runs: 195660 - 195660
 for lumi blocks : 60 - 60
 lumi counter # 1
-----------------------------------------------------
              Beam Spot Data

 Beam type    = 2
       X0     = 0.0720989 +/- 0.0002087 [cm]
       Y0     = 0.0627524 +/- 0.000215401 [cm]
       Z0     = -1.19547 +/- 0.308045 [cm]
 Sigma Z0     = 4.76234 +/- 0.217798 [cm]
 dxdz         = 3.7475e-05 +/- 4.19788e-05 [radians]
 dydz         = -2.86578e-05 +/- 4.2107e-05 [radians]
 Beam width X = 0.0020988 +/- 0.000280949 [cm]
 Beam width Y = 0.00201228 +/- 0.000280949 [cm]
 EmittanceX   = 0 [cm]
 EmittanceY   = 0 [cm]
 beta-star    = 0 [cm]
-----------------------------------------------------


[BeamFitter] fit done. 

Total number of tracks accumulated = 3261
Reset track collection for beam fit
for lumis 61 - 60
number of selected tracks = 2406
number of selected PVs = 177

 RESULTS OF DEFAULT FIT 
 for runs: 195660 - 195660
 for lumi blocks : 61 - 61
 lumi counter # 1
-----------------------------------------------------
              Beam Spot Data

 Beam type    = 2
       X0     = 0.0720944 +/- 0.000245587 [cm]
       Y0     = 0.0630529 +/- 0.000239409 [cm]
       Z0     = -0.25191 +/- 0.361 [cm]
 Sigma Z0     = 4.8029 +/- 0.255245 [cm]
 dxdz         = 0.000162511 +/- 5.18403e-05 [radians]
 dydz         = 3.26164e-05 +/- 4.76048e-05 [radians]
 Beam width X = 0.00193455 +/- 0.000317938 [cm]
 Beam width Y = 0.00114974 +/- 0.000317938 [cm]
 EmittanceX   = 0 [cm]
 EmittanceY   = 0 [cm]
 beta-star    = 0 [cm]
-----------------------------------------------------


[BeamFitter] fit done. 

Total number of tracks accumulated = 2406
Reset track collection for beam fit
14-Nov-2012 05:13:08 CET  Closed file root://eoscms//eos/cms/store/express/Run2012B/StreamExpress/ALCARECO/TkAlMinBias-v1/000/195/660/C07481FB-78B0-E111-BEEC-0025901D624E.root

-------------------------------------


 Total number of events processed: 9335

-------------------------------------


[BeamSpotAnalyzer] endJob done 


TrigReport ---------- Event  Summary ------------
TrigReport Events total = 9335 passed = 9335 failed = 0

TrigReport ---------- Path   Summary ------------
TrigReport  Trig Bit#        Run     Passed     Failed      Error Name
TrigReport     1    0       9335       9335          0          0 p

TrigReport -------End-Path   Summary ------------
TrigReport  Trig Bit#        Run     Passed     Failed      Error Name

TrigReport ---------- Modules in Path: p ------------
TrigReport  Trig Bit#    Visited     Passed     Failed      Error Name
TrigReport     1    0       9335       9335          0          0 offlineBeamSpot
TrigReport     1    0       9335       9335          0          0 TrackRefitter
TrigReport     1    0       9335       9335          0          0 offlinePrimaryVertices
TrigReport     1    0       9335       9335          0          0 d0_phi_analyzer

TrigReport ---------- Module Summary ------------
TrigReport    Visited        Run     Passed     Failed      Error Name
TrigReport       9335       9335       9335          0          0 offlineBeamSpot
TrigReport       9335       9335       9335          0          0 TrackRefitter
TrigReport       9335       9335       9335          0          0 offlinePrimaryVertices
TrigReport       9335       9335       9335          0          0 d0_phi_analyzer
TrigReport       9335       9335       9335          0          0 TriggerResults

TimeReport ---------- Event  Summary ---[sec]----
TimeReport CPU/event = 0.083052 Real/event = 0.083871

TimeReport ---------- Path   Summary ---[sec]----
TimeReport             per event          per path-run 
TimeReport        CPU       Real        CPU       Real Name
TimeReport   0.082992   0.083813   0.082992   0.083813 p
TimeReport        CPU       Real        CPU       Real Name
TimeReport             per event          per path-run 

TimeReport -------End-Path   Summary ---[sec]----
TimeReport             per event       per endpath-run 
TimeReport        CPU       Real        CPU       Real Name
TimeReport        CPU       Real        CPU       Real Name
TimeReport             per event       per endpath-run 

TimeReport ---------- Modules in Path: p ---[sec]----
TimeReport             per event      per module-visit 
TimeReport        CPU       Real        CPU       Real Name
TimeReport   0.000066   0.000071   0.000066   0.000071 offlineBeamSpot
TimeReport   0.066489   0.067167   0.066489   0.067167 TrackRefitter
TimeReport   0.015684   0.015841   0.015684   0.015841 offlinePrimaryVertices
TimeReport   0.000729   0.000720   0.000729   0.000720 d0_phi_analyzer
TimeReport        CPU       Real        CPU       Real Name
TimeReport             per event      per module-visit 
TimeReport        CPU       Real        CPU       Real Name
TimeReport             per event      per module-visit 

TimeReport ---------- Module Summary ---[sec]----
TimeReport             per event        per module-run      per module-visit 
TimeReport        CPU       Real        CPU       Real        CPU       Real Name
TimeReport   0.000066   0.000071   0.000066   0.000071   0.000066   0.000071 offlineBeamSpot
TimeReport   0.066489   0.067167   0.066489   0.067167   0.066489   0.067167 TrackRefitter
TimeReport   0.015684   0.015841   0.015684   0.015841   0.015684   0.015841 offlinePrimaryVertices
TimeReport   0.000729   0.000720   0.000729   0.000720   0.000729   0.000720 d0_phi_analyzer
TimeReport   0.000047   0.000049   0.000047   0.000049   0.000047   0.000049 TriggerResults
TimeReport        CPU       Real        CPU       Real        CPU       Real Name
TimeReport             per event        per module-run      per module-visit 

T---Report end!


=============================================

MessageLogger Summary

 type     category        sev    module        subroutine        count    total
 ---- -------------------- -- ---------------- ----------------  -----    -----
    1 fileAction           -s file_close                             2        2
    2 fileAction           -s file_open                              4        4

 type    category    Examples: run/evt        run/evt          run/evt
 ---- -------------------- ---------------- ---------------- ----------------
    1 fileAction           PostProcessEvent PostEndRun       
    2 fileAction           pre-events       pre-events       PostProcessEvent

Severity    # Occurrences   Total Occurrences
--------    -------------   -----------------
System                  6                   6
>>> END OF printout of 1936 lines from stdout+stderr
>>> Parse FrameworkJobReport crab_fjr.xml
Result of parsing the FrameworkJobReport crab_fjr.xml: Popularity start
lumisRange : 195660::::1;195660::2-61::2;
lumisParentRange : 
Basename : /store/express/Run2012B/StreamExpress/ALCARECO/TkAlMinBias-v1/000/195/660/
BasenameParent : 
parentFiles : 
inputBlocks : /StreamExpress/Run2012B-TkAlMinBias-v1/ALCARECO#c8ce09c0-b079-11e1-9877-003048caaace
inputFiles : DCFAC4A2-78B0-E111-91EA-001D09F2841C.root::1::EDM::Local::1;C07481FB-78B0-E111-BEEC-0025901D624E.root::1::EDM::Local::2;
Popularity stop
Extracted ExitStatus from FrameworkJobReport parsing output: 0
>>> Executable succeded  0
ExeExitCode=0
EXECUTABLE_EXIT_STATUS = 0
>>> current directory /pool/lsf/vimartin/327862953/CMSSW_5_3_3_patch1
>>>  (SOFTWARE_DIR): /pool/lsf/vimartin/327862953/CMSSW_5_3_3_patch1
>>> (WORKING_DIR): 
>>> current directory content:
total 6560
drwxr-xr-x 3 vimartin zh    4096 Nov 14 04:59 .SCRAM
-rw-r--r-- 1 vimartin zh   35489 Nov 14 05:13 BeamFit_Workflow_Data2012_53XRepFinal.txt
-rw-r--r-- 1 vimartin zh 3226438 Nov 14 04:59 CMSSW.py.pkl
drwxr-xr-x 3 vimartin zh    4096 Nov 14 04:59 bin
drwxr-xr-x 3 vimartin zh    4096 Nov 14 04:59 cfipython
drwxr-xr-x 5 vimartin zh    4096 Nov 14 04:59 config
-rw-r--r-- 1 vimartin zh      17 Nov 14 05:13 cpu_timing.txt
drwxr-xr-x 2 vimartin zh    4096 Nov 14 04:59 doc
-rw-r--r-- 1 vimartin zh   60464 Nov 14 05:13 executable.out
drwxr-xr-x 2 vimartin zh    4096 Nov 14 04:59 include
drwxrwxrwx 3 vimartin zh    4096 Nov 12 14:58 lib
drwxr-xr-x 3 vimartin zh    4096 Nov 14 04:59 logs
drwxr-xr-x 3 vimartin zh    4096 Nov 14 04:59 objs
-rw-r--r-- 1 vimartin zh     104 Nov 14 04:59 pset.py
-rw-r--r-- 1 vimartin zh 3219933 Nov 14 04:59 pset.py.pkl
-rw-r--r-- 1 vimartin zh     289 Nov 14 04:59 pset.pyc
drwxr-xr-x 2 vimartin zh    4096 Nov 14 04:59 python
-rw-r--r-- 1 vimartin zh     566 Nov 14 05:13 report.log
drwxrwxrwx 4 vimartin zh    4096 Nov 14 04:58 src
drwxr-xr-x 3 vimartin zh    4096 Nov 14 04:59 test
drwxr-xr-x 3 vimartin zh    4096 Nov 14 04:59 tmp
>>> current directory /pool/lsf/vimartin/327862953/CMSSW_5_3_3_patch1
>>> (SOFTWARE_DIR): /pool/lsf/vimartin/327862953/CMSSW_5_3_3_patch1
>>> (WORKING_DIR): 
>>> current directory content:
total 6520
drwxr-xr-x 3 vimartin zh    4096 Nov 14 04:59 .SCRAM
-rw-r--r-- 1 vimartin zh 3226438 Nov 14 04:59 CMSSW.py.pkl
drwxr-xr-x 3 vimartin zh    4096 Nov 14 04:59 bin
drwxr-xr-x 3 vimartin zh    4096 Nov 14 04:59 cfipython
drwxr-xr-x 5 vimartin zh    4096 Nov 14 04:59 config
-rw-r--r-- 1 vimartin zh      17 Nov 14 05:13 cpu_timing.txt
drwxr-xr-x 2 vimartin zh    4096 Nov 14 04:59 doc
-rw-r--r-- 1 vimartin zh   60464 Nov 14 05:13 executable.out
drwxr-xr-x 2 vimartin zh    4096 Nov 14 04:59 include
drwxrwxrwx 3 vimartin zh    4096 Nov 12 14:58 lib
drwxr-xr-x 3 vimartin zh    4096 Nov 14 04:59 logs
drwxr-xr-x 3 vimartin zh    4096 Nov 14 04:59 objs
-rw-r--r-- 1 vimartin zh     104 Nov 14 04:59 pset.py
-rw-r--r-- 1 vimartin zh 3219933 Nov 14 04:59 pset.py.pkl
-rw-r--r-- 1 vimartin zh     289 Nov 14 04:59 pset.pyc
drwxr-xr-x 2 vimartin zh    4096 Nov 14 04:59 python
-rw-r--r-- 1 vimartin zh     566 Nov 14 05:13 report.log
drwxrwxrwx 4 vimartin zh    4096 Nov 14 04:58 src
drwxr-xr-x 3 vimartin zh    4096 Nov 14 04:59 test
drwxr-xr-x 3 vimartin zh    4096 Nov 14 04:59 tmp
>>> current directory (RUNTIME_AREA):  /pool/lsf/vimartin/327862953
>>> current dir: /pool/lsf/vimartin/327862953
>>> current dir content:
total 5272
-rw-rw-rw-  1 vimartin zh       0 Nov 14 04:58 .lsf.start
-rw-rw--w-  1 vimartin zh       0 Nov 14 04:58 1352854898.327862953.err
-rw-rw--w-  1 vimartin zh   75940 Nov 14 05:13 1352854898.327862953.out
lrwxrwxrwx  1 vimartin zh      78 Nov 14 05:13 BeamFit_Workflow_Data2012_53XRepFinal.txt -> /pool/lsf/vimartin/327862953/BeamFit_Workflow_Data2012_53XRepFinal_1_1_rMK.txt
-rw-r--r--  1 vimartin zh   35489 Nov 14 05:13 BeamFit_Workflow_Data2012_53XRepFinal_1_1_rMK.txt
-rw-rw-rw-  1 vimartin zh     105 Nov 14 02:01 CMSSW.py
-rw-rw-rw-  1 vimartin zh 3226438 Nov 14 02:01 CMSSW.py.pkl
-rwxrw-rw-  1 vimartin zh   22384 Nov 14 04:58 CMSSW.sh
drwxr-xr-x 15 vimartin zh    4096 Nov 14 05:13 CMSSW_5_3_3_patch1
-rw-r--r--  1 vimartin zh    6464 Nov 14 04:58 CacheEnv.sh
-rw-rw-rw-  1 vimartin zh    7291 Jun  9  2010 DashboardAPI.py
-rw-r--r--  1 vimartin zh    6118 Nov 14 04:59 DashboardAPI.pyc
drwxrwxrwx  3 vimartin zh    4096 Oct 25 17:14 IMProv
-rw-rw-rw-  1 vimartin zh    2748 Mar  8  2006 Logger.py
-rw-r--r--  1 vimartin zh    3098 Nov 14 04:59 Logger.pyc
-rw-rw-rw-  1 vimartin zh   24524 Mar 28  2008 ProcInfo.py
-rw-r--r--  1 vimartin zh   22246 Nov 14 04:59 ProcInfo.pyc
drwxrwxrwx  7 vimartin zh    4096 Nov 14 04:59 ProdCommon
drwxrwxrwx  3 vimartin zh    4096 Nov 14 04:58 WMCore
-rw-r--r--  1 vimartin zh    2183 Nov 14 05:12 Watchdog_1.log
-rw-rw-rw-  1 vimartin zh   32895 Mar 28  2008 apmon.py
-rw-r--r--  1 vimartin zh   27395 Nov 14 04:59 apmon.pyc
-rw-rw-rw-  1 vimartin zh    2516 Nov 14 04:58 arguments.xml
-rwxrwxrwx  1 vimartin zh  146024 Jul 27 13:50 cmsRun
-rwxrwxrwx  1 vimartin zh   37427 Sep 13 13:14 cmscp.py
-rw-rw-rw-  1 vimartin zh     547 Nov 14 01:59 crab.cfg
-rwxrwxrwx  1 vimartin zh    9531 Sep 20 20:46 crabWatchdog.sh
-rw-r--r--  1 vimartin zh   13672 Nov 14 05:13 crab_fjr_1.xml
-rw-rw-rw-  1 vimartin zh 1408053 Nov 14 04:58 default.tgz
-rwxrwxrwx  1 vimartin zh    4488 May 12  2012 fillCrabFjr.py
-rw-r--r--  1 vimartin zh     383 Nov 14 04:59 inputsReport.txt
-rw-r--r--  1 vimartin zh     180 Nov 14 05:13 jobreport.txt
-rw-rw-rw-  1 vimartin zh   17352 Jan 20  2012 parseCrabFjr.py
-rw-r--r--  1 vimartin zh     284 Nov 14 04:58 report.log
-rwxrwxrwx  1 vimartin zh    1497 May 27  2009 report.py
-rwxrwxrwx  1 vimartin zh    8387 Mar 23  2011 writeCfg.py
Checking output files:  
will tar file BeamFit_Workflow_Data2012_53XRepFinal_1_1_rMK.txt in  out_files_1
will tar file crab_fjr_1.xml in  out_files_1
WARNING: output file CMSSW_1.stdout not found!
WARNING: output file CMSSW_1.stderr not found!
WARNING: output file Watchdog_1.log.gz not found!
>>> padding time: Wrapper lasting more than 0 seconds. No sleep required.
STOPPING WATCHDOG. CrabWatchdog PID is 25979
********** LAST 50 LINES OF WATCHDOG LOG
# RESOURCE USAGE SUMMARY FOR PROCESS ID 25700
USER       PID %CPU %MEM    VSZ   RSS TTY      STAT START   TIME COMMAND
vimartin 25700  0.7  0.0   9008  1428 ?        SN   04:58   0:00 /bin/sh ./CMSSW.sh 1 1
 
# LIMITS USED BY THIS WATCHDOG:
# RSS  (KBytes)  : 2300000
# VSZ  (KBytes)  : 100000000
# DISK (MBytes)  : 19000
# CPU  (seconds) : 171600
# WALL (seconds) : 171600
 
# FOLLOWING PRINTOUT TRACKS MAXIMUM VALUES OF RESOURCES USE
# ONE LINE IS PRINTED EACH TIME A MAXIMUM CHANGES
# IF CHANGE WAS IN RSS OR VSZ ALSO PROCID AND COMMAND ARE PRINTED
# THERE IS NO PRINTOUT FOR CPU/WALL TIME INCREASE
 
# TIME			PID	RSS(KB)	VSZ(KB)	Dsk(MB)	tCPU(s)	tWALL(s)	COMMAND
 Nov 14 04:59:02 CET	24886	2156	18292	0	0	23	/usr/lsf/etc/res -d /etc -m lxplus433 /pool/spool/1352854898.327862953    
 Nov 14 04:59:02 CET	24916	8752	75312	0	0	23	/usr/bin/perl         
 Nov 14 04:59:02 CET	---	8752	75312	18	----	----	----
 Nov 14 05:00:08 CET	26663	512352	793948	18	57	60	cmsRun -j /pool/lsf/vimartin/327862953/crab_fjr_1.xml -p pset.py     
 Nov 14 05:00:08 CET	---	512352	793948	21	----	----	----
 Nov 14 05:01:15 CET	26663	561368	829540	21	120	126	cmsRun -j /pool/lsf/vimartin/327862953/crab_fjr_1.xml -p pset.py     
 Nov 14 05:02:22 CET	26663	575368	831844	21	188	194	cmsRun -j /pool/lsf/vimartin/327862953/crab_fjr_1.xml -p pset.py     
 Nov 14 05:03:29 CET	26663	575756	832100	21	254	261	cmsRun -j /pool/lsf/vimartin/327862953/crab_fjr_1.xml -p pset.py     
 Nov 14 05:04:36 CET	26663	576488	832356	21	319	327	cmsRun -j /pool/lsf/vimartin/327862953/crab_fjr_1.xml -p pset.py     
 Nov 14 05:05:42 CET	26663	576544	832356	21	383	392	cmsRun -j /pool/lsf/vimartin/327862953/crab_fjr_1.xml -p pset.py     
 Nov 14 05:06:47 CET	26663	576756	832356	21	450	459	cmsRun -j /pool/lsf/vimartin/327862953/crab_fjr_1.xml -p pset.py     
 Nov 14 05:10:09 CET	26663	576936	832356	21	648	660	cmsRun -j /pool/lsf/vimartin/327862953/crab_fjr_1.xml -p pset.py     
 Nov 14 05:11:15 CET	26663	577592	832612	21	715	728	cmsRun -j /pool/lsf/vimartin/327862953/crab_fjr_1.xml -p pset.py     
 Nov 14 05:12:24 CET	26663	578832	833892	21	783	796	cmsRun -j /pool/lsf/vimartin/327862953/crab_fjr_1.xml -p pset.py     
********** WATCHDOG LOG ENDED
ZIPPING WATCHDOG LOG
Disk space used:
du -sh /pool/lsf/vimartin/327862953
21M	/pool/lsf/vimartin/327862953
>>> info for dashboard:
***** Cat /pool/lsf/vimartin/327862953/jobreport.txt *****
MonitorJobID=1_https://CAF:/327862953-vimartin-beamspot-Comm12b-53XRepFinal-special-p89mc4
MonitorID=vimartin_beamspot_Comm12b_53XRepFinal_special_p89mc4
ExeTime=835
ExeExitCode=0
CrabUserCpuTime=786.68
CrabSysCpuTime=34.02
CrabCpuPercentage=98%
CrabWrapperTime=855
CrabStageoutTime=NULL
***** End Cat jobreport *****
Parameters sent to Dashboard.
