[2015-04-20 11:27:23] [INFO    ] [__init__                          : L  56]: [32mInitialising a BeamSpotWorkflow class[0m 
[2015-04-20 11:27:23] [INFO    ] [setupDbsApi                       : L  10]: [32mOpening a DBS3 instance https://cmsweb.cern.ch/dbs/prod/global/DBSReader[0m 
[2015-04-20 11:27:26] [INFO    ] [_setupDirectories                 : L 101]: [32mSetting up the directory structure[0m 
[2015-04-20 11:27:26] [INFO    ] [process                           : L 410]: [32mBegin process[0m 
[2015-04-20 11:27:26] [INFO    ] [getLastUploadedIOV                : L 127]: [32mGetting last IOV for tag: BeamSpotObjects_2009_LumiBased_SigmaZ_v29_offline[0m 
[2015-04-20 11:27:26] [WARNING ] [process                           : L 418]: [33mThis is an hack to make it work with the example files by Kevin, lastUploadedIOV set by hand to 194000[0m 
[2015-04-20 11:27:26] [INFO    ] [getNewFileList                    : L 159]: [32mGetting list of files processed after IOV 194000:[0m 
[2015-04-20 11:27:26] [INFO    ] [getNewFileList                    : L 165]: [32m	XRepFinal_1_195660_1.txt run: 195660[0m 
[2015-04-20 11:27:26] [INFO    ] [getNewFileList                    : L 165]: [32m	XRepFinal_2_195660_1.txt run: 195660[0m 
[2015-04-20 11:27:26] [INFO    ] [getNewFileList                    : L 165]: [32m	XRepFinal_3_195660_1.txt run: 195660[0m 
[2015-04-20 11:27:26] [INFO    ] [getNewFileList                    : L 165]: [32m	XRepFinal_4_195660_1.txt run: 195660[0m 
[2015-04-20 11:27:26] [INFO    ] [getNewFileList                    : L 165]: [32m	XRepFinal_5_195660_1.txt run: 195660[0m 
[2015-04-20 11:27:26] [INFO    ] [getNewFileList                    : L 165]: [32m	XRepFinal_6_195660_1.txt run: 195660[0m 
[2015-04-20 11:27:26] [INFO    ] [cyclicCp                          : L  64]: [32mCopying files from ../Runs2012B_FULL/Results/ to ../Runs2012B_FULL/Archive/[0m 
[2015-04-20 11:27:26] [INFO    ] [cyclicCp                          : L  67]: [32m	|___ Attempt 1[0m 
[2015-04-20 11:27:26] [INFO    ] [cp                                : L  37]: [32m		File XRepFinal_1_195660_1.txt already exists in destination directory. We will Keep original file.[0m 
[2015-04-20 11:27:26] [INFO    ] [cp                                : L  37]: [32m		File XRepFinal_2_195660_1.txt already exists in destination directory. We will Keep original file.[0m 
[2015-04-20 11:27:26] [INFO    ] [cp                                : L  37]: [32m		File XRepFinal_3_195660_1.txt already exists in destination directory. We will Keep original file.[0m 
[2015-04-20 11:27:26] [INFO    ] [cp                                : L  37]: [32m		File XRepFinal_4_195660_1.txt already exists in destination directory. We will Keep original file.[0m 
[2015-04-20 11:27:26] [INFO    ] [cp                                : L  37]: [32m		File XRepFinal_5_195660_1.txt already exists in destination directory. We will Keep original file.[0m 
[2015-04-20 11:27:27] [INFO    ] [cp                                : L  37]: [32m		File XRepFinal_6_195660_1.txt already exists in destination directory. We will Keep original file.[0m 
[2015-04-20 11:27:27] [INFO    ] [cyclicCp                          : L  70]: [32m		|___ 6/6 files copied or already existing[0m 
[2015-04-20 11:27:27] [INFO    ] [getListOfRunsAndLumiFromDBS       : L 183]: [32mGetting list of runs and lumis from DBS[0m 
[2015-04-20 11:27:27] [INFO    ] [getListOfRunsAndLumiFromDBS       : L 185]: [32mGetting list of files from DBS for the /StreamExpress/Run2012B-TkAlMinBias-v1/ALCARECO dataset. From this list we will query for the run and lumisections[0m 
[2015-04-20 11:29:43] [INFO    ] [process                           : L 434]: [32mGetting list of runs >=194000 and lumis from Json ../beamspot_payload_2012BONLY_merged_JSON_all.txt[0m 
[2015-04-20 11:29:43] [INFO    ] [process                           : L 439]: [32mGetting list of files to process[0m 
[2015-04-20 11:29:43] [INFO    ] [selectFilesToProcess              : L 271]: [32mLast unclosed run: 197044[0m 
[2015-04-20 11:29:43] [WARNING ] [selectFilesToProcess              : L 391]: [33mI previously set the MISSING_RUNREGRUN_Run194116 timeout that expired... I am missing run 194116 but it only had 11 <= 200000 lumis. So I will continue and ignore it... [0m 
[2015-04-20 11:29:43] [WARNING ] [selectFilesToProcess              : L 391]: [33mI previously set the MISSING_RUNREGRUN_Run194427 timeout that expired... I am missing run 194427 but it only had 14 <= 200000 lumis. So I will continue and ignore it... [0m 
[2015-04-20 11:29:43] [WARNING ] [selectFilesToProcess              : L 391]: [33mI previously set the MISSING_RUNREGRUN_Run194535 timeout that expired... I am missing run 194535 but it only had 5 <= 200000 lumis. So I will continue and ignore it... [0m 
[2015-04-20 11:29:43] [WARNING ] [selectFilesToProcess              : L 391]: [33mI previously set the MISSING_RUNREGRUN_Run194627 timeout that expired... I am missing run 194627 but it only had 16 <= 200000 lumis. So I will continue and ignore it... [0m 
[2015-04-20 11:29:43] [WARNING ] [selectFilesToProcess              : L 391]: [33mI previously set the MISSING_RUNREGRUN_Run194785 timeout that expired... I am missing run 194785 but it only had 16 <= 200000 lumis. So I will continue and ignore it... [0m 
[2015-04-20 11:29:43] [WARNING ] [selectFilesToProcess              : L 391]: [33mI previously set the MISSING_RUNREGRUN_Run194786 timeout that expired... I am missing run 194786 but it only had 15 <= 200000 lumis. So I will continue and ignore it... [0m 
[2015-04-20 11:29:43] [WARNING ] [selectFilesToProcess              : L 391]: [33mI previously set the MISSING_RUNREGRUN_Run194787 timeout that expired... I am missing run 194787 but it only had 16 <= 200000 lumis. So I will continue and ignore it... [0m 
[2015-04-20 11:29:43] [WARNING ] [selectFilesToProcess              : L 391]: [33mI previously set the MISSING_RUNREGRUN_Run195522 timeout that expired... I am missing run 195522 but it only had 1 <= 200000 lumis. So I will continue and ignore it... [0m 
[2015-04-20 11:29:43] [WARNING ] [selectFilesToProcess              : L 391]: [33mI previously set the MISSING_RUNREGRUN_Run195524 timeout that expired... I am missing run 195524 but it only had 7 <= 200000 lumis. So I will continue and ignore it... [0m 
[2015-04-20 11:29:43] [WARNING ] [selectFilesToProcess              : L 391]: [33mI previously set the MISSING_RUNREGRUN_Run195526 timeout that expired... I am missing run 195526 but it only had 12 <= 200000 lumis. So I will continue and ignore it... [0m 
[2015-04-20 11:29:45] [WARNING ] [selectFilesToProcess              : L 347]: [33mI have not processed some of the lumis that are in the run registry for run: 195660[0m 
[2015-04-20 11:29:45] [WARNING ] [selectFilesToProcess              : L 348]: [33mbadRRProcessed size is 230 and badDBSProcessed size is 219[0m 
[2015-04-20 11:29:45] [WARNING ] [selectFilesToProcess              : L 364]: [33mI didn't process 219 lumis but I am within the 200000 lumis set in the configuration. Which corrispond to 219 out of 231 lumis[0m 
[2015-04-20 11:29:45] [WARNING ] [selectFilesToProcess              : L 369]: [33mbadProcessed:
 1 2 3 4 5 6 7 8 9 10 11 12 13 14 15 16 17 18 19 20 21 22 23 24 25 26 27 28 29 30 31 32 33 34 35 36 37 38 39 40 41 42 43 44 45 46 47 48 49 50 51 52 53 54 55 56 57 58 59 60 61 62 63 64 65 66 67 68 69 70 71 72 73 74 75 76 77 78 79 80 81 82 83 84 85 86 87 88 89 90 91 92 93 94 95 96 97 98 99 100 101 102 103 104 105 106 107 108 109 110 111 112 113 114 115 116 117 118 119 120 121 122 123 124 125 126 127 128 129 130 131 132 133 134 135 136 137 138 139 140 141 142 143 144 145 146 147 148 149 150 151 152 153 154 155 156 157 158 159 160 161 162 163 164 165 166 167 168 169 170 171 172 173 174 175 176 177 178 179 180 181 182 183 184 185 186 187 188 189 190 191 192 193 194 195 196 197 198 199 200 201 202 203 204 205 206 207 208 209 210 211 212 213 214 215 216 217 218 219 [0m 
[2015-04-20 11:29:45] [WARNING ] [selectFilesToProcess              : L 391]: [33mI previously set the MISSING_RUNREGRUN_Run195748 timeout that expired... I am missing run 195748 but it only had 8 <= 200000 lumis. So I will continue and ignore it... [0m 
[2015-04-20 11:29:45] [WARNING ] [selectFilesToProcess              : L 391]: [33mI previously set the MISSING_RUNREGRUN_Run195861 timeout that expired... I am missing run 195861 but it only had 48 <= 200000 lumis. So I will continue and ignore it... [0m 
[2015-04-20 11:29:45] [WARNING ] [selectFilesToProcess              : L 391]: [33mI previously set the MISSING_RUNREGRUN_Run195913 timeout that expired... I am missing run 195913 but it only had 10 <= 200000 lumis. So I will continue and ignore it... [0m 
[2015-04-20 11:29:45] [WARNING ] [selectFilesToProcess              : L 391]: [33mI previously set the MISSING_RUNREGRUN_Run195936 timeout that expired... I am missing run 195936 but it only had 15 <= 200000 lumis. So I will continue and ignore it... [0m 
[2015-04-20 11:29:45] [WARNING ] [selectFilesToProcess              : L 391]: [33mI previously set the MISSING_RUNREGRUN_Run196091 timeout that expired... I am missing run 196091 but it only had 9 <= 200000 lumis. So I will continue and ignore it... [0m 
[2015-04-20 11:29:45] [WARNING ] [selectFilesToProcess              : L 391]: [33mI previously set the MISSING_RUNREGRUN_Run196094 timeout that expired... I am missing run 196094 but it only had 9 <= 200000 lumis. So I will continue and ignore it... [0m 
[2015-04-20 11:29:45] [WARNING ] [selectFilesToProcess              : L 391]: [33mI previously set the MISSING_RUNREGRUN_Run196095 timeout that expired... I am missing run 196095 but it only had 11 <= 200000 lumis. So I will continue and ignore it... [0m 
[2015-04-20 11:29:45] [WARNING ] [selectFilesToProcess              : L 391]: [33mI previously set the MISSING_RUNREGRUN_Run196103 timeout that expired... I am missing run 196103 but it only had 38 <= 200000 lumis. So I will continue and ignore it... [0m 
[2015-04-20 11:29:45] [WARNING ] [selectFilesToProcess              : L 391]: [33mI previously set the MISSING_RUNREGRUN_Run196201 timeout that expired... I am missing run 196201 but it only had 9 <= 200000 lumis. So I will continue and ignore it... [0m 
[2015-04-20 11:29:45] [WARNING ] [selectFilesToProcess              : L 391]: [33mI previously set the MISSING_RUNREGRUN_Run196251 timeout that expired... I am missing run 196251 but it only had 10 <= 200000 lumis. So I will continue and ignore it... [0m 
[2015-04-20 11:29:45] [WARNING ] [selectFilesToProcess              : L 391]: [33mI previously set the MISSING_RUNREGRUN_Run196361 timeout that expired... I am missing run 196361 but it only had 12 <= 200000 lumis. So I will continue and ignore it... [0m 
[2015-04-20 11:29:45] [WARNING ] [selectFilesToProcess              : L 391]: [33mI previously set the MISSING_RUNREGRUN_Run196508 timeout that expired... I am missing run 196508 but it only had 19 <= 200000 lumis. So I will continue and ignore it... [0m 
[2015-04-20 11:29:45] [INFO    ] [cyclicCp                          : L  64]: [32mCopying files from ../Runs2012B_FULL/Archive/ to ../Runs2012B_FULL/Working/[0m 
[2015-04-20 11:29:45] [INFO    ] [cyclicCp                          : L  67]: [32m	|___ Attempt 1[0m 
[2015-04-20 11:29:45] [INFO    ] [cp                                : L  44]: [32mcp ../Runs2012B_FULL/Archive/XRepFinal_6_195660_1.txt ../Runs2012B_FULL/Working/[0m 
[2015-04-20 11:29:45] [INFO    ] [cyclicCp                          : L  70]: [32m		|___ 1/1 files copied or already existing[0m 
[2015-04-20 11:29:45] [INFO    ] [process                           : L 451]: [32mSorting and cleaning beamlist[0m 
